2024-03-11T04:22:16.2265662Z ##[group]Run RUBYOPT='-W:no-deprecated -W:no-experimental' bin/knapsack_pro_rspec
2024-03-11T04:22:16.2266555Z [36;1mRUBYOPT='-W:no-deprecated -W:no-experimental' bin/knapsack_pro_rspec[0m
2024-03-11T04:22:16.2318350Z shell: /usr/bin/bash -e {0}
2024-03-11T04:22:16.2318852Z env:
2024-03-11T04:22:16.2319196Z   POSTGRES_HOST: localhost
2024-03-11T04:22:16.2319649Z   DATABASE_HOST: localhost
2024-03-11T04:22:16.2319998Z   PG_USERNAME: postgres
2024-03-11T04:22:16.2320411Z   PG_PASSWORD: password
2024-03-11T04:22:16.2320856Z   POSTGRES_HOST_AUTH_METHOD: trust
2024-03-11T04:22:16.2321290Z   POSTGRES_PORT: 5432
2024-03-11T04:22:16.2321653Z   PGHOST: localhost
2024-03-11T04:22:16.2322020Z   PGUSER: postgres
2024-03-11T04:22:16.2322375Z   RAILS_ENV: test
2024-03-11T04:22:16.2322736Z   KNAPSACK_PRO_TEST_SUITE_TOKEN_RSPEC: 
2024-03-11T04:22:16.2323240Z   KNAPSACK_PRO_CI_NODE_TOTAL: 6
2024-03-11T04:22:16.2323653Z   KNAPSACK_PRO_CI_NODE_INDEX: 5
2024-03-11T04:22:16.2324076Z   KNAPSACK_PRO_RSPEC_SPLIT_BY_TEST_EXAMPLES: true
2024-03-11T04:22:16.2324734Z   KNAPSACK_PRO_LOG_LEVEL: info
2024-03-11T04:22:16.2325331Z   KNAPSACK_PRO_TEST_FILE_PATTERN: {spec/system/**{,/*/**}/*_spec.rb,spec/requests/**{,/*/**}/*_spec.rb}
2024-03-11T04:22:16.2326072Z   EVENTS_READ: true
2024-03-11T04:22:16.2326376Z ##[endgroup]
2024-03-11T04:22:21.9030007Z W, [2024-03-11T04:22:21.902702 #2382]  WARN -- : [knapsack_pro] GET https://api-disabled-for-fork.knapsackpro.com/v1/build_distributions/last
2024-03-11T04:22:21.9033280Z W, [2024-03-11T04:22:21.902755 #2382]  WARN -- : [knapsack_pro] Request failed due to:
2024-03-11T04:22:21.9034907Z W, [2024-03-11T04:22:21.902779 #2382]  WARN -- : [knapsack_pro] #<SocketError: Failed to open TCP connection to api-disabled-for-fork.knapsackpro.com:443 (getaddrinfo: Name or service not known)>
2024-03-11T04:22:21.9037806Z W, [2024-03-11T04:22:21.902809 #2382]  WARN -- : [knapsack_pro] Slow test files fallback behaviour started. We could not connect with Knapsack Pro API to fetch last CI build test files that are needed to determine slow test files. No test files will be split by test cases. It means all test files will be split by the whole test files as if split by test cases would be disabled https://knapsackpro.com/perma/ruby/split-by-test-examples
2024-03-11T04:22:24.4678665Z W, [2024-03-11T04:22:24.467564 #2382]  WARN -- : [knapsack_pro] POST https://api-disabled-for-fork.knapsackpro.com/v1/build_distributions/subset
2024-03-11T04:22:24.4680980Z W, [2024-03-11T04:22:24.467606 #2382]  WARN -- : [knapsack_pro] Request failed due to:
2024-03-11T04:22:24.4684763Z W, [2024-03-11T04:22:24.467626 #2382]  WARN -- : [knapsack_pro] #<SocketError: Failed to open TCP connection to api-disabled-for-fork.knapsackpro.com:443 (getaddrinfo: Name or service not known)>
2024-03-11T04:22:24.4687427Z W, [2024-03-11T04:22:24.467670 #2382]  WARN -- : [knapsack_pro] Fallback mode started. We could not connect with Knapsack Pro API. Your tests will be executed based on directory names. Read more about fallback mode at https://knapsackpro.com/perma/ruby/fallback-mode
2024-03-11T04:22:24.4737118Z /opt/hostedtoolcache/Ruby/3.2.2/x64/bin/ruby -I/home/runner/work/human-essentials/human-essentials/vendor/bundle/ruby/3.2.0/gems/rspec-core-3.12.2/lib:/home/runner/work/human-essentials/human-essentials/vendor/bundle/ruby/3.2.0/gems/rspec-support-3.12.1/lib /home/runner/work/human-essentials/human-essentials/vendor/bundle/ruby/3.2.0/gems/rspec-core-3.12.2/exe/rspec  --format documentation --format KnapsackPro::Formatters::TimeTracker --default-path spec "spec/requests/admin/broadcast_announcements_spec.rb" "spec/requests/attachments_requests_spec.rb" "spec/requests/distributions_requests_spec.rb" "spec/requests/kit_requests_spec.rb" "spec/requests/partners/family_requests_spec.rb" "spec/requests/partners_requests_spec.rb" "spec/requests/requests_requests_spec.rb" "spec/requests/users_requests_spec.rb" "spec/system/admin/barcode_items_system_spec.rb" "spec/system/audit_system_spec.rb" "spec/system/donation_site_system_spec.rb" "spec/system/manage_system_spec.rb" "spec/system/partners/coworker_invitations_system_spec.rb" "spec/system/product_drive_participant_system_spec.rb" "spec/system/sign_in_system_spec.rb"
2024-03-11T04:22:32.8207180Z 
2024-03-11T04:22:32.8208015Z Randomized with seed 19541
2024-03-11T04:22:33.7685742Z 
2024-03-11T04:22:33.7686997Z User sign-in handling
2024-03-11T04:22:33.7689137Z   when users are valid and belong to an organization
2024-03-11T04:22:37.8786951Z     redirects to user's dashboard (FAILED - 1)
2024-03-11T04:22:37.8789219Z   [0;33mHTML screenshot: /home/runner/work/human-essentials/human-essentials/tmp/screenshots/screenshot_redirects-to-user's-dashboard_2024-03-10-21-22-37.346.html[0m
2024-03-11T04:22:37.8791605Z   [0;33mImage screenshot: /home/runner/work/human-essentials/human-essentials/tmp/screenshots/screenshot_redirects-to-user's-dashboard_2024-03-10-21-22-37.346.png[0m
2024-03-11T04:22:37.8793466Z   when a partner user logs in
2024-03-11T04:22:38.4932218Z     redirects to the partner page (FAILED - 2)
2024-03-11T04:22:38.4933998Z   [0;33mHTML screenshot: /home/runner/work/human-essentials/human-essentials/tmp/screenshots/screenshot_redirects-to-the-partner-page_2024-03-10-21-22-38.127.html[0m
2024-03-11T04:22:38.4935953Z   [0;33mImage screenshot: /home/runner/work/human-essentials/human-essentials/tmp/screenshots/screenshot_redirects-to-the-partner-page_2024-03-10-21-22-38.127.png[0m
2024-03-11T04:22:38.4937666Z   when users are valid and don't belong to an organization
2024-03-11T04:22:39.1090091Z     redirects to 403 (FAILED - 3)
2024-03-11T04:22:39.1092127Z   [0;33mHTML screenshot: /home/runner/work/human-essentials/human-essentials/tmp/screenshots/screenshot_redirects-to-403_2024-03-10-21-22-38.747.html[0m
2024-03-11T04:22:39.1095052Z   [0;33mImage screenshot: /home/runner/work/human-essentials/human-essentials/tmp/screenshots/screenshot_redirects-to-403_2024-03-10-21-22-38.747.png[0m
2024-03-11T04:22:39.1096919Z   when users are invalid
2024-03-11T04:22:39.7247255Z     shows invalid credentials alert (FAILED - 4)
2024-03-11T04:22:39.7249476Z   [0;33mHTML screenshot: /home/runner/work/human-essentials/human-essentials/tmp/screenshots/screenshot_shows-invalid-credentials-alert_2024-03-10-21-22-39.361.html[0m
2024-03-11T04:22:39.7254109Z   [0;33mImage screenshot: /home/runner/work/human-essentials/human-essentials/tmp/screenshots/screenshot_shows-invalid-credentials-alert_2024-03-10-21-22-39.361.png[0m
2024-03-11T04:22:39.7255629Z 
2024-03-11T04:22:39.7255815Z Donation Site
2024-03-11T04:22:39.7256292Z   When creating a new donation site
2024-03-11T04:22:40.3321704Z     does not allow creating a new donation site with empty attributes (FAILED - 5)
2024-03-11T04:22:40.3323668Z   [0;33mHTML screenshot: /home/runner/work/human-essentials/human-essentials/tmp/screenshots/screenshot_does-not-allow-creating-a-new-donation-site-with-empty-attributes_2024-03-10-21-22-40.150.html[0m
2024-03-11T04:22:40.3326493Z   [0;33mImage screenshot: /home/runner/work/human-essentials/human-essentials/tmp/screenshots/screenshot_does-not-allow-creating-a-new-donation-site-with-empty-attributes_2024-03-10-21-22-40.150.png[0m
2024-03-11T04:22:40.8481129Z     creates a new donation site as a user (FAILED - 6)
2024-03-11T04:22:40.8483689Z   [0;33mHTML screenshot: /home/runner/work/human-essentials/human-essentials/tmp/screenshots/screenshot_creates-a-new-donation-site-as-a-user_2024-03-10-21-22-40.713.html[0m
2024-03-11T04:22:40.8486276Z   [0;33mImage screenshot: /home/runner/work/human-essentials/human-essentials/tmp/screenshots/screenshot_creates-a-new-donation-site-as-a-user_2024-03-10-21-22-40.713.png[0m
2024-03-11T04:22:40.8487561Z   When a user views the index page
2024-03-11T04:22:41.4011363Z     should show donation sites in alphabetical order (FAILED - 7)
2024-03-11T04:22:41.4014029Z   [0;33mHTML screenshot: /home/runner/work/human-essentials/human-essentials/tmp/screenshots/screenshot_should-show-donation-sites-in-alphabetical-order_2024-03-10-21-22-41.267.html[0m
2024-03-11T04:22:41.4017871Z   [0;33mImage screenshot: /home/runner/work/human-essentials/human-essentials/tmp/screenshots/screenshot_should-show-donation-sites-in-alphabetical-order_2024-03-10-21-22-41.267.png[0m
2024-03-11T04:22:41.9003897Z     allows the user to quick-create a new donation site (FAILED - 8)
2024-03-11T04:22:41.9006397Z   [0;33mHTML screenshot: /home/runner/work/human-essentials/human-essentials/tmp/screenshots/screenshot_allows-the-user-to-quick-create-a-new-donation-site_2024-03-10-21-22-41.758.html[0m
2024-03-11T04:22:41.9010014Z   [0;33mImage screenshot: /home/runner/work/human-essentials/human-essentials/tmp/screenshots/screenshot_allows-the-user-to-quick-create-a-new-donation-site_2024-03-10-21-22-41.758.png[0m
2024-03-11T04:22:41.9012056Z   with an existing donation site
2024-03-11T04:22:42.4156634Z     does not allow updating to an existing donation site with empty attributes (FAILED - 9)
2024-03-11T04:22:42.4159448Z   [0;33mHTML screenshot: /home/runner/work/human-essentials/human-essentials/tmp/screenshots/screenshot_does-not-allow-updating-to-an-existing-donation-site-with-empty-attributes_2024-03-10-21-22-42.277.html[0m
2024-03-11T04:22:42.4162891Z   [0;33mImage screenshot: /home/runner/work/human-essentials/human-essentials/tmp/screenshots/screenshot_does-not-allow-updating-to-an-existing-donation-site-with-empty-attributes_2024-03-10-21-22-42.277.png[0m
2024-03-11T04:22:42.9493691Z     updates an existing donation site (FAILED - 10)
2024-03-11T04:22:42.9496268Z   [0;33mHTML screenshot: /home/runner/work/human-essentials/human-essentials/tmp/screenshots/screenshot_updates-an-existing-donation-site_2024-03-10-21-22-42.813.html[0m
2024-03-11T04:22:42.9499375Z   [0;33mImage screenshot: /home/runner/work/human-essentials/human-essentials/tmp/screenshots/screenshot_updates-an-existing-donation-site_2024-03-10-21-22-42.813.png[0m
2024-03-11T04:22:42.9500803Z 
2024-03-11T04:22:42.9501255Z Participant
2024-03-11T04:22:42.9501941Z   when creating new product drive participants
2024-03-11T04:22:43.4646757Z     allows a user to create a new product drive instance (FAILED - 11)
2024-03-11T04:22:43.4649429Z   [0;33mHTML screenshot: /home/runner/work/human-essentials/human-essentials/tmp/screenshots/screenshot_allows-a-user-to-create-a-new-product-drive-instance_2024-03-10-21-22-43.331.html[0m
2024-03-11T04:22:43.4651815Z   [0;33mImage screenshot: /home/runner/work/human-essentials/human-essentials/tmp/screenshots/screenshot_allows-a-user-to-create-a-new-product-drive-instance_2024-03-10-21-22-43.331.png[0m
2024-03-11T04:22:43.9645005Z     does not allow a user to add a new product drive instance with empty attributes (FAILED - 12)
2024-03-11T04:22:43.9648195Z   [0;33mHTML screenshot: /home/runner/work/human-essentials/human-essentials/tmp/screenshots/screenshot_does-not-allow-a-user-to-add-a-new-product-drive-instance-with-empty-attributes_2024-03-10-21-22-43.823.html[0m
2024-03-11T04:22:43.9651851Z   [0;33mImage screenshot: /home/runner/work/human-essentials/human-essentials/tmp/screenshots/screenshot_does-not-allow-a-user-to-add-a-new-product-drive-instance-with-empty-attributes_2024-03-10-21-22-43.823.png[0m
2024-03-11T04:22:43.9653999Z   When a user views the index page
2024-03-11T04:22:44.5052861Z     alphabetizes the product drive participant names (FAILED - 13)
2024-03-11T04:22:44.5055640Z   [0;33mHTML screenshot: /home/runner/work/human-essentials/human-essentials/tmp/screenshots/screenshot_alphabetizes-the-product-drive-participant-names_2024-03-10-21-22-44.355.html[0m
2024-03-11T04:22:44.5058187Z   [0;33mImage screenshot: /home/runner/work/human-essentials/human-essentials/tmp/screenshots/screenshot_alphabetizes-the-product-drive-participant-names_2024-03-10-21-22-44.355.png[0m
2024-03-11T04:22:44.5060091Z     When the s have donations associated with them already
2024-03-11T04:22:45.0990251Z       shows existing  Participants in the #index with some summary stats (FAILED - 14)
2024-03-11T04:22:45.0993352Z   [0;33mHTML screenshot: /home/runner/work/human-essentials/human-essentials/tmp/screenshots/screenshot_shows-existing--Participants-in-the-#index-with-some-summary-stats_2024-03-10-21-22-44.966.html[0m
2024-03-11T04:22:45.0996851Z   [0;33mImage screenshot: /home/runner/work/human-essentials/human-essentials/tmp/screenshots/screenshot_shows-existing--Participants-in-the-#index-with-some-summary-stats_2024-03-10-21-22-44.966.png[0m
2024-03-11T04:22:45.6332877Z       allows single  Participants to show semi-detailed stats about donations from that product drive (FAILED - 15)
2024-03-11T04:22:45.6335686Z   [0;33mHTML screenshot: /home/runner/work/human-essentials/human-essentials/tmp/screenshots/screenshot_allows-single--Participants-to-show-semi-detailed-stats-about-donations-from-that-product-drive_2024-03-10-21-22-45.498.html[0m
2024-03-11T04:22:45.6340058Z   [0;33mImage screenshot: /home/runner/work/human-essentials/human-essentials/tmp/screenshots/screenshot_allows-single--Participants-to-show-semi-detailed-stats-about-donations-from-that-product-drive_2024-03-10-21-22-45.498.png[0m
2024-03-11T04:22:45.6342053Z   when editing an existing product drive participant
2024-03-11T04:22:46.1823096Z     does not allow a user to update a product drive participant with empty attributes (FAILED - 16)
2024-03-11T04:22:46.1825694Z   [0;33mHTML screenshot: /home/runner/work/human-essentials/human-essentials/tmp/screenshots/screenshot_does-not-allow-a-user-to-update-a-product-drive-participant-with-empty-attributes_2024-03-10-21-22-46.048.html[0m
2024-03-11T04:22:46.1829566Z   [0;33mImage screenshot: /home/runner/work/human-essentials/human-essentials/tmp/screenshots/screenshot_does-not-allow-a-user-to-update-a-product-drive-participant-with-empty-attributes_2024-03-10-21-22-46.048.png[0m
2024-03-11T04:22:46.6820356Z     allows a user to update the contact info for a product drive participant (FAILED - 17)
2024-03-11T04:22:46.6823325Z   [0;33mHTML screenshot: /home/runner/work/human-essentials/human-essentials/tmp/screenshots/screenshot_allows-a-user-to-update-the-contact-info-for-a-product-drive-participant_2024-03-10-21-22-46.545.html[0m
2024-03-11T04:22:46.6826441Z   [0;33mImage screenshot: /home/runner/work/human-essentials/human-essentials/tmp/screenshots/screenshot_allows-a-user-to-update-the-contact-info-for-a-product-drive-participant_2024-03-10-21-22-46.545.png[0m
2024-03-11T04:22:46.6828184Z 
2024-03-11T04:22:46.6828374Z /kits
2024-03-11T04:22:46.6829028Z   while signed in
2024-03-11T04:22:46.7696144Z     PUT #deactivate
2024-03-11T04:22:46.7696896Z     PUT #reactivate
2024-03-11T04:22:46.8126874Z       cannot reactivate if it has an inactive item
2024-03-11T04:22:46.8623682Z       should successfully reactivate
2024-03-11T04:22:46.8624430Z     GET #index
2024-03-11T04:22:46.9456668Z       should include deactivate
2024-03-11T04:22:46.9457504Z       when show inactive is checked
2024-03-11T04:22:47.0183224Z         should show the inactive kit
2024-03-11T04:22:47.0184160Z       when it cannot be deactivated
2024-03-11T04:22:47.1357089Z         should disable the button
2024-03-11T04:22:47.1358218Z       when it is already deactivated
2024-03-11T04:22:47.2189727Z         should show reactivate button
2024-03-11T04:22:47.2191681Z 
2024-03-11T04:22:47.2192410Z Distributions
2024-03-11T04:22:47.2193177Z   While not signed in
2024-03-11T04:22:47.2578531Z     redirects the user to the sign-in page for CRUD actions
2024-03-11T04:22:47.2579887Z     GET #calendar
2024-03-11T04:22:47.2580374Z       with a correct hash id
2024-03-11T04:22:47.2677960Z         should render the calendar
2024-03-11T04:22:47.2678699Z       without a correct hash id
2024-03-11T04:22:47.2745010Z         should error unauthorized
2024-03-11T04:22:47.2745975Z   While signed in
2024-03-11T04:22:47.2748876Z     GET #show
2024-03-11T04:22:47.3316896Z       returns http success
2024-03-11T04:22:47.4344459Z       sums distribution totals accurately
2024-03-11T04:22:47.4345379Z     GET #print
2024-03-11T04:22:47.4718500Z       returns http success
2024-03-11T04:22:47.4719696Z       with non-UTF8 characters
2024-03-11T04:22:47.5087965Z         returns http success
2024-03-11T04:22:47.5089318Z     GET #reclaim
2024-03-11T04:22:47.5795682Z       returns http success
2024-03-11T04:22:47.5796353Z     POST #create
2024-03-11T04:22:47.6427741Z       redirects to #show on success
2024-03-11T04:22:47.7168167Z       renders #new again on failure, with notice
2024-03-11T04:22:47.7169135Z     POST #update
2024-03-11T04:22:47.7861598Z       returns a 200
2024-03-11T04:22:47.7862387Z       when changing storage location
2024-03-11T04:22:47.7911682Z         rollsback updates if quantity would go below 0
2024-03-11T04:22:47.9947901Z         updates storage quantity correctly
2024-03-11T04:22:47.9948654Z       mail follow up
2024-03-11T04:22:48.0616912Z         does not send an e-mail
2024-03-11T04:22:48.0617436Z         sending
2024-03-11T04:22:48.1389249Z           does send an e-mail
2024-03-11T04:22:48.1390182Z         partner reminder sending switched off
2024-03-11T04:22:48.2065185Z           does not send the e-mail
2024-03-11T04:22:48.2065886Z     GET #index
2024-03-11T04:22:48.3956815Z       sums distribution totals accurately
2024-03-11T04:22:48.4300340Z       returns http success
2024-03-11T04:22:48.4301211Z     GET #schedule
2024-03-11T04:22:48.4580482Z       returns http success
2024-03-11T04:22:48.4581189Z     GET #pickup_day
2024-03-11T04:22:48.5592793Z       correctly sums the item package counts from distributions
2024-03-11T04:22:48.6561105Z       correctly sums the item counts from distributions
2024-03-11T04:22:48.6843188Z       returns http success
2024-03-11T04:22:48.6843923Z     GET #edit
2024-03-11T04:22:48.7865182Z       should show a warning if there is an inteverning audit
2024-03-11T04:22:48.8544524Z       should show the distribution
2024-03-11T04:22:48.9448152Z       should not show a warning if the audit is for another location
2024-03-11T04:22:48.9449511Z     Looking at a different organization
2024-03-11T04:22:49.1508762Z       redirects the user to the sign-in page for CRUD actions
2024-03-11T04:22:49.1509756Z     GET #new
2024-03-11T04:22:49.2418079Z       returns http success
2024-03-11T04:22:49.2418903Z       with partner default
2024-03-11T04:22:49.4080754Z         selects partner default
2024-03-11T04:22:49.4081554Z       with org default but no partner default
2024-03-11T04:22:49.5284393Z         selects org default
2024-03-11T04:22:49.5285476Z     GET #itemized_breakdown
2024-03-11T04:22:49.5437904Z       returns http success
2024-03-11T04:22:49.5438663Z     PATCH #picked_up
2024-03-11T04:22:49.5439582Z       when the distribution is successfully updated
2024-03-11T04:22:49.5845634Z         redirects the user back to the distributions page
2024-03-11T04:22:49.6243481Z         updates the state to 'complete'
2024-03-11T04:22:49.6244070Z 
2024-03-11T04:22:49.6244550Z Coworking invitations
2024-03-11T04:22:49.6245910Z   inviting a new user as a partner user
2024-03-11T04:22:49.6247079Z     GIVEN a partner user complete the process to invite a coworker
2024-03-11T04:22:50.2689331Z       should create a new partner user for the partner account (FAILED - 18)
2024-03-11T04:22:50.2692068Z   [0;33mHTML screenshot: /home/runner/work/human-essentials/human-essentials/tmp/screenshots/screenshot_should-create-a-new-partner-user-for-the-partner-account_2024-03-10-21-22-50.136.html[0m
2024-03-11T04:22:50.2694686Z   [0;33mImage screenshot: /home/runner/work/human-essentials/human-essentials/tmp/screenshots/screenshot_should-create-a-new-partner-user-for-the-partner-account_2024-03-10-21-22-50.136.png[0m
2024-03-11T04:22:50.2696318Z 
2024-03-11T04:22:50.2696468Z Partners
2024-03-11T04:22:50.2696943Z   GET #show
2024-03-11T04:22:50.2697281Z     csv
2024-03-11T04:22:50.3546314Z       is expected to be successful
2024-03-11T04:22:50.3547569Z     html
2024-03-11T04:22:50.4429932Z       is expected to be successful
2024-03-11T04:22:50.5204257Z       when the partner is uninvited
2024-03-11T04:22:50.5204942Z         does not show the delete button
2024-03-11T04:22:50.5955648Z         does not include impact metrics
2024-03-11T04:22:50.5956698Z         when the partner has no users
2024-03-11T04:22:50.6788545Z           shows the delete button
2024-03-11T04:22:50.6789891Z       when the partner is invited
2024-03-11T04:22:50.7668058Z         includes impact metrics
2024-03-11T04:22:50.7668750Z   POST #update
2024-03-11T04:22:50.7669517Z     successful save
2024-03-11T04:22:50.8026558Z       update partner
2024-03-11T04:22:50.8368842Z       redirects to #show
2024-03-11T04:22:50.8369713Z     unsuccessful save due to empty params
2024-03-11T04:22:50.8944149Z       renders :edit
2024-03-11T04:22:50.8944856Z   POST #import_csv
2024-03-11T04:22:50.8945498Z     csv file with wrong headers
2024-03-11T04:22:50.9111793Z       redirects to :index
2024-03-11T04:22:50.9242519Z       presents a flash error message
2024-03-11T04:22:50.9243425Z     without a csv file
2024-03-11T04:22:50.9357631Z       redirects to :index
2024-03-11T04:22:50.9468758Z       presents a flash error message
2024-03-11T04:22:50.9469609Z     with a csv file
2024-03-11T04:22:50.9799471Z       presents a flash notice message
2024-03-11T04:22:51.0125114Z       redirects to :index
2024-03-11T04:22:51.0175276Z       invokes .import_csv
2024-03-11T04:22:51.0176337Z   GET #edit
2024-03-11T04:22:51.0719099Z     returns http success
2024-03-11T04:22:51.0719594Z   POST #create
2024-03-11T04:22:51.0720538Z     unsuccessful save due to empty params
2024-03-11T04:22:51.1140612Z       renders :new
2024-03-11T04:22:51.1141549Z     successful save
2024-03-11T04:22:51.1346196Z       redirects to #index
2024-03-11T04:22:51.1541600Z       creates a new partner
2024-03-11T04:22:51.1542525Z   POST #invite_partner_user
2024-03-11T04:22:51.1543395Z     when the invite successfully
2024-03-11T04:22:51.1859873Z       send the invite
2024-03-11T04:22:51.1860668Z     when there is an error in invite
2024-03-11T04:22:51.2187436Z       redirect to partner url with error message
2024-03-11T04:22:51.2188279Z   PUT #deactivate
2024-03-11T04:22:51.2189115Z     when the partner successfully deactivates
2024-03-11T04:22:51.2534047Z       changes the partner status to deactivated and redirects with flash
2024-03-11T04:22:51.2535162Z   GET #approve_application
2024-03-11T04:22:51.2536107Z     when the approval was successful
2024-03-11T04:22:51.2837097Z       should redirect to the partners index page with a success flash message
2024-03-11T04:22:51.2838332Z     when the approval failed
2024-03-11T04:22:51.3198813Z       should redirect to the partners index page with a failure flash message
2024-03-11T04:22:51.3200007Z   PUT #reactivate
2024-03-11T04:22:51.3201327Z     when the partner successfully reactivates
2024-03-11T04:22:51.3575627Z       changes the partner status to approved and redirects with flash
2024-03-11T04:22:51.3576954Z     when trying to reactivate a partner who is not deactivated
2024-03-11T04:22:51.3888228Z       fails to change the partner status to reactivated and redirects with flash error message
2024-03-11T04:22:51.3889429Z   GET #new
2024-03-11T04:22:51.4225159Z     returns http success
2024-03-11T04:22:51.4226013Z   POST #invite
2024-03-11T04:22:51.4545302Z     sends the invite
2024-03-11T04:22:51.4546511Z   POST #recertify_partner
2024-03-11T04:22:51.4547673Z     when the request for recertification from the partner was NOT successful
2024-03-11T04:22:51.4860469Z       should return back to the partners page with a success flash
2024-03-11T04:22:51.4861503Z     when the request for recertification from the partner was successful
2024-03-11T04:22:51.5170530Z       should return back to the partners page with a success flash
2024-03-11T04:22:51.5171334Z   GET #index
2024-03-11T04:22:51.5172105Z     csv
2024-03-11T04:22:51.5524892Z       is expected to be successful
2024-03-11T04:22:51.5525782Z     html
2024-03-11T04:22:51.6063939Z       is expected to be successful
2024-03-11T04:22:51.6064673Z   POST #invite_and_approve
2024-03-11T04:22:51.6065600Z     when approval fails
2024-03-11T04:22:51.7386606Z       should redirect to the partners index page with a notice flash message
2024-03-11T04:22:51.7388025Z     when invitation failed
2024-03-11T04:22:51.7703960Z       should redirect to the partners index page with a notice flash message
2024-03-11T04:22:51.7705160Z     when invitation succeeded and approval succeed
2024-03-11T04:22:51.8005481Z       sends invitation email and approve partner in single step
2024-03-11T04:22:51.8006628Z   POST #create
2024-03-11T04:22:51.8007408Z     when given valid partner attributes in the params
2024-03-11T04:22:51.8206823Z       redirect to the partners index page
2024-03-11T04:22:51.8411996Z       should create a new Partner record
2024-03-11T04:22:51.8614559Z       should create a new Partners::Profile record
2024-03-11T04:22:51.8615731Z     when given invalid partner attributes in the params
2024-03-11T04:22:51.8975814Z       should display the error message
2024-03-11T04:22:51.9339198Z       should not create a new Partner record
2024-03-11T04:22:51.9702915Z       should not create a new Partners::Profile record
2024-03-11T04:22:51.9703794Z   DELETE #destroy
2024-03-11T04:22:52.0131801Z     redirects to #index
2024-03-11T04:22:52.0132544Z 
2024-03-11T04:22:52.0132852Z Attachments
2024-03-11T04:22:52.0134486Z   DELETE #destroy
2024-03-11T04:22:52.0707497Z     redirects to referrer
2024-03-11T04:22:52.0708241Z 
2024-03-11T04:22:52.0708552Z BroadcastAnnouncements
2024-03-11T04:22:52.0711072Z   DELETE /destroy
2024-03-11T04:22:52.0940392Z     destroys the requested announcement then redirects
2024-03-11T04:22:52.0941321Z   GET /index
2024-03-11T04:22:52.1308462Z     renders a successful response
2024-03-11T04:22:52.1309538Z   GET /new
2024-03-11T04:22:52.1612874Z     renders a successful response
2024-03-11T04:22:52.1614038Z   PATCH /update
2024-03-11T04:22:52.1614715Z     with valid parameters
2024-03-11T04:22:52.1797315Z       updates the requested announcement and redirects
2024-03-11T04:22:52.1798468Z     with invalid parameters
2024-03-11T04:22:52.2154864Z       does not render a successful response
2024-03-11T04:22:52.2155793Z   When logged in as an organization_admin
2024-03-11T04:22:52.2156817Z     POST /create
2024-03-11T04:22:52.2307729Z       redirects
2024-03-11T04:22:52.2308375Z     GET /new
2024-03-11T04:22:52.2455535Z       redirects
2024-03-11T04:22:52.2456168Z   GET /edit
2024-03-11T04:22:52.2783122Z     render a successful response
2024-03-11T04:22:52.2783916Z   POST /create
2024-03-11T04:22:52.2784547Z     with valid parameters
2024-03-11T04:22:52.2949960Z       creates a new BroadcastAnnouncement then redirects
2024-03-11T04:22:52.2950924Z     with invalid parameters
2024-03-11T04:22:52.3306224Z       does not render a successful response
2024-03-11T04:22:52.3652885Z       does not create a new BroadcastAnnouncement
2024-03-11T04:22:52.3653988Z 
2024-03-11T04:22:52.3654307Z Users
2024-03-11T04:22:52.3656128Z   POST #send_partner_user_reset_password
2024-03-11T04:22:52.4867090Z     should send a password
2024-03-11T04:22:52.7004842Z     should return an error if organization does not own the partner
2024-03-11T04:22:52.7438321Z     should return an error if it cannot find the user
2024-03-11T04:22:52.7918810Z     should return send a password even if case-insensitive spelling of email
2024-03-11T04:22:52.7920061Z   GET #new
2024-03-11T04:22:52.8227783Z     returns http success
2024-03-11T04:22:52.8228482Z   GET #index
2024-03-11T04:22:52.8529897Z     returns http success
2024-03-11T04:22:52.8530584Z   GET #switch_to_partner_role
2024-03-11T04:22:52.8533393Z     without a partner role
2024-03-11T04:22:53.0447986Z       should redirect to the root path with an error
2024-03-11T04:22:53.0448777Z     with a partner role
2024-03-11T04:22:53.0823763Z       should redirect to the partner path
2024-03-11T04:22:53.0824507Z 
2024-03-11T04:22:53.0825001Z /partners/family
2024-03-11T04:22:53.0825979Z   GET #index
2024-03-11T04:22:53.1285674Z     should export CSV
2024-03-11T04:22:53.1827000Z     should render without any issues and present all families
2024-03-11T04:22:53.2371429Z     should render without any issues and display unarchived families by default
2024-03-11T04:22:53.2372889Z 
2024-03-11T04:22:53.2373649Z Audit management
2024-03-11T04:22:53.2374407Z   while signed in as a normal user
2024-03-11T04:22:53.8879013Z     should not be able to visit the audits #new page (FAILED - 19)
2024-03-11T04:22:53.8881412Z   [0;33mHTML screenshot: /home/runner/work/human-essentials/human-essentials/tmp/screenshots/screenshot_should-not-be-able-to-visit-the-audits-#new-page_2024-03-10-21-22-53.736.html[0m
2024-03-11T04:22:53.8885054Z   [0;33mImage screenshot: /home/runner/work/human-essentials/human-essentials/tmp/screenshots/screenshot_should-not-be-able-to-visit-the-audits-#new-page_2024-03-10-21-22-53.736.png[0m
2024-03-11T04:22:54.5366567Z     should not be able to visit the audits #show page (FAILED - 20)
2024-03-11T04:22:54.5369585Z   [0;33mHTML screenshot: /home/runner/work/human-essentials/human-essentials/tmp/screenshots/screenshot_should-not-be-able-to-visit-the-audits-#show-page_2024-03-10-21-22-54.386.html[0m
2024-03-11T04:22:54.5372342Z   [0;33mImage screenshot: /home/runner/work/human-essentials/human-essentials/tmp/screenshots/screenshot_should-not-be-able-to-visit-the-audits-#show-page_2024-03-10-21-22-54.386.png[0m
2024-03-11T04:22:55.1529656Z     should not be able to visit the audits #edit page (FAILED - 21)
2024-03-11T04:22:55.1532065Z   [0;33mHTML screenshot: /home/runner/work/human-essentials/human-essentials/tmp/screenshots/screenshot_should-not-be-able-to-visit-the-audits-#edit-page_2024-03-10-21-22-55.012.html[0m
2024-03-11T04:22:55.1534990Z   [0;33mImage screenshot: /home/runner/work/human-essentials/human-essentials/tmp/screenshots/screenshot_should-not-be-able-to-visit-the-audits-#edit-page_2024-03-10-21-22-55.012.png[0m
2024-03-11T04:22:55.8043738Z     should not be able to visit the audits #index page (FAILED - 22)
2024-03-11T04:22:55.8045835Z   [0;33mHTML screenshot: /home/runner/work/human-essentials/human-essentials/tmp/screenshots/screenshot_should-not-be-able-to-visit-the-audits-#index-page_2024-03-10-21-22-55.652.html[0m
2024-03-11T04:22:55.8048014Z   [0;33mImage screenshot: /home/runner/work/human-essentials/human-essentials/tmp/screenshots/screenshot_should-not-be-able-to-visit-the-audits-#index-page_2024-03-10-21-22-55.652.png[0m
2024-03-11T04:22:55.8049619Z   while signed in as an organization admin
2024-03-11T04:22:55.8050393Z     when starting a new audit
2024-03-11T04:22:56.4076185Z       does not display quantities in line-item drop down selector (FAILED - 23)
2024-03-11T04:22:56.4078220Z   [0;33mHTML screenshot: /home/runner/work/human-essentials/human-essentials/tmp/screenshots/screenshot_does-not-display-quantities-in-line-item-drop-down-selector_2024-03-10-21-22-56.266.html[0m
2024-03-11T04:22:56.4080820Z   [0;33mImage screenshot: /home/runner/work/human-essentials/human-essentials/tmp/screenshots/screenshot_does-not-display-quantities-in-line-item-drop-down-selector_2024-03-10-21-22-56.266.png[0m
2024-03-11T04:22:56.4082301Z     with an existing audit
2024-03-11T04:22:57.0161289Z       should be able to resume the audit that is in progress (FAILED - 24)
2024-03-11T04:22:57.0163199Z   [0;33mHTML screenshot: /home/runner/work/human-essentials/human-essentials/tmp/screenshots/screenshot_should-be-able-to-resume-the-audit-that-is-in-progress_2024-03-10-21-22-56.880.html[0m
2024-03-11T04:22:57.0166446Z   [0;33mImage screenshot: /home/runner/work/human-essentials/human-essentials/tmp/screenshots/screenshot_should-be-able-to-resume-the-audit-that-is-in-progress_2024-03-10-21-22-56.880.png[0m
2024-03-11T04:22:57.6144990Z       should be able to delete the audit that is in progress (FAILED - 25)
2024-03-11T04:22:57.6146800Z   [0;33mHTML screenshot: /home/runner/work/human-essentials/human-essentials/tmp/screenshots/screenshot_should-be-able-to-delete-the-audit-that-is-in-progress_2024-03-10-21-22-57.480.html[0m
2024-03-11T04:22:57.6150337Z   [0;33mImage screenshot: /home/runner/work/human-essentials/human-essentials/tmp/screenshots/screenshot_should-be-able-to-delete-the-audit-that-is-in-progress_2024-03-10-21-22-57.480.png[0m
2024-03-11T04:22:58.2165836Z       should be able to confirm the audit from the #edit page (FAILED - 26)
2024-03-11T04:22:58.2168139Z   [0;33mHTML screenshot: /home/runner/work/human-essentials/human-essentials/tmp/screenshots/screenshot_should-be-able-to-confirm-the-audit-from-the-#edit-page_2024-03-10-21-22-58.083.html[0m
2024-03-11T04:22:58.2171360Z   [0;33mImage screenshot: /home/runner/work/human-essentials/human-essentials/tmp/screenshots/screenshot_should-be-able-to-confirm-the-audit-from-the-#edit-page_2024-03-10-21-22-58.083.png[0m
2024-03-11T04:22:58.2173185Z     when viewing the audits index
2024-03-11T04:22:58.7646247Z       should be able to save progress of an audit (FAILED - 27)
2024-03-11T04:22:58.7648013Z   [0;33mHTML screenshot: /home/runner/work/human-essentials/human-essentials/tmp/screenshots/screenshot_should-be-able-to-save-progress-of-an-audit_2024-03-10-21-22-58.630.html[0m
2024-03-11T04:22:58.7651084Z   [0;33mImage screenshot: /home/runner/work/human-essentials/human-essentials/tmp/screenshots/screenshot_should-be-able-to-save-progress-of-an-audit_2024-03-10-21-22-58.630.png[0m
2024-03-11T04:22:59.3146668Z       should be able to confirm the audit from the #new page (FAILED - 28)
2024-03-11T04:22:59.3148459Z   [0;33mHTML screenshot: /home/runner/work/human-essentials/human-essentials/tmp/screenshots/screenshot_should-be-able-to-confirm-the-audit-from-the-#new-page_2024-03-10-21-22-59.179.html[0m
2024-03-11T04:22:59.3151697Z   [0;33mImage screenshot: /home/runner/work/human-essentials/human-essentials/tmp/screenshots/screenshot_should-be-able-to-confirm-the-audit-from-the-#new-page_2024-03-10-21-22-59.179.png[0m
2024-03-11T04:22:59.8979099Z       should be able to filter the #index by storage location (FAILED - 29)
2024-03-11T04:22:59.8981733Z   [0;33mHTML screenshot: /home/runner/work/human-essentials/human-essentials/tmp/screenshots/screenshot_should-be-able-to-filter-the-#index-by-storage-location_2024-03-10-21-22-59.764.html[0m
2024-03-11T04:22:59.8985076Z   [0;33mImage screenshot: /home/runner/work/human-essentials/human-essentials/tmp/screenshots/screenshot_should-be-able-to-filter-the-#index-by-storage-location_2024-03-10-21-22-59.764.png[0m
2024-03-11T04:22:59.8987301Z     with a confirmed audit
2024-03-11T04:23:00.4685412Z       should be able to edit the audit that is confirmed (FAILED - 30)
2024-03-11T04:23:00.4687305Z   [0;33mHTML screenshot: /home/runner/work/human-essentials/human-essentials/tmp/screenshots/screenshot_should-be-able-to-edit-the-audit-that-is-confirmed_2024-03-10-21-23-00.326.html[0m
2024-03-11T04:23:00.4690224Z   [0;33mImage screenshot: /home/runner/work/human-essentials/human-essentials/tmp/screenshots/screenshot_should-be-able-to-edit-the-audit-that-is-confirmed_2024-03-10-21-23-00.326.png[0m
2024-03-11T04:23:01.0646309Z       User can delete the audit that is confirmed (FAILED - 31)
2024-03-11T04:23:01.0647808Z   [0;33mHTML screenshot: /home/runner/work/human-essentials/human-essentials/tmp/screenshots/screenshot_User-can-delete-the-audit-that-is-confirmed_2024-03-10-21-23-00.929.html[0m
2024-03-11T04:23:01.0649926Z   [0;33mImage screenshot: /home/runner/work/human-essentials/human-essentials/tmp/screenshots/screenshot_User-can-delete-the-audit-that-is-confirmed_2024-03-10-21-23-00.929.png[0m
2024-03-11T04:23:01.6149599Z       is able to finalize the audit (FAILED - 32)
2024-03-11T04:23:01.6152066Z   [0;33mHTML screenshot: /home/runner/work/human-essentials/human-essentials/tmp/screenshots/screenshot_is-able-to-finalize-the-audit_2024-03-10-21-23-01.474.html[0m
2024-03-11T04:23:01.6155850Z   [0;33mImage screenshot: /home/runner/work/human-essentials/human-essentials/tmp/screenshots/screenshot_is-able-to-finalize-the-audit_2024-03-10-21-23-01.474.png[0m
2024-03-11T04:23:01.6158033Z       Finalizing an audit
2024-03-11T04:23:02.1982902Z         is immutable (FAILED - 33)
2024-03-11T04:23:02.1984750Z   [0;33mHTML screenshot: /home/runner/work/human-essentials/human-essentials/tmp/screenshots/screenshot_is-immutable_2024-03-10-21-23-02.064.html[0m
2024-03-11T04:23:02.1987851Z   [0;33mImage screenshot: /home/runner/work/human-essentials/human-essentials/tmp/screenshots/screenshot_is-immutable_2024-03-10-21-23-02.064.png[0m
2024-03-11T04:23:02.7646551Z         should not be able to delete the audit that is finalized (FAILED - 34)
2024-03-11T04:23:02.7649124Z   [0;33mHTML screenshot: /home/runner/work/human-essentials/human-essentials/tmp/screenshots/screenshot_should-not-be-able-to-delete-the-audit-that-is-finalized_2024-03-10-21-23-02.630.html[0m
2024-03-11T04:23:02.7651854Z   [0;33mImage screenshot: /home/runner/work/human-essentials/human-essentials/tmp/screenshots/screenshot_should-not-be-able-to-delete-the-audit-that-is-finalized_2024-03-10-21-23-02.630.png[0m
2024-03-11T04:23:03.3483820Z         creates an adjustment with the differential (FAILED - 35)
2024-03-11T04:23:03.3486196Z   [0;33mHTML screenshot: /home/runner/work/human-essentials/human-essentials/tmp/screenshots/screenshot_creates-an-adjustment-with-the-differential_2024-03-10-21-23-03.213.html[0m
2024-03-11T04:23:03.3489847Z   [0;33mImage screenshot: /home/runner/work/human-essentials/human-essentials/tmp/screenshots/screenshot_creates-an-adjustment-with-the-differential_2024-03-10-21-23-03.213.png[0m
2024-03-11T04:23:03.3491987Z         with a storage location containing multiple items
2024-03-11T04:23:03.9822642Z           creates an adjustment with the differential of only the audited item (FAILED - 36)
2024-03-11T04:23:03.9825983Z   [0;33mHTML screenshot: /home/runner/work/human-essentials/human-essentials/tmp/screenshots/screenshot_creates-an-adjustment-with-the-differential-of-only-the-audited-item_2024-03-10-21-23-03.847.html[0m
2024-03-11T04:23:03.9830206Z   [0;33mImage screenshot: /home/runner/work/human-essentials/human-essentials/tmp/screenshots/screenshot_creates-an-adjustment-with-the-differential-of-only-the-audited-item_2024-03-10-21-23-03.847.png[0m
2024-03-11T04:23:03.9832034Z 
2024-03-11T04:23:03.9832315Z Barcode Items Admin
2024-03-11T04:23:03.9833029Z   while signed in as a super admin
2024-03-11T04:23:03.9833838Z     user visits the edit page
2024-03-11T04:23:04.5300389Z       updates the barcode item (FAILED - 37)
2024-03-11T04:23:04.5302446Z   [0;33mHTML screenshot: /home/runner/work/human-essentials/human-essentials/tmp/screenshots/screenshot_updates-the-barcode-item_2024-03-10-21-23-04.395.html[0m
2024-03-11T04:23:04.5305367Z   [0;33mImage screenshot: /home/runner/work/human-essentials/human-essentials/tmp/screenshots/screenshot_updates-the-barcode-item_2024-03-10-21-23-04.395.png[0m
2024-03-11T04:23:04.5307122Z     user visits the show page
2024-03-11T04:23:05.0294081Z       shows the barcode item (FAILED - 38)
2024-03-11T04:23:05.0295628Z   [0;33mHTML screenshot: /home/runner/work/human-essentials/human-essentials/tmp/screenshots/screenshot_shows-the-barcode-item_2024-03-10-21-23-04.902.html[0m
2024-03-11T04:23:05.0297524Z   [0;33mImage screenshot: /home/runner/work/human-essentials/human-essentials/tmp/screenshots/screenshot_shows-the-barcode-item_2024-03-10-21-23-04.902.png[0m
2024-03-11T04:23:05.0299393Z     user visits the new page
2024-03-11T04:23:05.5309318Z       creates a new global barcode item (FAILED - 39)
2024-03-11T04:23:05.5311723Z   [0;33mHTML screenshot: /home/runner/work/human-essentials/human-essentials/tmp/screenshots/screenshot_creates-a-new-global-barcode-item_2024-03-10-21-23-05.401.html[0m
2024-03-11T04:23:05.5314502Z   [0;33mImage screenshot: /home/runner/work/human-essentials/human-essentials/tmp/screenshots/screenshot_creates-a-new-global-barcode-item_2024-03-10-21-23-05.401.png[0m
2024-03-11T04:23:05.5316246Z     user visits the index page
2024-03-11T04:23:06.0808563Z       shows the barcode item (FAILED - 40)
2024-03-11T04:23:06.0810908Z   [0;33mHTML screenshot: /home/runner/work/human-essentials/human-essentials/tmp/screenshots/screenshot_shows-the-barcode-item_2024-03-10-21-23-05.946.html[0m
2024-03-11T04:23:06.0813138Z   [0;33mImage screenshot: /home/runner/work/human-essentials/human-essentials/tmp/screenshots/screenshot_shows-the-barcode-item_2024-03-10-21-23-05.946.png[0m
2024-03-11T04:23:06.5962402Z       creates a new global barcode item (FAILED - 41)
2024-03-11T04:23:06.5964746Z   [0;33mHTML screenshot: /home/runner/work/human-essentials/human-essentials/tmp/screenshots/screenshot_creates-a-new-global-barcode-item_2024-03-10-21-23-06.457.html[0m
2024-03-11T04:23:06.5967230Z   [0;33mImage screenshot: /home/runner/work/human-essentials/human-essentials/tmp/screenshots/screenshot_creates-a-new-global-barcode-item_2024-03-10-21-23-06.457.png[0m
2024-03-11T04:23:07.1142033Z       deletes a global barcode (FAILED - 42)
2024-03-11T04:23:07.1144240Z   [0;33mHTML screenshot: /home/runner/work/human-essentials/human-essentials/tmp/screenshots/screenshot_deletes-a-global-barcode_2024-03-10-21-23-06.973.html[0m
2024-03-11T04:23:07.1147378Z   [0;33mImage screenshot: /home/runner/work/human-essentials/human-essentials/tmp/screenshots/screenshot_deletes-a-global-barcode_2024-03-10-21-23-06.973.png[0m
2024-03-11T04:23:07.1148873Z 
2024-03-11T04:23:07.1149140Z Organization Administration
2024-03-11T04:23:07.1149698Z   while signed in as an organization admin
2024-03-11T04:23:07.6471342Z     can bail back to their own site as a user (FAILED - 43)
2024-03-11T04:23:07.6472965Z   [0;33mHTML screenshot: /home/runner/work/human-essentials/human-essentials/tmp/screenshots/screenshot_can-bail-back-to-their-own-site-as-a-user_2024-03-10-21-23-07.504.html[0m
2024-03-11T04:23:07.6475554Z   [0;33mImage screenshot: /home/runner/work/human-essentials/human-essentials/tmp/screenshots/screenshot_can-bail-back-to-their-own-site-as-a-user_2024-03-10-21-23-07.504.png[0m
2024-03-11T04:23:08.1796701Z     can edit the properties for an organization as an admin (FAILED - 44)
2024-03-11T04:23:08.1799325Z   [0;33mHTML screenshot: /home/runner/work/human-essentials/human-essentials/tmp/screenshots/screenshot_can-edit-the-properties-for-an-organization-as-an-admin_2024-03-10-21-23-08.044.html[0m
2024-03-11T04:23:08.1802364Z   [0;33mImage screenshot: /home/runner/work/human-essentials/human-essentials/tmp/screenshots/screenshot_can-edit-the-properties-for-an-organization-as-an-admin_2024-03-10-21-23-08.044.png[0m
2024-03-11T04:23:08.1804371Z     When looking at a single organization
2024-03-11T04:23:08.7137210Z       can view details about an organization, including the users as an admin (FAILED - 45)
2024-03-11T04:23:08.7140243Z   [0;33mHTML screenshot: /home/runner/work/human-essentials/human-essentials/tmp/screenshots/screenshot_can-view-details-about-an-organization,-including-the-users-as-an-admin_2024-03-10-21-23-08.579.html[0m
2024-03-11T04:23:08.7143633Z   [0;33mImage screenshot: /home/runner/work/human-essentials/human-essentials/tmp/screenshots/screenshot_can-view-details-about-an-organization,-including-the-users-as-an-admin_2024-03-10-21-23-08.579.png[0m
2024-03-11T04:23:08.7145479Z   while signed in as a normal user
2024-03-11T04:23:09.2460990Z     cannot see an edit link as a user (FAILED - 46)
2024-03-11T04:23:09.2463167Z   [0;33mHTML screenshot: /home/runner/work/human-essentials/human-essentials/tmp/screenshots/screenshot_cannot-see-an-edit-link-as-a-user_2024-03-10-21-23-09.112.html[0m
2024-03-11T04:23:09.2466404Z   [0;33mImage screenshot: /home/runner/work/human-essentials/human-essentials/tmp/screenshots/screenshot_cannot-see-an-edit-link-as-a-user_2024-03-10-21-23-09.112.png[0m
2024-03-11T04:23:09.2467892Z 
2024-03-11T04:23:09.2468079Z Requests
2024-03-11T04:23:09.2468572Z   When not signed
2024-03-11T04:23:09.2575992Z     redirects the user to the sign-in page for CRUD actions
2024-03-11T04:23:09.2576941Z   When signed
2024-03-11T04:23:09.2577651Z     GET #index
2024-03-11T04:23:09.2578351Z       csv
2024-03-11T04:23:09.2835399Z         is expected to be successful
2024-03-11T04:23:09.2836374Z       html
2024-03-11T04:23:09.3311555Z         is expected to be successful
2024-03-11T04:23:09.3312463Z     POST #start
2024-03-11T04:23:09.3313388Z       When the request does not exist
2024-03-11T04:23:09.3574191Z         responds with not found
2024-03-11T04:23:09.3575032Z       When request exists
2024-03-11T04:23:09.3882366Z         redirects to new_distribution_path and flashes a notice
2024-03-11T04:23:09.4249580Z         changes the request status from pending to started
2024-03-11T04:23:09.4250240Z     GET #show
2024-03-11T04:23:09.4250957Z       When the request exists
2024-03-11T04:23:09.5080302Z         responds with success
2024-03-11T04:23:09.5081298Z       When the request does not exist
2024-03-11T04:23:09.5482516Z         responds with not found
2024-03-11T04:23:09.5767751Z W, [2024-03-10T21:23:09.576498 #2433]  WARN -- : [knapsack_pro] POST https://api-disabled-for-fork.knapsackpro.com/v1/build_subsets
2024-03-11T04:23:09.5774126Z W, [2024-03-10T21:23:09.576544 #2433]  WARN -- : [knapsack_pro] Request failed due to:
2024-03-11T04:23:09.5776059Z W, [2024-03-10T21:23:09.577283 #2433]  WARN -- : [knapsack_pro] #<SocketError: Failed to open TCP connection to api-disabled-for-fork.knapsackpro.com:443 (getaddrinfo: Name or service not known)>
2024-03-11T04:23:09.5778235Z W, [2024-03-10T21:23:09.577321 #2433]  WARN -- : [knapsack_pro] Time execution report was not saved on Knapsack Pro API server due to connection problem.
2024-03-11T04:23:09.7829888Z 
2024-03-11T04:23:09.7830741Z Failures:
2024-03-11T04:23:09.7831206Z 
2024-03-11T04:23:09.7832910Z   1) User sign-in handling when users are valid and belong to an organization redirects to user's dashboard
2024-03-11T04:23:09.7834669Z      Got 0 failures and 2 other errors:
2024-03-11T04:23:09.7835493Z 
2024-03-11T04:23:09.7835881Z      1.1) Failure/Error: visit subject
2024-03-11T04:23:09.7837671Z 
2024-03-11T04:23:09.7838057Z           Ferrum::JavaScriptError:
2024-03-11T04:23:09.7840365Z             TypeError: Failed to resolve module specifier "cocoon-js-vanilla". Relative references must start with either "/", "./", or "../".
2024-03-11T04:23:09.7842964Z           # ./spec/system/sign_in_system_spec.rb:5:in `block (2 levels) in <top (required)>'
2024-03-11T04:23:09.7843683Z 
2024-03-11T04:23:09.7844120Z      1.2) Failure/Error: respond_to?(:empty?) ? !!empty? : !self
2024-03-11T04:23:09.7844502Z 
2024-03-11T04:23:09.7844794Z           Ferrum::JavaScriptError:
2024-03-11T04:23:09.7845276Z             ReferenceError: $ is not defined
2024-03-11T04:23:09.7845836Z                 at http://127.0.0.1:41619/users/sign_in:129:5
2024-03-11T04:23:09.7848125Z           # /home/runner/work/human-essentials/human-essentials/vendor/bundle/ruby/3.2.0/gems/activesupport-7.0.8/lib/active_support/core_ext/object/blank.rb:19:in `directory?'
2024-03-11T04:23:09.7851150Z           # /home/runner/work/human-essentials/human-essentials/vendor/bundle/ruby/3.2.0/gems/activesupport-7.0.8/lib/active_support/core_ext/object/blank.rb:19:in `empty?'
2024-03-11T04:23:09.7854370Z           # /home/runner/work/human-essentials/human-essentials/vendor/bundle/ruby/3.2.0/gems/activesupport-7.0.8/lib/active_support/core_ext/object/blank.rb:19:in `blank?'
2024-03-11T04:23:09.7857395Z           # /home/runner/work/human-essentials/human-essentials/vendor/bundle/ruby/3.2.0/gems/activesupport-7.0.8/lib/active_support/core_ext/object/blank.rb:26:in `present?'
2024-03-11T04:23:09.7860581Z           # /home/runner/work/human-essentials/human-essentials/vendor/bundle/ruby/3.2.0/gems/activesupport-7.0.8/lib/active_support/core_ext/object/blank.rb:46:in `presence'
2024-03-11T04:23:09.7863983Z           # /home/runner/work/human-essentials/human-essentials/vendor/bundle/ruby/3.2.0/gems/actionpack-7.0.8/lib/action_dispatch/system_testing/test_helpers/screenshot_helper.rb:83:in `screenshots_dir'
2024-03-11T04:23:09.7867486Z           # /home/runner/work/human-essentials/human-essentials/vendor/bundle/ruby/3.2.0/gems/actionpack-7.0.8/lib/action_dispatch/system_testing/test_helpers/screenshot_helper.rb:79:in `absolute_path'
2024-03-11T04:23:09.7870861Z           # /home/runner/work/human-essentials/human-essentials/vendor/bundle/ruby/3.2.0/gems/actionpack-7.0.8/lib/action_dispatch/system_testing/test_helpers/screenshot_helper.rb:87:in `absolute_image_path'
2024-03-11T04:23:09.7874656Z           # /home/runner/work/human-essentials/human-essentials/vendor/bundle/ruby/3.2.0/gems/actionpack-7.0.8/lib/action_dispatch/system_testing/test_helpers/screenshot_helper.rb:99:in `save_image'
2024-03-11T04:23:09.7878185Z           # /home/runner/work/human-essentials/human-essentials/vendor/bundle/ruby/3.2.0/gems/actionpack-7.0.8/lib/action_dispatch/system_testing/test_helpers/screenshot_helper.rb:36:in `take_screenshot'
2024-03-11T04:23:09.7881687Z           # /home/runner/work/human-essentials/human-essentials/vendor/bundle/ruby/3.2.0/gems/actionpack-7.0.8/lib/action_dispatch/system_testing/test_helpers/screenshot_helper.rb:45:in `take_failed_screenshot'
2024-03-11T04:23:09.7885362Z           # /home/runner/work/human-essentials/human-essentials/vendor/bundle/ruby/3.2.0/gems/actionpack-7.0.8/lib/action_dispatch/system_testing/test_helpers/setup_and_teardown.rb:8:in `before_teardown'
2024-03-11T04:23:09.7888679Z           # /home/runner/work/human-essentials/human-essentials/vendor/bundle/ruby/3.2.0/gems/rspec-rails-6.1.1/lib/rspec/rails/example/system_example_group.rb:156:in `call'
2024-03-11T04:23:09.7892455Z           # /home/runner/work/human-essentials/human-essentials/vendor/bundle/ruby/3.2.0/gems/rspec-rails-6.1.1/lib/rspec/rails/example/system_example_group.rb:156:in `block (2 levels) in <module:SystemExampleGroup>'
2024-03-11T04:23:09.7896001Z           # /home/runner/work/human-essentials/human-essentials/vendor/bundle/ruby/3.2.0/gems/rspec-core-3.12.2/lib/rspec/core/example.rb:457:in `instance_exec'
2024-03-11T04:23:09.7898920Z           # /home/runner/work/human-essentials/human-essentials/vendor/bundle/ruby/3.2.0/gems/rspec-core-3.12.2/lib/rspec/core/example.rb:457:in `instance_exec'
2024-03-11T04:23:09.7901708Z           # /home/runner/work/human-essentials/human-essentials/vendor/bundle/ruby/3.2.0/gems/rspec-core-3.12.2/lib/rspec/core/hooks.rb:372:in `run'
2024-03-11T04:23:09.7904576Z           # /home/runner/work/human-essentials/human-essentials/vendor/bundle/ruby/3.2.0/gems/rspec-core-3.12.2/lib/rspec/core/hooks.rb:529:in `block in run_owned_hooks_for'
2024-03-11T04:23:09.7907530Z           # /home/runner/work/human-essentials/human-essentials/vendor/bundle/ruby/3.2.0/gems/rspec-core-3.12.2/lib/rspec/core/hooks.rb:528:in `each'
2024-03-11T04:23:09.7910331Z           # /home/runner/work/human-essentials/human-essentials/vendor/bundle/ruby/3.2.0/gems/rspec-core-3.12.2/lib/rspec/core/hooks.rb:528:in `run_owned_hooks_for'
2024-03-11T04:23:09.7913416Z           # /home/runner/work/human-essentials/human-essentials/vendor/bundle/ruby/3.2.0/gems/rspec-core-3.12.2/lib/rspec/core/hooks.rb:615:in `block in run_example_hooks_for'
2024-03-11T04:23:09.7916475Z           # /home/runner/work/human-essentials/human-essentials/vendor/bundle/ruby/3.2.0/gems/rspec-core-3.12.2/lib/rspec/core/hooks.rb:614:in `each'
2024-03-11T04:23:09.7919289Z           # /home/runner/work/human-essentials/human-essentials/vendor/bundle/ruby/3.2.0/gems/rspec-core-3.12.2/lib/rspec/core/hooks.rb:614:in `run_example_hooks_for'
2024-03-11T04:23:09.7922089Z           # /home/runner/work/human-essentials/human-essentials/vendor/bundle/ruby/3.2.0/gems/rspec-core-3.12.2/lib/rspec/core/hooks.rb:485:in `run'
2024-03-11T04:23:09.7924734Z           # /home/runner/work/human-essentials/human-essentials/vendor/bundle/ruby/3.2.0/gems/rspec-core-3.12.2/lib/rspec/core/example.rb:518:in `run_after_example'
2024-03-11T04:23:09.7927381Z           # /home/runner/work/human-essentials/human-essentials/vendor/bundle/ruby/3.2.0/gems/rspec-core-3.12.2/lib/rspec/core/example.rb:283:in `block in run'
2024-03-11T04:23:09.7930429Z           # /home/runner/work/human-essentials/human-essentials/vendor/bundle/ruby/3.2.0/gems/rspec-core-3.12.2/lib/rspec/core/example.rb:511:in `block in with_around_and_singleton_context_hooks'
2024-03-11T04:23:09.7933681Z           # /home/runner/work/human-essentials/human-essentials/vendor/bundle/ruby/3.2.0/gems/rspec-core-3.12.2/lib/rspec/core/example.rb:468:in `block in with_around_example_hooks'
2024-03-11T04:23:09.7936882Z           # /home/runner/work/human-essentials/human-essentials/vendor/bundle/ruby/3.2.0/gems/rspec-core-3.12.2/lib/rspec/core/hooks.rb:486:in `block in run'
2024-03-11T04:23:09.7939770Z           # /home/runner/work/human-essentials/human-essentials/vendor/bundle/ruby/3.2.0/gems/rspec-core-3.12.2/lib/rspec/core/hooks.rb:626:in `block in run_around_example_hooks_for'
2024-03-11T04:23:09.7942573Z           # /home/runner/work/human-essentials/human-essentials/vendor/bundle/ruby/3.2.0/gems/rspec-core-3.12.2/lib/rspec/core/example.rb:352:in `call'
2024-03-11T04:23:09.7945712Z           # /home/runner/work/human-essentials/human-essentials/vendor/bundle/ruby/3.2.0/gems/rspec-rails-6.1.1/lib/rspec/rails/example/system_example_group.rb:166:in `block (2 levels) in <module:SystemExampleGroup>'
2024-03-11T04:23:09.7948929Z           # /home/runner/work/human-essentials/human-essentials/vendor/bundle/ruby/3.2.0/gems/rspec-core-3.12.2/lib/rspec/core/example.rb:457:in `instance_exec'
2024-03-11T04:23:09.7951430Z           # /home/runner/work/human-essentials/human-essentials/vendor/bundle/ruby/3.2.0/gems/rspec-core-3.12.2/lib/rspec/core/example.rb:457:in `instance_exec'
2024-03-11T04:23:09.7954048Z           # /home/runner/work/human-essentials/human-essentials/vendor/bundle/ruby/3.2.0/gems/rspec-core-3.12.2/lib/rspec/core/hooks.rb:390:in `execute_with'
2024-03-11T04:23:09.7956948Z           # /home/runner/work/human-essentials/human-essentials/vendor/bundle/ruby/3.2.0/gems/rspec-core-3.12.2/lib/rspec/core/hooks.rb:628:in `block (2 levels) in run_around_example_hooks_for'
2024-03-11T04:23:09.7959598Z           # /home/runner/work/human-essentials/human-essentials/vendor/bundle/ruby/3.2.0/gems/rspec-core-3.12.2/lib/rspec/core/example.rb:352:in `call'
2024-03-11T04:23:09.7962445Z           # /home/runner/work/human-essentials/human-essentials/vendor/bundle/ruby/3.2.0/gems/rspec-rails-6.1.1/lib/rspec/rails/adapters.rb:75:in `block (2 levels) in <module:MinitestLifecycleAdapter>'
2024-03-11T04:23:09.7965474Z           # /home/runner/work/human-essentials/human-essentials/vendor/bundle/ruby/3.2.0/gems/rspec-core-3.12.2/lib/rspec/core/example.rb:457:in `instance_exec'
2024-03-11T04:23:09.7968014Z           # /home/runner/work/human-essentials/human-essentials/vendor/bundle/ruby/3.2.0/gems/rspec-core-3.12.2/lib/rspec/core/example.rb:457:in `instance_exec'
2024-03-11T04:23:09.7970611Z           # /home/runner/work/human-essentials/human-essentials/vendor/bundle/ruby/3.2.0/gems/rspec-core-3.12.2/lib/rspec/core/hooks.rb:390:in `execute_with'
2024-03-11T04:23:09.7973400Z           # /home/runner/work/human-essentials/human-essentials/vendor/bundle/ruby/3.2.0/gems/rspec-core-3.12.2/lib/rspec/core/hooks.rb:628:in `block (2 levels) in run_around_example_hooks_for'
2024-03-11T04:23:09.7976306Z           # /home/runner/work/human-essentials/human-essentials/vendor/bundle/ruby/3.2.0/gems/rspec-core-3.12.2/lib/rspec/core/example.rb:352:in `call'
2024-03-11T04:23:09.7979045Z           # /home/runner/work/human-essentials/human-essentials/vendor/bundle/ruby/3.2.0/gems/webmock-3.23.0/lib/webmock/rspec.rb:39:in `block (2 levels) in <top (required)>'
2024-03-11T04:23:09.7981726Z           # /home/runner/work/human-essentials/human-essentials/vendor/bundle/ruby/3.2.0/gems/rspec-core-3.12.2/lib/rspec/core/example.rb:457:in `instance_exec'
2024-03-11T04:23:09.7984214Z           # /home/runner/work/human-essentials/human-essentials/vendor/bundle/ruby/3.2.0/gems/rspec-core-3.12.2/lib/rspec/core/example.rb:457:in `instance_exec'
2024-03-11T04:23:09.7986791Z           # /home/runner/work/human-essentials/human-essentials/vendor/bundle/ruby/3.2.0/gems/rspec-core-3.12.2/lib/rspec/core/hooks.rb:390:in `execute_with'
2024-03-11T04:23:09.7989599Z           # /home/runner/work/human-essentials/human-essentials/vendor/bundle/ruby/3.2.0/gems/rspec-core-3.12.2/lib/rspec/core/hooks.rb:628:in `block (2 levels) in run_around_example_hooks_for'
2024-03-11T04:23:09.7992336Z           # /home/runner/work/human-essentials/human-essentials/vendor/bundle/ruby/3.2.0/gems/rspec-core-3.12.2/lib/rspec/core/example.rb:352:in `call'
2024-03-11T04:23:09.7995709Z           # /home/runner/work/human-essentials/human-essentials/vendor/bundle/ruby/3.2.0/gems/knapsack_pro-7.0.0/lib/knapsack_pro/adapters/rspec_adapter.rb:103:in `block (2 levels) in ensure_no_focus!'
2024-03-11T04:23:09.7998654Z           # /home/runner/work/human-essentials/human-essentials/vendor/bundle/ruby/3.2.0/gems/rspec-core-3.12.2/lib/rspec/core/example.rb:457:in `instance_exec'
2024-03-11T04:23:09.8001297Z           # /home/runner/work/human-essentials/human-essentials/vendor/bundle/ruby/3.2.0/gems/rspec-core-3.12.2/lib/rspec/core/example.rb:457:in `instance_exec'
2024-03-11T04:23:09.8003838Z           # /home/runner/work/human-essentials/human-essentials/vendor/bundle/ruby/3.2.0/gems/rspec-core-3.12.2/lib/rspec/core/hooks.rb:390:in `execute_with'
2024-03-11T04:23:09.8006661Z           # /home/runner/work/human-essentials/human-essentials/vendor/bundle/ruby/3.2.0/gems/rspec-core-3.12.2/lib/rspec/core/hooks.rb:628:in `block (2 levels) in run_around_example_hooks_for'
2024-03-11T04:23:09.8009593Z           # /home/runner/work/human-essentials/human-essentials/vendor/bundle/ruby/3.2.0/gems/rspec-core-3.12.2/lib/rspec/core/example.rb:352:in `call'
2024-03-11T04:23:09.8012182Z           # /home/runner/work/human-essentials/human-essentials/vendor/bundle/ruby/3.2.0/gems/rspec-core-3.12.2/lib/rspec/core/hooks.rb:629:in `run_around_example_hooks_for'
2024-03-11T04:23:09.8014617Z           # /home/runner/work/human-essentials/human-essentials/vendor/bundle/ruby/3.2.0/gems/rspec-core-3.12.2/lib/rspec/core/hooks.rb:486:in `run'
2024-03-11T04:23:09.8016267Z           # /home/runner/work/human-essentials/human-essentials/vendor/bundle/ruby/3.2.0/gems/rspec-core-3.12.2/lib/rspec/core/example.rb:468:in `with_around_example_hooks'
2024-03-11T04:23:09.8018024Z           # /home/runner/work/human-essentials/human-essentials/vendor/bundle/ruby/3.2.0/gems/rspec-core-3.12.2/lib/rspec/core/example.rb:511:in `with_around_and_singleton_context_hooks'
2024-03-11T04:23:09.8019646Z           # /home/runner/work/human-essentials/human-essentials/vendor/bundle/ruby/3.2.0/gems/rspec-core-3.12.2/lib/rspec/core/example.rb:259:in `run'
2024-03-11T04:23:09.8021270Z           # /home/runner/work/human-essentials/human-essentials/vendor/bundle/ruby/3.2.0/gems/rspec-core-3.12.2/lib/rspec/core/example_group.rb:646:in `block in run_examples'
2024-03-11T04:23:09.8022852Z           # /home/runner/work/human-essentials/human-essentials/vendor/bundle/ruby/3.2.0/gems/rspec-core-3.12.2/lib/rspec/core/example_group.rb:642:in `map'
2024-03-11T04:23:09.8024445Z           # /home/runner/work/human-essentials/human-essentials/vendor/bundle/ruby/3.2.0/gems/rspec-core-3.12.2/lib/rspec/core/example_group.rb:642:in `run_examples'
2024-03-11T04:23:09.8025986Z           # /home/runner/work/human-essentials/human-essentials/vendor/bundle/ruby/3.2.0/gems/rspec-core-3.12.2/lib/rspec/core/example_group.rb:607:in `run'
2024-03-11T04:23:09.8027469Z           # /home/runner/work/human-essentials/human-essentials/vendor/bundle/ruby/3.2.0/gems/rspec-core-3.12.2/lib/rspec/core/example_group.rb:608:in `block in run'
2024-03-11T04:23:09.8029059Z           # /home/runner/work/human-essentials/human-essentials/vendor/bundle/ruby/3.2.0/gems/rspec-core-3.12.2/lib/rspec/core/example_group.rb:608:in `map'
2024-03-11T04:23:09.8030553Z           # /home/runner/work/human-essentials/human-essentials/vendor/bundle/ruby/3.2.0/gems/rspec-core-3.12.2/lib/rspec/core/example_group.rb:608:in `run'
2024-03-11T04:23:09.8032131Z           # /home/runner/work/human-essentials/human-essentials/vendor/bundle/ruby/3.2.0/gems/rspec-core-3.12.2/lib/rspec/core/runner.rb:121:in `block (3 levels) in run_specs'
2024-03-11T04:23:09.8033719Z           # /home/runner/work/human-essentials/human-essentials/vendor/bundle/ruby/3.2.0/gems/rspec-core-3.12.2/lib/rspec/core/runner.rb:121:in `map'
2024-03-11T04:23:09.8035273Z           # /home/runner/work/human-essentials/human-essentials/vendor/bundle/ruby/3.2.0/gems/rspec-core-3.12.2/lib/rspec/core/runner.rb:121:in `block (2 levels) in run_specs'
2024-03-11T04:23:09.8037236Z           # /home/runner/work/human-essentials/human-essentials/vendor/bundle/ruby/3.2.0/gems/rspec-core-3.12.2/lib/rspec/core/configuration.rb:2070:in `with_suite_hooks'
2024-03-11T04:23:09.8038916Z           # /home/runner/work/human-essentials/human-essentials/vendor/bundle/ruby/3.2.0/gems/rspec-core-3.12.2/lib/rspec/core/runner.rb:116:in `block in run_specs'
2024-03-11T04:23:09.8040413Z           # /home/runner/work/human-essentials/human-essentials/vendor/bundle/ruby/3.2.0/gems/rspec-core-3.12.2/lib/rspec/core/reporter.rb:74:in `report'
2024-03-11T04:23:09.8042298Z           # /home/runner/work/human-essentials/human-essentials/vendor/bundle/ruby/3.2.0/gems/rspec-core-3.12.2/lib/rspec/core/runner.rb:115:in `run_specs'
2024-03-11T04:23:09.8043720Z           # /home/runner/work/human-essentials/human-essentials/vendor/bundle/ruby/3.2.0/gems/rspec-core-3.12.2/lib/rspec/core/runner.rb:89:in `run'
2024-03-11T04:23:09.8045122Z           # /home/runner/work/human-essentials/human-essentials/vendor/bundle/ruby/3.2.0/gems/rspec-core-3.12.2/lib/rspec/core/runner.rb:71:in `run'
2024-03-11T04:23:09.8046612Z           # /home/runner/work/human-essentials/human-essentials/vendor/bundle/ruby/3.2.0/gems/rspec-core-3.12.2/lib/rspec/core/runner.rb:45:in `invoke'
2024-03-11T04:23:09.8047952Z           # /home/runner/work/human-essentials/human-essentials/vendor/bundle/ruby/3.2.0/gems/rspec-core-3.12.2/exe/rspec:4:in `<main>'
2024-03-11T04:23:09.8048811Z           # 
2024-03-11T04:23:09.8049250Z           #   Showing full backtrace because every line was filtered out.
2024-03-11T04:23:09.8049914Z           #   See docs for RSpec::Configuration#backtrace_exclusion_patterns and
2024-03-11T04:23:09.8050679Z           #   RSpec::Configuration#backtrace_inclusion_patterns for more information.
2024-03-11T04:23:09.8051123Z 
2024-03-11T04:23:09.8051512Z   2) User sign-in handling when a partner user logs in redirects to the partner page
2024-03-11T04:23:09.8052162Z      Got 0 failures and 2 other errors:
2024-03-11T04:23:09.8052426Z 
2024-03-11T04:23:09.8052675Z      2.1) Failure/Error: visit subject
2024-03-11T04:23:09.8052930Z 
2024-03-11T04:23:09.8053120Z           Ferrum::JavaScriptError:
2024-03-11T04:23:09.8054276Z             TypeError: Failed to resolve module specifier "cocoon-js-vanilla". Relative references must start with either "/", "./", or "../".
2024-03-11T04:23:09.8055373Z           # ./spec/system/sign_in_system_spec.rb:5:in `block (2 levels) in <top (required)>'
2024-03-11T04:23:09.8055875Z 
2024-03-11T04:23:09.8056120Z      2.2) Failure/Error: respond_to?(:empty?) ? !!empty? : !self
2024-03-11T04:23:09.8056501Z 
2024-03-11T04:23:09.8056643Z           Ferrum::JavaScriptError:
2024-03-11T04:23:09.8057138Z             ReferenceError: $ is not defined
2024-03-11T04:23:09.8057664Z                 at http://127.0.0.1:41619/users/sign_in:129:5
2024-03-11T04:23:09.8059018Z           # /home/runner/work/human-essentials/human-essentials/vendor/bundle/ruby/3.2.0/gems/activesupport-7.0.8/lib/active_support/core_ext/object/blank.rb:19:in `empty?'
2024-03-11T04:23:09.8060651Z           # /home/runner/work/human-essentials/human-essentials/vendor/bundle/ruby/3.2.0/gems/activesupport-7.0.8/lib/active_support/core_ext/object/blank.rb:19:in `empty?'
2024-03-11T04:23:09.8062271Z           # /home/runner/work/human-essentials/human-essentials/vendor/bundle/ruby/3.2.0/gems/activesupport-7.0.8/lib/active_support/core_ext/object/blank.rb:19:in `blank?'
2024-03-11T04:23:09.8063966Z           # /home/runner/work/human-essentials/human-essentials/vendor/bundle/ruby/3.2.0/gems/activesupport-7.0.8/lib/active_support/core_ext/object/blank.rb:26:in `present?'
2024-03-11T04:23:09.8065626Z           # /home/runner/work/human-essentials/human-essentials/vendor/bundle/ruby/3.2.0/gems/activesupport-7.0.8/lib/active_support/core_ext/object/blank.rb:46:in `presence'
2024-03-11T04:23:09.8067590Z           # /home/runner/work/human-essentials/human-essentials/vendor/bundle/ruby/3.2.0/gems/actionpack-7.0.8/lib/action_dispatch/system_testing/test_helpers/screenshot_helper.rb:83:in `screenshots_dir'
2024-03-11T04:23:09.8298704Z           # /home/runner/work/human-essentials/human-essentials/vendor/bundle/ruby/3.2.0/gems/actionpack-7.0.8/lib/action_dispatch/system_testing/test_helpers/screenshot_helper.rb:79:in `absolute_path'
2024-03-11T04:23:09.8301892Z           # /home/runner/work/human-essentials/human-essentials/vendor/bundle/ruby/3.2.0/gems/actionpack-7.0.8/lib/action_dispatch/system_testing/test_helpers/screenshot_helper.rb:87:in `absolute_image_path'
2024-03-11T04:23:09.8305083Z           # /home/runner/work/human-essentials/human-essentials/vendor/bundle/ruby/3.2.0/gems/actionpack-7.0.8/lib/action_dispatch/system_testing/test_helpers/screenshot_helper.rb:99:in `save_image'
2024-03-11T04:23:09.8308310Z           # /home/runner/work/human-essentials/human-essentials/vendor/bundle/ruby/3.2.0/gems/actionpack-7.0.8/lib/action_dispatch/system_testing/test_helpers/screenshot_helper.rb:36:in `take_screenshot'
2024-03-11T04:23:09.8311604Z           # /home/runner/work/human-essentials/human-essentials/vendor/bundle/ruby/3.2.0/gems/actionpack-7.0.8/lib/action_dispatch/system_testing/test_helpers/screenshot_helper.rb:45:in `take_failed_screenshot'
2024-03-11T04:23:09.8315114Z           # /home/runner/work/human-essentials/human-essentials/vendor/bundle/ruby/3.2.0/gems/actionpack-7.0.8/lib/action_dispatch/system_testing/test_helpers/setup_and_teardown.rb:8:in `before_teardown'
2024-03-11T04:23:09.8318417Z           # /home/runner/work/human-essentials/human-essentials/vendor/bundle/ruby/3.2.0/gems/rspec-rails-6.1.1/lib/rspec/rails/example/system_example_group.rb:156:in `call'
2024-03-11T04:23:09.8321768Z           # /home/runner/work/human-essentials/human-essentials/vendor/bundle/ruby/3.2.0/gems/rspec-rails-6.1.1/lib/rspec/rails/example/system_example_group.rb:156:in `block (2 levels) in <module:SystemExampleGroup>'
2024-03-11T04:23:09.8325004Z           # /home/runner/work/human-essentials/human-essentials/vendor/bundle/ruby/3.2.0/gems/rspec-core-3.12.2/lib/rspec/core/example.rb:457:in `instance_exec'
2024-03-11T04:23:09.8327723Z           # /home/runner/work/human-essentials/human-essentials/vendor/bundle/ruby/3.2.0/gems/rspec-core-3.12.2/lib/rspec/core/example.rb:457:in `instance_exec'
2024-03-11T04:23:09.8330308Z           # /home/runner/work/human-essentials/human-essentials/vendor/bundle/ruby/3.2.0/gems/rspec-core-3.12.2/lib/rspec/core/hooks.rb:372:in `run'
2024-03-11T04:23:09.8333061Z           # /home/runner/work/human-essentials/human-essentials/vendor/bundle/ruby/3.2.0/gems/rspec-core-3.12.2/lib/rspec/core/hooks.rb:529:in `block in run_owned_hooks_for'
2024-03-11T04:23:09.8336029Z           # /home/runner/work/human-essentials/human-essentials/vendor/bundle/ruby/3.2.0/gems/rspec-core-3.12.2/lib/rspec/core/hooks.rb:528:in `each'
2024-03-11T04:23:09.8338701Z           # /home/runner/work/human-essentials/human-essentials/vendor/bundle/ruby/3.2.0/gems/rspec-core-3.12.2/lib/rspec/core/hooks.rb:528:in `run_owned_hooks_for'
2024-03-11T04:23:09.8340804Z           # /home/runner/work/human-essentials/human-essentials/vendor/bundle/ruby/3.2.0/gems/rspec-core-3.12.2/lib/rspec/core/hooks.rb:615:in `block in run_example_hooks_for'
2024-03-11T04:23:09.8342285Z           # /home/runner/work/human-essentials/human-essentials/vendor/bundle/ruby/3.2.0/gems/rspec-core-3.12.2/lib/rspec/core/hooks.rb:614:in `each'
2024-03-11T04:23:09.8343722Z           # /home/runner/work/human-essentials/human-essentials/vendor/bundle/ruby/3.2.0/gems/rspec-core-3.12.2/lib/rspec/core/hooks.rb:614:in `run_example_hooks_for'
2024-03-11T04:23:09.8345116Z           # /home/runner/work/human-essentials/human-essentials/vendor/bundle/ruby/3.2.0/gems/rspec-core-3.12.2/lib/rspec/core/hooks.rb:485:in `run'
2024-03-11T04:23:09.8346510Z           # /home/runner/work/human-essentials/human-essentials/vendor/bundle/ruby/3.2.0/gems/rspec-core-3.12.2/lib/rspec/core/example.rb:518:in `run_after_example'
2024-03-11T04:23:09.8348491Z           # /home/runner/work/human-essentials/human-essentials/vendor/bundle/ruby/3.2.0/gems/rspec-core-3.12.2/lib/rspec/core/example.rb:283:in `block in run'
2024-03-11T04:23:09.8350096Z           # /home/runner/work/human-essentials/human-essentials/vendor/bundle/ruby/3.2.0/gems/rspec-core-3.12.2/lib/rspec/core/example.rb:511:in `block in with_around_and_singleton_context_hooks'
2024-03-11T04:23:09.8351781Z           # /home/runner/work/human-essentials/human-essentials/vendor/bundle/ruby/3.2.0/gems/rspec-core-3.12.2/lib/rspec/core/example.rb:468:in `block in with_around_example_hooks'
2024-03-11T04:23:09.8353297Z           # /home/runner/work/human-essentials/human-essentials/vendor/bundle/ruby/3.2.0/gems/rspec-core-3.12.2/lib/rspec/core/hooks.rb:486:in `block in run'
2024-03-11T04:23:09.8354819Z           # /home/runner/work/human-essentials/human-essentials/vendor/bundle/ruby/3.2.0/gems/rspec-core-3.12.2/lib/rspec/core/hooks.rb:626:in `block in run_around_example_hooks_for'
2024-03-11T04:23:09.8356299Z           # /home/runner/work/human-essentials/human-essentials/vendor/bundle/ruby/3.2.0/gems/rspec-core-3.12.2/lib/rspec/core/example.rb:352:in `call'
2024-03-11T04:23:09.8357989Z           # /home/runner/work/human-essentials/human-essentials/vendor/bundle/ruby/3.2.0/gems/rspec-rails-6.1.1/lib/rspec/rails/example/system_example_group.rb:166:in `block (2 levels) in <module:SystemExampleGroup>'
2024-03-11T04:23:09.8359685Z           # /home/runner/work/human-essentials/human-essentials/vendor/bundle/ruby/3.2.0/gems/rspec-core-3.12.2/lib/rspec/core/example.rb:457:in `instance_exec'
2024-03-11T04:23:09.8361105Z           # /home/runner/work/human-essentials/human-essentials/vendor/bundle/ruby/3.2.0/gems/rspec-core-3.12.2/lib/rspec/core/example.rb:457:in `instance_exec'
2024-03-11T04:23:09.8362504Z           # /home/runner/work/human-essentials/human-essentials/vendor/bundle/ruby/3.2.0/gems/rspec-core-3.12.2/lib/rspec/core/hooks.rb:390:in `execute_with'
2024-03-11T04:23:09.8364073Z           # /home/runner/work/human-essentials/human-essentials/vendor/bundle/ruby/3.2.0/gems/rspec-core-3.12.2/lib/rspec/core/hooks.rb:628:in `block (2 levels) in run_around_example_hooks_for'
2024-03-11T04:23:09.8365592Z           # /home/runner/work/human-essentials/human-essentials/vendor/bundle/ruby/3.2.0/gems/rspec-core-3.12.2/lib/rspec/core/example.rb:352:in `call'
2024-03-11T04:23:09.8367195Z           # /home/runner/work/human-essentials/human-essentials/vendor/bundle/ruby/3.2.0/gems/rspec-rails-6.1.1/lib/rspec/rails/adapters.rb:75:in `block (2 levels) in <module:MinitestLifecycleAdapter>'
2024-03-11T04:23:09.8368803Z           # /home/runner/work/human-essentials/human-essentials/vendor/bundle/ruby/3.2.0/gems/rspec-core-3.12.2/lib/rspec/core/example.rb:457:in `instance_exec'
2024-03-11T04:23:09.8370223Z           # /home/runner/work/human-essentials/human-essentials/vendor/bundle/ruby/3.2.0/gems/rspec-core-3.12.2/lib/rspec/core/example.rb:457:in `instance_exec'
2024-03-11T04:23:09.8371633Z           # /home/runner/work/human-essentials/human-essentials/vendor/bundle/ruby/3.2.0/gems/rspec-core-3.12.2/lib/rspec/core/hooks.rb:390:in `execute_with'
2024-03-11T04:23:09.8373220Z           # /home/runner/work/human-essentials/human-essentials/vendor/bundle/ruby/3.2.0/gems/rspec-core-3.12.2/lib/rspec/core/hooks.rb:628:in `block (2 levels) in run_around_example_hooks_for'
2024-03-11T04:23:09.8375048Z           # /home/runner/work/human-essentials/human-essentials/vendor/bundle/ruby/3.2.0/gems/rspec-core-3.12.2/lib/rspec/core/example.rb:352:in `call'
2024-03-11T04:23:09.8376511Z           # /home/runner/work/human-essentials/human-essentials/vendor/bundle/ruby/3.2.0/gems/webmock-3.23.0/lib/webmock/rspec.rb:39:in `block (2 levels) in <top (required)>'
2024-03-11T04:23:09.8378003Z           # /home/runner/work/human-essentials/human-essentials/vendor/bundle/ruby/3.2.0/gems/rspec-core-3.12.2/lib/rspec/core/example.rb:457:in `instance_exec'
2024-03-11T04:23:09.8379421Z           # /home/runner/work/human-essentials/human-essentials/vendor/bundle/ruby/3.2.0/gems/rspec-core-3.12.2/lib/rspec/core/example.rb:457:in `instance_exec'
2024-03-11T04:23:09.8381318Z           # /home/runner/work/human-essentials/human-essentials/vendor/bundle/ruby/3.2.0/gems/rspec-core-3.12.2/lib/rspec/core/hooks.rb:390:in `execute_with'
2024-03-11T04:23:09.8382919Z           # /home/runner/work/human-essentials/human-essentials/vendor/bundle/ruby/3.2.0/gems/rspec-core-3.12.2/lib/rspec/core/hooks.rb:628:in `block (2 levels) in run_around_example_hooks_for'
2024-03-11T04:23:09.8384427Z           # /home/runner/work/human-essentials/human-essentials/vendor/bundle/ruby/3.2.0/gems/rspec-core-3.12.2/lib/rspec/core/example.rb:352:in `call'
2024-03-11T04:23:09.8386007Z           # /home/runner/work/human-essentials/human-essentials/vendor/bundle/ruby/3.2.0/gems/knapsack_pro-7.0.0/lib/knapsack_pro/adapters/rspec_adapter.rb:103:in `block (2 levels) in ensure_no_focus!'
2024-03-11T04:23:09.8387601Z           # /home/runner/work/human-essentials/human-essentials/vendor/bundle/ruby/3.2.0/gems/rspec-core-3.12.2/lib/rspec/core/example.rb:457:in `instance_exec'
2024-03-11T04:23:09.8389040Z           # /home/runner/work/human-essentials/human-essentials/vendor/bundle/ruby/3.2.0/gems/rspec-core-3.12.2/lib/rspec/core/example.rb:457:in `instance_exec'
2024-03-11T04:23:09.8390436Z           # /home/runner/work/human-essentials/human-essentials/vendor/bundle/ruby/3.2.0/gems/rspec-core-3.12.2/lib/rspec/core/hooks.rb:390:in `execute_with'
2024-03-11T04:23:09.8391999Z           # /home/runner/work/human-essentials/human-essentials/vendor/bundle/ruby/3.2.0/gems/rspec-core-3.12.2/lib/rspec/core/hooks.rb:628:in `block (2 levels) in run_around_example_hooks_for'
2024-03-11T04:23:09.8393504Z           # /home/runner/work/human-essentials/human-essentials/vendor/bundle/ruby/3.2.0/gems/rspec-core-3.12.2/lib/rspec/core/example.rb:352:in `call'
2024-03-11T04:23:09.8394949Z           # /home/runner/work/human-essentials/human-essentials/vendor/bundle/ruby/3.2.0/gems/rspec-core-3.12.2/lib/rspec/core/hooks.rb:629:in `run_around_example_hooks_for'
2024-03-11T04:23:09.8396374Z           # /home/runner/work/human-essentials/human-essentials/vendor/bundle/ruby/3.2.0/gems/rspec-core-3.12.2/lib/rspec/core/hooks.rb:486:in `run'
2024-03-11T04:23:09.8397799Z           # /home/runner/work/human-essentials/human-essentials/vendor/bundle/ruby/3.2.0/gems/rspec-core-3.12.2/lib/rspec/core/example.rb:468:in `with_around_example_hooks'
2024-03-11T04:23:09.8399413Z           # /home/runner/work/human-essentials/human-essentials/vendor/bundle/ruby/3.2.0/gems/rspec-core-3.12.2/lib/rspec/core/example.rb:511:in `with_around_and_singleton_context_hooks'
2024-03-11T04:23:09.8400905Z           # /home/runner/work/human-essentials/human-essentials/vendor/bundle/ruby/3.2.0/gems/rspec-core-3.12.2/lib/rspec/core/example.rb:259:in `run'
2024-03-11T04:23:09.8402355Z           # /home/runner/work/human-essentials/human-essentials/vendor/bundle/ruby/3.2.0/gems/rspec-core-3.12.2/lib/rspec/core/example_group.rb:646:in `block in run_examples'
2024-03-11T04:23:09.8403837Z           # /home/runner/work/human-essentials/human-essentials/vendor/bundle/ruby/3.2.0/gems/rspec-core-3.12.2/lib/rspec/core/example_group.rb:642:in `map'
2024-03-11T04:23:09.8405264Z           # /home/runner/work/human-essentials/human-essentials/vendor/bundle/ruby/3.2.0/gems/rspec-core-3.12.2/lib/rspec/core/example_group.rb:642:in `run_examples'
2024-03-11T04:23:09.8406687Z           # /home/runner/work/human-essentials/human-essentials/vendor/bundle/ruby/3.2.0/gems/rspec-core-3.12.2/lib/rspec/core/example_group.rb:607:in `run'
2024-03-11T04:23:09.8408127Z           # /home/runner/work/human-essentials/human-essentials/vendor/bundle/ruby/3.2.0/gems/rspec-core-3.12.2/lib/rspec/core/example_group.rb:608:in `block in run'
2024-03-11T04:23:09.8409551Z           # /home/runner/work/human-essentials/human-essentials/vendor/bundle/ruby/3.2.0/gems/rspec-core-3.12.2/lib/rspec/core/example_group.rb:608:in `map'
2024-03-11T04:23:09.8411058Z           # /home/runner/work/human-essentials/human-essentials/vendor/bundle/ruby/3.2.0/gems/rspec-core-3.12.2/lib/rspec/core/example_group.rb:608:in `run'
2024-03-11T04:23:09.8412660Z           # /home/runner/work/human-essentials/human-essentials/vendor/bundle/ruby/3.2.0/gems/rspec-core-3.12.2/lib/rspec/core/runner.rb:121:in `block (3 levels) in run_specs'
2024-03-11T04:23:09.8414332Z           # /home/runner/work/human-essentials/human-essentials/vendor/bundle/ruby/3.2.0/gems/rspec-core-3.12.2/lib/rspec/core/runner.rb:121:in `map'
2024-03-11T04:23:09.8415804Z           # /home/runner/work/human-essentials/human-essentials/vendor/bundle/ruby/3.2.0/gems/rspec-core-3.12.2/lib/rspec/core/runner.rb:121:in `block (2 levels) in run_specs'
2024-03-11T04:23:09.8417369Z           # /home/runner/work/human-essentials/human-essentials/vendor/bundle/ruby/3.2.0/gems/rspec-core-3.12.2/lib/rspec/core/configuration.rb:2070:in `with_suite_hooks'
2024-03-11T04:23:09.8418868Z           # /home/runner/work/human-essentials/human-essentials/vendor/bundle/ruby/3.2.0/gems/rspec-core-3.12.2/lib/rspec/core/runner.rb:116:in `block in run_specs'
2024-03-11T04:23:09.8420277Z           # /home/runner/work/human-essentials/human-essentials/vendor/bundle/ruby/3.2.0/gems/rspec-core-3.12.2/lib/rspec/core/reporter.rb:74:in `report'
2024-03-11T04:23:09.8421646Z           # /home/runner/work/human-essentials/human-essentials/vendor/bundle/ruby/3.2.0/gems/rspec-core-3.12.2/lib/rspec/core/runner.rb:115:in `run_specs'
2024-03-11T04:23:09.8422983Z           # /home/runner/work/human-essentials/human-essentials/vendor/bundle/ruby/3.2.0/gems/rspec-core-3.12.2/lib/rspec/core/runner.rb:89:in `run'
2024-03-11T04:23:09.8424268Z           # /home/runner/work/human-essentials/human-essentials/vendor/bundle/ruby/3.2.0/gems/rspec-core-3.12.2/lib/rspec/core/runner.rb:71:in `run'
2024-03-11T04:23:09.8425594Z           # /home/runner/work/human-essentials/human-essentials/vendor/bundle/ruby/3.2.0/gems/rspec-core-3.12.2/lib/rspec/core/runner.rb:45:in `invoke'
2024-03-11T04:23:09.8426844Z           # /home/runner/work/human-essentials/human-essentials/vendor/bundle/ruby/3.2.0/gems/rspec-core-3.12.2/exe/rspec:4:in `<main>'
2024-03-11T04:23:09.8427539Z           # 
2024-03-11T04:23:09.8427884Z           #   Showing full backtrace because every line was filtered out.
2024-03-11T04:23:09.8428480Z           #   See docs for RSpec::Configuration#backtrace_exclusion_patterns and
2024-03-11T04:23:09.8429097Z           #   RSpec::Configuration#backtrace_inclusion_patterns for more information.
2024-03-11T04:23:09.8429483Z 
2024-03-11T04:23:09.8429916Z   3) User sign-in handling when users are valid and don't belong to an organization redirects to 403
2024-03-11T04:23:09.8430525Z      Got 0 failures and 2 other errors:
2024-03-11T04:23:09.8430777Z 
2024-03-11T04:23:09.8430891Z      3.1) Failure/Error: visit subject
2024-03-11T04:23:09.8431127Z 
2024-03-11T04:23:09.8431239Z           Ferrum::JavaScriptError:
2024-03-11T04:23:09.8432044Z             TypeError: Failed to resolve module specifier "cocoon-js-vanilla". Relative references must start with either "/", "./", or "../".
2024-03-11T04:23:09.8432966Z           # ./spec/system/sign_in_system_spec.rb:5:in `block (2 levels) in <top (required)>'
2024-03-11T04:23:09.8433372Z 
2024-03-11T04:23:09.8433569Z      3.2) Failure/Error: respond_to?(:empty?) ? !!empty? : !self
2024-03-11T04:23:09.8433889Z 
2024-03-11T04:23:09.8433998Z           Ferrum::JavaScriptError:
2024-03-11T04:23:09.8434342Z             ReferenceError: $ is not defined
2024-03-11T04:23:09.8434763Z                 at http://127.0.0.1:41619/users/sign_in:129:5
2024-03-11T04:23:09.8435831Z           # /home/runner/work/human-essentials/human-essentials/vendor/bundle/ruby/3.2.0/gems/activesupport-7.0.8/lib/active_support/core_ext/object/blank.rb:19:in `empty?'
2024-03-11T04:23:09.8437375Z           # /home/runner/work/human-essentials/human-essentials/vendor/bundle/ruby/3.2.0/gems/activesupport-7.0.8/lib/active_support/core_ext/object/blank.rb:19:in `empty?'
2024-03-11T04:23:09.8439093Z           # /home/runner/work/human-essentials/human-essentials/vendor/bundle/ruby/3.2.0/gems/activesupport-7.0.8/lib/active_support/core_ext/object/blank.rb:19:in `blank?'
2024-03-11T04:23:09.8440778Z           # /home/runner/work/human-essentials/human-essentials/vendor/bundle/ruby/3.2.0/gems/activesupport-7.0.8/lib/active_support/core_ext/object/blank.rb:26:in `present?'
2024-03-11T04:23:09.8442340Z           # /home/runner/work/human-essentials/human-essentials/vendor/bundle/ruby/3.2.0/gems/activesupport-7.0.8/lib/active_support/core_ext/object/blank.rb:46:in `presence'
2024-03-11T04:23:09.8444043Z           # /home/runner/work/human-essentials/human-essentials/vendor/bundle/ruby/3.2.0/gems/actionpack-7.0.8/lib/action_dispatch/system_testing/test_helpers/screenshot_helper.rb:83:in `screenshots_dir'
2024-03-11T04:23:09.8445850Z           # /home/runner/work/human-essentials/human-essentials/vendor/bundle/ruby/3.2.0/gems/actionpack-7.0.8/lib/action_dispatch/system_testing/test_helpers/screenshot_helper.rb:79:in `absolute_path'
2024-03-11T04:23:09.8447678Z           # /home/runner/work/human-essentials/human-essentials/vendor/bundle/ruby/3.2.0/gems/actionpack-7.0.8/lib/action_dispatch/system_testing/test_helpers/screenshot_helper.rb:87:in `absolute_image_path'
2024-03-11T04:23:09.8449471Z           # /home/runner/work/human-essentials/human-essentials/vendor/bundle/ruby/3.2.0/gems/actionpack-7.0.8/lib/action_dispatch/system_testing/test_helpers/screenshot_helper.rb:99:in `save_image'
2024-03-11T04:23:09.8451253Z           # /home/runner/work/human-essentials/human-essentials/vendor/bundle/ruby/3.2.0/gems/actionpack-7.0.8/lib/action_dispatch/system_testing/test_helpers/screenshot_helper.rb:36:in `take_screenshot'
2024-03-11T04:23:09.8453092Z           # /home/runner/work/human-essentials/human-essentials/vendor/bundle/ruby/3.2.0/gems/actionpack-7.0.8/lib/action_dispatch/system_testing/test_helpers/screenshot_helper.rb:45:in `take_failed_screenshot'
2024-03-11T04:23:09.8455197Z           # /home/runner/work/human-essentials/human-essentials/vendor/bundle/ruby/3.2.0/gems/actionpack-7.0.8/lib/action_dispatch/system_testing/test_helpers/setup_and_teardown.rb:8:in `before_teardown'
2024-03-11T04:23:09.8456899Z           # /home/runner/work/human-essentials/human-essentials/vendor/bundle/ruby/3.2.0/gems/rspec-rails-6.1.1/lib/rspec/rails/example/system_example_group.rb:156:in `call'
2024-03-11T04:23:09.8458705Z           # /home/runner/work/human-essentials/human-essentials/vendor/bundle/ruby/3.2.0/gems/rspec-rails-6.1.1/lib/rspec/rails/example/system_example_group.rb:156:in `block (2 levels) in <module:SystemExampleGroup>'
2024-03-11T04:23:09.8460402Z           # /home/runner/work/human-essentials/human-essentials/vendor/bundle/ruby/3.2.0/gems/rspec-core-3.12.2/lib/rspec/core/example.rb:457:in `instance_exec'
2024-03-11T04:23:09.8461836Z           # /home/runner/work/human-essentials/human-essentials/vendor/bundle/ruby/3.2.0/gems/rspec-core-3.12.2/lib/rspec/core/example.rb:457:in `instance_exec'
2024-03-11T04:23:09.8463205Z           # /home/runner/work/human-essentials/human-essentials/vendor/bundle/ruby/3.2.0/gems/rspec-core-3.12.2/lib/rspec/core/hooks.rb:372:in `run'
2024-03-11T04:23:09.8464649Z           # /home/runner/work/human-essentials/human-essentials/vendor/bundle/ruby/3.2.0/gems/rspec-core-3.12.2/lib/rspec/core/hooks.rb:529:in `block in run_owned_hooks_for'
2024-03-11T04:23:09.8466071Z           # /home/runner/work/human-essentials/human-essentials/vendor/bundle/ruby/3.2.0/gems/rspec-core-3.12.2/lib/rspec/core/hooks.rb:528:in `each'
2024-03-11T04:23:09.8467460Z           # /home/runner/work/human-essentials/human-essentials/vendor/bundle/ruby/3.2.0/gems/rspec-core-3.12.2/lib/rspec/core/hooks.rb:528:in `run_owned_hooks_for'
2024-03-11T04:23:09.8468985Z           # /home/runner/work/human-essentials/human-essentials/vendor/bundle/ruby/3.2.0/gems/rspec-core-3.12.2/lib/rspec/core/hooks.rb:615:in `block in run_example_hooks_for'
2024-03-11T04:23:09.8470425Z           # /home/runner/work/human-essentials/human-essentials/vendor/bundle/ruby/3.2.0/gems/rspec-core-3.12.2/lib/rspec/core/hooks.rb:614:in `each'
2024-03-11T04:23:09.8472138Z           # /home/runner/work/human-essentials/human-essentials/vendor/bundle/ruby/3.2.0/gems/rspec-core-3.12.2/lib/rspec/core/hooks.rb:614:in `run_example_hooks_for'
2024-03-11T04:23:09.8473523Z           # /home/runner/work/human-essentials/human-essentials/vendor/bundle/ruby/3.2.0/gems/rspec-core-3.12.2/lib/rspec/core/hooks.rb:485:in `run'
2024-03-11T04:23:09.8474914Z           # /home/runner/work/human-essentials/human-essentials/vendor/bundle/ruby/3.2.0/gems/rspec-core-3.12.2/lib/rspec/core/example.rb:518:in `run_after_example'
2024-03-11T04:23:09.8476354Z           # /home/runner/work/human-essentials/human-essentials/vendor/bundle/ruby/3.2.0/gems/rspec-core-3.12.2/lib/rspec/core/example.rb:283:in `block in run'
2024-03-11T04:23:09.8477959Z           # /home/runner/work/human-essentials/human-essentials/vendor/bundle/ruby/3.2.0/gems/rspec-core-3.12.2/lib/rspec/core/example.rb:511:in `block in with_around_and_singleton_context_hooks'
2024-03-11T04:23:09.8479654Z           # /home/runner/work/human-essentials/human-essentials/vendor/bundle/ruby/3.2.0/gems/rspec-core-3.12.2/lib/rspec/core/example.rb:468:in `block in with_around_example_hooks'
2024-03-11T04:23:09.8481157Z           # /home/runner/work/human-essentials/human-essentials/vendor/bundle/ruby/3.2.0/gems/rspec-core-3.12.2/lib/rspec/core/hooks.rb:486:in `block in run'
2024-03-11T04:23:09.8482715Z           # /home/runner/work/human-essentials/human-essentials/vendor/bundle/ruby/3.2.0/gems/rspec-core-3.12.2/lib/rspec/core/hooks.rb:626:in `block in run_around_example_hooks_for'
2024-03-11T04:23:09.8484194Z           # /home/runner/work/human-essentials/human-essentials/vendor/bundle/ruby/3.2.0/gems/rspec-core-3.12.2/lib/rspec/core/example.rb:352:in `call'
2024-03-11T04:23:09.8485978Z           # /home/runner/work/human-essentials/human-essentials/vendor/bundle/ruby/3.2.0/gems/rspec-rails-6.1.1/lib/rspec/rails/example/system_example_group.rb:166:in `block (2 levels) in <module:SystemExampleGroup>'
2024-03-11T04:23:09.8487839Z           # /home/runner/work/human-essentials/human-essentials/vendor/bundle/ruby/3.2.0/gems/rspec-core-3.12.2/lib/rspec/core/example.rb:457:in `instance_exec'
2024-03-11T04:23:09.8489277Z           # /home/runner/work/human-essentials/human-essentials/vendor/bundle/ruby/3.2.0/gems/rspec-core-3.12.2/lib/rspec/core/example.rb:457:in `instance_exec'
2024-03-11T04:23:09.8490684Z           # /home/runner/work/human-essentials/human-essentials/vendor/bundle/ruby/3.2.0/gems/rspec-core-3.12.2/lib/rspec/core/hooks.rb:390:in `execute_with'
2024-03-11T04:23:09.8492256Z           # /home/runner/work/human-essentials/human-essentials/vendor/bundle/ruby/3.2.0/gems/rspec-core-3.12.2/lib/rspec/core/hooks.rb:628:in `block (2 levels) in run_around_example_hooks_for'
2024-03-11T04:23:09.8494048Z           # /home/runner/work/human-essentials/human-essentials/vendor/bundle/ruby/3.2.0/gems/rspec-core-3.12.2/lib/rspec/core/example.rb:352:in `call'
2024-03-11T04:23:09.8495685Z           # /home/runner/work/human-essentials/human-essentials/vendor/bundle/ruby/3.2.0/gems/rspec-rails-6.1.1/lib/rspec/rails/adapters.rb:75:in `block (2 levels) in <module:MinitestLifecycleAdapter>'
2024-03-11T04:23:09.8497310Z           # /home/runner/work/human-essentials/human-essentials/vendor/bundle/ruby/3.2.0/gems/rspec-core-3.12.2/lib/rspec/core/example.rb:457:in `instance_exec'
2024-03-11T04:23:09.8498737Z           # /home/runner/work/human-essentials/human-essentials/vendor/bundle/ruby/3.2.0/gems/rspec-core-3.12.2/lib/rspec/core/example.rb:457:in `instance_exec'
2024-03-11T04:23:09.8500143Z           # /home/runner/work/human-essentials/human-essentials/vendor/bundle/ruby/3.2.0/gems/rspec-core-3.12.2/lib/rspec/core/hooks.rb:390:in `execute_with'
2024-03-11T04:23:09.8501719Z           # /home/runner/work/human-essentials/human-essentials/vendor/bundle/ruby/3.2.0/gems/rspec-core-3.12.2/lib/rspec/core/hooks.rb:628:in `block (2 levels) in run_around_example_hooks_for'
2024-03-11T04:23:09.8503539Z           # /home/runner/work/human-essentials/human-essentials/vendor/bundle/ruby/3.2.0/gems/rspec-core-3.12.2/lib/rspec/core/example.rb:352:in `call'
2024-03-11T04:23:09.8505003Z           # /home/runner/work/human-essentials/human-essentials/vendor/bundle/ruby/3.2.0/gems/webmock-3.23.0/lib/webmock/rspec.rb:39:in `block (2 levels) in <top (required)>'
2024-03-11T04:23:09.8506537Z           # /home/runner/work/human-essentials/human-essentials/vendor/bundle/ruby/3.2.0/gems/rspec-core-3.12.2/lib/rspec/core/example.rb:457:in `instance_exec'
2024-03-11T04:23:09.8507965Z           # /home/runner/work/human-essentials/human-essentials/vendor/bundle/ruby/3.2.0/gems/rspec-core-3.12.2/lib/rspec/core/example.rb:457:in `instance_exec'
2024-03-11T04:23:09.8509368Z           # /home/runner/work/human-essentials/human-essentials/vendor/bundle/ruby/3.2.0/gems/rspec-core-3.12.2/lib/rspec/core/hooks.rb:390:in `execute_with'
2024-03-11T04:23:09.8510931Z           # /home/runner/work/human-essentials/human-essentials/vendor/bundle/ruby/3.2.0/gems/rspec-core-3.12.2/lib/rspec/core/hooks.rb:628:in `block (2 levels) in run_around_example_hooks_for'
2024-03-11T04:23:09.8512464Z           # /home/runner/work/human-essentials/human-essentials/vendor/bundle/ruby/3.2.0/gems/rspec-core-3.12.2/lib/rspec/core/example.rb:352:in `call'
2024-03-11T04:23:09.8514046Z           # /home/runner/work/human-essentials/human-essentials/vendor/bundle/ruby/3.2.0/gems/knapsack_pro-7.0.0/lib/knapsack_pro/adapters/rspec_adapter.rb:103:in `block (2 levels) in ensure_no_focus!'
2024-03-11T04:23:09.8515646Z           # /home/runner/work/human-essentials/human-essentials/vendor/bundle/ruby/3.2.0/gems/rspec-core-3.12.2/lib/rspec/core/example.rb:457:in `instance_exec'
2024-03-11T04:23:09.8517163Z           # /home/runner/work/human-essentials/human-essentials/vendor/bundle/ruby/3.2.0/gems/rspec-core-3.12.2/lib/rspec/core/example.rb:457:in `instance_exec'
2024-03-11T04:23:09.8518569Z           # /home/runner/work/human-essentials/human-essentials/vendor/bundle/ruby/3.2.0/gems/rspec-core-3.12.2/lib/rspec/core/hooks.rb:390:in `execute_with'
2024-03-11T04:23:09.8520145Z           # /home/runner/work/human-essentials/human-essentials/vendor/bundle/ruby/3.2.0/gems/rspec-core-3.12.2/lib/rspec/core/hooks.rb:628:in `block (2 levels) in run_around_example_hooks_for'
2024-03-11T04:23:09.8521668Z           # /home/runner/work/human-essentials/human-essentials/vendor/bundle/ruby/3.2.0/gems/rspec-core-3.12.2/lib/rspec/core/example.rb:352:in `call'
2024-03-11T04:23:09.8523118Z           # /home/runner/work/human-essentials/human-essentials/vendor/bundle/ruby/3.2.0/gems/rspec-core-3.12.2/lib/rspec/core/hooks.rb:629:in `run_around_example_hooks_for'
2024-03-11T04:23:09.8524534Z           # /home/runner/work/human-essentials/human-essentials/vendor/bundle/ruby/3.2.0/gems/rspec-core-3.12.2/lib/rspec/core/hooks.rb:486:in `run'
2024-03-11T04:23:09.8525974Z           # /home/runner/work/human-essentials/human-essentials/vendor/bundle/ruby/3.2.0/gems/rspec-core-3.12.2/lib/rspec/core/example.rb:468:in `with_around_example_hooks'
2024-03-11T04:23:09.8527624Z           # /home/runner/work/human-essentials/human-essentials/vendor/bundle/ruby/3.2.0/gems/rspec-core-3.12.2/lib/rspec/core/example.rb:511:in `with_around_and_singleton_context_hooks'
2024-03-11T04:23:09.8529118Z           # /home/runner/work/human-essentials/human-essentials/vendor/bundle/ruby/3.2.0/gems/rspec-core-3.12.2/lib/rspec/core/example.rb:259:in `run'
2024-03-11T04:23:09.8530573Z           # /home/runner/work/human-essentials/human-essentials/vendor/bundle/ruby/3.2.0/gems/rspec-core-3.12.2/lib/rspec/core/example_group.rb:646:in `block in run_examples'
2024-03-11T04:23:09.8532044Z           # /home/runner/work/human-essentials/human-essentials/vendor/bundle/ruby/3.2.0/gems/rspec-core-3.12.2/lib/rspec/core/example_group.rb:642:in `map'
2024-03-11T04:23:09.8533679Z           # /home/runner/work/human-essentials/human-essentials/vendor/bundle/ruby/3.2.0/gems/rspec-core-3.12.2/lib/rspec/core/example_group.rb:642:in `run_examples'
2024-03-11T04:23:09.8535532Z           # /home/runner/work/human-essentials/human-essentials/vendor/bundle/ruby/3.2.0/gems/rspec-core-3.12.2/lib/rspec/core/example_group.rb:607:in `run'
2024-03-11T04:23:09.8536977Z           # /home/runner/work/human-essentials/human-essentials/vendor/bundle/ruby/3.2.0/gems/rspec-core-3.12.2/lib/rspec/core/example_group.rb:608:in `block in run'
2024-03-11T04:23:09.8538410Z           # /home/runner/work/human-essentials/human-essentials/vendor/bundle/ruby/3.2.0/gems/rspec-core-3.12.2/lib/rspec/core/example_group.rb:608:in `map'
2024-03-11T04:23:09.8539795Z           # /home/runner/work/human-essentials/human-essentials/vendor/bundle/ruby/3.2.0/gems/rspec-core-3.12.2/lib/rspec/core/example_group.rb:608:in `run'
2024-03-11T04:23:09.8541279Z           # /home/runner/work/human-essentials/human-essentials/vendor/bundle/ruby/3.2.0/gems/rspec-core-3.12.2/lib/rspec/core/runner.rb:121:in `block (3 levels) in run_specs'
2024-03-11T04:23:09.8542726Z           # /home/runner/work/human-essentials/human-essentials/vendor/bundle/ruby/3.2.0/gems/rspec-core-3.12.2/lib/rspec/core/runner.rb:121:in `map'
2024-03-11T04:23:09.8544176Z           # /home/runner/work/human-essentials/human-essentials/vendor/bundle/ruby/3.2.0/gems/rspec-core-3.12.2/lib/rspec/core/runner.rb:121:in `block (2 levels) in run_specs'
2024-03-11T04:23:09.8545734Z           # /home/runner/work/human-essentials/human-essentials/vendor/bundle/ruby/3.2.0/gems/rspec-core-3.12.2/lib/rspec/core/configuration.rb:2070:in `with_suite_hooks'
2024-03-11T04:23:09.8547243Z           # /home/runner/work/human-essentials/human-essentials/vendor/bundle/ruby/3.2.0/gems/rspec-core-3.12.2/lib/rspec/core/runner.rb:116:in `block in run_specs'
2024-03-11T04:23:09.8548649Z           # /home/runner/work/human-essentials/human-essentials/vendor/bundle/ruby/3.2.0/gems/rspec-core-3.12.2/lib/rspec/core/reporter.rb:74:in `report'
2024-03-11T04:23:09.8550021Z           # /home/runner/work/human-essentials/human-essentials/vendor/bundle/ruby/3.2.0/gems/rspec-core-3.12.2/lib/rspec/core/runner.rb:115:in `run_specs'
2024-03-11T04:23:09.8551372Z           # /home/runner/work/human-essentials/human-essentials/vendor/bundle/ruby/3.2.0/gems/rspec-core-3.12.2/lib/rspec/core/runner.rb:89:in `run'
2024-03-11T04:23:09.8552679Z           # /home/runner/work/human-essentials/human-essentials/vendor/bundle/ruby/3.2.0/gems/rspec-core-3.12.2/lib/rspec/core/runner.rb:71:in `run'
2024-03-11T04:23:09.8554001Z           # /home/runner/work/human-essentials/human-essentials/vendor/bundle/ruby/3.2.0/gems/rspec-core-3.12.2/lib/rspec/core/runner.rb:45:in `invoke'
2024-03-11T04:23:09.8555250Z           # /home/runner/work/human-essentials/human-essentials/vendor/bundle/ruby/3.2.0/gems/rspec-core-3.12.2/exe/rspec:4:in `<main>'
2024-03-11T04:23:09.8555935Z           # 
2024-03-11T04:23:09.8556287Z           #   Showing full backtrace because every line was filtered out.
2024-03-11T04:23:09.8556877Z           #   See docs for RSpec::Configuration#backtrace_exclusion_patterns and
2024-03-11T04:23:09.8557542Z           #   RSpec::Configuration#backtrace_inclusion_patterns for more information.
2024-03-11T04:23:09.8557923Z 
2024-03-11T04:23:09.8558266Z   4) User sign-in handling when users are invalid shows invalid credentials alert
2024-03-11T04:23:09.8558789Z      Got 0 failures and 2 other errors:
2024-03-11T04:23:09.8559021Z 
2024-03-11T04:23:09.8559135Z      4.1) Failure/Error: visit subject
2024-03-11T04:23:09.8559368Z 
2024-03-11T04:23:09.8559480Z           Ferrum::JavaScriptError:
2024-03-11T04:23:09.8560287Z             TypeError: Failed to resolve module specifier "cocoon-js-vanilla". Relative references must start with either "/", "./", or "../".
2024-03-11T04:23:09.8561186Z           # ./spec/system/sign_in_system_spec.rb:5:in `block (2 levels) in <top (required)>'
2024-03-11T04:23:09.8561589Z 
2024-03-11T04:23:09.8561792Z      4.2) Failure/Error: respond_to?(:empty?) ? !!empty? : !self
2024-03-11T04:23:09.8562099Z 
2024-03-11T04:23:09.8562342Z           Ferrum::JavaScriptError:
2024-03-11T04:23:09.8562813Z             ReferenceError: $ is not defined
2024-03-11T04:23:09.8563226Z                 at http://127.0.0.1:41619/users/sign_in:129:5
2024-03-11T04:23:09.8564299Z           # /home/runner/work/human-essentials/human-essentials/vendor/bundle/ruby/3.2.0/gems/activesupport-7.0.8/lib/active_support/core_ext/object/blank.rb:19:in `empty?'
2024-03-11T04:23:09.8565845Z           # /home/runner/work/human-essentials/human-essentials/vendor/bundle/ruby/3.2.0/gems/activesupport-7.0.8/lib/active_support/core_ext/object/blank.rb:19:in `empty?'
2024-03-11T04:23:09.8567384Z           # /home/runner/work/human-essentials/human-essentials/vendor/bundle/ruby/3.2.0/gems/activesupport-7.0.8/lib/active_support/core_ext/object/blank.rb:19:in `blank?'
2024-03-11T04:23:09.8568929Z           # /home/runner/work/human-essentials/human-essentials/vendor/bundle/ruby/3.2.0/gems/activesupport-7.0.8/lib/active_support/core_ext/object/blank.rb:26:in `present?'
2024-03-11T04:23:09.8570523Z           # /home/runner/work/human-essentials/human-essentials/vendor/bundle/ruby/3.2.0/gems/activesupport-7.0.8/lib/active_support/core_ext/object/blank.rb:46:in `presence'
2024-03-11T04:23:09.8572222Z           # /home/runner/work/human-essentials/human-essentials/vendor/bundle/ruby/3.2.0/gems/actionpack-7.0.8/lib/action_dispatch/system_testing/test_helpers/screenshot_helper.rb:83:in `screenshots_dir'
2024-03-11T04:23:09.8574255Z           # /home/runner/work/human-essentials/human-essentials/vendor/bundle/ruby/3.2.0/gems/actionpack-7.0.8/lib/action_dispatch/system_testing/test_helpers/screenshot_helper.rb:79:in `absolute_path'
2024-03-11T04:23:09.8576099Z           # /home/runner/work/human-essentials/human-essentials/vendor/bundle/ruby/3.2.0/gems/actionpack-7.0.8/lib/action_dispatch/system_testing/test_helpers/screenshot_helper.rb:87:in `absolute_image_path'
2024-03-11T04:23:09.8577900Z           # /home/runner/work/human-essentials/human-essentials/vendor/bundle/ruby/3.2.0/gems/actionpack-7.0.8/lib/action_dispatch/system_testing/test_helpers/screenshot_helper.rb:99:in `save_image'
2024-03-11T04:23:09.8579701Z           # /home/runner/work/human-essentials/human-essentials/vendor/bundle/ruby/3.2.0/gems/actionpack-7.0.8/lib/action_dispatch/system_testing/test_helpers/screenshot_helper.rb:36:in `take_screenshot'
2024-03-11T04:23:09.8581541Z           # /home/runner/work/human-essentials/human-essentials/vendor/bundle/ruby/3.2.0/gems/actionpack-7.0.8/lib/action_dispatch/system_testing/test_helpers/screenshot_helper.rb:45:in `take_failed_screenshot'
2024-03-11T04:23:09.8583398Z           # /home/runner/work/human-essentials/human-essentials/vendor/bundle/ruby/3.2.0/gems/actionpack-7.0.8/lib/action_dispatch/system_testing/test_helpers/setup_and_teardown.rb:8:in `before_teardown'
2024-03-11T04:23:09.8585085Z           # /home/runner/work/human-essentials/human-essentials/vendor/bundle/ruby/3.2.0/gems/rspec-rails-6.1.1/lib/rspec/rails/example/system_example_group.rb:156:in `call'
2024-03-11T04:23:09.8586901Z           # /home/runner/work/human-essentials/human-essentials/vendor/bundle/ruby/3.2.0/gems/rspec-rails-6.1.1/lib/rspec/rails/example/system_example_group.rb:156:in `block (2 levels) in <module:SystemExampleGroup>'
2024-03-11T04:23:09.8588609Z           # /home/runner/work/human-essentials/human-essentials/vendor/bundle/ruby/3.2.0/gems/rspec-core-3.12.2/lib/rspec/core/example.rb:457:in `instance_exec'
2024-03-11T04:23:09.8590047Z           # /home/runner/work/human-essentials/human-essentials/vendor/bundle/ruby/3.2.0/gems/rspec-core-3.12.2/lib/rspec/core/example.rb:457:in `instance_exec'
2024-03-11T04:23:09.8591411Z           # /home/runner/work/human-essentials/human-essentials/vendor/bundle/ruby/3.2.0/gems/rspec-core-3.12.2/lib/rspec/core/hooks.rb:372:in `run'
2024-03-11T04:23:09.8592842Z           # /home/runner/work/human-essentials/human-essentials/vendor/bundle/ruby/3.2.0/gems/rspec-core-3.12.2/lib/rspec/core/hooks.rb:529:in `block in run_owned_hooks_for'
2024-03-11T04:23:09.8594437Z           # /home/runner/work/human-essentials/human-essentials/vendor/bundle/ruby/3.2.0/gems/rspec-core-3.12.2/lib/rspec/core/hooks.rb:528:in `each'
2024-03-11T04:23:09.8595960Z           # /home/runner/work/human-essentials/human-essentials/vendor/bundle/ruby/3.2.0/gems/rspec-core-3.12.2/lib/rspec/core/hooks.rb:528:in `run_owned_hooks_for'
2024-03-11T04:23:09.8597487Z           # /home/runner/work/human-essentials/human-essentials/vendor/bundle/ruby/3.2.0/gems/rspec-core-3.12.2/lib/rspec/core/hooks.rb:615:in `block in run_example_hooks_for'
2024-03-11T04:23:09.8598921Z           # /home/runner/work/human-essentials/human-essentials/vendor/bundle/ruby/3.2.0/gems/rspec-core-3.12.2/lib/rspec/core/hooks.rb:614:in `each'
2024-03-11T04:23:09.8600322Z           # /home/runner/work/human-essentials/human-essentials/vendor/bundle/ruby/3.2.0/gems/rspec-core-3.12.2/lib/rspec/core/hooks.rb:614:in `run_example_hooks_for'
2024-03-11T04:23:09.8601709Z           # /home/runner/work/human-essentials/human-essentials/vendor/bundle/ruby/3.2.0/gems/rspec-core-3.12.2/lib/rspec/core/hooks.rb:485:in `run'
2024-03-11T04:23:09.8603116Z           # /home/runner/work/human-essentials/human-essentials/vendor/bundle/ruby/3.2.0/gems/rspec-core-3.12.2/lib/rspec/core/example.rb:518:in `run_after_example'
2024-03-11T04:23:09.8604549Z           # /home/runner/work/human-essentials/human-essentials/vendor/bundle/ruby/3.2.0/gems/rspec-core-3.12.2/lib/rspec/core/example.rb:283:in `block in run'
2024-03-11T04:23:09.8606158Z           # /home/runner/work/human-essentials/human-essentials/vendor/bundle/ruby/3.2.0/gems/rspec-core-3.12.2/lib/rspec/core/example.rb:511:in `block in with_around_and_singleton_context_hooks'
2024-03-11T04:23:09.8607851Z           # /home/runner/work/human-essentials/human-essentials/vendor/bundle/ruby/3.2.0/gems/rspec-core-3.12.2/lib/rspec/core/example.rb:468:in `block in with_around_example_hooks'
2024-03-11T04:23:09.8609359Z           # /home/runner/work/human-essentials/human-essentials/vendor/bundle/ruby/3.2.0/gems/rspec-core-3.12.2/lib/rspec/core/hooks.rb:486:in `block in run'
2024-03-11T04:23:09.8610891Z           # /home/runner/work/human-essentials/human-essentials/vendor/bundle/ruby/3.2.0/gems/rspec-core-3.12.2/lib/rspec/core/hooks.rb:626:in `block in run_around_example_hooks_for'
2024-03-11T04:23:09.8612369Z           # /home/runner/work/human-essentials/human-essentials/vendor/bundle/ruby/3.2.0/gems/rspec-core-3.12.2/lib/rspec/core/example.rb:352:in `call'
2024-03-11T04:23:09.8614279Z           # /home/runner/work/human-essentials/human-essentials/vendor/bundle/ruby/3.2.0/gems/rspec-rails-6.1.1/lib/rspec/rails/example/system_example_group.rb:166:in `block (2 levels) in <module:SystemExampleGroup>'
2024-03-11T04:23:09.8615986Z           # /home/runner/work/human-essentials/human-essentials/vendor/bundle/ruby/3.2.0/gems/rspec-core-3.12.2/lib/rspec/core/example.rb:457:in `instance_exec'
2024-03-11T04:23:09.8617412Z           # /home/runner/work/human-essentials/human-essentials/vendor/bundle/ruby/3.2.0/gems/rspec-core-3.12.2/lib/rspec/core/example.rb:457:in `instance_exec'
2024-03-11T04:23:09.8618835Z           # /home/runner/work/human-essentials/human-essentials/vendor/bundle/ruby/3.2.0/gems/rspec-core-3.12.2/lib/rspec/core/hooks.rb:390:in `execute_with'
2024-03-11T04:23:09.8620402Z           # /home/runner/work/human-essentials/human-essentials/vendor/bundle/ruby/3.2.0/gems/rspec-core-3.12.2/lib/rspec/core/hooks.rb:628:in `block (2 levels) in run_around_example_hooks_for'
2024-03-11T04:23:09.8621924Z           # /home/runner/work/human-essentials/human-essentials/vendor/bundle/ruby/3.2.0/gems/rspec-core-3.12.2/lib/rspec/core/example.rb:352:in `call'
2024-03-11T04:23:09.8623667Z           # /home/runner/work/human-essentials/human-essentials/vendor/bundle/ruby/3.2.0/gems/rspec-rails-6.1.1/lib/rspec/rails/adapters.rb:75:in `block (2 levels) in <module:MinitestLifecycleAdapter>'
2024-03-11T04:23:09.8625300Z           # /home/runner/work/human-essentials/human-essentials/vendor/bundle/ruby/3.2.0/gems/rspec-core-3.12.2/lib/rspec/core/example.rb:457:in `instance_exec'
2024-03-11T04:23:09.8627021Z           # /home/runner/work/human-essentials/human-essentials/vendor/bundle/ruby/3.2.0/gems/rspec-core-3.12.2/lib/rspec/core/example.rb:457:in `instance_exec'
2024-03-11T04:23:09.8628428Z           # /home/runner/work/human-essentials/human-essentials/vendor/bundle/ruby/3.2.0/gems/rspec-core-3.12.2/lib/rspec/core/hooks.rb:390:in `execute_with'
2024-03-11T04:23:09.8630000Z           # /home/runner/work/human-essentials/human-essentials/vendor/bundle/ruby/3.2.0/gems/rspec-core-3.12.2/lib/rspec/core/hooks.rb:628:in `block (2 levels) in run_around_example_hooks_for'
2024-03-11T04:23:09.8631512Z           # /home/runner/work/human-essentials/human-essentials/vendor/bundle/ruby/3.2.0/gems/rspec-core-3.12.2/lib/rspec/core/example.rb:352:in `call'
2024-03-11T04:23:09.8632968Z           # /home/runner/work/human-essentials/human-essentials/vendor/bundle/ruby/3.2.0/gems/webmock-3.23.0/lib/webmock/rspec.rb:39:in `block (2 levels) in <top (required)>'
2024-03-11T04:23:09.8634452Z           # /home/runner/work/human-essentials/human-essentials/vendor/bundle/ruby/3.2.0/gems/rspec-core-3.12.2/lib/rspec/core/example.rb:457:in `instance_exec'
2024-03-11T04:23:09.8635882Z           # /home/runner/work/human-essentials/human-essentials/vendor/bundle/ruby/3.2.0/gems/rspec-core-3.12.2/lib/rspec/core/example.rb:457:in `instance_exec'
2024-03-11T04:23:09.8637286Z           # /home/runner/work/human-essentials/human-essentials/vendor/bundle/ruby/3.2.0/gems/rspec-core-3.12.2/lib/rspec/core/hooks.rb:390:in `execute_with'
2024-03-11T04:23:09.8638847Z           # /home/runner/work/human-essentials/human-essentials/vendor/bundle/ruby/3.2.0/gems/rspec-core-3.12.2/lib/rspec/core/hooks.rb:628:in `block (2 levels) in run_around_example_hooks_for'
2024-03-11T04:23:09.8640354Z           # /home/runner/work/human-essentials/human-essentials/vendor/bundle/ruby/3.2.0/gems/rspec-core-3.12.2/lib/rspec/core/example.rb:352:in `call'
2024-03-11T04:23:09.8641930Z           # /home/runner/work/human-essentials/human-essentials/vendor/bundle/ruby/3.2.0/gems/knapsack_pro-7.0.0/lib/knapsack_pro/adapters/rspec_adapter.rb:103:in `block (2 levels) in ensure_no_focus!'
2024-03-11T04:23:09.8643535Z           # /home/runner/work/human-essentials/human-essentials/vendor/bundle/ruby/3.2.0/gems/rspec-core-3.12.2/lib/rspec/core/example.rb:457:in `instance_exec'
2024-03-11T04:23:09.8644953Z           # /home/runner/work/human-essentials/human-essentials/vendor/bundle/ruby/3.2.0/gems/rspec-core-3.12.2/lib/rspec/core/example.rb:457:in `instance_exec'
2024-03-11T04:23:09.8646357Z           # /home/runner/work/human-essentials/human-essentials/vendor/bundle/ruby/3.2.0/gems/rspec-core-3.12.2/lib/rspec/core/hooks.rb:390:in `execute_with'
2024-03-11T04:23:09.8647920Z           # /home/runner/work/human-essentials/human-essentials/vendor/bundle/ruby/3.2.0/gems/rspec-core-3.12.2/lib/rspec/core/hooks.rb:628:in `block (2 levels) in run_around_example_hooks_for'
2024-03-11T04:23:09.8649437Z           # /home/runner/work/human-essentials/human-essentials/vendor/bundle/ruby/3.2.0/gems/rspec-core-3.12.2/lib/rspec/core/example.rb:352:in `call'
2024-03-11T04:23:09.8650896Z           # /home/runner/work/human-essentials/human-essentials/vendor/bundle/ruby/3.2.0/gems/rspec-core-3.12.2/lib/rspec/core/hooks.rb:629:in `run_around_example_hooks_for'
2024-03-11T04:23:09.8652315Z           # /home/runner/work/human-essentials/human-essentials/vendor/bundle/ruby/3.2.0/gems/rspec-core-3.12.2/lib/rspec/core/hooks.rb:486:in `run'
2024-03-11T04:23:09.8653951Z           # /home/runner/work/human-essentials/human-essentials/vendor/bundle/ruby/3.2.0/gems/rspec-core-3.12.2/lib/rspec/core/example.rb:468:in `with_around_example_hooks'
2024-03-11T04:23:09.8655587Z           # /home/runner/work/human-essentials/human-essentials/vendor/bundle/ruby/3.2.0/gems/rspec-core-3.12.2/lib/rspec/core/example.rb:511:in `with_around_and_singleton_context_hooks'
2024-03-11T04:23:09.8657083Z           # /home/runner/work/human-essentials/human-essentials/vendor/bundle/ruby/3.2.0/gems/rspec-core-3.12.2/lib/rspec/core/example.rb:259:in `run'
2024-03-11T04:23:09.8658831Z           # /home/runner/work/human-essentials/human-essentials/vendor/bundle/ruby/3.2.0/gems/rspec-core-3.12.2/lib/rspec/core/example_group.rb:646:in `block in run_examples'
2024-03-11T04:23:09.8660310Z           # /home/runner/work/human-essentials/human-essentials/vendor/bundle/ruby/3.2.0/gems/rspec-core-3.12.2/lib/rspec/core/example_group.rb:642:in `map'
2024-03-11T04:23:09.8661738Z           # /home/runner/work/human-essentials/human-essentials/vendor/bundle/ruby/3.2.0/gems/rspec-core-3.12.2/lib/rspec/core/example_group.rb:642:in `run_examples'
2024-03-11T04:23:09.8663176Z           # /home/runner/work/human-essentials/human-essentials/vendor/bundle/ruby/3.2.0/gems/rspec-core-3.12.2/lib/rspec/core/example_group.rb:607:in `run'
2024-03-11T04:23:09.8664614Z           # /home/runner/work/human-essentials/human-essentials/vendor/bundle/ruby/3.2.0/gems/rspec-core-3.12.2/lib/rspec/core/example_group.rb:608:in `block in run'
2024-03-11T04:23:09.8666058Z           # /home/runner/work/human-essentials/human-essentials/vendor/bundle/ruby/3.2.0/gems/rspec-core-3.12.2/lib/rspec/core/example_group.rb:608:in `map'
2024-03-11T04:23:09.8667443Z           # /home/runner/work/human-essentials/human-essentials/vendor/bundle/ruby/3.2.0/gems/rspec-core-3.12.2/lib/rspec/core/example_group.rb:608:in `run'
2024-03-11T04:23:09.8668925Z           # /home/runner/work/human-essentials/human-essentials/vendor/bundle/ruby/3.2.0/gems/rspec-core-3.12.2/lib/rspec/core/runner.rb:121:in `block (3 levels) in run_specs'
2024-03-11T04:23:09.8670372Z           # /home/runner/work/human-essentials/human-essentials/vendor/bundle/ruby/3.2.0/gems/rspec-core-3.12.2/lib/rspec/core/runner.rb:121:in `map'
2024-03-11T04:23:09.8671829Z           # /home/runner/work/human-essentials/human-essentials/vendor/bundle/ruby/3.2.0/gems/rspec-core-3.12.2/lib/rspec/core/runner.rb:121:in `block (2 levels) in run_specs'
2024-03-11T04:23:09.8673400Z           # /home/runner/work/human-essentials/human-essentials/vendor/bundle/ruby/3.2.0/gems/rspec-core-3.12.2/lib/rspec/core/configuration.rb:2070:in `with_suite_hooks'
2024-03-11T04:23:09.8674901Z           # /home/runner/work/human-essentials/human-essentials/vendor/bundle/ruby/3.2.0/gems/rspec-core-3.12.2/lib/rspec/core/runner.rb:116:in `block in run_specs'
2024-03-11T04:23:09.8676318Z           # /home/runner/work/human-essentials/human-essentials/vendor/bundle/ruby/3.2.0/gems/rspec-core-3.12.2/lib/rspec/core/reporter.rb:74:in `report'
2024-03-11T04:23:09.8677686Z           # /home/runner/work/human-essentials/human-essentials/vendor/bundle/ruby/3.2.0/gems/rspec-core-3.12.2/lib/rspec/core/runner.rb:115:in `run_specs'
2024-03-11T04:23:09.8679028Z           # /home/runner/work/human-essentials/human-essentials/vendor/bundle/ruby/3.2.0/gems/rspec-core-3.12.2/lib/rspec/core/runner.rb:89:in `run'
2024-03-11T04:23:09.8680334Z           # /home/runner/work/human-essentials/human-essentials/vendor/bundle/ruby/3.2.0/gems/rspec-core-3.12.2/lib/rspec/core/runner.rb:71:in `run'
2024-03-11T04:23:09.8681668Z           # /home/runner/work/human-essentials/human-essentials/vendor/bundle/ruby/3.2.0/gems/rspec-core-3.12.2/lib/rspec/core/runner.rb:45:in `invoke'
2024-03-11T04:23:09.8682961Z           # /home/runner/work/human-essentials/human-essentials/vendor/bundle/ruby/3.2.0/gems/rspec-core-3.12.2/exe/rspec:4:in `<main>'
2024-03-11T04:23:09.8683661Z           # 
2024-03-11T04:23:09.8684003Z           #   Showing full backtrace because every line was filtered out.
2024-03-11T04:23:09.8684580Z           #   See docs for RSpec::Configuration#backtrace_exclusion_patterns and
2024-03-11T04:23:09.8685199Z           #   RSpec::Configuration#backtrace_inclusion_patterns for more information.
2024-03-11T04:23:09.8685585Z 
2024-03-11T04:23:09.8686016Z   5) Donation Site When creating a new donation site does not allow creating a new donation site with empty attributes
2024-03-11T04:23:09.8686671Z      Failure/Error: visit subject
2024-03-11T04:23:09.8687027Z 
2024-03-11T04:23:09.8687245Z      Ferrum::JavaScriptError:
2024-03-11T04:23:09.8688032Z        TypeError: Failed to resolve module specifier "cocoon-js-vanilla". Relative references must start with either "/", "./", or "../".
2024-03-11T04:23:09.8688648Z 
2024-03-11T04:23:09.8689746Z      [Screenshot Image]: /home/runner/work/human-essentials/human-essentials/tmp/screenshots/failures_r_spec_example_groups_donation_site_when_creating_a_new_donation_site_does_not_allow_creating_a_new_donation_site_with_empty_attributes_749.png
2024-03-11T04:23:09.8690818Z 
2024-03-11T04:23:09.8690822Z 
2024-03-11T04:23:09.8691135Z      # ./spec/system/donation_site_system_spec.rb:48:in `block (3 levels) in <top (required)>'
2024-03-11T04:23:09.8691566Z 
2024-03-11T04:23:09.8691874Z   6) Donation Site When creating a new donation site creates a new donation site as a user
2024-03-11T04:23:09.8692414Z      Failure/Error: visit subject
2024-03-11T04:23:09.8692627Z 
2024-03-11T04:23:09.8692737Z      Ferrum::JavaScriptError:
2024-03-11T04:23:09.8693720Z        TypeError: Failed to resolve module specifier "cocoon-js-vanilla". Relative references must start with either "/", "./", or "../".
2024-03-11T04:23:09.8694369Z 
2024-03-11T04:23:09.8695352Z      [Screenshot Image]: /home/runner/work/human-essentials/human-essentials/tmp/screenshots/failures_r_spec_example_groups_donation_site_when_creating_a_new_donation_site_creates_a_new_donation_site_as_a_user_509.png
2024-03-11T04:23:09.8696300Z 
2024-03-11T04:23:09.8696305Z 
2024-03-11T04:23:09.8696618Z      # ./spec/system/donation_site_system_spec.rb:38:in `block (3 levels) in <top (required)>'
2024-03-11T04:23:09.8697051Z 
2024-03-11T04:23:09.8697413Z   7) Donation Site When a user views the index page should show donation sites in alphabetical order
2024-03-11T04:23:09.8697998Z      Failure/Error: visit subject
2024-03-11T04:23:09.8698206Z 
2024-03-11T04:23:09.8698316Z      Ferrum::JavaScriptError:
2024-03-11T04:23:09.8699097Z        TypeError: Failed to resolve module specifier "cocoon-js-vanilla". Relative references must start with either "/", "./", or "../".
2024-03-11T04:23:09.8699719Z 
2024-03-11T04:23:09.8700713Z      [Screenshot Image]: /home/runner/work/human-essentials/human-essentials/tmp/screenshots/failures_r_spec_example_groups_donation_site_when_a_user_views_the_index_page_should_show_donation_sites_in_alphabetical_order_866.png
2024-03-11T04:23:09.8701706Z 
2024-03-11T04:23:09.8701710Z 
2024-03-11T04:23:09.8702014Z      # ./spec/system/donation_site_system_spec.rb:16:in `block (3 levels) in <top (required)>'
2024-03-11T04:23:09.8702446Z 
2024-03-11T04:23:09.8702877Z   8) Donation Site When a user views the index page allows the user to quick-create a new donation site
2024-03-11T04:23:09.8703471Z      Failure/Error: visit subject
2024-03-11T04:23:09.8703678Z 
2024-03-11T04:23:09.8703792Z      Ferrum::JavaScriptError:
2024-03-11T04:23:09.8704555Z        TypeError: Failed to resolve module specifier "cocoon-js-vanilla". Relative references must start with either "/", "./", or "../".
2024-03-11T04:23:09.8705171Z 
2024-03-11T04:23:09.8706180Z      [Screenshot Image]: /home/runner/work/human-essentials/human-essentials/tmp/screenshots/failures_r_spec_example_groups_donation_site_when_a_user_views_the_index_page_allows_the_user_to_quick_create_a_new_donation_site_769.png
2024-03-11T04:23:09.8707170Z 
2024-03-11T04:23:09.8707174Z 
2024-03-11T04:23:09.8707476Z      # ./spec/system/donation_site_system_spec.rb:23:in `block (3 levels) in <top (required)>'
2024-03-11T04:23:09.8707911Z 
2024-03-11T04:23:09.8708357Z   9) Donation Site with an existing donation site does not allow updating to an existing donation site with empty attributes
2024-03-11T04:23:09.8709032Z      Failure/Error: visit subject
2024-03-11T04:23:09.8709243Z 
2024-03-11T04:23:09.8709346Z      Ferrum::JavaScriptError:
2024-03-11T04:23:09.8710112Z        TypeError: Failed to resolve module specifier "cocoon-js-vanilla". Relative references must start with either "/", "./", or "../".
2024-03-11T04:23:09.8710890Z 
2024-03-11T04:23:09.8711992Z      [Screenshot Image]: /home/runner/work/human-essentials/human-essentials/tmp/screenshots/failures_r_spec_example_groups_donation_site_with_an_existing_donation_site_does_not_allow_updating_to_an_existing_donation_site_with_empty_attributes_761.png
2024-03-11T04:23:09.8713199Z 
2024-03-11T04:23:09.8713203Z 
2024-03-11T04:23:09.8713510Z      # ./spec/system/donation_site_system_spec.rb:67:in `block (3 levels) in <top (required)>'
2024-03-11T04:23:09.8713935Z 
2024-03-11T04:23:09.8714226Z   10) Donation Site with an existing donation site updates an existing donation site
2024-03-11T04:23:09.8714736Z       Failure/Error: visit subject
2024-03-11T04:23:09.8714952Z 
2024-03-11T04:23:09.8715058Z       Ferrum::JavaScriptError:
2024-03-11T04:23:09.8715837Z         TypeError: Failed to resolve module specifier "cocoon-js-vanilla". Relative references must start with either "/", "./", or "../".
2024-03-11T04:23:09.8716453Z 
2024-03-11T04:23:09.8717388Z       [Screenshot Image]: /home/runner/work/human-essentials/human-essentials/tmp/screenshots/failures_r_spec_example_groups_donation_site_with_an_existing_donation_site_updates_an_existing_donation_site_888.png
2024-03-11T04:23:09.8718326Z 
2024-03-11T04:23:09.8718337Z 
2024-03-11T04:23:09.8718642Z       # ./spec/system/donation_site_system_spec.rb:59:in `block (3 levels) in <top (required)>'
2024-03-11T04:23:09.8719069Z 
2024-03-11T04:23:09.8719503Z   11)  Participant when creating new product drive participants allows a user to create a new product drive instance
2024-03-11T04:23:09.8720156Z       Failure/Error: visit subject
2024-03-11T04:23:09.8720366Z 
2024-03-11T04:23:09.8720477Z       Ferrum::JavaScriptError:
2024-03-11T04:23:09.8721244Z         TypeError: Failed to resolve module specifier "cocoon-js-vanilla". Relative references must start with either "/", "./", or "../".
2024-03-11T04:23:09.8721858Z 
2024-03-11T04:23:09.8722920Z       [Screenshot Image]: /home/runner/work/human-essentials/human-essentials/tmp/screenshots/failures_r_spec_example_groups_participant_when_creating_new_product_drive_participants_allows_a_user_to_create_a_new_product_drive_instance_151.png
2024-03-11T04:23:09.8723973Z 
2024-03-11T04:23:09.8723977Z 
2024-03-11T04:23:09.8724335Z       # ./spec/system/product_drive_participant_system_spec.rb:49:in `block (3 levels) in <top (required)>'
2024-03-11T04:23:09.8724825Z 
2024-03-11T04:23:09.8725363Z   12)  Participant when creating new product drive participants does not allow a user to add a new product drive instance with empty attributes
2024-03-11T04:23:09.8726123Z       Failure/Error: visit subject
2024-03-11T04:23:09.8726333Z 
2024-03-11T04:23:09.8726446Z       Ferrum::JavaScriptError:
2024-03-11T04:23:09.8727219Z         TypeError: Failed to resolve module specifier "cocoon-js-vanilla". Relative references must start with either "/", "./", or "../".
2024-03-11T04:23:09.8727821Z 
2024-03-11T04:23:09.8728996Z       [Screenshot Image]: /home/runner/work/human-essentials/human-essentials/tmp/screenshots/failures_r_spec_example_groups_participant_when_creating_new_product_drive_participants_does_not_allow_a_user_to_add_a_new_product_drive_instance_with_empty_attributes_680.png
2024-03-11T04:23:09.8730130Z 
2024-03-11T04:23:09.8730134Z 
2024-03-11T04:23:09.8730496Z       # ./spec/system/product_drive_participant_system_spec.rb:63:in `block (3 levels) in <top (required)>'
2024-03-11T04:23:09.8730974Z 
2024-03-11T04:23:09.8731327Z   13)  Participant When a user views the index page alphabetizes the product drive participant names
2024-03-11T04:23:09.8731915Z       Failure/Error: visit subject
2024-03-11T04:23:09.8732130Z 
2024-03-11T04:23:09.8732235Z       Ferrum::JavaScriptError:
2024-03-11T04:23:09.8733011Z         TypeError: Failed to resolve module specifier "cocoon-js-vanilla". Relative references must start with either "/", "./", or "../".
2024-03-11T04:23:09.8733896Z 
2024-03-11T04:23:09.8734916Z       [Screenshot Image]: /home/runner/work/human-essentials/human-essentials/tmp/screenshots/failures_r_spec_example_groups_participant_when_a_user_views_the_index_page_alphabetizes_the_product_drive_participant_names_294.png
2024-03-11T04:23:09.8736184Z 
2024-03-11T04:23:09.8736188Z 
2024-03-11T04:23:09.8736557Z       # ./spec/system/product_drive_participant_system_spec.rb:17:in `block (3 levels) in <top (required)>'
2024-03-11T04:23:09.8737035Z 
2024-03-11T04:23:09.8737703Z   14)  Participant When a user views the index page When the s have donations associated with them already shows existing  Participants in the #index with some summary stats
2024-03-11T04:23:09.8738576Z       Failure/Error: visit subject
2024-03-11T04:23:09.8738787Z 
2024-03-11T04:23:09.8738900Z       Ferrum::JavaScriptError:
2024-03-11T04:23:09.8739667Z         TypeError: Failed to resolve module specifier "cocoon-js-vanilla". Relative references must start with either "/", "./", or "../".
2024-03-11T04:23:09.8740274Z 
2024-03-11T04:23:09.8741557Z       [Screenshot Image]: /home/runner/work/human-essentials/human-essentials/tmp/screenshots/failures_r_spec_example_groups_participant_when_a_user_views_the_index_page_when_the_s_have_donations_associated_with_them_already_shows_existing__participants_in_the_#index_with_some_summary_stats_420.png
2024-03-11T04:23:09.8742805Z 
2024-03-11T04:23:09.8742809Z 
2024-03-11T04:23:09.8743163Z       # ./spec/system/product_drive_participant_system_spec.rb:17:in `block (3 levels) in <top (required)>'
2024-03-11T04:23:09.8743653Z 
2024-03-11T04:23:09.8744555Z   15)  Participant When a user views the index page When the s have donations associated with them already allows single  Participants to show semi-detailed stats about donations from that product drive
2024-03-11T04:23:09.8745549Z       Failure/Error: visit subject
2024-03-11T04:23:09.8745774Z 
2024-03-11T04:23:09.8745880Z       Ferrum::JavaScriptError:
2024-03-11T04:23:09.8746650Z         TypeError: Failed to resolve module specifier "cocoon-js-vanilla". Relative references must start with either "/", "./", or "../".
2024-03-11T04:23:09.8747256Z 
2024-03-11T04:23:09.8748598Z       [Screenshot Image]: /home/runner/work/human-essentials/human-essentials/tmp/screenshots/failures_r_spec_example_groups_participant_when_a_user_views_the_index_page_when_the_s_have_donations_associated_with_them_already_allows_single__participants_to_show_semi_detailed_stats_about_donations_from_t_974.png
2024-03-11T04:23:09.8749873Z 
2024-03-11T04:23:09.8749877Z 
2024-03-11T04:23:09.8750237Z       # ./spec/system/product_drive_participant_system_spec.rb:17:in `block (3 levels) in <top (required)>'
2024-03-11T04:23:09.8750714Z 
2024-03-11T04:23:09.8751292Z   16)  Participant when editing an existing product drive participant does not allow a user to update a product drive participant with empty attributes
2024-03-11T04:23:09.8752077Z       Failure/Error: visit subject
2024-03-11T04:23:09.8752299Z 
2024-03-11T04:23:09.8752405Z       Ferrum::JavaScriptError:
2024-03-11T04:23:09.8753179Z         TypeError: Failed to resolve module specifier "cocoon-js-vanilla". Relative references must start with either "/", "./", or "../".
2024-03-11T04:23:09.8753802Z 
2024-03-11T04:23:09.8754995Z       [Screenshot Image]: /home/runner/work/human-essentials/human-essentials/tmp/screenshots/failures_r_spec_example_groups_participant_when_editing_an_existing_product_drive_participant_does_not_allow_a_user_to_update_a_product_drive_participant_with_empty_attributes_78.png
2024-03-11T04:23:09.8756163Z 
2024-03-11T04:23:09.8756167Z 
2024-03-11T04:23:09.8756516Z       # ./spec/system/product_drive_participant_system_spec.rb:86:in `block (3 levels) in <top (required)>'
2024-03-11T04:23:09.8756994Z 
2024-03-11T04:23:09.8757522Z   17)  Participant when editing an existing product drive participant allows a user to update the contact info for a product drive participant
2024-03-11T04:23:09.8758420Z       Failure/Error: visit subject
2024-03-11T04:23:09.8758633Z 
2024-03-11T04:23:09.8758747Z       Ferrum::JavaScriptError:
2024-03-11T04:23:09.8759665Z         TypeError: Failed to resolve module specifier "cocoon-js-vanilla". Relative references must start with either "/", "./", or "../".
2024-03-11T04:23:09.8760555Z 
2024-03-11T04:23:09.8761822Z       [Screenshot Image]: /home/runner/work/human-essentials/human-essentials/tmp/screenshots/failures_r_spec_example_groups_participant_when_editing_an_existing_product_drive_participant_allows_a_user_to_update_the_contact_info_for_a_product_drive_participant_286.png
2024-03-11T04:23:09.8762961Z 
2024-03-11T04:23:09.8762965Z 
2024-03-11T04:23:09.8763325Z       # ./spec/system/product_drive_participant_system_spec.rb:75:in `block (3 levels) in <top (required)>'
2024-03-11T04:23:09.8763808Z 
2024-03-11T04:23:09.8764584Z   18) Coworking invitations inviting a new user as a partner user GIVEN a partner user complete the process to invite a coworker should create a new partner user for the partner account
2024-03-11T04:23:09.8765554Z       Failure/Error: visit partner_user_root_path
2024-03-11T04:23:09.8765825Z 
2024-03-11T04:23:09.8765932Z       Ferrum::JavaScriptError:
2024-03-11T04:23:09.8766721Z         TypeError: Failed to resolve module specifier "cocoon-js-vanilla". Relative references must start with either "/", "./", or "../".
2024-03-11T04:23:09.8767337Z 
2024-03-11T04:23:09.8768679Z       [Screenshot Image]: /home/runner/work/human-essentials/human-essentials/tmp/screenshots/failures_r_spec_example_groups_coworking_invitations_inviting_a_new_user_as_a_partner_user_givena_partner_user_complete_the_process_to_invite_a_coworker_should_create_a_new_partner_user_for_the_partner_account_157.png
2024-03-11T04:23:09.8770045Z 
2024-03-11T04:23:09.8770050Z 
2024-03-11T04:23:09.8770449Z       # ./spec/system/partners/coworker_invitations_system_spec.rb:12:in `block (4 levels) in <top (required)>'
2024-03-11T04:23:09.8771029Z 
2024-03-11T04:23:09.8771409Z   19) Audit management while signed in as a normal user should not be able to visit the audits #new page
2024-03-11T04:23:09.8772057Z       Failure/Error: visit url_prefix + "/audits/new"
2024-03-11T04:23:09.8772329Z 
2024-03-11T04:23:09.8772442Z       Ferrum::JavaScriptError:
2024-03-11T04:23:09.8773303Z         TypeError: Failed to resolve module specifier "cocoon-js-vanilla". Relative references must start with either "/", "./", or "../".
2024-03-11T04:23:09.8774158Z 
2024-03-11T04:23:09.8775266Z       [Screenshot Image]: /home/runner/work/human-essentials/human-essentials/tmp/screenshots/failures_r_spec_example_groups_audit_management_while_signed_in_as_a_normal_user_should_not_be_able_to_visit_the_audits_#new_page_85.png
2024-03-11T04:23:09.8776347Z 
2024-03-11T04:23:09.8776352Z 
2024-03-11T04:23:09.8776627Z       # ./spec/system/audit_system_spec.rb:18:in `block (3 levels) in <top (required)>'
2024-03-11T04:23:09.8777033Z 
2024-03-11T04:23:09.8777404Z   20) Audit management while signed in as a normal user should not be able to visit the audits #show page
2024-03-11T04:23:09.8778045Z       Failure/Error: visit url_prefix + "/audits/1"
2024-03-11T04:23:09.8778315Z 
2024-03-11T04:23:09.8778433Z       Ferrum::JavaScriptError:
2024-03-11T04:23:09.8779363Z         TypeError: Failed to resolve module specifier "cocoon-js-vanilla". Relative references must start with either "/", "./", or "../".
2024-03-11T04:23:09.8780052Z 
2024-03-11T04:23:09.8781069Z       [Screenshot Image]: /home/runner/work/human-essentials/human-essentials/tmp/screenshots/failures_r_spec_example_groups_audit_management_while_signed_in_as_a_normal_user_should_not_be_able_to_visit_the_audits_#show_page_339.png
2024-03-11T04:23:09.8782147Z 
2024-03-11T04:23:09.8782152Z 
2024-03-11T04:23:09.8782424Z       # ./spec/system/audit_system_spec.rb:28:in `block (3 levels) in <top (required)>'
2024-03-11T04:23:09.8782859Z 
2024-03-11T04:23:09.8783230Z   21) Audit management while signed in as a normal user should not be able to visit the audits #edit page
2024-03-11T04:23:09.8783885Z       Failure/Error: visit url_prefix + "/audits/1/edit"
2024-03-11T04:23:09.8784178Z 
2024-03-11T04:23:09.8784284Z       Ferrum::JavaScriptError:
2024-03-11T04:23:09.8785056Z         TypeError: Failed to resolve module specifier "cocoon-js-vanilla". Relative references must start with either "/", "./", or "../".
2024-03-11T04:23:09.8785966Z 
2024-03-11T04:23:09.8787005Z       [Screenshot Image]: /home/runner/work/human-essentials/human-essentials/tmp/screenshots/failures_r_spec_example_groups_audit_management_while_signed_in_as_a_normal_user_should_not_be_able_to_visit_the_audits_#edit_page_847.png
2024-03-11T04:23:09.8788058Z 
2024-03-11T04:23:09.8788063Z 
2024-03-11T04:23:09.8788338Z       # ./spec/system/audit_system_spec.rb:23:in `block (3 levels) in <top (required)>'
2024-03-11T04:23:09.8788737Z 
2024-03-11T04:23:09.8789119Z   22) Audit management while signed in as a normal user should not be able to visit the audits #index page
2024-03-11T04:23:09.8789758Z       Failure/Error: visit url_prefix + "/audits"
2024-03-11T04:23:09.8790019Z 
2024-03-11T04:23:09.8790128Z       Ferrum::JavaScriptError:
2024-03-11T04:23:09.8790904Z         TypeError: Failed to resolve module specifier "cocoon-js-vanilla". Relative references must start with either "/", "./", or "../".
2024-03-11T04:23:09.8791647Z 
2024-03-11T04:23:09.8792665Z       [Screenshot Image]: /home/runner/work/human-essentials/human-essentials/tmp/screenshots/failures_r_spec_example_groups_audit_management_while_signed_in_as_a_normal_user_should_not_be_able_to_visit_the_audits_#index_page_439.png
2024-03-11T04:23:09.8793666Z 
2024-03-11T04:23:09.8793671Z 
2024-03-11T04:23:09.8793942Z       # ./spec/system/audit_system_spec.rb:13:in `block (3 levels) in <top (required)>'
2024-03-11T04:23:09.8794347Z 
2024-03-11T04:23:09.8794992Z   23) Audit management while signed in as an organization admin when starting a new audit does not display quantities in line-item drop down selector
2024-03-11T04:23:09.8795838Z       Failure/Error: visit subject
2024-03-11T04:23:09.8796052Z 
2024-03-11T04:23:09.8796165Z       Ferrum::JavaScriptError:
2024-03-11T04:23:09.8796929Z         TypeError: Failed to resolve module specifier "cocoon-js-vanilla". Relative references must start with either "/", "./", or "../".
2024-03-11T04:23:09.8797545Z 
2024-03-11T04:23:09.8798731Z       [Screenshot Image]: /home/runner/work/human-essentials/human-essentials/tmp/screenshots/failures_r_spec_example_groups_audit_management_while_signed_in_as_an_organization_admin_when_starting_a_new_audit_does_not_display_quantities_in_line_item_drop_down_selector_162.png
2024-03-11T04:23:09.8799873Z 
2024-03-11T04:23:09.8799877Z 
2024-03-11T04:23:09.8800143Z       # ./spec/system/audit_system_spec.rb:44:in `block (4 levels) in <top (required)>'
2024-03-11T04:23:09.8800550Z 
2024-03-11T04:23:09.8801075Z   24) Audit management while signed in as an organization admin with an existing audit should be able to resume the audit that is in progress
2024-03-11T04:23:09.8801814Z       Failure/Error: visit subject
2024-03-11T04:23:09.8802029Z 
2024-03-11T04:23:09.8802136Z       Ferrum::JavaScriptError:
2024-03-11T04:23:09.8802910Z         TypeError: Failed to resolve module specifier "cocoon-js-vanilla". Relative references must start with either "/", "./", or "../".
2024-03-11T04:23:09.8803526Z 
2024-03-11T04:23:09.8804689Z       [Screenshot Image]: /home/runner/work/human-essentials/human-essentials/tmp/screenshots/failures_r_spec_example_groups_audit_management_while_signed_in_as_an_organization_admin_with_an_existing_audit_should_be_able_to_resume_the_audit_that_is_in_progress_657.png
2024-03-11T04:23:09.8805810Z 
2024-03-11T04:23:09.8805814Z 
2024-03-11T04:23:09.8806097Z       # ./spec/system/audit_system_spec.rb:127:in `block (4 levels) in <top (required)>'
2024-03-11T04:23:09.8806502Z 
2024-03-11T04:23:09.8807028Z   25) Audit management while signed in as an organization admin with an existing audit should be able to delete the audit that is in progress
2024-03-11T04:23:09.8807778Z       Failure/Error: visit subject
2024-03-11T04:23:09.8807989Z 
2024-03-11T04:23:09.8808096Z       Ferrum::JavaScriptError:
2024-03-11T04:23:09.8808862Z         TypeError: Failed to resolve module specifier "cocoon-js-vanilla". Relative references must start with either "/", "./", or "../".
2024-03-11T04:23:09.8809702Z 
2024-03-11T04:23:09.8810852Z       [Screenshot Image]: /home/runner/work/human-essentials/human-essentials/tmp/screenshots/failures_r_spec_example_groups_audit_management_while_signed_in_as_an_organization_admin_with_an_existing_audit_should_be_able_to_delete_the_audit_that_is_in_progress_677.png
2024-03-11T04:23:09.8811973Z 
2024-03-11T04:23:09.8811977Z 
2024-03-11T04:23:09.8812257Z       # ./spec/system/audit_system_spec.rb:114:in `block (4 levels) in <top (required)>'
2024-03-11T04:23:09.8812667Z 
2024-03-11T04:23:09.8813192Z   26) Audit management while signed in as an organization admin with an existing audit should be able to confirm the audit from the #edit page
2024-03-11T04:23:09.8814389Z       Failure/Error: visit url_prefix + "/audits/" + audit.to_param + "/edit"
2024-03-11T04:23:09.8814760Z 
2024-03-11T04:23:09.8814878Z       Ferrum::JavaScriptError:
2024-03-11T04:23:09.8815674Z         TypeError: Failed to resolve module specifier "cocoon-js-vanilla". Relative references must start with either "/", "./", or "../".
2024-03-11T04:23:09.8816294Z 
2024-03-11T04:23:09.8817454Z       [Screenshot Image]: /home/runner/work/human-essentials/human-essentials/tmp/screenshots/failures_r_spec_example_groups_audit_management_while_signed_in_as_an_organization_admin_with_an_existing_audit_should_be_able_to_confirm_the_audit_from_the_#edit_page_744.png
2024-03-11T04:23:09.8818578Z 
2024-03-11T04:23:09.8818583Z 
2024-03-11T04:23:09.8818866Z       # ./spec/system/audit_system_spec.rb:138:in `block (4 levels) in <top (required)>'
2024-03-11T04:23:09.8819269Z 
2024-03-11T04:23:09.8819779Z   27) Audit management while signed in as an organization admin when viewing the audits index should be able to save progress of an audit
2024-03-11T04:23:09.8820955Z       Failure/Error: visit subject
2024-03-11T04:23:09.8821319Z 
2024-03-11T04:23:09.8821477Z       Ferrum::JavaScriptError:
2024-03-11T04:23:09.8822789Z         TypeError: Failed to resolve module specifier "cocoon-js-vanilla". Relative references must start with either "/", "./", or "../".
2024-03-11T04:23:09.8823761Z 
2024-03-11T04:23:09.8825856Z       [Screenshot Image]: /home/runner/work/human-essentials/human-essentials/tmp/screenshots/failures_r_spec_example_groups_audit_management_while_signed_in_as_an_organization_admin_when_viewing_the_audits_index_should_be_able_to_save_progress_of_an_audit_9.png
2024-03-11T04:23:09.8827923Z 
2024-03-11T04:23:09.8827935Z 
2024-03-11T04:23:09.8828439Z       # ./spec/system/audit_system_spec.rb:67:in `block (4 levels) in <top (required)>'
2024-03-11T04:23:09.8829164Z 
2024-03-11T04:23:09.8830193Z   28) Audit management while signed in as an organization admin when viewing the audits index should be able to confirm the audit from the #new page
2024-03-11T04:23:09.8831637Z       Failure/Error: visit subject
2024-03-11T04:23:09.8832020Z 
2024-03-11T04:23:09.8832217Z       Ferrum::JavaScriptError:
2024-03-11T04:23:09.8833669Z         TypeError: Failed to resolve module specifier "cocoon-js-vanilla". Relative references must start with either "/", "./", or "../".
2024-03-11T04:23:09.8834808Z 
2024-03-11T04:23:09.8836612Z       [Screenshot Image]: /home/runner/work/human-essentials/human-essentials/tmp/screenshots/failures_r_spec_example_groups_audit_management_while_signed_in_as_an_organization_admin_when_viewing_the_audits_index_should_be_able_to_confirm_the_audit_from_the_#new_page_602.png
2024-03-11T04:23:09.8837795Z 
2024-03-11T04:23:09.8837799Z 
2024-03-11T04:23:09.8838087Z       # ./spec/system/audit_system_spec.rb:89:in `block (4 levels) in <top (required)>'
2024-03-11T04:23:09.8838499Z 
2024-03-11T04:23:09.8839057Z   29) Audit management while signed in as an organization admin when viewing the audits index should be able to filter the #index by storage location
2024-03-11T04:23:09.8839838Z       Failure/Error: visit subject
2024-03-11T04:23:09.8840052Z 
2024-03-11T04:23:09.8840172Z       Ferrum::JavaScriptError:
2024-03-11T04:23:09.8840995Z         TypeError: Failed to resolve module specifier "cocoon-js-vanilla". Relative references must start with either "/", "./", or "../".
2024-03-11T04:23:09.8841925Z 
2024-03-11T04:23:09.8843133Z       [Screenshot Image]: /home/runner/work/human-essentials/human-essentials/tmp/screenshots/failures_r_spec_example_groups_audit_management_while_signed_in_as_an_organization_admin_when_viewing_the_audits_index_should_be_able_to_filter_the_#index_by_storage_location_890.png
2024-03-11T04:23:09.8844290Z 
2024-03-11T04:23:09.8844294Z 
2024-03-11T04:23:09.8844578Z       # ./spec/system/audit_system_spec.rb:59:in `block (4 levels) in <top (required)>'
2024-03-11T04:23:09.8844981Z 
2024-03-11T04:23:09.8845493Z   30) Audit management while signed in as an organization admin with a confirmed audit should be able to edit the audit that is confirmed
2024-03-11T04:23:09.8846227Z       Failure/Error: visit subject
2024-03-11T04:23:09.8846446Z 
2024-03-11T04:23:09.8846562Z       Ferrum::JavaScriptError:
2024-03-11T04:23:09.8847352Z         TypeError: Failed to resolve module specifier "cocoon-js-vanilla". Relative references must start with either "/", "./", or "../".
2024-03-11T04:23:09.8847971Z 
2024-03-11T04:23:09.8849125Z       [Screenshot Image]: /home/runner/work/human-essentials/human-essentials/tmp/screenshots/failures_r_spec_example_groups_audit_management_while_signed_in_as_an_organization_admin_with_a_confirmed_audit_should_be_able_to_edit_the_audit_that_is_confirmed_945.png
2024-03-11T04:23:09.8850233Z 
2024-03-11T04:23:09.8850243Z 
2024-03-11T04:23:09.8850522Z       # ./spec/system/audit_system_spec.rb:157:in `block (4 levels) in <top (required)>'
2024-03-11T04:23:09.8850930Z 
2024-03-11T04:23:09.8851415Z   31) Audit management while signed in as an organization admin with a confirmed audit User can delete the audit that is confirmed
2024-03-11T04:23:09.8852127Z       Failure/Error: visit subject
2024-03-11T04:23:09.8852341Z 
2024-03-11T04:23:09.8852454Z       Ferrum::JavaScriptError:
2024-03-11T04:23:09.8853221Z         TypeError: Failed to resolve module specifier "cocoon-js-vanilla". Relative references must start with either "/", "./", or "../".
2024-03-11T04:23:09.8854116Z 
2024-03-11T04:23:09.8855240Z       [Screenshot Image]: /home/runner/work/human-essentials/human-essentials/tmp/screenshots/failures_r_spec_example_groups_audit_management_while_signed_in_as_an_organization_admin_with_a_confirmed_audit_user_can_delete_the_audit_that_is_confirmed_511.png
2024-03-11T04:23:09.8856336Z 
2024-03-11T04:23:09.8856340Z 
2024-03-11T04:23:09.8856619Z       # ./spec/system/audit_system_spec.rb:162:in `block (4 levels) in <top (required)>'
2024-03-11T04:23:09.8857029Z 
2024-03-11T04:23:09.8857454Z   32) Audit management while signed in as an organization admin with a confirmed audit is able to finalize the audit
2024-03-11T04:23:09.8858107Z       Failure/Error: visit subject
2024-03-11T04:23:09.8858319Z 
2024-03-11T04:23:09.8858436Z       Ferrum::JavaScriptError:
2024-03-11T04:23:09.8859208Z         TypeError: Failed to resolve module specifier "cocoon-js-vanilla". Relative references must start with either "/", "./", or "../".
2024-03-11T04:23:09.8859825Z 
2024-03-11T04:23:09.8860888Z       [Screenshot Image]: /home/runner/work/human-essentials/human-essentials/tmp/screenshots/failures_r_spec_example_groups_audit_management_while_signed_in_as_an_organization_admin_with_a_confirmed_audit_is_able_to_finalize_the_audit_333.png
2024-03-11T04:23:09.8861927Z 
2024-03-11T04:23:09.8861931Z 
2024-03-11T04:23:09.8862207Z       # ./spec/system/audit_system_spec.rb:175:in `block (4 levels) in <top (required)>'
2024-03-11T04:23:09.8862607Z 
2024-03-11T04:23:09.8863039Z   33) Audit management while signed in as an organization admin with a confirmed audit Finalizing an audit is immutable
2024-03-11T04:23:09.8863699Z       Failure/Error: visit subject
2024-03-11T04:23:09.8863919Z 
2024-03-11T04:23:09.8864025Z       Ferrum::JavaScriptError:
2024-03-11T04:23:09.8864796Z         TypeError: Failed to resolve module specifier "cocoon-js-vanilla". Relative references must start with either "/", "./", or "../".
2024-03-11T04:23:09.8865705Z 
2024-03-11T04:23:09.8866788Z       [Screenshot Image]: /home/runner/work/human-essentials/human-essentials/tmp/screenshots/failures_r_spec_example_groups_audit_management_while_signed_in_as_an_organization_admin_with_a_confirmed_audit_finalizing_an_audit_is_immutable_468.png
2024-03-11T04:23:09.8867834Z 
2024-03-11T04:23:09.8867838Z 
2024-03-11T04:23:09.8868120Z       # ./spec/system/audit_system_spec.rb:203:in `block (5 levels) in <top (required)>'
2024-03-11T04:23:09.8868521Z 
2024-03-11T04:23:09.8869138Z   34) Audit management while signed in as an organization admin with a confirmed audit Finalizing an audit should not be able to delete the audit that is finalized
2024-03-11T04:23:09.8869984Z       Failure/Error: visit subject
2024-03-11T04:23:09.8870196Z 
2024-03-11T04:23:09.8870303Z       Ferrum::JavaScriptError:
2024-03-11T04:23:09.8871081Z         TypeError: Failed to resolve module specifier "cocoon-js-vanilla". Relative references must start with either "/", "./", or "../".
2024-03-11T04:23:09.8871706Z 
2024-03-11T04:23:09.8872950Z       [Screenshot Image]: /home/runner/work/human-essentials/human-essentials/tmp/screenshots/failures_r_spec_example_groups_audit_management_while_signed_in_as_an_organization_admin_with_a_confirmed_audit_finalizing_an_audit_should_not_be_able_to_delete_the_audit_that_is_finalized_398.png
2024-03-11T04:23:09.8874153Z 
2024-03-11T04:23:09.8874157Z 
2024-03-11T04:23:09.8874430Z       # ./spec/system/audit_system_spec.rb:217:in `block (5 levels) in <top (required)>'
2024-03-11T04:23:09.8874840Z 
2024-03-11T04:23:09.8875403Z   35) Audit management while signed in as an organization admin with a confirmed audit Finalizing an audit creates an adjustment with the differential
2024-03-11T04:23:09.8876192Z       Failure/Error: visit subject
2024-03-11T04:23:09.8876401Z 
2024-03-11T04:23:09.8876513Z       Ferrum::JavaScriptError:
2024-03-11T04:23:09.8877286Z         TypeError: Failed to resolve module specifier "cocoon-js-vanilla". Relative references must start with either "/", "./", or "../".
2024-03-11T04:23:09.8877906Z 
2024-03-11T04:23:09.8879104Z       [Screenshot Image]: /home/runner/work/human-essentials/human-essentials/tmp/screenshots/failures_r_spec_example_groups_audit_management_while_signed_in_as_an_organization_admin_with_a_confirmed_audit_finalizing_an_audit_creates_an_adjustment_with_the_differential_865.png
2024-03-11T04:23:09.8880257Z 
2024-03-11T04:23:09.8880261Z 
2024-03-11T04:23:09.8880613Z       # ./spec/system/audit_system_spec.rb:190:in `block (5 levels) in <top (required)>'
2024-03-11T04:23:09.8881019Z 
2024-03-11T04:23:09.8881883Z   36) Audit management while signed in as an organization admin with a confirmed audit Finalizing an audit with a storage location containing multiple items creates an adjustment with the differential of only the audited item
2024-03-11T04:23:09.8883004Z       Failure/Error: visit subject
2024-03-11T04:23:09.8883226Z 
2024-03-11T04:23:09.8883335Z       Ferrum::JavaScriptError:
2024-03-11T04:23:09.8884123Z         TypeError: Failed to resolve module specifier "cocoon-js-vanilla". Relative references must start with either "/", "./", or "../".
2024-03-11T04:23:09.8884752Z 
2024-03-11T04:23:09.8886148Z       [Screenshot Image]: /home/runner/work/human-essentials/human-essentials/tmp/screenshots/failures_r_spec_example_groups_audit_management_while_signed_in_as_an_organization_admin_with_a_confirmed_audit_finalizing_an_audit_with_a_storage_location_containing_multiple_items_creates_an_adjustment_with__689.png
2024-03-11T04:23:09.8887421Z 
2024-03-11T04:23:09.8887424Z 
2024-03-11T04:23:09.8887702Z       # ./spec/system/audit_system_spec.rb:240:in `block (6 levels) in <top (required)>'
2024-03-11T04:23:09.8888115Z 
2024-03-11T04:23:09.8888508Z   37) Barcode Items Admin while signed in as a super admin user visits the edit page updates the barcode item
2024-03-11T04:23:09.8889244Z       Failure/Error: visit edit_admin_barcode_item_path(barcode_item)
2024-03-11T04:23:09.8889720Z 
2024-03-11T04:23:09.8889851Z       Ferrum::JavaScriptError:
2024-03-11T04:23:09.8890824Z         TypeError: Failed to resolve module specifier "cocoon-js-vanilla". Relative references must start with either "/", "./", or "../".
2024-03-11T04:23:09.8891448Z 
2024-03-11T04:23:09.8892487Z       [Screenshot Image]: /home/runner/work/human-essentials/human-essentials/tmp/screenshots/failures_r_spec_example_groups_barcode_items_admin_while_signed_in_as_a_super_admin_user_visits_the_edit_page_updates_the_barcode_item_103.png
2024-03-11T04:23:09.8893740Z 
2024-03-11T04:23:09.8893749Z 
2024-03-11T04:23:09.8894174Z       # ./spec/system/admin/barcode_items_system_spec.rb:66:in `block (4 levels) in <top (required)>'
2024-03-11T04:23:09.8894660Z 
2024-03-11T04:23:09.8895047Z   38) Barcode Items Admin while signed in as a super admin user visits the show page shows the barcode item
2024-03-11T04:23:09.8895751Z       Failure/Error: visit admin_barcode_item_path(barcode_item)
2024-03-11T04:23:09.8896086Z 
2024-03-11T04:23:09.8896267Z       Ferrum::JavaScriptError:
2024-03-11T04:23:09.8897508Z         TypeError: Failed to resolve module specifier "cocoon-js-vanilla". Relative references must start with either "/", "./", or "../".
2024-03-11T04:23:09.8898128Z 
2024-03-11T04:23:09.8899157Z       [Screenshot Image]: /home/runner/work/human-essentials/human-essentials/tmp/screenshots/failures_r_spec_example_groups_barcode_items_admin_while_signed_in_as_a_super_admin_user_visits_the_show_page_shows_the_barcode_item_69.png
2024-03-11T04:23:09.8900155Z 
2024-03-11T04:23:09.8900159Z 
2024-03-11T04:23:09.8900509Z       # ./spec/system/admin/barcode_items_system_spec.rb:85:in `block (4 levels) in <top (required)>'
2024-03-11T04:23:09.8900970Z 
2024-03-11T04:23:09.8901397Z   39) Barcode Items Admin while signed in as a super admin user visits the new page creates a new global barcode item
2024-03-11T04:23:09.8902097Z       Failure/Error: visit new_admin_barcode_item_path
2024-03-11T04:23:09.8902386Z 
2024-03-11T04:23:09.8902541Z       Ferrum::JavaScriptError:
2024-03-11T04:23:09.8903330Z         TypeError: Failed to resolve module specifier "cocoon-js-vanilla". Relative references must start with either "/", "./", or "../".
2024-03-11T04:23:09.8903947Z 
2024-03-11T04:23:09.8905002Z       [Screenshot Image]: /home/runner/work/human-essentials/human-essentials/tmp/screenshots/failures_r_spec_example_groups_barcode_items_admin_while_signed_in_as_a_super_admin_user_visits_the_new_page_creates_a_new_global_barcode_item_76.png
2024-03-11T04:23:09.8906036Z 
2024-03-11T04:23:09.8906040Z 
2024-03-11T04:23:09.8906378Z       # ./spec/system/admin/barcode_items_system_spec.rb:45:in `block (4 levels) in <top (required)>'
2024-03-11T04:23:09.8906846Z 
2024-03-11T04:23:09.8907236Z   40) Barcode Items Admin while signed in as a super admin user visits the index page shows the barcode item
2024-03-11T04:23:09.8907898Z       Failure/Error: visit admin_barcode_items_path
2024-03-11T04:23:09.8908173Z 
2024-03-11T04:23:09.8908286Z       Ferrum::JavaScriptError:
2024-03-11T04:23:09.8909069Z         TypeError: Failed to resolve module specifier "cocoon-js-vanilla". Relative references must start with either "/", "./", or "../".
2024-03-11T04:23:09.8909692Z 
2024-03-11T04:23:09.8910707Z       [Screenshot Image]: /home/runner/work/human-essentials/human-essentials/tmp/screenshots/failures_r_spec_example_groups_barcode_items_admin_while_signed_in_as_a_super_admin_user_visits_the_index_page_shows_the_barcode_item_799.png
2024-03-11T04:23:09.8911714Z 
2024-03-11T04:23:09.8911718Z 
2024-03-11T04:23:09.8912052Z       # ./spec/system/admin/barcode_items_system_spec.rb:13:in `block (4 levels) in <top (required)>'
2024-03-11T04:23:09.8912513Z 
2024-03-11T04:23:09.8912939Z   41) Barcode Items Admin while signed in as a super admin user visits the index page creates a new global barcode item
2024-03-11T04:23:09.8913637Z       Failure/Error: visit admin_barcode_items_path
2024-03-11T04:23:09.8913911Z 
2024-03-11T04:23:09.8914025Z       Ferrum::JavaScriptError:
2024-03-11T04:23:09.8915022Z         TypeError: Failed to resolve module specifier "cocoon-js-vanilla". Relative references must start with either "/", "./", or "../".
2024-03-11T04:23:09.8915763Z 
2024-03-11T04:23:09.8916840Z       [Screenshot Image]: /home/runner/work/human-essentials/human-essentials/tmp/screenshots/failures_r_spec_example_groups_barcode_items_admin_while_signed_in_as_a_super_admin_user_visits_the_index_page_creates_a_new_global_barcode_item_558.png
2024-03-11T04:23:09.8917889Z 
2024-03-11T04:23:09.8917893Z 
2024-03-11T04:23:09.8918237Z       # ./spec/system/admin/barcode_items_system_spec.rb:13:in `block (4 levels) in <top (required)>'
2024-03-11T04:23:09.8918699Z 
2024-03-11T04:23:09.8919096Z   42) Barcode Items Admin while signed in as a super admin user visits the index page deletes a global barcode
2024-03-11T04:23:09.8919756Z       Failure/Error: visit admin_barcode_items_path
2024-03-11T04:23:09.8920033Z 
2024-03-11T04:23:09.8920142Z       Ferrum::JavaScriptError:
2024-03-11T04:23:09.8920926Z         TypeError: Failed to resolve module specifier "cocoon-js-vanilla". Relative references must start with either "/", "./", or "../".
2024-03-11T04:23:09.8921546Z 
2024-03-11T04:23:09.8922570Z       [Screenshot Image]: /home/runner/work/human-essentials/human-essentials/tmp/screenshots/failures_r_spec_example_groups_barcode_items_admin_while_signed_in_as_a_super_admin_user_visits_the_index_page_deletes_a_global_barcode_787.png
2024-03-11T04:23:09.8923596Z 
2024-03-11T04:23:09.8923600Z 
2024-03-11T04:23:09.8923935Z       # ./spec/system/admin/barcode_items_system_spec.rb:13:in `block (4 levels) in <top (required)>'
2024-03-11T04:23:09.8924400Z 
2024-03-11T04:23:09.8924830Z   43) Organization Administration while signed in as an organization admin can bail back to their own site as a user
2024-03-11T04:23:09.8925484Z       Failure/Error: visit subject
2024-03-11T04:23:09.8925697Z 
2024-03-11T04:23:09.8925818Z       Ferrum::JavaScriptError:
2024-03-11T04:23:09.8926597Z         TypeError: Failed to resolve module specifier "cocoon-js-vanilla". Relative references must start with either "/", "./", or "../".
2024-03-11T04:23:09.8927219Z 
2024-03-11T04:23:09.8928281Z       [Screenshot Image]: /home/runner/work/human-essentials/human-essentials/tmp/screenshots/failures_r_spec_example_groups_organization_administration_while_signed_in_as_an_organization_admin_can_bail_back_to_their_own_site_as_a_user_917.png
2024-03-11T04:23:09.8929316Z 
2024-03-11T04:23:09.8929320Z 
2024-03-11T04:23:09.8929601Z       # ./spec/system/manage_system_spec.rb:18:in `block (3 levels) in <top (required)>'
2024-03-11T04:23:09.8930015Z 
2024-03-11T04:23:09.8930500Z   44) Organization Administration while signed in as an organization admin can edit the properties for an organization as an admin
2024-03-11T04:23:09.8931215Z       Failure/Error: visit subject
2024-03-11T04:23:09.8931427Z 
2024-03-11T04:23:09.8931542Z       Ferrum::JavaScriptError:
2024-03-11T04:23:09.8932318Z         TypeError: Failed to resolve module specifier "cocoon-js-vanilla". Relative references must start with either "/", "./", or "../".
2024-03-11T04:23:09.8932928Z 
2024-03-11T04:23:09.8934286Z       [Screenshot Image]: /home/runner/work/human-essentials/human-essentials/tmp/screenshots/failures_r_spec_example_groups_organization_administration_while_signed_in_as_an_organization_admin_can_edit_the_properties_for_an_organization_as_an_admin_345.png
2024-03-11T04:23:09.8935377Z 
2024-03-11T04:23:09.8935381Z 
2024-03-11T04:23:09.8935666Z       # ./spec/system/manage_system_spec.rb:18:in `block (3 levels) in <top (required)>'
2024-03-11T04:23:09.8936074Z 
2024-03-11T04:23:09.8936778Z   45) Organization Administration while signed in as an organization admin When looking at a single organization can view details about an organization, including the users as an admin
2024-03-11T04:23:09.8937712Z       Failure/Error: visit subject
2024-03-11T04:23:09.8937933Z 
2024-03-11T04:23:09.8938042Z       Ferrum::JavaScriptError:
2024-03-11T04:23:09.8938821Z         TypeError: Failed to resolve module specifier "cocoon-js-vanilla". Relative references must start with either "/", "./", or "../".
2024-03-11T04:23:09.8939712Z 
2024-03-11T04:23:09.8941054Z       [Screenshot Image]: /home/runner/work/human-essentials/human-essentials/tmp/screenshots/failures_r_spec_example_groups_organization_administration_while_signed_in_as_an_organization_admin_when_looking_at_a_single_organization_can_view_details_about_an_organization__including_the_users_as_an_admin_185.png
2024-03-11T04:23:09.8942328Z 
2024-03-11T04:23:09.8942332Z 
2024-03-11T04:23:09.8942659Z       # ./spec/system/manage_system_spec.rb:18:in `block (3 levels) in <top (required)>'
2024-03-11T04:23:09.8943063Z 
2024-03-11T04:23:09.8943427Z   46) Organization Administration while signed in as a normal user cannot see an edit link as a user
2024-03-11T04:23:09.8944014Z       Failure/Error: visit subject
2024-03-11T04:23:09.8944225Z 
2024-03-11T04:23:09.8944340Z       Ferrum::JavaScriptError:
2024-03-11T04:23:09.8945112Z         TypeError: Failed to resolve module specifier "cocoon-js-vanilla". Relative references must start with either "/", "./", or "../".
2024-03-11T04:23:09.8945737Z 
2024-03-11T04:23:09.8946728Z       [Screenshot Image]: /home/runner/work/human-essentials/human-essentials/tmp/screenshots/failures_r_spec_example_groups_organization_administration_while_signed_in_as_a_normal_user_cannot_see_an_edit_link_as_a_user_837.png
2024-03-11T04:23:09.8947703Z 
2024-03-11T04:23:09.8947707Z 
2024-03-11T04:23:09.8947983Z       # ./spec/system/manage_system_spec.rb:7:in `block (3 levels) in <top (required)>'
2024-03-11T04:23:09.8948393Z 
2024-03-11T04:23:09.8948581Z Finished in 36.76 seconds (files took 8.12 seconds to load)
2024-03-11T04:23:09.8949105Z 159 examples, 46 failures
2024-03-11T04:23:09.8949288Z 
2024-03-11T04:23:09.8949387Z Failed examples:
2024-03-11T04:23:09.8949536Z 
2024-03-11T04:23:09.8950207Z rspec ./spec/system/sign_in_system_spec.rb:19 # User sign-in handling when users are valid and belong to an organization redirects to user's dashboard
2024-03-11T04:23:09.8951501Z rspec ./spec/system/sign_in_system_spec.rb:31 # User sign-in handling when a partner user logs in redirects to the partner page
2024-03-11T04:23:09.8952715Z rspec ./spec/system/sign_in_system_spec.rb:54 # User sign-in handling when users are valid and don't belong to an organization redirects to 403
2024-03-11T04:23:09.8953890Z rspec ./spec/system/sign_in_system_spec.rb:9 # User sign-in handling when users are invalid shows invalid credentials alert
2024-03-11T04:23:09.8955085Z rspec ./spec/system/donation_site_system_spec.rb:47 # Donation Site When creating a new donation site does not allow creating a new donation site with empty attributes
2024-03-11T04:23:09.8956352Z rspec ./spec/system/donation_site_system_spec.rb:37 # Donation Site When creating a new donation site creates a new donation site as a user
2024-03-11T04:23:09.8957542Z rspec ./spec/system/donation_site_system_spec.rb:12 # Donation Site When a user views the index page should show donation sites in alphabetical order
2024-03-11T04:23:09.8958878Z rspec ./spec/system/donation_site_system_spec.rb:22 # Donation Site When a user views the index page allows the user to quick-create a new donation site
2024-03-11T04:23:09.8960207Z rspec ./spec/system/donation_site_system_spec.rb:66 # Donation Site with an existing donation site does not allow updating to an existing donation site with empty attributes
2024-03-11T04:23:09.8961449Z rspec ./spec/system/donation_site_system_spec.rb:58 # Donation Site with an existing donation site updates an existing donation site
2024-03-11T04:23:09.8962726Z rspec ./spec/system/product_drive_participant_system_spec.rb:48 #  Participant when creating new product drive participants allows a user to create a new product drive instance
2024-03-11T04:23:09.8964288Z rspec ./spec/system/product_drive_participant_system_spec.rb:62 #  Participant when creating new product drive participants does not allow a user to add a new product drive instance with empty attributes
2024-03-11T04:23:09.8965938Z rspec ./spec/system/product_drive_participant_system_spec.rb:20 #  Participant When a user views the index page alphabetizes the product drive participant names
2024-03-11T04:23:09.8967651Z rspec ./spec/system/product_drive_participant_system_spec.rb:32 #  Participant When a user views the index page When the s have donations associated with them already shows existing  Participants in the #index with some summary stats
2024-03-11T04:23:09.8969826Z rspec ./spec/system/product_drive_participant_system_spec.rb:38 #  Participant When a user views the index page When the s have donations associated with them already allows single  Participants to show semi-detailed stats about donations from that product drive
2024-03-11T04:23:09.8971757Z rspec ./spec/system/product_drive_participant_system_spec.rb:85 #  Participant when editing an existing product drive participant does not allow a user to update a product drive participant with empty attributes
2024-03-11T04:23:09.8973636Z rspec ./spec/system/product_drive_participant_system_spec.rb:73 #  Participant when editing an existing product drive participant allows a user to update the contact info for a product drive participant
2024-03-11T04:23:09.8975650Z rspec ./spec/system/partners/coworker_invitations_system_spec.rb:27 # Coworking invitations inviting a new user as a partner user GIVEN a partner user complete the process to invite a coworker should create a new partner user for the partner account
2024-03-11T04:23:09.8977277Z rspec ./spec/system/audit_system_spec.rb:17 # Audit management while signed in as a normal user should not be able to visit the audits #new page
2024-03-11T04:23:09.8978465Z rspec ./spec/system/audit_system_spec.rb:27 # Audit management while signed in as a normal user should not be able to visit the audits #show page
2024-03-11T04:23:09.8979646Z rspec ./spec/system/audit_system_spec.rb:22 # Audit management while signed in as a normal user should not be able to visit the audits #edit page
2024-03-11T04:23:09.8980829Z rspec ./spec/system/audit_system_spec.rb:12 # Audit management while signed in as a normal user should not be able to visit the audits #index page
2024-03-11T04:23:09.8982338Z rspec ./spec/system/audit_system_spec.rb:42 # Audit management while signed in as an organization admin when starting a new audit does not display quantities in line-item drop down selector
2024-03-11T04:23:09.8983895Z rspec ./spec/system/audit_system_spec.rb:126 # Audit management while signed in as an organization admin with an existing audit should be able to resume the audit that is in progress
2024-03-11T04:23:09.8985388Z rspec ./spec/system/audit_system_spec.rb:113 # Audit management while signed in as an organization admin with an existing audit should be able to delete the audit that is in progress
2024-03-11T04:23:09.8986872Z rspec ./spec/system/audit_system_spec.rb:137 # Audit management while signed in as an organization admin with an existing audit should be able to confirm the audit from the #edit page
2024-03-11T04:23:09.8988353Z rspec ./spec/system/audit_system_spec.rb:66 # Audit management while signed in as an organization admin when viewing the audits index should be able to save progress of an audit
2024-03-11T04:23:09.8989851Z rspec ./spec/system/audit_system_spec.rb:88 # Audit management while signed in as an organization admin when viewing the audits index should be able to confirm the audit from the #new page
2024-03-11T04:23:09.8991386Z rspec ./spec/system/audit_system_spec.rb:54 # Audit management while signed in as an organization admin when viewing the audits index should be able to filter the #index by storage location
2024-03-11T04:23:09.8992881Z rspec ./spec/system/audit_system_spec.rb:156 # Audit management while signed in as an organization admin with a confirmed audit should be able to edit the audit that is confirmed
2024-03-11T04:23:09.8994306Z rspec ./spec/system/audit_system_spec.rb:161 # Audit management while signed in as an organization admin with a confirmed audit User can delete the audit that is confirmed
2024-03-11T04:23:09.8995873Z rspec ./spec/system/audit_system_spec.rb:174 # Audit management while signed in as an organization admin with a confirmed audit is able to finalize the audit
2024-03-11T04:23:09.8997303Z rspec ./spec/system/audit_system_spec.rb:202 # Audit management while signed in as an organization admin with a confirmed audit Finalizing an audit is immutable
2024-03-11T04:23:09.8998796Z rspec ./spec/system/audit_system_spec.rb:216 # Audit management while signed in as an organization admin with a confirmed audit Finalizing an audit should not be able to delete the audit that is finalized
2024-03-11T04:23:09.9000666Z rspec ./spec/system/audit_system_spec.rb:187 # Audit management while signed in as an organization admin with a confirmed audit Finalizing an audit creates an adjustment with the differential
2024-03-11T04:23:09.9002544Z rspec ./spec/system/audit_system_spec.rb:237 # Audit management while signed in as an organization admin with a confirmed audit Finalizing an audit with a storage location containing multiple items creates an adjustment with the differential of only the audited item
2024-03-11T04:23:09.9004336Z rspec ./spec/system/admin/barcode_items_system_spec.rb:69 # Barcode Items Admin while signed in as a super admin user visits the edit page updates the barcode item
2024-03-11T04:23:09.9005678Z rspec ./spec/system/admin/barcode_items_system_spec.rb:88 # Barcode Items Admin while signed in as a super admin user visits the show page shows the barcode item
2024-03-11T04:23:09.9007051Z rspec ./spec/system/admin/barcode_items_system_spec.rb:48 # Barcode Items Admin while signed in as a super admin user visits the new page creates a new global barcode item
2024-03-11T04:23:09.9008422Z rspec ./spec/system/admin/barcode_items_system_spec.rb:16 # Barcode Items Admin while signed in as a super admin user visits the index page shows the barcode item
2024-03-11T04:23:09.9009796Z rspec ./spec/system/admin/barcode_items_system_spec.rb:26 # Barcode Items Admin while signed in as a super admin user visits the index page creates a new global barcode item
2024-03-11T04:23:09.9011195Z rspec ./spec/system/admin/barcode_items_system_spec.rb:21 # Barcode Items Admin while signed in as a super admin user visits the index page deletes a global barcode
2024-03-11T04:23:09.9012526Z rspec ./spec/system/manage_system_spec.rb:21 # Organization Administration while signed in as an organization admin can bail back to their own site as a user
2024-03-11T04:23:09.9014109Z rspec ./spec/system/manage_system_spec.rb:25 # Organization Administration while signed in as an organization admin can edit the properties for an organization as an admin
2024-03-11T04:23:09.9015754Z rspec ./spec/system/manage_system_spec.rb:40 # Organization Administration while signed in as an organization admin When looking at a single organization can view details about an organization, including the users as an admin
2024-03-11T04:23:09.9017266Z rspec ./spec/system/manage_system_spec.rb:10 # Organization Administration while signed in as a normal user cannot see an edit link as a user
2024-03-11T04:23:09.9018430Z 
2024-03-11T04:23:09.9018552Z Randomized with seed 19541
2024-03-11T04:23:09.9018744Z 
2024-03-11T04:23:10.0993523Z Stopped processing SimpleCov as a previous error not related to SimpleCov has been detected
2024-03-11T04:23:10.0996172Z Coverage report generated for RSpec to /home/runner/work/human-essentials/human-essentials/coverage. 3661 / 6463 LOC (56.65%) covered.
2024-03-11T04:23:10.2083164Z /opt/hostedtoolcache/Ruby/3.2.2/x64/bin/ruby -I/home/runner/work/human-essentials/human-essentials/vendor/bundle/ruby/3.2.0/gems/rspec-core-3.12.2/lib:/home/runner/work/human-essentials/human-essentials/vendor/bundle/ruby/3.2.0/gems/rspec-support-3.12.1/lib /home/runner/work/human-essentials/human-essentials/vendor/bundle/ruby/3.2.0/gems/rspec-core-3.12.2/exe/rspec  --format documentation --format KnapsackPro::Formatters::TimeTracker --default-path spec "spec/requests/admin/broadcast_announcements_spec.rb" "spec/requests/attachments_requests_spec.rb" "spec/requests/distributions_requests_spec.rb" "spec/requests/kit_requests_spec.rb" "spec/requests/partners/family_requests_spec.rb" "spec/requests/partners_requests_spec.rb" "spec/requests/requests_requests_spec.rb" "spec/requests/users_requests_spec.rb" "spec/system/admin/barcode_items_system_spec.rb" "spec/system/audit_system_spec.rb" "spec/system/donation_site_system_spec.rb" "spec/system/manage_system_spec.rb" "spec/system/partners/coworker_invitations_system_spec.rb" "spec/system/product_drive_participant_system_spec.rb" "spec/system/sign_in_system_spec.rb" failed
2024-03-11T04:23:10.5955656Z Stopped processing SimpleCov as a previous error not related to SimpleCov has been detected
2024-03-11T04:23:10.5958271Z Coverage report generated for RSpec to /home/runner/work/human-essentials/human-essentials/coverage. 38 / 10759 LOC (0.35%) covered.
2024-03-11T04:23:10.6217216Z ##[error]Process completed with exit code 1.
