2024-03-11T04:22:27.4649824Z ##[group]Run RUBYOPT='-W:no-deprecated -W:no-experimental' bin/knapsack_pro_rspec
2024-03-11T04:22:27.4650898Z [36;1mRUBYOPT='-W:no-deprecated -W:no-experimental' bin/knapsack_pro_rspec[0m
2024-03-11T04:22:27.4700718Z shell: /usr/bin/bash -e {0}
2024-03-11T04:22:27.4701234Z env:
2024-03-11T04:22:27.4701559Z   POSTGRES_HOST: localhost
2024-03-11T04:22:27.4701909Z   DATABASE_HOST: localhost
2024-03-11T04:22:27.4702365Z   PG_USERNAME: postgres
2024-03-11T04:22:27.4702726Z   PG_PASSWORD: password
2024-03-11T04:22:27.4703113Z   POSTGRES_HOST_AUTH_METHOD: trust
2024-03-11T04:22:27.4703554Z   POSTGRES_PORT: 5432
2024-03-11T04:22:27.4703904Z   PGHOST: localhost
2024-03-11T04:22:27.4704251Z   PGUSER: postgres
2024-03-11T04:22:27.4704643Z   RAILS_ENV: test
2024-03-11T04:22:27.4705017Z   KNAPSACK_PRO_TEST_SUITE_TOKEN_RSPEC: 
2024-03-11T04:22:27.4705415Z   KNAPSACK_PRO_CI_NODE_TOTAL: 6
2024-03-11T04:22:27.4705875Z   KNAPSACK_PRO_CI_NODE_INDEX: 4
2024-03-11T04:22:27.4706330Z   KNAPSACK_PRO_RSPEC_SPLIT_BY_TEST_EXAMPLES: true
2024-03-11T04:22:27.4707161Z   KNAPSACK_PRO_LOG_LEVEL: info
2024-03-11T04:22:27.4707831Z   KNAPSACK_PRO_TEST_FILE_PATTERN: {spec/system/**{,/*/**}/*_spec.rb,spec/requests/**{,/*/**}/*_spec.rb}
2024-03-11T04:22:27.4708481Z   EVENTS_READ: true
2024-03-11T04:22:27.4708878Z ##[endgroup]
2024-03-11T04:22:33.1692361Z W, [2024-03-11T04:22:33.168910 #2404]  WARN -- : [knapsack_pro] GET https://api-disabled-for-fork.knapsackpro.com/v1/build_distributions/last
2024-03-11T04:22:33.1694486Z W, [2024-03-11T04:22:33.168961 #2404]  WARN -- : [knapsack_pro] Request failed due to:
2024-03-11T04:22:33.1696888Z W, [2024-03-11T04:22:33.168977 #2404]  WARN -- : [knapsack_pro] #<SocketError: Failed to open TCP connection to api-disabled-for-fork.knapsackpro.com:443 (getaddrinfo: Name or service not known)>
2024-03-11T04:22:33.1702082Z W, [2024-03-11T04:22:33.169002 #2404]  WARN -- : [knapsack_pro] Slow test files fallback behaviour started. We could not connect with Knapsack Pro API to fetch last CI build test files that are needed to determine slow test files. No test files will be split by test cases. It means all test files will be split by the whole test files as if split by test cases would be disabled https://knapsackpro.com/perma/ruby/split-by-test-examples
2024-03-11T04:22:37.0638266Z W, [2024-03-11T04:22:37.063532 #2404]  WARN -- : [knapsack_pro] POST https://api-disabled-for-fork.knapsackpro.com/v1/build_distributions/subset
2024-03-11T04:22:37.0639728Z W, [2024-03-11T04:22:37.063570 #2404]  WARN -- : [knapsack_pro] Request failed due to:
2024-03-11T04:22:37.0641192Z W, [2024-03-11T04:22:37.063583 #2404]  WARN -- : [knapsack_pro] #<SocketError: Failed to open TCP connection to api-disabled-for-fork.knapsackpro.com:443 (getaddrinfo: Name or service not known)>
2024-03-11T04:22:37.0643496Z W, [2024-03-11T04:22:37.063633 #2404]  WARN -- : [knapsack_pro] Fallback mode started. We could not connect with Knapsack Pro API. Your tests will be executed based on directory names. Read more about fallback mode at https://knapsackpro.com/perma/ruby/fallback-mode
2024-03-11T04:22:37.0694178Z /opt/hostedtoolcache/Ruby/3.2.2/x64/bin/ruby -I/home/runner/work/human-essentials/human-essentials/vendor/bundle/ruby/3.2.0/gems/rspec-core-3.12.2/lib:/home/runner/work/human-essentials/human-essentials/vendor/bundle/ruby/3.2.0/gems/rspec-support-3.12.1/lib /home/runner/work/human-essentials/human-essentials/vendor/bundle/ruby/3.2.0/gems/rspec-core-3.12.2/exe/rspec  --format documentation --format KnapsackPro::Formatters::TimeTracker --default-path spec "spec/requests/admin/base_items_requests_spec.rb" "spec/requests/admin_requests_spec.rb" "spec/requests/distributions_by_county_spec.rb" "spec/requests/items_requests_spec.rb" "spec/requests/partners/family_requests_controller_spec.rb" "spec/requests/partners/user_requests_spec.rb" "spec/requests/reports/annual_reports_requests_spec.rb" "spec/requests/users/omniauth_callbacks_requests_spec.rb" "spec/system/admin/account_requests_system_spec.rb" "spec/system/annual_reports_system_spec.rb" "spec/system/distributions_by_county_system_spec.rb" "spec/system/log_in_system_spec.rb" "spec/system/partners/approval_process_spec.rb" "spec/system/partners/profile_served_area_system_spec.rb" "spec/system/request_system_spec.rb"
2024-03-11T04:22:45.3890972Z 
2024-03-11T04:22:45.3891784Z Randomized with seed 23764
2024-03-11T04:22:46.4431371Z 
2024-03-11T04:22:46.4432351Z Partners::FamilyRequestsController
2024-03-11T04:22:46.4433143Z   POST #create
2024-03-11T04:22:46.5563885Z     does not allow partners not verified
2024-03-11T04:22:46.6120560Z     does not allow deactivated partners
2024-03-11T04:22:46.7064483Z     submits the request
2024-03-11T04:22:46.7065326Z   GET #new
2024-03-11T04:22:46.7610155Z     does not allow deactivated partners
2024-03-11T04:22:46.8119517Z     does not allow partners not verified
2024-03-11T04:22:46.8120197Z 
2024-03-11T04:22:46.8120731Z Admin::BaseItems
2024-03-11T04:22:46.8121517Z   When logged in as an organization admin
2024-03-11T04:22:46.8122842Z     DELETE #destroy
2024-03-11T04:22:46.8266089Z       redirects
2024-03-11T04:22:46.8266820Z     POST #create
2024-03-11T04:22:46.8405630Z       redirects
2024-03-11T04:22:46.8406375Z     GET #edit
2024-03-11T04:22:46.8524512Z       returns http success
2024-03-11T04:22:46.8525144Z     GET #new
2024-03-11T04:22:46.8642417Z       returns http success
2024-03-11T04:22:46.8643040Z     GET #show
2024-03-11T04:22:46.8766331Z       returns http success
2024-03-11T04:22:46.8766988Z     GET #index
2024-03-11T04:22:46.8885697Z       returns http success
2024-03-11T04:22:46.8886508Z     PUT #update
2024-03-11T04:22:46.9006454Z       redirect
2024-03-11T04:22:46.9007331Z 
2024-03-11T04:22:46.9007686Z Partners profile served area behaviour
2024-03-11T04:22:46.9008859Z   changing the client share
2024-03-11T04:22:54.2198991Z     handles addition properly (FAILED - 1)
2024-03-11T04:22:54.2201153Z   [0;33mHTML screenshot: /home/runner/work/human-essentials/human-essentials/tmp/screenshots/screenshot_handles-addition-properly_2024-03-10-21-22-54.032.html[0m
2024-03-11T04:22:54.2204083Z   [0;33mImage screenshot: /home/runner/work/human-essentials/human-essentials/tmp/screenshots/screenshot_handles-addition-properly_2024-03-10-21-22-54.032.png[0m
2024-03-11T04:22:54.5640346Z     handles a changed but correct total client share properly (FAILED - 2)
2024-03-11T04:22:54.5642975Z   [0;33mHTML screenshot: /home/runner/work/human-essentials/human-essentials/tmp/screenshots/screenshot_handles-a-changed-but-correct-total-client-share-properly_2024-03-10-21-22-54.413.html[0m
2024-03-11T04:22:54.5646603Z   [0;33mImage screenshot: /home/runner/work/human-essentials/human-essentials/tmp/screenshots/screenshot_handles-a-changed-but-correct-total-client-share-properly_2024-03-10-21-22-54.413.png[0m
2024-03-11T04:22:54.9134164Z     handles an invalid total client share properly (FAILED - 3)
2024-03-11T04:22:54.9136575Z   [0;33mHTML screenshot: /home/runner/work/human-essentials/human-essentials/tmp/screenshots/screenshot_handles-an-invalid-total-client-share-properly_2024-03-10-21-22-54.763.html[0m
2024-03-11T04:22:54.9139318Z   [0;33mImage screenshot: /home/runner/work/human-essentials/human-essentials/tmp/screenshots/screenshot_handles-an-invalid-total-client-share-properly_2024-03-10-21-22-54.763.png[0m
2024-03-11T04:22:55.2796713Z     handles deletion properly (FAILED - 4)
2024-03-11T04:22:55.2798387Z   [0;33mHTML screenshot: /home/runner/work/human-essentials/human-essentials/tmp/screenshots/screenshot_handles-deletion-properly_2024-03-10-21-22-55.129.html[0m
2024-03-11T04:22:55.2800202Z   [0;33mImage screenshot: /home/runner/work/human-essentials/human-essentials/tmp/screenshots/screenshot_handles-deletion-properly_2024-03-10-21-22-55.129.png[0m
2024-03-11T04:22:55.2801027Z 
2024-03-11T04:22:55.2801178Z Requests
2024-03-11T04:22:55.2801763Z   #index
2024-03-11T04:22:56.2356159Z     lists requests (FAILED - 5)
2024-03-11T04:22:56.2358200Z   [0;33mHTML screenshot: /home/runner/work/human-essentials/human-essentials/tmp/screenshots/screenshot_lists-requests_2024-03-10-21-22-56.080.html[0m
2024-03-11T04:22:56.2360845Z   [0;33mImage screenshot: /home/runner/work/human-essentials/human-essentials/tmp/screenshots/screenshot_lists-requests_2024-03-10-21-22-56.080.png[0m
2024-03-11T04:22:56.8805286Z     can be exported in CSV (FAILED - 6)
2024-03-11T04:22:56.8806840Z   [0;33mHTML screenshot: /home/runner/work/human-essentials/human-essentials/tmp/screenshots/screenshot_can-be-exported-in-CSV_2024-03-10-21-22-56.732.html[0m
2024-03-11T04:22:56.8808740Z   [0;33mImage screenshot: /home/runner/work/human-essentials/human-essentials/tmp/screenshots/screenshot_can-be-exported-in-CSV_2024-03-10-21-22-56.732.png[0m
2024-03-11T04:22:56.8809880Z     when filtering on the index page
2024-03-11T04:22:56.8810314Z       with filters cleared
2024-03-11T04:22:57.5319611Z         displays all requests (FAILED - 7)
2024-03-11T04:22:57.5321639Z   [0;33mHTML screenshot: /home/runner/work/human-essentials/human-essentials/tmp/screenshots/screenshot_displays-all-requests_2024-03-10-21-22-57.397.html[0m
2024-03-11T04:22:57.5324730Z   [0;33mImage screenshot: /home/runner/work/human-essentials/human-essentials/tmp/screenshots/screenshot_displays-all-requests_2024-03-10-21-22-57.397.png[0m
2024-03-11T04:22:57.5326126Z       when exporting as CSV
2024-03-11T04:22:58.2256858Z         respects the applied filters (FAILED - 8)
2024-03-11T04:22:58.2258963Z   [0;33mHTML screenshot: /home/runner/work/human-essentials/human-essentials/tmp/screenshots/screenshot_respects-the-applied-filters_2024-03-10-21-22-58.067.html[0m
2024-03-11T04:22:58.2261624Z   [0;33mImage screenshot: /home/runner/work/human-essentials/human-essentials/tmp/screenshots/screenshot_respects-the-applied-filters_2024-03-10-21-22-58.067.png[0m
2024-03-11T04:22:58.2263316Z       when filtering by partner
2024-03-11T04:22:58.9311298Z         constrains the list (FAILED - 9)
2024-03-11T04:22:58.9313406Z   [0;33mHTML screenshot: /home/runner/work/human-essentials/human-essentials/tmp/screenshots/screenshot_constrains-the-list_2024-03-10-21-22-58.790.html[0m
2024-03-11T04:22:58.9315938Z   [0;33mImage screenshot: /home/runner/work/human-essentials/human-essentials/tmp/screenshots/screenshot_constrains-the-list_2024-03-10-21-22-58.790.png[0m
2024-03-11T04:22:58.9317342Z       when filtering by status
2024-03-11T04:22:59.5669680Z         constrains the list (FAILED - 10)
2024-03-11T04:22:59.5672021Z   [0;33mHTML screenshot: /home/runner/work/human-essentials/human-essentials/tmp/screenshots/screenshot_constrains-the-list_2024-03-10-21-22-59.431.html[0m
2024-03-11T04:22:59.5674693Z   [0;33mImage screenshot: /home/runner/work/human-essentials/human-essentials/tmp/screenshots/screenshot_constrains-the-list_2024-03-10-21-22-59.431.png[0m
2024-03-11T04:22:59.5676301Z       when filtering by item
2024-03-11T04:23:00.1984658Z         constrains the list (FAILED - 11)
2024-03-11T04:23:00.1986029Z   [0;33mHTML screenshot: /home/runner/work/human-essentials/human-essentials/tmp/screenshots/screenshot_constrains-the-list_2024-03-10-21-23-00.048.html[0m
2024-03-11T04:23:00.1988068Z   [0;33mImage screenshot: /home/runner/work/human-essentials/human-essentials/tmp/screenshots/screenshot_constrains-the-list_2024-03-10-21-23-00.048.png[0m
2024-03-11T04:23:00.1989110Z     behaves like Date Range Picker
2024-03-11T04:23:00.1989562Z       when choosing 'Last Month'
2024-03-11T04:23:00.8789136Z         shows only 2 of the records (FAILED - 12)
2024-03-11T04:23:00.8790859Z   [0;33mHTML screenshot: /home/runner/work/human-essentials/human-essentials/tmp/screenshots/screenshot_shows-only-2-of-the-records_2024-03-10-21-23-00.739.html[0m
2024-03-11T04:23:00.8792724Z   [0;33mImage screenshot: /home/runner/work/human-essentials/human-essentials/tmp/screenshots/screenshot_shows-only-2-of-the-records_2024-03-10-21-23-00.739.png[0m
2024-03-11T04:23:00.8794238Z       when choosing 'All Time'
2024-03-11T04:23:01.5284840Z         shows all the records (FAILED - 13)
2024-03-11T04:23:01.5286849Z   [0;33mHTML screenshot: /home/runner/work/human-essentials/human-essentials/tmp/screenshots/screenshot_shows-all-the-records_2024-03-10-21-23-01.395.html[0m
2024-03-11T04:23:01.5289867Z   [0;33mImage screenshot: /home/runner/work/human-essentials/human-essentials/tmp/screenshots/screenshot_shows-all-the-records_2024-03-10-21-23-01.395.png[0m
2024-03-11T04:23:01.5291850Z       when choosing a date range that only includes the previous week
2024-03-11T04:23:02.1918520Z         shows only 1 record (FAILED - 14)
2024-03-11T04:23:02.1920060Z   [0;33mHTML screenshot: /home/runner/work/human-essentials/human-essentials/tmp/screenshots/screenshot_shows-only-1-record_2024-03-10-21-23-02.058.html[0m
2024-03-11T04:23:02.1921827Z   [0;33mImage screenshot: /home/runner/work/human-essentials/human-essentials/tmp/screenshots/screenshot_shows-only-1-record_2024-03-10-21-23-02.058.png[0m
2024-03-11T04:23:02.1922812Z   canceling a request as a bank user
2024-03-11T04:23:02.1923355Z     when a bank user cancels a request
2024-03-11T04:23:02.7940489Z       should set the request as canceled/discarded and contain the reason (FAILED - 15)
2024-03-11T04:23:02.7942953Z   [0;33mHTML screenshot: /home/runner/work/human-essentials/human-essentials/tmp/screenshots/screenshot_should-set-the-request-as-canceled/discarded-and-contain-the-reason_2024-03-10-21-23-02.660.html[0m
2024-03-11T04:23:02.7945573Z   [0;33mImage screenshot: /home/runner/work/human-essentials/human-essentials/tmp/screenshots/screenshot_should-set-the-request-as-canceled/discarded-and-contain-the-reason_2024-03-10-21-23-02.660.png[0m
2024-03-11T04:23:02.7946988Z   #show
2024-03-11T04:23:03.4277668Z     should show the number of items on-hand (FAILED - 16)
2024-03-11T04:23:03.4280081Z   [0;33mHTML screenshot: /home/runner/work/human-essentials/human-essentials/tmp/screenshots/screenshot_should-show-the-number-of-items-on-hand_2024-03-10-21-23-03.274.html[0m
2024-03-11T04:23:03.4282570Z   [0;33mImage screenshot: /home/runner/work/human-essentials/human-essentials/tmp/screenshots/screenshot_should-show-the-number-of-items-on-hand_2024-03-10-21-23-03.274.png[0m
2024-03-11T04:23:03.9941648Z     should show the request with a request sender if a partner user is set (FAILED - 17)
2024-03-11T04:23:03.9944554Z   [0;33mHTML screenshot: /home/runner/work/human-essentials/human-essentials/tmp/screenshots/screenshot_should-show-the-request-with-a-request-sender-if-a-partner-user-is-set_2024-03-10-21-23-03.860.html[0m
2024-03-11T04:23:03.9948434Z   [0;33mImage screenshot: /home/runner/work/human-essentials/human-essentials/tmp/screenshots/screenshot_should-show-the-request-with-a-request-sender-if-a-partner-user-is-set_2024-03-10-21-23-03.860.png[0m
2024-03-11T04:23:04.5763279Z     should show the request without a request sender if a partner user is not set (FAILED - 18)
2024-03-11T04:23:04.5766378Z   [0;33mHTML screenshot: /home/runner/work/human-essentials/human-essentials/tmp/screenshots/screenshot_should-show-the-request-without-a-request-sender-if-a-partner-user-is-not-set_2024-03-10-21-23-04.443.html[0m
2024-03-11T04:23:04.5770214Z   [0;33mImage screenshot: /home/runner/work/human-essentials/human-essentials/tmp/screenshots/screenshot_should-show-the-request-without-a-request-sender-if-a-partner-user-is-not-set_2024-03-10-21-23-04.443.png[0m
2024-03-11T04:23:04.5772479Z     change status request
2024-03-11T04:23:05.1272383Z       should change to started (FAILED - 19)
2024-03-11T04:23:05.1274408Z   [0;33mHTML screenshot: /home/runner/work/human-essentials/human-essentials/tmp/screenshots/screenshot_should-change-to-started_2024-03-10-21-23-04.976.html[0m
2024-03-11T04:23:05.1277266Z   [0;33mImage screenshot: /home/runner/work/human-essentials/human-essentials/tmp/screenshots/screenshot_should-change-to-started_2024-03-10-21-23-04.976.png[0m
2024-03-11T04:23:05.1279008Z       when save the distribution
2024-03-11T04:23:05.6934144Z         should change request to fulfilled (FAILED - 20)
2024-03-11T04:23:05.6935755Z   [0;33mHTML screenshot: /home/runner/work/human-essentials/human-essentials/tmp/screenshots/screenshot_should-change-request-to-fulfilled_2024-03-10-21-23-05.559.html[0m
2024-03-11T04:23:05.6938104Z   [0;33mImage screenshot: /home/runner/work/human-essentials/human-essentials/tmp/screenshots/screenshot_should-change-request-to-fulfilled_2024-03-10-21-23-05.559.png[0m
2024-03-11T04:23:05.6939191Z 
2024-03-11T04:23:05.6939329Z Account Requests Admin
2024-03-11T04:23:05.6939740Z   while signed in as a super admin
2024-03-11T04:23:05.6940240Z     user rejects an account request
2024-03-11T04:23:06.1024138Z       should reject the account (FAILED - 21)
2024-03-11T04:23:06.1025057Z     user visits the index page
2024-03-11T04:23:06.4922715Z       shows confirmed account requests within appropriate table (FAILED - 22)
2024-03-11T04:23:06.8619834Z       shows unconfirmed account requests within appropriate table (FAILED - 23)
2024-03-11T04:23:06.8620983Z     user visits the for_rejection page
2024-03-11T04:23:07.3545329Z       should reject the account (FAILED - 24)
2024-03-11T04:23:07.3547416Z   [0;33mHTML screenshot: /home/runner/work/human-essentials/human-essentials/tmp/screenshots/screenshot_should-reject-the-account_2024-03-10-21-23-07.171.html[0m
2024-03-11T04:23:07.3550857Z   [0;33mImage screenshot: /home/runner/work/human-essentials/human-essentials/tmp/screenshots/screenshot_should-reject-the-account_2024-03-10-21-23-07.171.png[0m
2024-03-11T04:23:07.3552365Z 
2024-03-11T04:23:07.3552703Z Users - Omniauth Callbacks
2024-03-11T04:23:07.3553338Z   GET #google_oauth2
2024-03-11T04:23:07.3553886Z     without a valid user
2024-03-11T04:23:07.3656132Z       should redirect to new registration URL
2024-03-11T04:23:07.3656741Z     with a valid user
2024-03-11T04:23:07.3869151Z       redirects correctly
2024-03-11T04:23:07.3869934Z 
2024-03-11T04:23:07.3870279Z /partners/users
2024-03-11T04:23:07.3871776Z   PATCH #update
2024-03-11T04:23:07.4267274Z     lets the name be updated
2024-03-11T04:23:07.4268053Z   GET #edit
2024-03-11T04:23:07.4794914Z     successfully loads the page
2024-03-11T04:23:07.4795877Z 
2024-03-11T04:23:07.4796202Z Items
2024-03-11T04:23:07.4796695Z   while signed in
2024-03-11T04:23:07.4797185Z     GET #index
2024-03-11T04:23:07.4797752Z       csv
2024-03-11T04:23:07.5158761Z         is expected to be successful
2024-03-11T04:23:07.5159502Z       html
2024-03-11T04:23:07.5941798Z         is expected to be successful
2024-03-11T04:23:07.5942702Z     PUT #update
2024-03-11T04:23:07.6418292Z       should not be able to deactivate an item in a storage location
2024-03-11T04:23:07.6678649Z       should be able to deactivate an item
2024-03-11T04:23:07.7390778Z       should not be able to deactivate an item in a kit
2024-03-11T04:23:07.7391451Z 
2024-03-11T04:23:07.7391743Z Distributions by County
2024-03-11T04:23:07.7393118Z   handles time ranges properly
2024-03-11T04:23:08.5665799Z     works for all time (FAILED - 25)
2024-03-11T04:23:08.5667835Z   [0;33mHTML screenshot: /home/runner/work/human-essentials/human-essentials/tmp/screenshots/screenshot_works-for-all-time_2024-03-10-21-23-08.415.html[0m
2024-03-11T04:23:08.5671286Z   [0;33mImage screenshot: /home/runner/work/human-essentials/human-essentials/tmp/screenshots/screenshot_works-for-all-time_2024-03-10-21-23-08.415.png[0m
2024-03-11T04:23:09.3485845Z     works for this year (FAILED - 26)
2024-03-11T04:23:09.3487989Z   [0;33mHTML screenshot: /home/runner/work/human-essentials/human-essentials/tmp/screenshots/screenshot_works-for-this-year_2024-03-10-21-23-09.200.html[0m
2024-03-11T04:23:09.3490850Z   [0;33mImage screenshot: /home/runner/work/human-essentials/human-essentials/tmp/screenshots/screenshot_works-for-this-year_2024-03-10-21-23-09.200.png[0m
2024-03-11T04:23:09.3492168Z 
2024-03-11T04:23:09.3492475Z Approval process for partners
2024-03-11T04:23:09.3493359Z   filling in organization details and requesting for approval
2024-03-11T04:23:09.3494361Z     GIVEN a partner user is new and wants to request approval
2024-03-11T04:23:09.9940659Z       should not allow them to make requests on the dashboard or the requests page (FAILED - 27)
2024-03-11T04:23:09.9943676Z   [0;33mHTML screenshot: /home/runner/work/human-essentials/human-essentials/tmp/screenshots/screenshot_should-not-allow-them-to-make-requests-on-the-dashboard-or-the-requests-page_2024-03-10-21-23-09.860.html[0m
2024-03-11T04:23:09.9947135Z   [0;33mImage screenshot: /home/runner/work/human-essentials/human-essentials/tmp/screenshots/screenshot_should-not-allow-them-to-make-requests-on-the-dashboard-or-the-requests-page_2024-03-10-21-23-09.860.png[0m
2024-03-11T04:23:09.9949445Z       AND they fill out the form and submit it
2024-03-11T04:23:09.9950598Z         THEN the organization approves them
2024-03-11T04:23:10.6200530Z           should show that they have been approved and able to make requests (FAILED - 28)
2024-03-11T04:23:10.6203565Z   [0;33mHTML screenshot: /home/runner/work/human-essentials/human-essentials/tmp/screenshots/screenshot_should-show-that-they-have-been-approved-and-able-to-make-requests_2024-03-10-21-23-10.476.html[0m
2024-03-11T04:23:10.6206626Z   [0;33mImage screenshot: /home/runner/work/human-essentials/human-essentials/tmp/screenshots/screenshot_should-show-that-they-have-been-approved-and-able-to-make-requests_2024-03-10-21-23-10.476.png[0m
2024-03-11T04:23:10.6208717Z   request approval with invalid details
2024-03-11T04:23:11.2769522Z     should render an error message (FAILED - 29)
2024-03-11T04:23:11.2771653Z   [0;33mHTML screenshot: /home/runner/work/human-essentials/human-essentials/tmp/screenshots/screenshot_should-render-an-error-message_2024-03-10-21-23-11.123.html[0m
2024-03-11T04:23:11.2774776Z   [0;33mImage screenshot: /home/runner/work/human-essentials/human-essentials/tmp/screenshots/screenshot_should-render-an-error-message_2024-03-10-21-23-11.123.png[0m
2024-03-11T04:23:11.2776166Z 
2024-03-11T04:23:11.2776450Z DistributionsByCounties
2024-03-11T04:23:11.2777004Z   While not signed in
2024-03-11T04:23:11.2876367Z     redirects for authentication
2024-03-11T04:23:11.2877078Z     While signed in as bank
2024-03-11T04:23:11.3915598Z       shows 'Unspecified 100%' if no served_areas
2024-03-11T04:23:11.6012198Z       basic behaviour with served areas
2024-03-11T04:23:11.6013167Z         handles multiple partners with overlapping service areas properly
2024-03-11T04:23:11.6013905Z 
2024-03-11T04:23:11.6014114Z Annual Reports
2024-03-11T04:23:11.6014766Z   While signed in
2024-03-11T04:23:11.6015383Z     GET /show
2024-03-11T04:23:11.7086868Z       returns http success
2024-03-11T04:23:11.7417238Z       retrieves and uses the existing report if it exists
2024-03-11T04:23:11.7681109Z       returns not found if the year params is not number
2024-03-11T04:23:11.8549300Z       retrieves and updated the existing report if it exists
2024-03-11T04:23:11.8549960Z     GET /index
2024-03-11T04:23:11.8861886Z       returns http success
2024-03-11T04:23:11.8862444Z     POST /recalculate
2024-03-11T04:23:11.9603067Z       recalculates an existing report
2024-03-11T04:23:12.0302537Z       recalculates new reports
2024-03-11T04:23:12.0305003Z 
2024-03-11T04:23:12.0305436Z Authentication
2024-03-11T04:23:12.0306747Z   Deactivated user
2024-03-11T04:23:12.6472438Z     should not allow the user to log in (FAILED - 30)
2024-03-11T04:23:12.6474670Z   [0;33mHTML screenshot: /home/runner/work/human-essentials/human-essentials/tmp/screenshots/screenshot_should-not-allow-the-user-to-log-in_2024-03-10-21-23-12.292.html[0m
2024-03-11T04:23:12.6477400Z   [0;33mImage screenshot: /home/runner/work/human-essentials/human-essentials/tmp/screenshots/screenshot_should-not-allow-the-user-to-log-in_2024-03-10-21-23-12.292.png[0m
2024-03-11T04:23:12.6479175Z   Success
2024-03-11T04:23:13.2325179Z     should show dashboard upon signin (FAILED - 31)
2024-03-11T04:23:13.2326779Z   [0;33mHTML screenshot: /home/runner/work/human-essentials/human-essentials/tmp/screenshots/screenshot_should-show-dashboard-upon-signin_2024-03-10-21-23-13.085.html[0m
2024-03-11T04:23:13.2328714Z   [0;33mImage screenshot: /home/runner/work/human-essentials/human-essentials/tmp/screenshots/screenshot_should-show-dashboard-upon-signin_2024-03-10-21-23-13.085.png[0m
2024-03-11T04:23:13.2330327Z   Showing the modal warning in staging
2024-03-11T04:23:13.2331151Z     when accessing /users/password/new in the staging environment
2024-03-11T04:23:13.5354405Z       should render the modal (FAILED - 32)
2024-03-11T04:23:13.5355169Z     when accessing /users/password/new not in the staging environment
2024-03-11T04:23:13.8429846Z       should not render the modal (FAILED - 33)
2024-03-11T04:23:13.8430745Z     when accessing /users/sign_in in the staging environment
2024-03-11T04:23:14.2691852Z       should render the modal (FAILED - 34)
2024-03-11T04:23:14.2693251Z   [0;33mHTML screenshot: /home/runner/work/human-essentials/human-essentials/tmp/screenshots/screenshot_should-render-the-modal_2024-03-10-21-23-14.113.html[0m
2024-03-11T04:23:14.2694868Z   [0;33mImage screenshot: /home/runner/work/human-essentials/human-essentials/tmp/screenshots/screenshot_should-render-the-modal_2024-03-10-21-23-14.113.png[0m
2024-03-11T04:23:14.2696359Z     when accessing /users/sign_in not in the staging environment
2024-03-11T04:23:14.8659237Z       should not render the modal (FAILED - 35)
2024-03-11T04:23:14.8661104Z   [0;33mHTML screenshot: /home/runner/work/human-essentials/human-essentials/tmp/screenshots/screenshot_should-not-render-the-modal_2024-03-10-21-23-14.507.html[0m
2024-03-11T04:23:14.8663260Z   [0;33mImage screenshot: /home/runner/work/human-essentials/human-essentials/tmp/screenshots/screenshot_should-not-render-the-modal_2024-03-10-21-23-14.507.png[0m
2024-03-11T04:23:14.8664097Z 
2024-03-11T04:23:14.8664259Z Annual Reports
2024-03-11T04:23:14.8664694Z   while signed in as an organization admin
2024-03-11T04:23:15.4247715Z     has all the sub-reports we expect (FAILED - 36)
2024-03-11T04:23:15.4249236Z   [0;33mHTML screenshot: /home/runner/work/human-essentials/human-essentials/tmp/screenshots/screenshot_has-all-the-sub-reports-we-expect_2024-03-10-21-23-15.296.html[0m
2024-03-11T04:23:15.4251098Z   [0;33mImage screenshot: /home/runner/work/human-essentials/human-essentials/tmp/screenshots/screenshot_has-all-the-sub-reports-we-expect_2024-03-10-21-23-15.296.png[0m
2024-03-11T04:23:15.9787241Z     has the report from last year, if there is a purchase from last year (FAILED - 37)
2024-03-11T04:23:15.9788965Z   [0;33mHTML screenshot: /home/runner/work/human-essentials/human-essentials/tmp/screenshots/screenshot_has-the-report-from-last-year,-if-there-is-a-purchase-from-last-year_2024-03-10-21-23-15.837.html[0m
2024-03-11T04:23:15.9791639Z   [0;33mImage screenshot: /home/runner/work/human-essentials/human-essentials/tmp/screenshots/screenshot_has-the-report-from-last-year,-if-there-is-a-purchase-from-last-year_2024-03-10-21-23-15.837.png[0m
2024-03-11T04:23:16.5409612Z     exists (FAILED - 38)
2024-03-11T04:23:16.5411594Z   [0;33mHTML screenshot: /home/runner/work/human-essentials/human-essentials/tmp/screenshots/screenshot_exists_2024-03-10-21-23-16.412.html[0m
2024-03-11T04:23:16.5414011Z   [0;33mImage screenshot: /home/runner/work/human-essentials/human-essentials/tmp/screenshots/screenshot_exists_2024-03-10-21-23-16.412.png[0m
2024-03-11T04:23:16.5415330Z 
2024-03-11T04:23:16.5415507Z Admin
2024-03-11T04:23:16.5416269Z   while signed in as a non-super-admin
2024-03-11T04:23:16.5658887Z     disallows dashboard access, redirecting to the normal dashboard
2024-03-11T04:23:16.5659972Z   while signed in as a super admin
2024-03-11T04:23:16.6092785Z     allows a user to load the dashboard
2024-03-11T04:23:16.6093560Z     with rendered views
2024-03-11T04:23:16.8825124Z       shows the recently added users email
2024-03-11T04:23:17.1530336Z       shows a logout button
2024-03-11T04:23:17.1644194Z W, [2024-03-10T21:23:17.164185 #2454]  WARN -- : [knapsack_pro] POST https://api-disabled-for-fork.knapsackpro.com/v1/build_subsets
2024-03-11T04:23:17.1646358Z W, [2024-03-10T21:23:17.164229 #2454]  WARN -- : [knapsack_pro] Request failed due to:
2024-03-11T04:23:17.1648608Z W, [2024-03-10T21:23:17.164247 #2454]  WARN -- : [knapsack_pro] #<SocketError: Failed to open TCP connection to api-disabled-for-fork.knapsackpro.com:443 (getaddrinfo: Name or service not known)>
2024-03-11T04:23:17.1651823Z W, [2024-03-10T21:23:17.164279 #2454]  WARN -- : [knapsack_pro] Time execution report was not saved on Knapsack Pro API server due to connection problem.
2024-03-11T04:23:17.5196088Z 
2024-03-11T04:23:17.5196797Z Failures:
2024-03-11T04:23:17.5197233Z 
2024-03-11T04:23:17.5200147Z   1) Partners profile served area behaviour changing the client share handles addition properly
2024-03-11T04:23:17.5201607Z      Failure/Error:
2024-03-11T04:23:17.5203415Z        link_to_remove_association form, class: "btn btn-#{size} btn-#{type} remove_served_area", style: "width: 100px;",
2024-03-11T04:23:17.5205573Z                                   "data-action": "click->served-area#zeroShareValue click->area-served#calculateClientShareTotal" do
2024-03-11T04:23:17.5206718Z          fa_icon "trash", text: text
2024-03-11T04:23:17.5208295Z        end
2024-03-11T04:23:17.5209163Z 
2024-03-11T04:23:17.5209560Z      ActionView::Template::Error:
2024-03-11T04:23:17.5211315Z        undefined method `link_to_remove_association' for #<ActionView::Base:0x00000000031998>
2024-03-11T04:23:17.5212312Z 
2024-03-11T04:23:17.5214623Z      [Screenshot Image]: /home/runner/work/human-essentials/human-essentials/tmp/capybara/failures_r_spec_example_groups_partners_profile_served_area_behaviour_changing_the_client_share_handles_addition_properly_245.png
2024-03-11T04:23:17.5216764Z 
2024-03-11T04:23:17.5216775Z 
2024-03-11T04:23:17.5217230Z      # ./app/helpers/ui_helper.rb:209:in `delete_served_area_button'
2024-03-11T04:23:17.5218800Z      # ./app/views/served_areas/_served_area_fields.html.erb:14:in `_app_views_served_areas__served_area_fields_html_erb___1380810825943196543_101460'
2024-03-11T04:23:17.5221033Z      # ./app/views/partners/profiles/edit/_area_served.html.erb:14:in `block in _app_views_partners_profiles_edit__area_served_html_erb__862445224069446142_101440'
2024-03-11T04:23:17.5223431Z      # ./app/views/partners/profiles/edit/_area_served.html.erb:13:in `_app_views_partners_profiles_edit__area_served_html_erb__862445224069446142_101440'
2024-03-11T04:23:17.5225512Z      # ./app/views/partners/profiles/edit.html.erb:38:in `block (3 levels) in _app_views_partners_profiles_edit_html_erb___511057538538729037_101320'
2024-03-11T04:23:17.5226473Z      # ./app/views/partners/profiles/edit.html.erb:36:in `each'
2024-03-11T04:23:17.5227577Z      # ./app/views/partners/profiles/edit.html.erb:36:in `block (2 levels) in _app_views_partners_profiles_edit_html_erb___511057538538729037_101320'
2024-03-11T04:23:17.5228904Z      # ./app/views/partners/profiles/edit.html.erb:31:in `block in _app_views_partners_profiles_edit_html_erb___511057538538729037_101320'
2024-03-11T04:23:17.5230045Z      # ./app/views/partners/profiles/edit.html.erb:30:in `_app_views_partners_profiles_edit_html_erb___511057538538729037_101320'
2024-03-11T04:23:17.5231294Z      # ------------------
2024-03-11T04:23:17.5231669Z      # --- Caused by: ---
2024-03-11T04:23:17.5232027Z      # NoMethodError:
2024-03-11T04:23:17.5232867Z      #   undefined method `link_to_remove_association' for #<ActionView::Base:0x00000000031998>
2024-03-11T04:23:17.5234070Z      #   ./app/helpers/ui_helper.rb:209:in `delete_served_area_button'
2024-03-11T04:23:17.5234780Z 
2024-03-11T04:23:17.5235685Z   2) Partners profile served area behaviour changing the client share handles a changed but correct total client share properly
2024-03-11T04:23:17.5236948Z      Failure/Error:
2024-03-11T04:23:17.5238139Z        link_to_remove_association form, class: "btn btn-#{size} btn-#{type} remove_served_area", style: "width: 100px;",
2024-03-11T04:23:17.5240043Z                                   "data-action": "click->served-area#zeroShareValue click->area-served#calculateClientShareTotal" do
2024-03-11T04:23:17.5241193Z          fa_icon "trash", text: text
2024-03-11T04:23:17.5241748Z        end
2024-03-11T04:23:17.5241908Z 
2024-03-11T04:23:17.5242335Z      ActionView::Template::Error:
2024-03-11T04:23:17.5243022Z        undefined method `link_to_remove_association' for #<ActionView::Base:0x00000000031ab0>
2024-03-11T04:23:17.5243517Z 
2024-03-11T04:23:17.5244765Z      [Screenshot Image]: /home/runner/work/human-essentials/human-essentials/tmp/screenshots/failures_r_spec_example_groups_partners_profile_served_area_behaviour_changing_the_client_share_handles_a_changed_but_correct_total_client_share_properly_231.png
2024-03-11T04:23:17.5245969Z 
2024-03-11T04:23:17.5245974Z 
2024-03-11T04:23:17.5246213Z      # ./app/helpers/ui_helper.rb:209:in `delete_served_area_button'
2024-03-11T04:23:17.5247134Z      # ./app/views/served_areas/_served_area_fields.html.erb:14:in `_app_views_served_areas__served_area_fields_html_erb___1380810825943196543_101460'
2024-03-11T04:23:17.5248506Z      # ./app/views/partners/profiles/edit/_area_served.html.erb:14:in `block in _app_views_partners_profiles_edit__area_served_html_erb__862445224069446142_101440'
2024-03-11T04:23:17.5250007Z      # ./app/views/partners/profiles/edit/_area_served.html.erb:13:in `_app_views_partners_profiles_edit__area_served_html_erb__862445224069446142_101440'
2024-03-11T04:23:17.5251298Z      # ./app/views/partners/profiles/edit.html.erb:38:in `block (3 levels) in _app_views_partners_profiles_edit_html_erb___511057538538729037_101320'
2024-03-11T04:23:17.5252286Z      # ./app/views/partners/profiles/edit.html.erb:36:in `each'
2024-03-11T04:23:17.5253221Z      # ./app/views/partners/profiles/edit.html.erb:36:in `block (2 levels) in _app_views_partners_profiles_edit_html_erb___511057538538729037_101320'
2024-03-11T04:23:17.5254422Z      # ./app/views/partners/profiles/edit.html.erb:31:in `block in _app_views_partners_profiles_edit_html_erb___511057538538729037_101320'
2024-03-11T04:23:17.5255637Z      # ./app/views/partners/profiles/edit.html.erb:30:in `_app_views_partners_profiles_edit_html_erb___511057538538729037_101320'
2024-03-11T04:23:17.5256418Z      # ------------------
2024-03-11T04:23:17.5256893Z      # --- Caused by: ---
2024-03-11T04:23:17.5257259Z      # NoMethodError:
2024-03-11T04:23:17.5257937Z      #   undefined method `link_to_remove_association' for #<ActionView::Base:0x00000000031ab0>
2024-03-11T04:23:17.5258697Z      #   ./app/helpers/ui_helper.rb:209:in `delete_served_area_button'
2024-03-11T04:23:17.5259095Z 
2024-03-11T04:23:17.5259557Z   3) Partners profile served area behaviour changing the client share handles an invalid total client share properly
2024-03-11T04:23:17.5260303Z      Failure/Error:
2024-03-11T04:23:17.5261079Z        link_to_remove_association form, class: "btn btn-#{size} btn-#{type} remove_served_area", style: "width: 100px;",
2024-03-11T04:23:17.5262135Z                                   "data-action": "click->served-area#zeroShareValue click->area-served#calculateClientShareTotal" do
2024-03-11T04:23:17.5262840Z          fa_icon "trash", text: text
2024-03-11T04:23:17.5263258Z        end
2024-03-11T04:23:17.5263448Z 
2024-03-11T04:23:17.5263607Z      ActionView::Template::Error:
2024-03-11T04:23:17.5264312Z        undefined method `link_to_remove_association' for #<ActionView::Base:0x00000000031bc8>
2024-03-11T04:23:17.5264862Z 
2024-03-11T04:23:17.5265974Z      [Screenshot Image]: /home/runner/work/human-essentials/human-essentials/tmp/screenshots/failures_r_spec_example_groups_partners_profile_served_area_behaviour_changing_the_client_share_handles_an_invalid_total_client_share_properly_811.png
2024-03-11T04:23:17.5267105Z 
2024-03-11T04:23:17.5267109Z 
2024-03-11T04:23:17.5267344Z      # ./app/helpers/ui_helper.rb:209:in `delete_served_area_button'
2024-03-11T04:23:17.5268340Z      # ./app/views/served_areas/_served_area_fields.html.erb:14:in `_app_views_served_areas__served_area_fields_html_erb___1380810825943196543_101460'
2024-03-11T04:23:17.5269651Z      # ./app/views/partners/profiles/edit/_area_served.html.erb:14:in `block in _app_views_partners_profiles_edit__area_served_html_erb__862445224069446142_101440'
2024-03-11T04:23:17.5271343Z      # ./app/views/partners/profiles/edit/_area_served.html.erb:13:in `_app_views_partners_profiles_edit__area_served_html_erb__862445224069446142_101440'
2024-03-11T04:23:17.5272901Z      # ./app/views/partners/profiles/edit.html.erb:38:in `block (3 levels) in _app_views_partners_profiles_edit_html_erb___511057538538729037_101320'
2024-03-11T04:23:17.5273855Z      # ./app/views/partners/profiles/edit.html.erb:36:in `each'
2024-03-11T04:23:17.5274834Z      # ./app/views/partners/profiles/edit.html.erb:36:in `block (2 levels) in _app_views_partners_profiles_edit_html_erb___511057538538729037_101320'
2024-03-11T04:23:17.5276146Z      # ./app/views/partners/profiles/edit.html.erb:31:in `block in _app_views_partners_profiles_edit_html_erb___511057538538729037_101320'
2024-03-11T04:23:17.5277289Z      # ./app/views/partners/profiles/edit.html.erb:30:in `_app_views_partners_profiles_edit_html_erb___511057538538729037_101320'
2024-03-11T04:23:17.5278084Z      # ------------------
2024-03-11T04:23:17.5278542Z      # --- Caused by: ---
2024-03-11T04:23:17.5279032Z      # NoMethodError:
2024-03-11T04:23:17.5279725Z      #   undefined method `link_to_remove_association' for #<ActionView::Base:0x00000000031bc8>
2024-03-11T04:23:17.5280516Z      #   ./app/helpers/ui_helper.rb:209:in `delete_served_area_button'
2024-03-11T04:23:17.5280876Z 
2024-03-11T04:23:17.5281278Z   4) Partners profile served area behaviour changing the client share handles deletion properly
2024-03-11T04:23:17.5282007Z      Failure/Error:
2024-03-11T04:23:17.5282684Z        link_to_remove_association form, class: "btn btn-#{size} btn-#{type} remove_served_area", style: "width: 100px;",
2024-03-11T04:23:17.5283743Z                                   "data-action": "click->served-area#zeroShareValue click->area-served#calculateClientShareTotal" do
2024-03-11T04:23:17.5284507Z          fa_icon "trash", text: text
2024-03-11T04:23:17.5284902Z        end
2024-03-11T04:23:17.5285056Z 
2024-03-11T04:23:17.5285245Z      ActionView::Template::Error:
2024-03-11T04:23:17.5286013Z        undefined method `link_to_remove_association' for #<ActionView::Base:0x00000000031d08>
2024-03-11T04:23:17.5286462Z 
2024-03-11T04:23:17.5287483Z      [Screenshot Image]: /home/runner/work/human-essentials/human-essentials/tmp/screenshots/failures_r_spec_example_groups_partners_profile_served_area_behaviour_changing_the_client_share_handles_deletion_properly_775.png
2024-03-11T04:23:17.5288546Z 
2024-03-11T04:23:17.5288550Z 
2024-03-11T04:23:17.5288821Z      # ./app/helpers/ui_helper.rb:209:in `delete_served_area_button'
2024-03-11T04:23:17.5289771Z      # ./app/views/served_areas/_served_area_fields.html.erb:14:in `_app_views_served_areas__served_area_fields_html_erb___1380810825943196543_101460'
2024-03-11T04:23:17.5291061Z      # ./app/views/partners/profiles/edit/_area_served.html.erb:14:in `block in _app_views_partners_profiles_edit__area_served_html_erb__862445224069446142_101440'
2024-03-11T04:23:17.5292410Z      # ./app/views/partners/profiles/edit/_area_served.html.erb:13:in `_app_views_partners_profiles_edit__area_served_html_erb__862445224069446142_101440'
2024-03-11T04:23:17.5293753Z      # ./app/views/partners/profiles/edit.html.erb:38:in `block (3 levels) in _app_views_partners_profiles_edit_html_erb___511057538538729037_101320'
2024-03-11T04:23:17.5294691Z      # ./app/views/partners/profiles/edit.html.erb:36:in `each'
2024-03-11T04:23:17.5295673Z      # ./app/views/partners/profiles/edit.html.erb:36:in `block (2 levels) in _app_views_partners_profiles_edit_html_erb___511057538538729037_101320'
2024-03-11T04:23:17.5296890Z      # ./app/views/partners/profiles/edit.html.erb:31:in `block in _app_views_partners_profiles_edit_html_erb___511057538538729037_101320'
2024-03-11T04:23:17.5298027Z      # ./app/views/partners/profiles/edit.html.erb:30:in `_app_views_partners_profiles_edit_html_erb___511057538538729037_101320'
2024-03-11T04:23:17.5298880Z      # ------------------
2024-03-11T04:23:17.5299274Z      # --- Caused by: ---
2024-03-11T04:23:17.5299631Z      # NoMethodError:
2024-03-11T04:23:17.5300512Z      #   undefined method `link_to_remove_association' for #<ActionView::Base:0x00000000031d08>
2024-03-11T04:23:17.5301219Z      #   ./app/helpers/ui_helper.rb:209:in `delete_served_area_button'
2024-03-11T04:23:17.5301615Z 
2024-03-11T04:23:17.5301754Z   5) Requests #index lists requests
2024-03-11T04:23:17.5302251Z      Failure/Error: visit subject
2024-03-11T04:23:17.5302521Z 
2024-03-11T04:23:17.5302656Z      Ferrum::JavaScriptError:
2024-03-11T04:23:17.5303528Z        TypeError: Failed to resolve module specifier "cocoon-js-vanilla". Relative references must start with either "/", "./", or "../".
2024-03-11T04:23:17.5304228Z 
2024-03-11T04:23:17.5305041Z      [Screenshot Image]: /home/runner/work/human-essentials/human-essentials/tmp/screenshots/failures_r_spec_example_groups_requests_index_lists_requests_37.png
2024-03-11T04:23:17.5305810Z 
2024-03-11T04:23:17.5305814Z 
2024-03-11T04:23:17.5306158Z      # ./spec/system/request_system_spec.rb:35:in `block (3 levels) in <top (required)>'
2024-03-11T04:23:17.5306729Z 
2024-03-11T04:23:17.5307008Z   6) Requests #index can be exported in CSV
2024-03-11T04:23:17.5307417Z      Failure/Error: visit subject
2024-03-11T04:23:17.5307685Z 
2024-03-11T04:23:17.5307820Z      Ferrum::JavaScriptError:
2024-03-11T04:23:17.5308767Z        TypeError: Failed to resolve module specifier "cocoon-js-vanilla". Relative references must start with either "/", "./", or "../".
2024-03-11T04:23:17.5309407Z 
2024-03-11T04:23:17.5310237Z      [Screenshot Image]: /home/runner/work/human-essentials/human-essentials/tmp/screenshots/failures_r_spec_example_groups_requests_index_can_be_exported_in_csv_427.png
2024-03-11T04:23:17.5311317Z 
2024-03-11T04:23:17.5311324Z 
2024-03-11T04:23:17.5311689Z      # ./spec/system/request_system_spec.rb:40:in `block (3 levels) in <top (required)>'
2024-03-11T04:23:17.5312128Z 
2024-03-11T04:23:17.5312617Z   7) Requests #index when filtering on the index page with filters cleared displays all requests
2024-03-11T04:23:17.5313274Z      Failure/Error: visit subject
2024-03-11T04:23:17.5313524Z 
2024-03-11T04:23:17.5313680Z      Ferrum::JavaScriptError:
2024-03-11T04:23:17.5314618Z        TypeError: Failed to resolve module specifier "cocoon-js-vanilla". Relative references must start with either "/", "./", or "../".
2024-03-11T04:23:17.5315289Z 
2024-03-11T04:23:17.5316297Z      [Screenshot Image]: /home/runner/work/human-essentials/human-essentials/tmp/screenshots/failures_r_spec_example_groups_requests_index_when_filtering_on_the_index_page_with_filters_cleared_displays_all_requests_116.png
2024-03-11T04:23:17.5317340Z 
2024-03-11T04:23:17.5317344Z 
2024-03-11T04:23:17.5317651Z      # ./spec/system/request_system_spec.rb:57:in `block (5 levels) in <top (required)>'
2024-03-11T04:23:17.5318181Z 
2024-03-11T04:23:17.5318579Z   8) Requests #index when filtering on the index page when exporting as CSV respects the applied filters
2024-03-11T04:23:17.5319270Z      Failure/Error: visit subject
2024-03-11T04:23:17.5319508Z 
2024-03-11T04:23:17.5319748Z      Ferrum::JavaScriptError:
2024-03-11T04:23:17.5320571Z        TypeError: Failed to resolve module specifier "cocoon-js-vanilla". Relative references must start with either "/", "./", or "../".
2024-03-11T04:23:17.5321261Z 
2024-03-11T04:23:17.5322310Z      [Screenshot Image]: /home/runner/work/human-essentials/human-essentials/tmp/screenshots/failures_r_spec_example_groups_requests_index_when_filtering_on_the_index_page_when_exporting_as_csv_respects_the_applied_filters_400.png
2024-03-11T04:23:17.5323384Z 
2024-03-11T04:23:17.5323388Z 
2024-03-11T04:23:17.5323759Z      # ./spec/system/request_system_spec.rb:99:in `block (5 levels) in <top (required)>'
2024-03-11T04:23:17.5324242Z 
2024-03-11T04:23:17.5324620Z   9) Requests #index when filtering on the index page when filtering by partner constrains the list
2024-03-11T04:23:17.5325299Z      Failure/Error: visit subject
2024-03-11T04:23:17.5325630Z 
2024-03-11T04:23:17.5325766Z      Ferrum::JavaScriptError:
2024-03-11T04:23:17.5326646Z        TypeError: Failed to resolve module specifier "cocoon-js-vanilla". Relative references must start with either "/", "./", or "../".
2024-03-11T04:23:17.5327553Z 
2024-03-11T04:23:17.5328698Z      [Screenshot Image]: /home/runner/work/human-essentials/human-essentials/tmp/screenshots/failures_r_spec_example_groups_requests_index_when_filtering_on_the_index_page_when_filtering_by_partner_constrains_the_list_650.png
2024-03-11T04:23:17.5329805Z 
2024-03-11T04:23:17.5329810Z 
2024-03-11T04:23:17.5330176Z      # ./spec/system/request_system_spec.rb:76:in `block (5 levels) in <top (required)>'
2024-03-11T04:23:17.5330612Z 
2024-03-11T04:23:17.5331020Z   10) Requests #index when filtering on the index page when filtering by status constrains the list
2024-03-11T04:23:17.5331647Z       Failure/Error: visit subject
2024-03-11T04:23:17.5332009Z 
2024-03-11T04:23:17.5332149Z       Ferrum::JavaScriptError:
2024-03-11T04:23:17.5333014Z         TypeError: Failed to resolve module specifier "cocoon-js-vanilla". Relative references must start with either "/", "./", or "../".
2024-03-11T04:23:17.5333855Z 
2024-03-11T04:23:17.5334980Z       [Screenshot Image]: /home/runner/work/human-essentials/human-essentials/tmp/screenshots/failures_r_spec_example_groups_requests_index_when_filtering_on_the_index_page_when_filtering_by_status_constrains_the_list_916.png
2024-03-11T04:23:17.5336013Z 
2024-03-11T04:23:17.5336018Z 
2024-03-11T04:23:17.5336328Z       # ./spec/system/request_system_spec.rb:86:in `block (5 levels) in <top (required)>'
2024-03-11T04:23:17.5336765Z 
2024-03-11T04:23:17.5337166Z   11) Requests #index when filtering on the index page when filtering by item constrains the list
2024-03-11T04:23:17.5337897Z       Failure/Error: visit subject
2024-03-11T04:23:17.5338138Z 
2024-03-11T04:23:17.5338314Z       Ferrum::JavaScriptError:
2024-03-11T04:23:17.5339145Z         TypeError: Failed to resolve module specifier "cocoon-js-vanilla". Relative references must start with either "/", "./", or "../".
2024-03-11T04:23:17.5339901Z 
2024-03-11T04:23:17.5340927Z       [Screenshot Image]: /home/runner/work/human-essentials/human-essentials/tmp/screenshots/failures_r_spec_example_groups_requests_index_when_filtering_on_the_index_page_when_filtering_by_item_constrains_the_list_388.png
2024-03-11T04:23:17.5341955Z 
2024-03-11T04:23:17.5341960Z 
2024-03-11T04:23:17.5342265Z       # ./spec/system/request_system_spec.rb:66:in `block (5 levels) in <top (required)>'
2024-03-11T04:23:17.5342753Z 
2024-03-11T04:23:17.5343232Z   12) Requests #index behaves like Date Range Picker when choosing 'Last Month' shows only 2 of the records
2024-03-11T04:23:17.5343995Z       Failure/Error: visit subject
2024-03-11T04:23:17.5344236Z 
2024-03-11T04:23:17.5344406Z       Ferrum::JavaScriptError:
2024-03-11T04:23:17.5345358Z         TypeError: Failed to resolve module specifier "cocoon-js-vanilla". Relative references must start with either "/", "./", or "../".
2024-03-11T04:23:17.5345999Z 
2024-03-11T04:23:17.5347071Z       [Screenshot Image]: /home/runner/work/human-essentials/human-essentials/tmp/screenshots/failures_r_spec_example_groups_requests_index_behaves_like_date_range_picker_when_choosing_last_month_shows_only_2_of_the_records_827.png
2024-03-11T04:23:17.5348100Z 
2024-03-11T04:23:17.5348105Z 
2024-03-11T04:23:17.5348526Z       Shared Example Group: "Date Range Picker" called from ./spec/system/request_system_spec.rb:118
2024-03-11T04:23:17.5349637Z       # ./spec/support/date_range_picker_shared_example.rb:58:in `block (3 levels) in <top (required)>'
2024-03-11T04:23:17.5350189Z 
2024-03-11T04:23:17.5350935Z   13) Requests #index behaves like Date Range Picker when choosing 'All Time' shows all the records
2024-03-11T04:23:17.5351636Z       Failure/Error: visit subject
2024-03-11T04:23:17.5352003Z 
2024-03-11T04:23:17.5352154Z       Ferrum::JavaScriptError:
2024-03-11T04:23:17.5353061Z         TypeError: Failed to resolve module specifier "cocoon-js-vanilla". Relative references must start with either "/", "./", or "../".
2024-03-11T04:23:17.5353695Z 
2024-03-11T04:23:17.5354925Z       [Screenshot Image]: /home/runner/work/human-essentials/human-essentials/tmp/screenshots/failures_r_spec_example_groups_requests_index_behaves_like_date_range_picker_when_choosing_all_time_shows_all_the_records_436.png
2024-03-11T04:23:17.5355990Z 
2024-03-11T04:23:17.5355995Z 
2024-03-11T04:23:17.5356397Z       Shared Example Group: "Date Range Picker" called from ./spec/system/request_system_spec.rb:118
2024-03-11T04:23:17.5357264Z       # ./spec/support/date_range_picker_shared_example.rb:36:in `block (3 levels) in <top (required)>'
2024-03-11T04:23:17.5357792Z 
2024-03-11T04:23:17.5358325Z   14) Requests #index behaves like Date Range Picker when choosing a date range that only includes the previous week shows only 1 record
2024-03-11T04:23:17.5359229Z       Failure/Error: visit subject
2024-03-11T04:23:17.5359509Z 
2024-03-11T04:23:17.5359646Z       Ferrum::JavaScriptError:
2024-03-11T04:23:17.5360573Z         TypeError: Failed to resolve module specifier "cocoon-js-vanilla". Relative references must start with either "/", "./", or "../".
2024-03-11T04:23:17.5361394Z 
2024-03-11T04:23:17.5362602Z       [Screenshot Image]: /home/runner/work/human-essentials/human-essentials/tmp/screenshots/failures_r_spec_example_groups_requests_index_behaves_like_date_range_picker_when_choosing_a_date_range_that_only_includes_the_previous_week_shows_only_1_record_316.png
2024-03-11T04:23:17.5363728Z 
2024-03-11T04:23:17.5363733Z 
2024-03-11T04:23:17.5364130Z       Shared Example Group: "Date Range Picker" called from ./spec/system/request_system_spec.rb:118
2024-03-11T04:23:17.5365107Z       # ./spec/support/date_range_picker_shared_example.rb:68:in `block (3 levels) in <top (required)>'
2024-03-11T04:23:17.5365598Z 
2024-03-11T04:23:17.5366223Z   15) Requests canceling a request as a bank user when a bank user cancels a request should set the request as canceled/discarded and contain the reason
2024-03-11T04:23:17.5367110Z       Failure/Error: visit url_prefix + "/requests"
2024-03-11T04:23:17.5367535Z 
2024-03-11T04:23:17.5367681Z       Ferrum::JavaScriptError:
2024-03-11T04:23:17.5368547Z         TypeError: Failed to resolve module specifier "cocoon-js-vanilla". Relative references must start with either "/", "./", or "../".
2024-03-11T04:23:17.5369221Z 
2024-03-11T04:23:17.5370792Z       [Screenshot Image]: /home/runner/work/human-essentials/human-essentials/tmp/screenshots/failures_r_spec_example_groups_requests_canceling_a_request_as_a_bank_user_when_a_bank_user_cancels_a_request_should_set_the_request_as_canceled_discarded_and_contain_the_reason_879.png
2024-03-11T04:23:17.5372560Z 
2024-03-11T04:23:17.5372566Z 
2024-03-11T04:23:17.5372896Z       # ./spec/system/request_system_spec.rb:211:in `block (4 levels) in <top (required)>'
2024-03-11T04:23:17.5373376Z 
2024-03-11T04:23:17.5373664Z   16) Requests #show should show the number of items on-hand
2024-03-11T04:23:17.5374312Z       Failure/Error: visit subject
2024-03-11T04:23:17.5374558Z 
2024-03-11T04:23:17.5374732Z       Ferrum::JavaScriptError:
2024-03-11T04:23:17.5375575Z         TypeError: Failed to resolve module specifier "cocoon-js-vanilla". Relative references must start with either "/", "./", or "../".
2024-03-11T04:23:17.5376265Z 
2024-03-11T04:23:17.5377208Z       [Screenshot Image]: /home/runner/work/human-essentials/human-essentials/tmp/screenshots/failures_r_spec_example_groups_requests_show_should_show_the_number_of_items_on_hand_896.png
2024-03-11T04:23:17.5378113Z 
2024-03-11T04:23:17.5378118Z 
2024-03-11T04:23:17.5378432Z       # ./spec/system/request_system_spec.rb:171:in `block (3 levels) in <top (required)>'
2024-03-11T04:23:17.5378910Z 
2024-03-11T04:23:17.5379264Z   17) Requests #show should show the request with a request sender if a partner user is set
2024-03-11T04:23:17.5379959Z       Failure/Error: visit subject
2024-03-11T04:23:17.5380198Z 
2024-03-11T04:23:17.5380368Z       Ferrum::JavaScriptError:
2024-03-11T04:23:17.5381243Z         TypeError: Failed to resolve module specifier "cocoon-js-vanilla". Relative references must start with either "/", "./", or "../".
2024-03-11T04:23:17.5382118Z 
2024-03-11T04:23:17.5383152Z       [Screenshot Image]: /home/runner/work/human-essentials/human-essentials/tmp/screenshots/failures_r_spec_example_groups_requests_show_should_show_the_request_with_a_request_sender_if_a_partner_user_is_set_418.png
2024-03-11T04:23:17.5384130Z 
2024-03-11T04:23:17.5384134Z 
2024-03-11T04:23:17.5384503Z       # ./spec/system/request_system_spec.rb:133:in `block (3 levels) in <top (required)>'
2024-03-11T04:23:17.5384944Z 
2024-03-11T04:23:17.5385316Z   18) Requests #show should show the request without a request sender if a partner user is not set
2024-03-11T04:23:17.5386054Z       Failure/Error: visit subject
2024-03-11T04:23:17.5386346Z 
2024-03-11T04:23:17.5386482Z       Ferrum::JavaScriptError:
2024-03-11T04:23:17.5387412Z         TypeError: Failed to resolve module specifier "cocoon-js-vanilla". Relative references must start with either "/", "./", or "../".
2024-03-11T04:23:17.5388056Z 
2024-03-11T04:23:17.5389258Z       [Screenshot Image]: /home/runner/work/human-essentials/human-essentials/tmp/screenshots/failures_r_spec_example_groups_requests_show_should_show_the_request_without_a_request_sender_if_a_partner_user_is_not_set_346.png
2024-03-11T04:23:17.5390254Z 
2024-03-11T04:23:17.5390259Z 
2024-03-11T04:23:17.5390874Z       # ./spec/system/request_system_spec.rb:145:in `block (3 levels) in <top (required)>'
2024-03-11T04:23:17.5391328Z 
2024-03-11T04:23:17.5391721Z   19) Requests #show change status request should change to started
2024-03-11T04:23:17.5392260Z       Failure/Error: visit subject
2024-03-11T04:23:17.5392502Z 
2024-03-11T04:23:17.5392642Z       Ferrum::JavaScriptError:
2024-03-11T04:23:17.5393603Z         TypeError: Failed to resolve module specifier "cocoon-js-vanilla". Relative references must start with either "/", "./", or "../".
2024-03-11T04:23:17.5394274Z 
2024-03-11T04:23:17.5395163Z       [Screenshot Image]: /home/runner/work/human-essentials/human-essentials/tmp/screenshots/failures_r_spec_example_groups_requests_show_change_status_request_should_change_to_started_581.png
2024-03-11T04:23:17.5396096Z 
2024-03-11T04:23:17.5396100Z 
2024-03-11T04:23:17.5396411Z       # ./spec/system/request_system_spec.rb:177:in `block (4 levels) in <top (required)>'
2024-03-11T04:23:17.5396970Z 
2024-03-11T04:23:17.5397368Z   20) Requests #show change status request when save the distribution should change request to fulfilled
2024-03-11T04:23:17.5398056Z       Failure/Error: visit subject
2024-03-11T04:23:17.5398295Z 
2024-03-11T04:23:17.5398559Z       Ferrum::JavaScriptError:
2024-03-11T04:23:17.5399389Z         TypeError: Failed to resolve module specifier "cocoon-js-vanilla". Relative references must start with either "/", "./", or "../".
2024-03-11T04:23:17.5400059Z 
2024-03-11T04:23:17.5401087Z       [Screenshot Image]: /home/runner/work/human-essentials/human-essentials/tmp/screenshots/failures_r_spec_example_groups_requests_show_change_status_request_when_save_the_distribution_should_change_request_to_fulfilled_155.png
2024-03-11T04:23:17.5402171Z 
2024-03-11T04:23:17.5402175Z 
2024-03-11T04:23:17.5402557Z       # ./spec/system/request_system_spec.rb:177:in `block (4 levels) in <top (required)>'
2024-03-11T04:23:17.5403034Z 
2024-03-11T04:23:17.5403497Z   21) Account Requests Admin while signed in as a super admin user rejects an account request should reject the account
2024-03-11T04:23:17.5404255Z       Got 0 failures and 3 other errors:
2024-03-11T04:23:17.5404630Z 
2024-03-11T04:23:17.5404839Z       21.1) Failure/Error: visit admin_account_requests_path
2024-03-11T04:23:17.5405165Z 
2024-03-11T04:23:17.5405340Z             Ferrum::JavaScriptError:
2024-03-11T04:23:17.5406252Z               TypeError: Failed to resolve module specifier "cocoon-js-vanilla". Relative references must start with either "/", "./", or "../".
2024-03-11T04:23:17.5407338Z             # ./spec/system/admin/account_requests_system_spec.rb:86:in `block (4 levels) in <top (required)>'
2024-03-11T04:23:17.5408240Z             # ./spec/system/admin/account_requests_system_spec.rb:19:in `block (4 levels) in <top (required)>'
2024-03-11T04:23:17.5409322Z             # ./spec/system/admin/account_requests_system_spec.rb:18:in `block (3 levels) in <top (required)>'
2024-03-11T04:23:17.5409933Z 
2024-03-11T04:23:17.5410069Z       21.2) Failure/Error: ex.run
2024-03-11T04:23:17.5410305Z 
2024-03-11T04:23:17.5410495Z             Ferrum::JavaScriptError:
2024-03-11T04:23:17.5411006Z               ReferenceError: $ is not defined
2024-03-11T04:23:17.5411533Z                   at http://127.0.0.1:42375/admin/account_requests:408:3
2024-03-11T04:23:17.5412319Z             # ./spec/system/admin/account_requests_system_spec.rb:19:in `block (4 levels) in <top (required)>'
2024-03-11T04:23:17.5413283Z             # ./spec/system/admin/account_requests_system_spec.rb:18:in `block (3 levels) in <top (required)>'
2024-03-11T04:23:17.5413821Z 
2024-03-11T04:23:17.5413970Z       21.3) Failure/Error: ex.run
2024-03-11T04:23:17.5414205Z 
2024-03-11T04:23:17.5414796Z             Ferrum::JavaScriptError:
2024-03-11T04:23:17.5415312Z               ReferenceError: $ is not defined
2024-03-11T04:23:17.5415822Z                   at http://127.0.0.1:42375/admin/account_requests:501:3
2024-03-11T04:23:17.5416566Z             # ./spec/system/admin/account_requests_system_spec.rb:19:in `block (4 levels) in <top (required)>'
2024-03-11T04:23:17.5417556Z             # ./spec/system/admin/account_requests_system_spec.rb:18:in `block (3 levels) in <top (required)>'
2024-03-11T04:23:17.5418090Z 
2024-03-11T04:23:17.5418670Z   22) Account Requests Admin while signed in as a super admin user visits the index page shows confirmed account requests within appropriate table
2024-03-11T04:23:17.5419543Z       Got 0 failures and 3 other errors:
2024-03-11T04:23:17.5419880Z 
2024-03-11T04:23:17.5420139Z       22.1) Failure/Error: visit admin_account_requests_path
2024-03-11T04:23:17.5420468Z 
2024-03-11T04:23:17.5420642Z             Ferrum::JavaScriptError:
2024-03-11T04:23:17.5421529Z               TypeError: Failed to resolve module specifier "cocoon-js-vanilla". Relative references must start with either "/", "./", or "../".
2024-03-11T04:23:17.5422667Z             # ./spec/system/admin/account_requests_system_spec.rb:45:in `block (4 levels) in <top (required)>'
2024-03-11T04:23:17.5423565Z             # ./spec/system/admin/account_requests_system_spec.rb:19:in `block (4 levels) in <top (required)>'
2024-03-11T04:23:17.5424531Z             # ./spec/system/admin/account_requests_system_spec.rb:18:in `block (3 levels) in <top (required)>'
2024-03-11T04:23:17.5425025Z 
2024-03-11T04:23:17.5425194Z       22.2) Failure/Error: ex.run
2024-03-11T04:23:17.5425431Z 
2024-03-11T04:23:17.5425607Z             Ferrum::JavaScriptError:
2024-03-11T04:23:17.5426126Z               ReferenceError: $ is not defined
2024-03-11T04:23:17.5426615Z                   at http://127.0.0.1:42375/admin/account_requests:408:3
2024-03-11T04:23:17.5427354Z             # ./spec/system/admin/account_requests_system_spec.rb:19:in `block (4 levels) in <top (required)>'
2024-03-11T04:23:17.5428485Z             # ./spec/system/admin/account_requests_system_spec.rb:18:in `block (3 levels) in <top (required)>'
2024-03-11T04:23:17.5429002Z 
2024-03-11T04:23:17.5429172Z       22.3) Failure/Error: ex.run
2024-03-11T04:23:17.5429408Z 
2024-03-11T04:23:17.5429601Z             Ferrum::JavaScriptError:
2024-03-11T04:23:17.5430120Z               ReferenceError: $ is not defined
2024-03-11T04:23:17.5430864Z                   at http://127.0.0.1:42375/admin/account_requests:501:3
2024-03-11T04:23:17.5431657Z             # ./spec/system/admin/account_requests_system_spec.rb:19:in `block (4 levels) in <top (required)>'
2024-03-11T04:23:17.5432642Z             # ./spec/system/admin/account_requests_system_spec.rb:18:in `block (3 levels) in <top (required)>'
2024-03-11T04:23:17.5433143Z 
2024-03-11T04:23:17.5433782Z   23) Account Requests Admin while signed in as a super admin user visits the index page shows unconfirmed account requests within appropriate table
2024-03-11T04:23:17.5434983Z       Got 0 failures and 3 other errors:
2024-03-11T04:23:17.5435255Z 
2024-03-11T04:23:17.5435493Z       23.1) Failure/Error: visit admin_account_requests_path
2024-03-11T04:23:17.5435838Z 
2024-03-11T04:23:17.5435982Z             Ferrum::JavaScriptError:
2024-03-11T04:23:17.5436974Z               TypeError: Failed to resolve module specifier "cocoon-js-vanilla". Relative references must start with either "/", "./", or "../".
2024-03-11T04:23:17.5438058Z             # ./spec/system/admin/account_requests_system_spec.rb:45:in `block (4 levels) in <top (required)>'
2024-03-11T04:23:17.5438965Z             # ./spec/system/admin/account_requests_system_spec.rb:19:in `block (4 levels) in <top (required)>'
2024-03-11T04:23:17.5439924Z             # ./spec/system/admin/account_requests_system_spec.rb:18:in `block (3 levels) in <top (required)>'
2024-03-11T04:23:17.5440418Z 
2024-03-11T04:23:17.5440603Z       23.2) Failure/Error: ex.run
2024-03-11T04:23:17.5440998Z 
2024-03-11T04:23:17.5441175Z             Ferrum::JavaScriptError:
2024-03-11T04:23:17.5441677Z               ReferenceError: $ is not defined
2024-03-11T04:23:17.5442215Z                   at http://127.0.0.1:42375/admin/account_requests:408:3
2024-03-11T04:23:17.5443038Z             # ./spec/system/admin/account_requests_system_spec.rb:19:in `block (4 levels) in <top (required)>'
2024-03-11T04:23:17.5444017Z             # ./spec/system/admin/account_requests_system_spec.rb:18:in `block (3 levels) in <top (required)>'
2024-03-11T04:23:17.5444521Z 
2024-03-11T04:23:17.5444693Z       23.3) Failure/Error: ex.run
2024-03-11T04:23:17.5444928Z 
2024-03-11T04:23:17.5445180Z             Ferrum::JavaScriptError:
2024-03-11T04:23:17.5445589Z               ReferenceError: $ is not defined
2024-03-11T04:23:17.5446118Z                   at http://127.0.0.1:42375/admin/account_requests:501:3
2024-03-11T04:23:17.5446940Z             # ./spec/system/admin/account_requests_system_spec.rb:19:in `block (4 levels) in <top (required)>'
2024-03-11T04:23:17.5447849Z             # ./spec/system/admin/account_requests_system_spec.rb:18:in `block (3 levels) in <top (required)>'
2024-03-11T04:23:17.5448366Z 
2024-03-11T04:23:17.5448879Z   24) Account Requests Admin while signed in as a super admin user visits the for_rejection page should reject the account
2024-03-11T04:23:17.5449737Z       Got 0 failures and 2 other errors:
2024-03-11T04:23:17.5450003Z 
2024-03-11T04:23:17.5450416Z       24.1) Failure/Error: visit for_rejection_admin_account_requests_path(token: 'my token')
2024-03-11T04:23:17.5450906Z 
2024-03-11T04:23:17.5451377Z             Ferrum::JavaScriptError:
2024-03-11T04:23:17.5452455Z               TypeError: Failed to resolve module specifier "cocoon-js-vanilla". Relative references must start with either "/", "./", or "../".
2024-03-11T04:23:17.5453588Z             # ./spec/system/admin/account_requests_system_spec.rb:26:in `block (4 levels) in <top (required)>'
2024-03-11T04:23:17.5454552Z             # ./spec/system/admin/account_requests_system_spec.rb:19:in `block (4 levels) in <top (required)>'
2024-03-11T04:23:17.5455462Z             # ./spec/system/admin/account_requests_system_spec.rb:18:in `block (3 levels) in <top (required)>'
2024-03-11T04:23:17.5455953Z 
2024-03-11T04:23:17.5456141Z       24.2) Failure/Error: ex.run
2024-03-11T04:23:17.5456375Z 
2024-03-11T04:23:17.5456585Z             Ferrum::JavaScriptError:
2024-03-11T04:23:17.5457025Z               ReferenceError: $ is not defined
2024-03-11T04:23:17.5457679Z                   at http://127.0.0.1:42375/admin/account_requests/for_rejection?token=my+token:375:3
2024-03-11T04:23:17.5458604Z             # ./spec/system/admin/account_requests_system_spec.rb:19:in `block (4 levels) in <top (required)>'
2024-03-11T04:23:17.5459497Z             # ./spec/system/admin/account_requests_system_spec.rb:18:in `block (3 levels) in <top (required)>'
2024-03-11T04:23:17.5460009Z 
2024-03-11T04:23:17.5460396Z   25) Distributions by County handles time ranges properly works for all time
2024-03-11T04:23:17.5461228Z       Failure/Error: visit dashboard_path(default_params)
2024-03-11T04:23:17.5461606Z 
2024-03-11T04:23:17.5461746Z       Ferrum::JavaScriptError:
2024-03-11T04:23:17.5462624Z         TypeError: Failed to resolve module specifier "cocoon-js-vanilla". Relative references must start with either "/", "./", or "../".
2024-03-11T04:23:17.5463365Z 
2024-03-11T04:23:17.5464319Z       [Screenshot Image]: /home/runner/work/human-essentials/human-essentials/tmp/screenshots/failures_r_spec_example_groups_distributions_by_county_handles_time_ranges_properly_works_for_all_time_456.png
2024-03-11T04:23:17.5465310Z 
2024-03-11T04:23:17.5465314Z 
2024-03-11T04:23:17.5465774Z       # ./spec/system/distributions_by_county_system_spec.rb:44:in `visit_distribution_by_county_with_specified_date_range'
2024-03-11T04:23:17.5466826Z       # ./spec/system/distributions_by_county_system_spec.rb:21:in `block (3 levels) in <top (required)>'
2024-03-11T04:23:17.5467337Z 
2024-03-11T04:23:17.5467815Z   26) Distributions by County handles time ranges properly works for this year
2024-03-11T04:23:17.5468462Z       Failure/Error: visit dashboard_path(default_params)
2024-03-11T04:23:17.5468786Z 
2024-03-11T04:23:17.5469003Z       Ferrum::JavaScriptError:
2024-03-11T04:23:17.5469968Z         TypeError: Failed to resolve module specifier "cocoon-js-vanilla". Relative references must start with either "/", "./", or "../".
2024-03-11T04:23:17.5471010Z 
2024-03-11T04:23:17.5471978Z       [Screenshot Image]: /home/runner/work/human-essentials/human-essentials/tmp/screenshots/failures_r_spec_example_groups_distributions_by_county_handles_time_ranges_properly_works_for_this_year_678.png
2024-03-11T04:23:17.5473060Z 
2024-03-11T04:23:17.5473065Z 
2024-03-11T04:23:17.5473531Z       # ./spec/system/distributions_by_county_system_spec.rb:44:in `visit_distribution_by_county_with_specified_date_range'
2024-03-11T04:23:17.5474555Z       # ./spec/system/distributions_by_county_system_spec.rb:33:in `block (3 levels) in <top (required)>'
2024-03-11T04:23:17.5475071Z 
2024-03-11T04:23:17.5476029Z   27) Approval process for partners filling in organization details and requesting for approval GIVEN a partner user is new and wants to request approval should not allow them to make requests on the dashboard or the requests page
2024-03-11T04:23:17.5477366Z       Failure/Error: visit partner_user_root_path
2024-03-11T04:23:17.5477662Z 
2024-03-11T04:23:17.5477838Z       Ferrum::JavaScriptError:
2024-03-11T04:23:17.5478693Z         TypeError: Failed to resolve module specifier "cocoon-js-vanilla". Relative references must start with either "/", "./", or "../".
2024-03-11T04:23:17.5479437Z 
2024-03-11T04:23:17.5480813Z       [Screenshot Image]: /home/runner/work/human-essentials/human-essentials/tmp/screenshots/failures_r_spec_example_groups_approval_process_for_partners_filling_in_organization_details_and_requesting_for_approval_givena_partner_user_is_new_and_wants_to_request_approval_should_not_allow_them_to_make_r_841.png
2024-03-11T04:23:17.5482169Z 
2024-03-11T04:23:17.5482173Z 
2024-03-11T04:23:17.5482543Z       # ./spec/system/partners/approval_process_spec.rb:9:in `block (4 levels) in <top (required)>'
2024-03-11T04:23:17.5483087Z 
2024-03-11T04:23:17.5484339Z   28) Approval process for partners filling in organization details and requesting for approval GIVEN a partner user is new and wants to request approval AND they fill out the form and submit it THEN the organization approves them should show that they have been approved and able to make requests
2024-03-11T04:23:17.5485917Z       Failure/Error: visit partner_user_root_path
2024-03-11T04:23:17.5486245Z 
2024-03-11T04:23:17.5486399Z       Ferrum::JavaScriptError:
2024-03-11T04:23:17.5487337Z         TypeError: Failed to resolve module specifier "cocoon-js-vanilla". Relative references must start with either "/", "./", or "../".
2024-03-11T04:23:17.5487974Z 
2024-03-11T04:23:17.5489369Z       [Screenshot Image]: /home/runner/work/human-essentials/human-essentials/tmp/screenshots/failures_r_spec_example_groups_approval_process_for_partners_filling_in_organization_details_and_requesting_for_approval_givena_partner_user_is_new_and_wants_to_request_approval_and_they_fill_out_the_form_and__43.png
2024-03-11T04:23:17.5490911Z 
2024-03-11T04:23:17.5490916Z 
2024-03-11T04:23:17.5491287Z       # ./spec/system/partners/approval_process_spec.rb:9:in `block (4 levels) in <top (required)>'
2024-03-11T04:23:17.5491863Z 
2024-03-11T04:23:17.5492305Z   29) Approval process for partners request approval with invalid details should render an error message
2024-03-11T04:23:17.5493048Z       Failure/Error: visit partner_user_root_path
2024-03-11T04:23:17.5493338Z 
2024-03-11T04:23:17.5493614Z       Ferrum::JavaScriptError:
2024-03-11T04:23:17.5494468Z         TypeError: Failed to resolve module specifier "cocoon-js-vanilla". Relative references must start with either "/", "./", or "../".
2024-03-11T04:23:17.5495163Z 
2024-03-11T04:23:17.5496220Z       [Screenshot Image]: /home/runner/work/human-essentials/human-essentials/tmp/screenshots/failures_r_spec_example_groups_approval_process_for_partners_request_approval_with_invalid_details_should_render_an_error_message_257.png
2024-03-11T04:23:17.5497454Z 
2024-03-11T04:23:17.5497458Z 
2024-03-11T04:23:17.5497969Z       # ./spec/system/partners/approval_process_spec.rb:78:in `block (3 levels) in <top (required)>'
2024-03-11T04:23:17.5498526Z 
2024-03-11T04:23:17.5498799Z   30) Authentication Deactivated user should not allow the user to log in
2024-03-11T04:23:17.5499378Z       Got 0 failures and 2 other errors:
2024-03-11T04:23:17.5499648Z 
2024-03-11T04:23:17.5700405Z       30.1) Failure/Error: visit "/users/sign_in"
2024-03-11T04:23:17.5700754Z 
2024-03-11T04:23:17.5700906Z             Ferrum::JavaScriptError:
2024-03-11T04:23:17.5702000Z               TypeError: Failed to resolve module specifier "cocoon-js-vanilla". Relative references must start with either "/", "./", or "../".
2024-03-11T04:23:17.5702916Z             # ./spec/system/log_in_system_spec.rb:16:in `block (3 levels) in <top (required)>'
2024-03-11T04:23:17.5703353Z 
2024-03-11T04:23:17.5703556Z       30.2) Failure/Error: respond_to?(:empty?) ? !!empty? : !self
2024-03-11T04:23:17.5703894Z 
2024-03-11T04:23:17.5704009Z             Ferrum::JavaScriptError:
2024-03-11T04:23:17.5704365Z               ReferenceError: $ is not defined
2024-03-11T04:23:17.5704777Z                   at http://127.0.0.1:42375/users/sign_in:129:5
2024-03-11T04:23:17.5705881Z             # /home/runner/work/human-essentials/human-essentials/vendor/bundle/ruby/3.2.0/gems/activesupport-7.0.8/lib/active_support/core_ext/object/blank.rb:19:in `directory?'
2024-03-11T04:23:17.5707452Z             # /home/runner/work/human-essentials/human-essentials/vendor/bundle/ruby/3.2.0/gems/activesupport-7.0.8/lib/active_support/core_ext/object/blank.rb:19:in `empty?'
2024-03-11T04:23:17.5708991Z             # /home/runner/work/human-essentials/human-essentials/vendor/bundle/ruby/3.2.0/gems/activesupport-7.0.8/lib/active_support/core_ext/object/blank.rb:19:in `blank?'
2024-03-11T04:23:17.5710850Z             # /home/runner/work/human-essentials/human-essentials/vendor/bundle/ruby/3.2.0/gems/activesupport-7.0.8/lib/active_support/core_ext/object/blank.rb:26:in `present?'
2024-03-11T04:23:17.5712428Z             # /home/runner/work/human-essentials/human-essentials/vendor/bundle/ruby/3.2.0/gems/activesupport-7.0.8/lib/active_support/core_ext/object/blank.rb:46:in `presence'
2024-03-11T04:23:17.5714115Z             # /home/runner/work/human-essentials/human-essentials/vendor/bundle/ruby/3.2.0/gems/actionpack-7.0.8/lib/action_dispatch/system_testing/test_helpers/screenshot_helper.rb:83:in `screenshots_dir'
2024-03-11T04:23:17.5715948Z             # /home/runner/work/human-essentials/human-essentials/vendor/bundle/ruby/3.2.0/gems/actionpack-7.0.8/lib/action_dispatch/system_testing/test_helpers/screenshot_helper.rb:79:in `absolute_path'
2024-03-11T04:23:17.5717769Z             # /home/runner/work/human-essentials/human-essentials/vendor/bundle/ruby/3.2.0/gems/actionpack-7.0.8/lib/action_dispatch/system_testing/test_helpers/screenshot_helper.rb:87:in `absolute_image_path'
2024-03-11T04:23:17.5719836Z             # /home/runner/work/human-essentials/human-essentials/vendor/bundle/ruby/3.2.0/gems/actionpack-7.0.8/lib/action_dispatch/system_testing/test_helpers/screenshot_helper.rb:99:in `save_image'
2024-03-11T04:23:17.5721620Z             # /home/runner/work/human-essentials/human-essentials/vendor/bundle/ruby/3.2.0/gems/actionpack-7.0.8/lib/action_dispatch/system_testing/test_helpers/screenshot_helper.rb:36:in `take_screenshot'
2024-03-11T04:23:17.5723456Z             # /home/runner/work/human-essentials/human-essentials/vendor/bundle/ruby/3.2.0/gems/actionpack-7.0.8/lib/action_dispatch/system_testing/test_helpers/screenshot_helper.rb:45:in `take_failed_screenshot'
2024-03-11T04:23:17.5725307Z             # /home/runner/work/human-essentials/human-essentials/vendor/bundle/ruby/3.2.0/gems/actionpack-7.0.8/lib/action_dispatch/system_testing/test_helpers/setup_and_teardown.rb:8:in `before_teardown'
2024-03-11T04:23:17.5727173Z             # /home/runner/work/human-essentials/human-essentials/vendor/bundle/ruby/3.2.0/gems/rspec-rails-6.1.1/lib/rspec/rails/example/system_example_group.rb:156:in `call'
2024-03-11T04:23:17.5728983Z             # /home/runner/work/human-essentials/human-essentials/vendor/bundle/ruby/3.2.0/gems/rspec-rails-6.1.1/lib/rspec/rails/example/system_example_group.rb:156:in `block (2 levels) in <module:SystemExampleGroup>'
2024-03-11T04:23:17.5730853Z             # /home/runner/work/human-essentials/human-essentials/vendor/bundle/ruby/3.2.0/gems/rspec-core-3.12.2/lib/rspec/core/example.rb:457:in `instance_exec'
2024-03-11T04:23:17.5732293Z             # /home/runner/work/human-essentials/human-essentials/vendor/bundle/ruby/3.2.0/gems/rspec-core-3.12.2/lib/rspec/core/example.rb:457:in `instance_exec'
2024-03-11T04:23:17.5733676Z             # /home/runner/work/human-essentials/human-essentials/vendor/bundle/ruby/3.2.0/gems/rspec-core-3.12.2/lib/rspec/core/hooks.rb:372:in `run'
2024-03-11T04:23:17.5735148Z             # /home/runner/work/human-essentials/human-essentials/vendor/bundle/ruby/3.2.0/gems/rspec-core-3.12.2/lib/rspec/core/hooks.rb:529:in `block in run_owned_hooks_for'
2024-03-11T04:23:17.5736572Z             # /home/runner/work/human-essentials/human-essentials/vendor/bundle/ruby/3.2.0/gems/rspec-core-3.12.2/lib/rspec/core/hooks.rb:528:in `each'
2024-03-11T04:23:17.5737973Z             # /home/runner/work/human-essentials/human-essentials/vendor/bundle/ruby/3.2.0/gems/rspec-core-3.12.2/lib/rspec/core/hooks.rb:528:in `run_owned_hooks_for'
2024-03-11T04:23:17.5739496Z             # /home/runner/work/human-essentials/human-essentials/vendor/bundle/ruby/3.2.0/gems/rspec-core-3.12.2/lib/rspec/core/hooks.rb:615:in `block in run_example_hooks_for'
2024-03-11T04:23:17.5740915Z             # /home/runner/work/human-essentials/human-essentials/vendor/bundle/ruby/3.2.0/gems/rspec-core-3.12.2/lib/rspec/core/hooks.rb:614:in `each'
2024-03-11T04:23:17.5742324Z             # /home/runner/work/human-essentials/human-essentials/vendor/bundle/ruby/3.2.0/gems/rspec-core-3.12.2/lib/rspec/core/hooks.rb:614:in `run_example_hooks_for'
2024-03-11T04:23:17.5743704Z             # /home/runner/work/human-essentials/human-essentials/vendor/bundle/ruby/3.2.0/gems/rspec-core-3.12.2/lib/rspec/core/hooks.rb:485:in `run'
2024-03-11T04:23:17.5745096Z             # /home/runner/work/human-essentials/human-essentials/vendor/bundle/ruby/3.2.0/gems/rspec-core-3.12.2/lib/rspec/core/example.rb:518:in `run_after_example'
2024-03-11T04:23:17.5746529Z             # /home/runner/work/human-essentials/human-essentials/vendor/bundle/ruby/3.2.0/gems/rspec-core-3.12.2/lib/rspec/core/example.rb:283:in `block in run'
2024-03-11T04:23:17.5748121Z             # /home/runner/work/human-essentials/human-essentials/vendor/bundle/ruby/3.2.0/gems/rspec-core-3.12.2/lib/rspec/core/example.rb:511:in `block in with_around_and_singleton_context_hooks'
2024-03-11T04:23:17.5749816Z             # /home/runner/work/human-essentials/human-essentials/vendor/bundle/ruby/3.2.0/gems/rspec-core-3.12.2/lib/rspec/core/example.rb:468:in `block in with_around_example_hooks'
2024-03-11T04:23:17.5751742Z             # /home/runner/work/human-essentials/human-essentials/vendor/bundle/ruby/3.2.0/gems/rspec-core-3.12.2/lib/rspec/core/hooks.rb:486:in `block in run'
2024-03-11T04:23:17.5753438Z             # /home/runner/work/human-essentials/human-essentials/vendor/bundle/ruby/3.2.0/gems/rspec-core-3.12.2/lib/rspec/core/hooks.rb:626:in `block in run_around_example_hooks_for'
2024-03-11T04:23:17.5755056Z             # /home/runner/work/human-essentials/human-essentials/vendor/bundle/ruby/3.2.0/gems/rspec-core-3.12.2/lib/rspec/core/example.rb:352:in `call'
2024-03-11T04:23:17.5756738Z             # /home/runner/work/human-essentials/human-essentials/vendor/bundle/ruby/3.2.0/gems/rspec-rails-6.1.1/lib/rspec/rails/example/system_example_group.rb:166:in `block (2 levels) in <module:SystemExampleGroup>'
2024-03-11T04:23:17.5758607Z             # /home/runner/work/human-essentials/human-essentials/vendor/bundle/ruby/3.2.0/gems/rspec-core-3.12.2/lib/rspec/core/example.rb:457:in `instance_exec'
2024-03-11T04:23:17.5760035Z             # /home/runner/work/human-essentials/human-essentials/vendor/bundle/ruby/3.2.0/gems/rspec-core-3.12.2/lib/rspec/core/example.rb:457:in `instance_exec'
2024-03-11T04:23:17.5761436Z             # /home/runner/work/human-essentials/human-essentials/vendor/bundle/ruby/3.2.0/gems/rspec-core-3.12.2/lib/rspec/core/hooks.rb:390:in `execute_with'
2024-03-11T04:23:17.5762997Z             # /home/runner/work/human-essentials/human-essentials/vendor/bundle/ruby/3.2.0/gems/rspec-core-3.12.2/lib/rspec/core/hooks.rb:628:in `block (2 levels) in run_around_example_hooks_for'
2024-03-11T04:23:17.5764513Z             # /home/runner/work/human-essentials/human-essentials/vendor/bundle/ruby/3.2.0/gems/rspec-core-3.12.2/lib/rspec/core/example.rb:352:in `call'
2024-03-11T04:23:17.5766109Z             # /home/runner/work/human-essentials/human-essentials/vendor/bundle/ruby/3.2.0/gems/rspec-rails-6.1.1/lib/rspec/rails/adapters.rb:75:in `block (2 levels) in <module:MinitestLifecycleAdapter>'
2024-03-11T04:23:17.5767731Z             # /home/runner/work/human-essentials/human-essentials/vendor/bundle/ruby/3.2.0/gems/rspec-core-3.12.2/lib/rspec/core/example.rb:457:in `instance_exec'
2024-03-11T04:23:17.5769145Z             # /home/runner/work/human-essentials/human-essentials/vendor/bundle/ruby/3.2.0/gems/rspec-core-3.12.2/lib/rspec/core/example.rb:457:in `instance_exec'
2024-03-11T04:23:17.5770538Z             # /home/runner/work/human-essentials/human-essentials/vendor/bundle/ruby/3.2.0/gems/rspec-core-3.12.2/lib/rspec/core/hooks.rb:390:in `execute_with'
2024-03-11T04:23:17.5772095Z             # /home/runner/work/human-essentials/human-essentials/vendor/bundle/ruby/3.2.0/gems/rspec-core-3.12.2/lib/rspec/core/hooks.rb:628:in `block (2 levels) in run_around_example_hooks_for'
2024-03-11T04:23:17.5773604Z             # /home/runner/work/human-essentials/human-essentials/vendor/bundle/ruby/3.2.0/gems/rspec-core-3.12.2/lib/rspec/core/example.rb:352:in `call'
2024-03-11T04:23:17.5775062Z             # /home/runner/work/human-essentials/human-essentials/vendor/bundle/ruby/3.2.0/gems/webmock-3.23.0/lib/webmock/rspec.rb:39:in `block (2 levels) in <top (required)>'
2024-03-11T04:23:17.5776541Z             # /home/runner/work/human-essentials/human-essentials/vendor/bundle/ruby/3.2.0/gems/rspec-core-3.12.2/lib/rspec/core/example.rb:457:in `instance_exec'
2024-03-11T04:23:17.5777995Z             # /home/runner/work/human-essentials/human-essentials/vendor/bundle/ruby/3.2.0/gems/rspec-core-3.12.2/lib/rspec/core/example.rb:457:in `instance_exec'
2024-03-11T04:23:17.5779397Z             # /home/runner/work/human-essentials/human-essentials/vendor/bundle/ruby/3.2.0/gems/rspec-core-3.12.2/lib/rspec/core/hooks.rb:390:in `execute_with'
2024-03-11T04:23:17.5780963Z             # /home/runner/work/human-essentials/human-essentials/vendor/bundle/ruby/3.2.0/gems/rspec-core-3.12.2/lib/rspec/core/hooks.rb:628:in `block (2 levels) in run_around_example_hooks_for'
2024-03-11T04:23:17.5782632Z             # /home/runner/work/human-essentials/human-essentials/vendor/bundle/ruby/3.2.0/gems/rspec-core-3.12.2/lib/rspec/core/example.rb:352:in `call'
2024-03-11T04:23:17.5784202Z             # /home/runner/work/human-essentials/human-essentials/vendor/bundle/ruby/3.2.0/gems/knapsack_pro-7.0.0/lib/knapsack_pro/adapters/rspec_adapter.rb:103:in `block (2 levels) in ensure_no_focus!'
2024-03-11T04:23:17.5785795Z             # /home/runner/work/human-essentials/human-essentials/vendor/bundle/ruby/3.2.0/gems/rspec-core-3.12.2/lib/rspec/core/example.rb:457:in `instance_exec'
2024-03-11T04:23:17.5787207Z             # /home/runner/work/human-essentials/human-essentials/vendor/bundle/ruby/3.2.0/gems/rspec-core-3.12.2/lib/rspec/core/example.rb:457:in `instance_exec'
2024-03-11T04:23:17.5788597Z             # /home/runner/work/human-essentials/human-essentials/vendor/bundle/ruby/3.2.0/gems/rspec-core-3.12.2/lib/rspec/core/hooks.rb:390:in `execute_with'
2024-03-11T04:23:17.5790279Z             # /home/runner/work/human-essentials/human-essentials/vendor/bundle/ruby/3.2.0/gems/rspec-core-3.12.2/lib/rspec/core/hooks.rb:628:in `block (2 levels) in run_around_example_hooks_for'
2024-03-11T04:23:17.5792025Z             # /home/runner/work/human-essentials/human-essentials/vendor/bundle/ruby/3.2.0/gems/rspec-core-3.12.2/lib/rspec/core/example.rb:352:in `call'
2024-03-11T04:23:17.5793469Z             # /home/runner/work/human-essentials/human-essentials/vendor/bundle/ruby/3.2.0/gems/rspec-core-3.12.2/lib/rspec/core/hooks.rb:629:in `run_around_example_hooks_for'
2024-03-11T04:23:17.5794885Z             # /home/runner/work/human-essentials/human-essentials/vendor/bundle/ruby/3.2.0/gems/rspec-core-3.12.2/lib/rspec/core/hooks.rb:486:in `run'
2024-03-11T04:23:17.5796312Z             # /home/runner/work/human-essentials/human-essentials/vendor/bundle/ruby/3.2.0/gems/rspec-core-3.12.2/lib/rspec/core/example.rb:468:in `with_around_example_hooks'
2024-03-11T04:23:17.5797938Z             # /home/runner/work/human-essentials/human-essentials/vendor/bundle/ruby/3.2.0/gems/rspec-core-3.12.2/lib/rspec/core/example.rb:511:in `with_around_and_singleton_context_hooks'
2024-03-11T04:23:17.5799430Z             # /home/runner/work/human-essentials/human-essentials/vendor/bundle/ruby/3.2.0/gems/rspec-core-3.12.2/lib/rspec/core/example.rb:259:in `run'
2024-03-11T04:23:17.5800871Z             # /home/runner/work/human-essentials/human-essentials/vendor/bundle/ruby/3.2.0/gems/rspec-core-3.12.2/lib/rspec/core/example_group.rb:646:in `block in run_examples'
2024-03-11T04:23:17.5802338Z             # /home/runner/work/human-essentials/human-essentials/vendor/bundle/ruby/3.2.0/gems/rspec-core-3.12.2/lib/rspec/core/example_group.rb:642:in `map'
2024-03-11T04:23:17.5803762Z             # /home/runner/work/human-essentials/human-essentials/vendor/bundle/ruby/3.2.0/gems/rspec-core-3.12.2/lib/rspec/core/example_group.rb:642:in `run_examples'
2024-03-11T04:23:17.5805386Z             # /home/runner/work/human-essentials/human-essentials/vendor/bundle/ruby/3.2.0/gems/rspec-core-3.12.2/lib/rspec/core/example_group.rb:607:in `run'
2024-03-11T04:23:17.5806827Z             # /home/runner/work/human-essentials/human-essentials/vendor/bundle/ruby/3.2.0/gems/rspec-core-3.12.2/lib/rspec/core/example_group.rb:608:in `block in run'
2024-03-11T04:23:17.5808247Z             # /home/runner/work/human-essentials/human-essentials/vendor/bundle/ruby/3.2.0/gems/rspec-core-3.12.2/lib/rspec/core/example_group.rb:608:in `map'
2024-03-11T04:23:17.5809719Z             # /home/runner/work/human-essentials/human-essentials/vendor/bundle/ruby/3.2.0/gems/rspec-core-3.12.2/lib/rspec/core/example_group.rb:608:in `run'
2024-03-11T04:23:17.5811311Z             # /home/runner/work/human-essentials/human-essentials/vendor/bundle/ruby/3.2.0/gems/rspec-core-3.12.2/lib/rspec/core/runner.rb:121:in `block (3 levels) in run_specs'
2024-03-11T04:23:17.5812755Z             # /home/runner/work/human-essentials/human-essentials/vendor/bundle/ruby/3.2.0/gems/rspec-core-3.12.2/lib/rspec/core/runner.rb:121:in `map'
2024-03-11T04:23:17.5814379Z             # /home/runner/work/human-essentials/human-essentials/vendor/bundle/ruby/3.2.0/gems/rspec-core-3.12.2/lib/rspec/core/runner.rb:121:in `block (2 levels) in run_specs'
2024-03-11T04:23:17.5816148Z             # /home/runner/work/human-essentials/human-essentials/vendor/bundle/ruby/3.2.0/gems/rspec-core-3.12.2/lib/rspec/core/configuration.rb:2070:in `with_suite_hooks'
2024-03-11T04:23:17.5817851Z             # /home/runner/work/human-essentials/human-essentials/vendor/bundle/ruby/3.2.0/gems/rspec-core-3.12.2/lib/rspec/core/runner.rb:116:in `block in run_specs'
2024-03-11T04:23:17.5819261Z             # /home/runner/work/human-essentials/human-essentials/vendor/bundle/ruby/3.2.0/gems/rspec-core-3.12.2/lib/rspec/core/reporter.rb:74:in `report'
2024-03-11T04:23:17.5820623Z             # /home/runner/work/human-essentials/human-essentials/vendor/bundle/ruby/3.2.0/gems/rspec-core-3.12.2/lib/rspec/core/runner.rb:115:in `run_specs'
2024-03-11T04:23:17.5822364Z             # /home/runner/work/human-essentials/human-essentials/vendor/bundle/ruby/3.2.0/gems/rspec-core-3.12.2/lib/rspec/core/runner.rb:89:in `run'
2024-03-11T04:23:17.5823757Z             # /home/runner/work/human-essentials/human-essentials/vendor/bundle/ruby/3.2.0/gems/rspec-core-3.12.2/lib/rspec/core/runner.rb:71:in `run'
2024-03-11T04:23:17.5825157Z             # /home/runner/work/human-essentials/human-essentials/vendor/bundle/ruby/3.2.0/gems/rspec-core-3.12.2/lib/rspec/core/runner.rb:45:in `invoke'
2024-03-11T04:23:17.5826610Z             # /home/runner/work/human-essentials/human-essentials/vendor/bundle/ruby/3.2.0/gems/rspec-core-3.12.2/exe/rspec:4:in `<main>'
2024-03-11T04:23:17.5827396Z             # 
2024-03-11T04:23:17.5827741Z             #   Showing full backtrace because every line was filtered out.
2024-03-11T04:23:17.5828314Z             #   See docs for RSpec::Configuration#backtrace_exclusion_patterns and
2024-03-11T04:23:17.5828938Z             #   RSpec::Configuration#backtrace_inclusion_patterns for more information.
2024-03-11T04:23:17.5829320Z 
2024-03-11T04:23:17.5829527Z   31) Authentication Success should show dashboard upon signin
2024-03-11T04:23:17.5829936Z       Failure/Error: visit "/"
2024-03-11T04:23:17.5830134Z 
2024-03-11T04:23:17.5830238Z       Ferrum::JavaScriptError:
2024-03-11T04:23:17.5831433Z         TypeError: Failed to resolve module specifier "cocoon-js-vanilla". Relative references must start with either "/", "./", or "../".
2024-03-11T04:23:17.5832140Z 
2024-03-11T04:23:17.5833260Z       [Screenshot Image]: /home/runner/work/human-essentials/human-essentials/tmp/screenshots/failures_r_spec_example_groups_authentication_success_should_show_dashboard_upon_signin_933.png
2024-03-11T04:23:17.5834233Z 
2024-03-11T04:23:17.5834245Z 
2024-03-11T04:23:17.5834522Z       # ./spec/system/log_in_system_spec.rb:5:in `block (3 levels) in <top (required)>'
2024-03-11T04:23:17.5834934Z 
2024-03-11T04:23:17.5835481Z   32) Authentication Showing the modal warning in staging when accessing /users/password/new in the staging environment should render the modal
2024-03-11T04:23:17.5836254Z       Got 0 failures and 3 other errors:
2024-03-11T04:23:17.5836483Z 
2024-03-11T04:23:17.5836590Z       32.1) Failure/Error: visit path
2024-03-11T04:23:17.5836810Z 
2024-03-11T04:23:17.5836922Z             Ferrum::JavaScriptError:
2024-03-11T04:23:17.5837725Z               TypeError: Failed to resolve module specifier "cocoon-js-vanilla". Relative references must start with either "/", "./", or "../".
2024-03-11T04:23:17.5838609Z             # ./spec/system/log_in_system_spec.rb:29:in `block (5 levels) in <top (required)>'
2024-03-11T04:23:17.5839005Z 
2024-03-11T04:23:17.5839204Z       32.2) Failure/Error: respond_to?(:empty?) ? !!empty? : !self
2024-03-11T04:23:17.5839518Z 
2024-03-11T04:23:17.5839632Z             Ferrum::JavaScriptError:
2024-03-11T04:23:17.5840055Z               ReferenceError: $ is not defined
2024-03-11T04:23:17.5840692Z                   at http://127.0.0.1:42375/users/password/new:129:5
2024-03-11T04:23:17.5841793Z             # /home/runner/work/human-essentials/human-essentials/vendor/bundle/ruby/3.2.0/gems/activesupport-7.0.8/lib/active_support/core_ext/object/blank.rb:19:in `empty?'
2024-03-11T04:23:17.5843341Z             # /home/runner/work/human-essentials/human-essentials/vendor/bundle/ruby/3.2.0/gems/activesupport-7.0.8/lib/active_support/core_ext/object/blank.rb:19:in `empty?'
2024-03-11T04:23:17.5844864Z             # /home/runner/work/human-essentials/human-essentials/vendor/bundle/ruby/3.2.0/gems/activesupport-7.0.8/lib/active_support/core_ext/object/blank.rb:19:in `blank?'
2024-03-11T04:23:17.5846396Z             # /home/runner/work/human-essentials/human-essentials/vendor/bundle/ruby/3.2.0/gems/activesupport-7.0.8/lib/active_support/core_ext/object/blank.rb:26:in `present?'
2024-03-11T04:23:17.5847949Z             # /home/runner/work/human-essentials/human-essentials/vendor/bundle/ruby/3.2.0/gems/activesupport-7.0.8/lib/active_support/core_ext/object/blank.rb:46:in `presence'
2024-03-11T04:23:17.5849781Z             # /home/runner/work/human-essentials/human-essentials/vendor/bundle/ruby/3.2.0/gems/actionpack-7.0.8/lib/action_dispatch/system_testing/test_helpers/screenshot_helper.rb:83:in `screenshots_dir'
2024-03-11T04:23:17.5851570Z             # /home/runner/work/human-essentials/human-essentials/vendor/bundle/ruby/3.2.0/gems/actionpack-7.0.8/lib/action_dispatch/system_testing/test_helpers/screenshot_helper.rb:79:in `absolute_path'
2024-03-11T04:23:17.5853382Z             # /home/runner/work/human-essentials/human-essentials/vendor/bundle/ruby/3.2.0/gems/actionpack-7.0.8/lib/action_dispatch/system_testing/test_helpers/screenshot_helper.rb:87:in `absolute_image_path'
2024-03-11T04:23:17.5855168Z             # /home/runner/work/human-essentials/human-essentials/vendor/bundle/ruby/3.2.0/gems/actionpack-7.0.8/lib/action_dispatch/system_testing/test_helpers/screenshot_helper.rb:99:in `save_image'
2024-03-11T04:23:17.5856952Z             # /home/runner/work/human-essentials/human-essentials/vendor/bundle/ruby/3.2.0/gems/actionpack-7.0.8/lib/action_dispatch/system_testing/test_helpers/screenshot_helper.rb:36:in `take_screenshot'
2024-03-11T04:23:17.5858789Z             # /home/runner/work/human-essentials/human-essentials/vendor/bundle/ruby/3.2.0/gems/actionpack-7.0.8/lib/action_dispatch/system_testing/test_helpers/screenshot_helper.rb:45:in `take_failed_screenshot'
2024-03-11T04:23:17.5860617Z             # /home/runner/work/human-essentials/human-essentials/vendor/bundle/ruby/3.2.0/gems/actionpack-7.0.8/lib/action_dispatch/system_testing/test_helpers/setup_and_teardown.rb:8:in `before_teardown'
2024-03-11T04:23:17.5862302Z             # /home/runner/work/human-essentials/human-essentials/vendor/bundle/ruby/3.2.0/gems/rspec-rails-6.1.1/lib/rspec/rails/example/system_example_group.rb:156:in `call'
2024-03-11T04:23:17.5864100Z             # /home/runner/work/human-essentials/human-essentials/vendor/bundle/ruby/3.2.0/gems/rspec-rails-6.1.1/lib/rspec/rails/example/system_example_group.rb:156:in `block (2 levels) in <module:SystemExampleGroup>'
2024-03-11T04:23:17.5865808Z             # /home/runner/work/human-essentials/human-essentials/vendor/bundle/ruby/3.2.0/gems/rspec-core-3.12.2/lib/rspec/core/example.rb:457:in `instance_exec'
2024-03-11T04:23:17.5867234Z             # /home/runner/work/human-essentials/human-essentials/vendor/bundle/ruby/3.2.0/gems/rspec-core-3.12.2/lib/rspec/core/example.rb:457:in `instance_exec'
2024-03-11T04:23:17.5868601Z             # /home/runner/work/human-essentials/human-essentials/vendor/bundle/ruby/3.2.0/gems/rspec-core-3.12.2/lib/rspec/core/hooks.rb:372:in `run'
2024-03-11T04:23:17.5870060Z             # /home/runner/work/human-essentials/human-essentials/vendor/bundle/ruby/3.2.0/gems/rspec-core-3.12.2/lib/rspec/core/hooks.rb:529:in `block in run_owned_hooks_for'
2024-03-11T04:23:17.5871741Z             # /home/runner/work/human-essentials/human-essentials/vendor/bundle/ruby/3.2.0/gems/rspec-core-3.12.2/lib/rspec/core/hooks.rb:528:in `each'
2024-03-11T04:23:17.5873340Z             # /home/runner/work/human-essentials/human-essentials/vendor/bundle/ruby/3.2.0/gems/rspec-core-3.12.2/lib/rspec/core/hooks.rb:528:in `run_owned_hooks_for'
2024-03-11T04:23:17.5874875Z             # /home/runner/work/human-essentials/human-essentials/vendor/bundle/ruby/3.2.0/gems/rspec-core-3.12.2/lib/rspec/core/hooks.rb:615:in `block in run_example_hooks_for'
2024-03-11T04:23:17.5876335Z             # /home/runner/work/human-essentials/human-essentials/vendor/bundle/ruby/3.2.0/gems/rspec-core-3.12.2/lib/rspec/core/hooks.rb:614:in `each'
2024-03-11T04:23:17.5877815Z             # /home/runner/work/human-essentials/human-essentials/vendor/bundle/ruby/3.2.0/gems/rspec-core-3.12.2/lib/rspec/core/hooks.rb:614:in `run_example_hooks_for'
2024-03-11T04:23:17.5879210Z             # /home/runner/work/human-essentials/human-essentials/vendor/bundle/ruby/3.2.0/gems/rspec-core-3.12.2/lib/rspec/core/hooks.rb:485:in `run'
2024-03-11T04:23:17.5880744Z             # /home/runner/work/human-essentials/human-essentials/vendor/bundle/ruby/3.2.0/gems/rspec-core-3.12.2/lib/rspec/core/example.rb:518:in `run_after_example'
2024-03-11T04:23:17.5882189Z             # /home/runner/work/human-essentials/human-essentials/vendor/bundle/ruby/3.2.0/gems/rspec-core-3.12.2/lib/rspec/core/example.rb:283:in `block in run'
2024-03-11T04:23:17.5883791Z             # /home/runner/work/human-essentials/human-essentials/vendor/bundle/ruby/3.2.0/gems/rspec-core-3.12.2/lib/rspec/core/example.rb:511:in `block in with_around_and_singleton_context_hooks'
2024-03-11T04:23:17.5885492Z             # /home/runner/work/human-essentials/human-essentials/vendor/bundle/ruby/3.2.0/gems/rspec-core-3.12.2/lib/rspec/core/example.rb:468:in `block in with_around_example_hooks'
2024-03-11T04:23:17.5887008Z             # /home/runner/work/human-essentials/human-essentials/vendor/bundle/ruby/3.2.0/gems/rspec-core-3.12.2/lib/rspec/core/hooks.rb:486:in `block in run'
2024-03-11T04:23:17.5888547Z             # /home/runner/work/human-essentials/human-essentials/vendor/bundle/ruby/3.2.0/gems/rspec-core-3.12.2/lib/rspec/core/hooks.rb:626:in `block in run_around_example_hooks_for'
2024-03-11T04:23:17.5890031Z             # /home/runner/work/human-essentials/human-essentials/vendor/bundle/ruby/3.2.0/gems/rspec-core-3.12.2/lib/rspec/core/example.rb:352:in `call'
2024-03-11T04:23:17.5891721Z             # /home/runner/work/human-essentials/human-essentials/vendor/bundle/ruby/3.2.0/gems/rspec-rails-6.1.1/lib/rspec/rails/example/system_example_group.rb:166:in `block (2 levels) in <module:SystemExampleGroup>'
2024-03-11T04:23:17.5893420Z             # /home/runner/work/human-essentials/human-essentials/vendor/bundle/ruby/3.2.0/gems/rspec-core-3.12.2/lib/rspec/core/example.rb:457:in `instance_exec'
2024-03-11T04:23:17.5894844Z             # /home/runner/work/human-essentials/human-essentials/vendor/bundle/ruby/3.2.0/gems/rspec-core-3.12.2/lib/rspec/core/example.rb:457:in `instance_exec'
2024-03-11T04:23:17.5896259Z             # /home/runner/work/human-essentials/human-essentials/vendor/bundle/ruby/3.2.0/gems/rspec-core-3.12.2/lib/rspec/core/hooks.rb:390:in `execute_with'
2024-03-11T04:23:17.5897833Z             # /home/runner/work/human-essentials/human-essentials/vendor/bundle/ruby/3.2.0/gems/rspec-core-3.12.2/lib/rspec/core/hooks.rb:628:in `block (2 levels) in run_around_example_hooks_for'
2024-03-11T04:23:17.5899352Z             # /home/runner/work/human-essentials/human-essentials/vendor/bundle/ruby/3.2.0/gems/rspec-core-3.12.2/lib/rspec/core/example.rb:352:in `call'
2024-03-11T04:23:17.5900953Z             # /home/runner/work/human-essentials/human-essentials/vendor/bundle/ruby/3.2.0/gems/rspec-rails-6.1.1/lib/rspec/rails/adapters.rb:75:in `block (2 levels) in <module:MinitestLifecycleAdapter>'
2024-03-11T04:23:17.5902582Z             # /home/runner/work/human-essentials/human-essentials/vendor/bundle/ruby/3.2.0/gems/rspec-core-3.12.2/lib/rspec/core/example.rb:457:in `instance_exec'
2024-03-11T04:23:17.5904201Z             # /home/runner/work/human-essentials/human-essentials/vendor/bundle/ruby/3.2.0/gems/rspec-core-3.12.2/lib/rspec/core/example.rb:457:in `instance_exec'
2024-03-11T04:23:17.5905616Z             # /home/runner/work/human-essentials/human-essentials/vendor/bundle/ruby/3.2.0/gems/rspec-core-3.12.2/lib/rspec/core/hooks.rb:390:in `execute_with'
2024-03-11T04:23:17.5907211Z             # /home/runner/work/human-essentials/human-essentials/vendor/bundle/ruby/3.2.0/gems/rspec-core-3.12.2/lib/rspec/core/hooks.rb:628:in `block (2 levels) in run_around_example_hooks_for'
2024-03-11T04:23:17.5908750Z             # /home/runner/work/human-essentials/human-essentials/vendor/bundle/ruby/3.2.0/gems/rspec-core-3.12.2/lib/rspec/core/example.rb:352:in `call'
2024-03-11T04:23:17.5910215Z             # /home/runner/work/human-essentials/human-essentials/vendor/bundle/ruby/3.2.0/gems/webmock-3.23.0/lib/webmock/rspec.rb:39:in `block (2 levels) in <top (required)>'
2024-03-11T04:23:17.5912140Z             # /home/runner/work/human-essentials/human-essentials/vendor/bundle/ruby/3.2.0/gems/rspec-core-3.12.2/lib/rspec/core/example.rb:457:in `instance_exec'
2024-03-11T04:23:17.5913574Z             # /home/runner/work/human-essentials/human-essentials/vendor/bundle/ruby/3.2.0/gems/rspec-core-3.12.2/lib/rspec/core/example.rb:457:in `instance_exec'
2024-03-11T04:23:17.5914991Z             # /home/runner/work/human-essentials/human-essentials/vendor/bundle/ruby/3.2.0/gems/rspec-core-3.12.2/lib/rspec/core/hooks.rb:390:in `execute_with'
2024-03-11T04:23:17.5916570Z             # /home/runner/work/human-essentials/human-essentials/vendor/bundle/ruby/3.2.0/gems/rspec-core-3.12.2/lib/rspec/core/hooks.rb:628:in `block (2 levels) in run_around_example_hooks_for'
2024-03-11T04:23:17.5918094Z             # /home/runner/work/human-essentials/human-essentials/vendor/bundle/ruby/3.2.0/gems/rspec-core-3.12.2/lib/rspec/core/example.rb:352:in `call'
2024-03-11T04:23:17.5919683Z             # /home/runner/work/human-essentials/human-essentials/vendor/bundle/ruby/3.2.0/gems/knapsack_pro-7.0.0/lib/knapsack_pro/adapters/rspec_adapter.rb:103:in `block (2 levels) in ensure_no_focus!'
2024-03-11T04:23:17.5921291Z             # /home/runner/work/human-essentials/human-essentials/vendor/bundle/ruby/3.2.0/gems/rspec-core-3.12.2/lib/rspec/core/example.rb:457:in `instance_exec'
2024-03-11T04:23:17.5922713Z             # /home/runner/work/human-essentials/human-essentials/vendor/bundle/ruby/3.2.0/gems/rspec-core-3.12.2/lib/rspec/core/example.rb:457:in `instance_exec'
2024-03-11T04:23:17.5924113Z             # /home/runner/work/human-essentials/human-essentials/vendor/bundle/ruby/3.2.0/gems/rspec-core-3.12.2/lib/rspec/core/hooks.rb:390:in `execute_with'
2024-03-11T04:23:17.5925683Z             # /home/runner/work/human-essentials/human-essentials/vendor/bundle/ruby/3.2.0/gems/rspec-core-3.12.2/lib/rspec/core/hooks.rb:628:in `block (2 levels) in run_around_example_hooks_for'
2024-03-11T04:23:17.5927213Z             # /home/runner/work/human-essentials/human-essentials/vendor/bundle/ruby/3.2.0/gems/rspec-core-3.12.2/lib/rspec/core/example.rb:352:in `call'
2024-03-11T04:23:17.5928661Z             # /home/runner/work/human-essentials/human-essentials/vendor/bundle/ruby/3.2.0/gems/rspec-core-3.12.2/lib/rspec/core/hooks.rb:629:in `run_around_example_hooks_for'
2024-03-11T04:23:17.5930089Z             # /home/runner/work/human-essentials/human-essentials/vendor/bundle/ruby/3.2.0/gems/rspec-core-3.12.2/lib/rspec/core/hooks.rb:486:in `run'
2024-03-11T04:23:17.5931536Z             # /home/runner/work/human-essentials/human-essentials/vendor/bundle/ruby/3.2.0/gems/rspec-core-3.12.2/lib/rspec/core/example.rb:468:in `with_around_example_hooks'
2024-03-11T04:23:17.5933295Z             # /home/runner/work/human-essentials/human-essentials/vendor/bundle/ruby/3.2.0/gems/rspec-core-3.12.2/lib/rspec/core/example.rb:511:in `with_around_and_singleton_context_hooks'
2024-03-11T04:23:17.5934836Z             # /home/runner/work/human-essentials/human-essentials/vendor/bundle/ruby/3.2.0/gems/rspec-core-3.12.2/lib/rspec/core/example.rb:259:in `run'
2024-03-11T04:23:17.5936467Z             # /home/runner/work/human-essentials/human-essentials/vendor/bundle/ruby/3.2.0/gems/rspec-core-3.12.2/lib/rspec/core/example_group.rb:646:in `block in run_examples'
2024-03-11T04:23:17.5937950Z             # /home/runner/work/human-essentials/human-essentials/vendor/bundle/ruby/3.2.0/gems/rspec-core-3.12.2/lib/rspec/core/example_group.rb:642:in `map'
2024-03-11T04:23:17.5939393Z             # /home/runner/work/human-essentials/human-essentials/vendor/bundle/ruby/3.2.0/gems/rspec-core-3.12.2/lib/rspec/core/example_group.rb:642:in `run_examples'
2024-03-11T04:23:17.5940827Z             # /home/runner/work/human-essentials/human-essentials/vendor/bundle/ruby/3.2.0/gems/rspec-core-3.12.2/lib/rspec/core/example_group.rb:607:in `run'
2024-03-11T04:23:17.5942250Z             # /home/runner/work/human-essentials/human-essentials/vendor/bundle/ruby/3.2.0/gems/rspec-core-3.12.2/lib/rspec/core/example_group.rb:608:in `block in run'
2024-03-11T04:23:17.5943826Z             # /home/runner/work/human-essentials/human-essentials/vendor/bundle/ruby/3.2.0/gems/rspec-core-3.12.2/lib/rspec/core/example_group.rb:608:in `map'
2024-03-11T04:23:17.5945217Z             # /home/runner/work/human-essentials/human-essentials/vendor/bundle/ruby/3.2.0/gems/rspec-core-3.12.2/lib/rspec/core/example_group.rb:608:in `run'
2024-03-11T04:23:17.5946660Z             # /home/runner/work/human-essentials/human-essentials/vendor/bundle/ruby/3.2.0/gems/rspec-core-3.12.2/lib/rspec/core/example_group.rb:608:in `block in run'
2024-03-11T04:23:17.5948093Z             # /home/runner/work/human-essentials/human-essentials/vendor/bundle/ruby/3.2.0/gems/rspec-core-3.12.2/lib/rspec/core/example_group.rb:608:in `map'
2024-03-11T04:23:17.5949477Z             # /home/runner/work/human-essentials/human-essentials/vendor/bundle/ruby/3.2.0/gems/rspec-core-3.12.2/lib/rspec/core/example_group.rb:608:in `run'
2024-03-11T04:23:17.5951614Z             # /home/runner/work/human-essentials/human-essentials/vendor/bundle/ruby/3.2.0/gems/rspec-core-3.12.2/lib/rspec/core/runner.rb:121:in `block (3 levels) in run_specs'
2024-03-11T04:23:17.5954160Z             # /home/runner/work/human-essentials/human-essentials/vendor/bundle/ruby/3.2.0/gems/rspec-core-3.12.2/lib/rspec/core/runner.rb:121:in `map'
2024-03-11T04:23:17.5955662Z             # /home/runner/work/human-essentials/human-essentials/vendor/bundle/ruby/3.2.0/gems/rspec-core-3.12.2/lib/rspec/core/runner.rb:121:in `block (2 levels) in run_specs'
2024-03-11T04:23:17.5957220Z             # /home/runner/work/human-essentials/human-essentials/vendor/bundle/ruby/3.2.0/gems/rspec-core-3.12.2/lib/rspec/core/configuration.rb:2070:in `with_suite_hooks'
2024-03-11T04:23:17.5958730Z             # /home/runner/work/human-essentials/human-essentials/vendor/bundle/ruby/3.2.0/gems/rspec-core-3.12.2/lib/rspec/core/runner.rb:116:in `block in run_specs'
2024-03-11T04:23:17.5960158Z             # /home/runner/work/human-essentials/human-essentials/vendor/bundle/ruby/3.2.0/gems/rspec-core-3.12.2/lib/rspec/core/reporter.rb:74:in `report'
2024-03-11T04:23:17.5961530Z             # /home/runner/work/human-essentials/human-essentials/vendor/bundle/ruby/3.2.0/gems/rspec-core-3.12.2/lib/rspec/core/runner.rb:115:in `run_specs'
2024-03-11T04:23:17.5962873Z             # /home/runner/work/human-essentials/human-essentials/vendor/bundle/ruby/3.2.0/gems/rspec-core-3.12.2/lib/rspec/core/runner.rb:89:in `run'
2024-03-11T04:23:17.5964182Z             # /home/runner/work/human-essentials/human-essentials/vendor/bundle/ruby/3.2.0/gems/rspec-core-3.12.2/lib/rspec/core/runner.rb:71:in `run'
2024-03-11T04:23:17.5965500Z             # /home/runner/work/human-essentials/human-essentials/vendor/bundle/ruby/3.2.0/gems/rspec-core-3.12.2/lib/rspec/core/runner.rb:45:in `invoke'
2024-03-11T04:23:17.5966757Z             # /home/runner/work/human-essentials/human-essentials/vendor/bundle/ruby/3.2.0/gems/rspec-core-3.12.2/exe/rspec:4:in `<main>'
2024-03-11T04:23:17.5967656Z             # 
2024-03-11T04:23:17.5967999Z             #   Showing full backtrace because every line was filtered out.
2024-03-11T04:23:17.5968578Z             #   See docs for RSpec::Configuration#backtrace_exclusion_patterns and
2024-03-11T04:23:17.5969200Z             #   RSpec::Configuration#backtrace_inclusion_patterns for more information.
2024-03-11T04:23:17.5969583Z 
2024-03-11T04:23:17.5969720Z       32.3) Failure/Error: @sock.write(data)
2024-03-11T04:23:17.5969967Z 
2024-03-11T04:23:17.5970084Z             Ferrum::JavaScriptError:
2024-03-11T04:23:17.5970439Z               ReferenceError: $ is not defined
2024-03-11T04:23:17.5970856Z                   at http://127.0.0.1:42375/users/password/new:191:3
2024-03-11T04:23:17.5971843Z             # /home/runner/work/human-essentials/human-essentials/vendor/bundle/ruby/3.2.0/gems/ferrum-0.14/lib/ferrum/browser/web_socket.rb:81:in `write'
2024-03-11T04:23:17.5973197Z             # /home/runner/work/human-essentials/human-essentials/vendor/bundle/ruby/3.2.0/gems/ferrum-0.14/lib/ferrum/browser/web_socket.rb:81:in `write'
2024-03-11T04:23:17.5974779Z             # /home/runner/work/human-essentials/human-essentials/vendor/bundle/ruby/3.2.0/gems/websocket-driver-0.7.6/lib/websocket/driver/hybi.rb:229:in `send_frame'
2024-03-11T04:23:17.5976252Z             # /home/runner/work/human-essentials/human-essentials/vendor/bundle/ruby/3.2.0/gems/websocket-driver-0.7.6/lib/websocket/driver/hybi.rb:187:in `frame'
2024-03-11T04:23:17.5977655Z             # /home/runner/work/human-essentials/human-essentials/vendor/bundle/ruby/3.2.0/gems/websocket-driver-0.7.6/lib/websocket/driver.rb:120:in `text'
2024-03-11T04:23:17.5979109Z             # /home/runner/work/human-essentials/human-essentials/vendor/bundle/ruby/3.2.0/gems/ferrum-0.14/lib/ferrum/browser/web_socket.rb:76:in `send_message'
2024-03-11T04:23:17.5980482Z             # /home/runner/work/human-essentials/human-essentials/vendor/bundle/ruby/3.2.0/gems/ferrum-0.14/lib/ferrum/browser/client.rb:41:in `command'
2024-03-11T04:23:17.5981777Z             # /home/runner/work/human-essentials/human-essentials/vendor/bundle/ruby/3.2.0/gems/ferrum-0.14/lib/ferrum/page.rb:269:in `command'
2024-03-11T04:23:17.5983104Z             # /home/runner/work/human-essentials/human-essentials/vendor/bundle/ruby/3.2.0/gems/ferrum-0.14/lib/ferrum/frame/runtime.rb:118:in `block in call'
2024-03-11T04:23:17.5984480Z             # /home/runner/work/human-essentials/human-essentials/vendor/bundle/ruby/3.2.0/gems/ferrum-0.14/lib/ferrum/utils/attempt.rb:10:in `with_retry'
2024-03-11T04:23:17.5985800Z             # /home/runner/work/human-essentials/human-essentials/vendor/bundle/ruby/3.2.0/gems/ferrum-0.14/lib/ferrum/frame/runtime.rb:105:in `call'
2024-03-11T04:23:17.5987112Z             # /home/runner/work/human-essentials/human-essentials/vendor/bundle/ruby/3.2.0/gems/ferrum-0.14/lib/ferrum/frame/runtime.rb:33:in `evaluate'
2024-03-11T04:23:17.5988440Z             # /home/runner/work/human-essentials/human-essentials/vendor/bundle/ruby/3.2.0/gems/ferrum-0.14/lib/ferrum/frame/dom.rb:63:in `current_url'
2024-03-11T04:23:17.5989440Z             # /opt/hostedtoolcache/Ruby/3.2.2/x64/lib/ruby/3.2.0/forwardable.rb:240:in `current_url'
2024-03-11T04:23:17.5990175Z             # /opt/hostedtoolcache/Ruby/3.2.2/x64/lib/ruby/3.2.0/forwardable.rb:240:in `current_url'
2024-03-11T04:23:17.5991180Z             # /opt/hostedtoolcache/Ruby/3.2.2/x64/lib/ruby/3.2.0/forwardable.rb:240:in `current_url'
2024-03-11T04:23:17.5992313Z             # /home/runner/work/human-essentials/human-essentials/vendor/bundle/ruby/3.2.0/gems/capybara-3.40.0/lib/capybara/session.rb:232:in `current_url'
2024-03-11T04:23:17.5993897Z             # /home/runner/work/human-essentials/human-essentials/vendor/bundle/ruby/3.2.0/gems/capybara-screenshot-1.0.26/lib/capybara-screenshot/rspec.rb:56:in `block in after_failed_example'
2024-03-11T04:23:17.5995425Z             # /home/runner/work/human-essentials/human-essentials/vendor/bundle/ruby/3.2.0/gems/capybara-3.40.0/lib/capybara.rb:374:in `using_session'
2024-03-11T04:23:17.5997082Z             # /home/runner/work/human-essentials/human-essentials/vendor/bundle/ruby/3.2.0/gems/capybara-screenshot-1.0.26/lib/capybara-screenshot/capybara.rb:7:in `using_session'
2024-03-11T04:23:17.5998733Z             # /home/runner/work/human-essentials/human-essentials/vendor/bundle/ruby/3.2.0/gems/capybara-screenshot-1.0.26/lib/capybara-screenshot/rspec.rb:55:in `after_failed_example'
2024-03-11T04:23:17.6000478Z             # /home/runner/work/human-essentials/human-essentials/vendor/bundle/ruby/3.2.0/gems/capybara-screenshot-1.0.26/lib/capybara-screenshot/rspec.rb:99:in `block (2 levels) in <top (required)>'
2024-03-11T04:23:17.6002094Z             # /home/runner/work/human-essentials/human-essentials/vendor/bundle/ruby/3.2.0/gems/rspec-core-3.12.2/lib/rspec/core/example.rb:457:in `instance_exec'
2024-03-11T04:23:17.6003518Z             # /home/runner/work/human-essentials/human-essentials/vendor/bundle/ruby/3.2.0/gems/rspec-core-3.12.2/lib/rspec/core/example.rb:457:in `instance_exec'
2024-03-11T04:23:17.6005036Z             # /home/runner/work/human-essentials/human-essentials/vendor/bundle/ruby/3.2.0/gems/rspec-core-3.12.2/lib/rspec/core/hooks.rb:372:in `run'
2024-03-11T04:23:17.6006487Z             # /home/runner/work/human-essentials/human-essentials/vendor/bundle/ruby/3.2.0/gems/rspec-core-3.12.2/lib/rspec/core/hooks.rb:529:in `block in run_owned_hooks_for'
2024-03-11T04:23:17.6007930Z             # /home/runner/work/human-essentials/human-essentials/vendor/bundle/ruby/3.2.0/gems/rspec-core-3.12.2/lib/rspec/core/hooks.rb:528:in `each'
2024-03-11T04:23:17.6009328Z             # /home/runner/work/human-essentials/human-essentials/vendor/bundle/ruby/3.2.0/gems/rspec-core-3.12.2/lib/rspec/core/hooks.rb:528:in `run_owned_hooks_for'
2024-03-11T04:23:17.6010853Z             # /home/runner/work/human-essentials/human-essentials/vendor/bundle/ruby/3.2.0/gems/rspec-core-3.12.2/lib/rspec/core/hooks.rb:615:in `block in run_example_hooks_for'
2024-03-11T04:23:17.6012303Z             # /home/runner/work/human-essentials/human-essentials/vendor/bundle/ruby/3.2.0/gems/rspec-core-3.12.2/lib/rspec/core/hooks.rb:614:in `each'
2024-03-11T04:23:17.6013710Z             # /home/runner/work/human-essentials/human-essentials/vendor/bundle/ruby/3.2.0/gems/rspec-core-3.12.2/lib/rspec/core/hooks.rb:614:in `run_example_hooks_for'
2024-03-11T04:23:17.6015099Z             # /home/runner/work/human-essentials/human-essentials/vendor/bundle/ruby/3.2.0/gems/rspec-core-3.12.2/lib/rspec/core/hooks.rb:485:in `run'
2024-03-11T04:23:17.6016498Z             # /home/runner/work/human-essentials/human-essentials/vendor/bundle/ruby/3.2.0/gems/rspec-core-3.12.2/lib/rspec/core/example.rb:518:in `run_after_example'
2024-03-11T04:23:17.6017937Z             # /home/runner/work/human-essentials/human-essentials/vendor/bundle/ruby/3.2.0/gems/rspec-core-3.12.2/lib/rspec/core/example.rb:283:in `block in run'
2024-03-11T04:23:17.6019551Z             # /home/runner/work/human-essentials/human-essentials/vendor/bundle/ruby/3.2.0/gems/rspec-core-3.12.2/lib/rspec/core/example.rb:511:in `block in with_around_and_singleton_context_hooks'
2024-03-11T04:23:17.6021557Z             # /home/runner/work/human-essentials/human-essentials/vendor/bundle/ruby/3.2.0/gems/rspec-core-3.12.2/lib/rspec/core/example.rb:468:in `block in with_around_example_hooks'
2024-03-11T04:23:17.6023077Z             # /home/runner/work/human-essentials/human-essentials/vendor/bundle/ruby/3.2.0/gems/rspec-core-3.12.2/lib/rspec/core/hooks.rb:486:in `block in run'
2024-03-11T04:23:17.6024600Z             # /home/runner/work/human-essentials/human-essentials/vendor/bundle/ruby/3.2.0/gems/rspec-core-3.12.2/lib/rspec/core/hooks.rb:626:in `block in run_around_example_hooks_for'
2024-03-11T04:23:17.6026079Z             # /home/runner/work/human-essentials/human-essentials/vendor/bundle/ruby/3.2.0/gems/rspec-core-3.12.2/lib/rspec/core/example.rb:352:in `call'
2024-03-11T04:23:17.6027769Z             # /home/runner/work/human-essentials/human-essentials/vendor/bundle/ruby/3.2.0/gems/rspec-rails-6.1.1/lib/rspec/rails/example/system_example_group.rb:166:in `block (2 levels) in <module:SystemExampleGroup>'
2024-03-11T04:23:17.6029603Z             # /home/runner/work/human-essentials/human-essentials/vendor/bundle/ruby/3.2.0/gems/rspec-core-3.12.2/lib/rspec/core/example.rb:457:in `instance_exec'
2024-03-11T04:23:17.6031194Z             # /home/runner/work/human-essentials/human-essentials/vendor/bundle/ruby/3.2.0/gems/rspec-core-3.12.2/lib/rspec/core/example.rb:457:in `instance_exec'
2024-03-11T04:23:17.6032729Z             # /home/runner/work/human-essentials/human-essentials/vendor/bundle/ruby/3.2.0/gems/rspec-core-3.12.2/lib/rspec/core/hooks.rb:390:in `execute_with'
2024-03-11T04:23:17.6034324Z             # /home/runner/work/human-essentials/human-essentials/vendor/bundle/ruby/3.2.0/gems/rspec-core-3.12.2/lib/rspec/core/hooks.rb:628:in `block (2 levels) in run_around_example_hooks_for'
2024-03-11T04:23:17.6036018Z             # /home/runner/work/human-essentials/human-essentials/vendor/bundle/ruby/3.2.0/gems/rspec-core-3.12.2/lib/rspec/core/example.rb:352:in `call'
2024-03-11T04:23:17.6037625Z             # /home/runner/work/human-essentials/human-essentials/vendor/bundle/ruby/3.2.0/gems/rspec-rails-6.1.1/lib/rspec/rails/adapters.rb:75:in `block (2 levels) in <module:MinitestLifecycleAdapter>'
2024-03-11T04:23:17.6039248Z             # /home/runner/work/human-essentials/human-essentials/vendor/bundle/ruby/3.2.0/gems/rspec-core-3.12.2/lib/rspec/core/example.rb:457:in `instance_exec'
2024-03-11T04:23:17.6040679Z             # /home/runner/work/human-essentials/human-essentials/vendor/bundle/ruby/3.2.0/gems/rspec-core-3.12.2/lib/rspec/core/example.rb:457:in `instance_exec'
2024-03-11T04:23:17.6042091Z             # /home/runner/work/human-essentials/human-essentials/vendor/bundle/ruby/3.2.0/gems/rspec-core-3.12.2/lib/rspec/core/hooks.rb:390:in `execute_with'
2024-03-11T04:23:17.6043668Z             # /home/runner/work/human-essentials/human-essentials/vendor/bundle/ruby/3.2.0/gems/rspec-core-3.12.2/lib/rspec/core/hooks.rb:628:in `block (2 levels) in run_around_example_hooks_for'
2024-03-11T04:23:17.6045194Z             # /home/runner/work/human-essentials/human-essentials/vendor/bundle/ruby/3.2.0/gems/rspec-core-3.12.2/lib/rspec/core/example.rb:352:in `call'
2024-03-11T04:23:17.6046650Z             # /home/runner/work/human-essentials/human-essentials/vendor/bundle/ruby/3.2.0/gems/webmock-3.23.0/lib/webmock/rspec.rb:39:in `block (2 levels) in <top (required)>'
2024-03-11T04:23:17.6048150Z             # /home/runner/work/human-essentials/human-essentials/vendor/bundle/ruby/3.2.0/gems/rspec-core-3.12.2/lib/rspec/core/example.rb:457:in `instance_exec'
2024-03-11T04:23:17.6049575Z             # /home/runner/work/human-essentials/human-essentials/vendor/bundle/ruby/3.2.0/gems/rspec-core-3.12.2/lib/rspec/core/example.rb:457:in `instance_exec'
2024-03-11T04:23:17.6050986Z             # /home/runner/work/human-essentials/human-essentials/vendor/bundle/ruby/3.2.0/gems/rspec-core-3.12.2/lib/rspec/core/hooks.rb:390:in `execute_with'
2024-03-11T04:23:17.6052565Z             # /home/runner/work/human-essentials/human-essentials/vendor/bundle/ruby/3.2.0/gems/rspec-core-3.12.2/lib/rspec/core/hooks.rb:628:in `block (2 levels) in run_around_example_hooks_for'
2024-03-11T04:23:17.6054080Z             # /home/runner/work/human-essentials/human-essentials/vendor/bundle/ruby/3.2.0/gems/rspec-core-3.12.2/lib/rspec/core/example.rb:352:in `call'
2024-03-11T04:23:17.6055661Z             # /home/runner/work/human-essentials/human-essentials/vendor/bundle/ruby/3.2.0/gems/knapsack_pro-7.0.0/lib/knapsack_pro/adapters/rspec_adapter.rb:103:in `block (2 levels) in ensure_no_focus!'
2024-03-11T04:23:17.6057269Z             # /home/runner/work/human-essentials/human-essentials/vendor/bundle/ruby/3.2.0/gems/rspec-core-3.12.2/lib/rspec/core/example.rb:457:in `instance_exec'
2024-03-11T04:23:17.6058697Z             # /home/runner/work/human-essentials/human-essentials/vendor/bundle/ruby/3.2.0/gems/rspec-core-3.12.2/lib/rspec/core/example.rb:457:in `instance_exec'
2024-03-11T04:23:17.6060250Z             # /home/runner/work/human-essentials/human-essentials/vendor/bundle/ruby/3.2.0/gems/rspec-core-3.12.2/lib/rspec/core/hooks.rb:390:in `execute_with'
2024-03-11T04:23:17.6061822Z             # /home/runner/work/human-essentials/human-essentials/vendor/bundle/ruby/3.2.0/gems/rspec-core-3.12.2/lib/rspec/core/hooks.rb:628:in `block (2 levels) in run_around_example_hooks_for'
2024-03-11T04:23:17.6063345Z             # /home/runner/work/human-essentials/human-essentials/vendor/bundle/ruby/3.2.0/gems/rspec-core-3.12.2/lib/rspec/core/example.rb:352:in `call'
2024-03-11T04:23:17.6064802Z             # /home/runner/work/human-essentials/human-essentials/vendor/bundle/ruby/3.2.0/gems/rspec-core-3.12.2/lib/rspec/core/hooks.rb:629:in `run_around_example_hooks_for'
2024-03-11T04:23:17.6066230Z             # /home/runner/work/human-essentials/human-essentials/vendor/bundle/ruby/3.2.0/gems/rspec-core-3.12.2/lib/rspec/core/hooks.rb:486:in `run'
2024-03-11T04:23:17.6067804Z             # /home/runner/work/human-essentials/human-essentials/vendor/bundle/ruby/3.2.0/gems/rspec-core-3.12.2/lib/rspec/core/example.rb:468:in `with_around_example_hooks'
2024-03-11T04:23:17.6069426Z             # /home/runner/work/human-essentials/human-essentials/vendor/bundle/ruby/3.2.0/gems/rspec-core-3.12.2/lib/rspec/core/example.rb:511:in `with_around_and_singleton_context_hooks'
2024-03-11T04:23:17.6071185Z             # /home/runner/work/human-essentials/human-essentials/vendor/bundle/ruby/3.2.0/gems/rspec-core-3.12.2/lib/rspec/core/example.rb:259:in `run'
2024-03-11T04:23:17.6072673Z             # /home/runner/work/human-essentials/human-essentials/vendor/bundle/ruby/3.2.0/gems/rspec-core-3.12.2/lib/rspec/core/example_group.rb:646:in `block in run_examples'
2024-03-11T04:23:17.6074157Z             # /home/runner/work/human-essentials/human-essentials/vendor/bundle/ruby/3.2.0/gems/rspec-core-3.12.2/lib/rspec/core/example_group.rb:642:in `map'
2024-03-11T04:23:17.6075613Z             # /home/runner/work/human-essentials/human-essentials/vendor/bundle/ruby/3.2.0/gems/rspec-core-3.12.2/lib/rspec/core/example_group.rb:642:in `run_examples'
2024-03-11T04:23:17.6077050Z             # /home/runner/work/human-essentials/human-essentials/vendor/bundle/ruby/3.2.0/gems/rspec-core-3.12.2/lib/rspec/core/example_group.rb:607:in `run'
2024-03-11T04:23:17.6078526Z             # /home/runner/work/human-essentials/human-essentials/vendor/bundle/ruby/3.2.0/gems/rspec-core-3.12.2/lib/rspec/core/example_group.rb:608:in `block in run'
2024-03-11T04:23:17.6079952Z             # /home/runner/work/human-essentials/human-essentials/vendor/bundle/ruby/3.2.0/gems/rspec-core-3.12.2/lib/rspec/core/example_group.rb:608:in `map'
2024-03-11T04:23:17.6081337Z             # /home/runner/work/human-essentials/human-essentials/vendor/bundle/ruby/3.2.0/gems/rspec-core-3.12.2/lib/rspec/core/example_group.rb:608:in `run'
2024-03-11T04:23:17.6082777Z             # /home/runner/work/human-essentials/human-essentials/vendor/bundle/ruby/3.2.0/gems/rspec-core-3.12.2/lib/rspec/core/example_group.rb:608:in `block in run'
2024-03-11T04:23:17.6084205Z             # /home/runner/work/human-essentials/human-essentials/vendor/bundle/ruby/3.2.0/gems/rspec-core-3.12.2/lib/rspec/core/example_group.rb:608:in `map'
2024-03-11T04:23:17.6085585Z             # /home/runner/work/human-essentials/human-essentials/vendor/bundle/ruby/3.2.0/gems/rspec-core-3.12.2/lib/rspec/core/example_group.rb:608:in `run'
2024-03-11T04:23:17.6087067Z             # /home/runner/work/human-essentials/human-essentials/vendor/bundle/ruby/3.2.0/gems/rspec-core-3.12.2/lib/rspec/core/runner.rb:121:in `block (3 levels) in run_specs'
2024-03-11T04:23:17.6088511Z             # /home/runner/work/human-essentials/human-essentials/vendor/bundle/ruby/3.2.0/gems/rspec-core-3.12.2/lib/rspec/core/runner.rb:121:in `map'
2024-03-11T04:23:17.6089964Z             # /home/runner/work/human-essentials/human-essentials/vendor/bundle/ruby/3.2.0/gems/rspec-core-3.12.2/lib/rspec/core/runner.rb:121:in `block (2 levels) in run_specs'
2024-03-11T04:23:17.6091728Z             # /home/runner/work/human-essentials/human-essentials/vendor/bundle/ruby/3.2.0/gems/rspec-core-3.12.2/lib/rspec/core/configuration.rb:2070:in `with_suite_hooks'
2024-03-11T04:23:17.6093235Z             # /home/runner/work/human-essentials/human-essentials/vendor/bundle/ruby/3.2.0/gems/rspec-core-3.12.2/lib/rspec/core/runner.rb:116:in `block in run_specs'
2024-03-11T04:23:17.6094657Z             # /home/runner/work/human-essentials/human-essentials/vendor/bundle/ruby/3.2.0/gems/rspec-core-3.12.2/lib/rspec/core/reporter.rb:74:in `report'
2024-03-11T04:23:17.6096027Z             # /home/runner/work/human-essentials/human-essentials/vendor/bundle/ruby/3.2.0/gems/rspec-core-3.12.2/lib/rspec/core/runner.rb:115:in `run_specs'
2024-03-11T04:23:17.6097369Z             # /home/runner/work/human-essentials/human-essentials/vendor/bundle/ruby/3.2.0/gems/rspec-core-3.12.2/lib/rspec/core/runner.rb:89:in `run'
2024-03-11T04:23:17.6098807Z             # /home/runner/work/human-essentials/human-essentials/vendor/bundle/ruby/3.2.0/gems/rspec-core-3.12.2/lib/rspec/core/runner.rb:71:in `run'
2024-03-11T04:23:17.6100116Z             # /home/runner/work/human-essentials/human-essentials/vendor/bundle/ruby/3.2.0/gems/rspec-core-3.12.2/lib/rspec/core/runner.rb:45:in `invoke'
2024-03-11T04:23:17.6101370Z             # /home/runner/work/human-essentials/human-essentials/vendor/bundle/ruby/3.2.0/gems/rspec-core-3.12.2/exe/rspec:4:in `<main>'
2024-03-11T04:23:17.6102062Z             # 
2024-03-11T04:23:17.6102409Z             #   Showing full backtrace because every line was filtered out.
2024-03-11T04:23:17.6102990Z             #   See docs for RSpec::Configuration#backtrace_exclusion_patterns and
2024-03-11T04:23:17.6103605Z             #   RSpec::Configuration#backtrace_inclusion_patterns for more information.
2024-03-11T04:23:17.6103984Z 
2024-03-11T04:23:17.6104565Z   33) Authentication Showing the modal warning in staging when accessing /users/password/new not in the staging environment should not render the modal
2024-03-11T04:23:17.6105377Z       Got 0 failures and 3 other errors:
2024-03-11T04:23:17.6105621Z 
2024-03-11T04:23:17.6105731Z       33.1) Failure/Error: visit path
2024-03-11T04:23:17.6105959Z 
2024-03-11T04:23:17.6106070Z             Ferrum::JavaScriptError:
2024-03-11T04:23:17.6106878Z               TypeError: Failed to resolve module specifier "cocoon-js-vanilla". Relative references must start with either "/", "./", or "../".
2024-03-11T04:23:17.6107773Z             # ./spec/system/log_in_system_spec.rb:40:in `block (5 levels) in <top (required)>'
2024-03-11T04:23:17.6108176Z 
2024-03-11T04:23:17.6108375Z       33.2) Failure/Error: respond_to?(:empty?) ? !!empty? : !self
2024-03-11T04:23:17.6108695Z 
2024-03-11T04:23:17.6108809Z             Ferrum::JavaScriptError:
2024-03-11T04:23:17.6109148Z               ReferenceError: $ is not defined
2024-03-11T04:23:17.6109572Z                   at http://127.0.0.1:42375/users/password/new:129:5
2024-03-11T04:23:17.6110825Z             # /home/runner/work/human-essentials/human-essentials/vendor/bundle/ruby/3.2.0/gems/activesupport-7.0.8/lib/active_support/core_ext/object/blank.rb:19:in `directory?'
2024-03-11T04:23:17.6112398Z             # /home/runner/work/human-essentials/human-essentials/vendor/bundle/ruby/3.2.0/gems/activesupport-7.0.8/lib/active_support/core_ext/object/blank.rb:19:in `empty?'
2024-03-11T04:23:17.6113946Z             # /home/runner/work/human-essentials/human-essentials/vendor/bundle/ruby/3.2.0/gems/activesupport-7.0.8/lib/active_support/core_ext/object/blank.rb:19:in `blank?'
2024-03-11T04:23:17.6115505Z             # /home/runner/work/human-essentials/human-essentials/vendor/bundle/ruby/3.2.0/gems/activesupport-7.0.8/lib/active_support/core_ext/object/blank.rb:26:in `present?'
2024-03-11T04:23:17.6117060Z             # /home/runner/work/human-essentials/human-essentials/vendor/bundle/ruby/3.2.0/gems/activesupport-7.0.8/lib/active_support/core_ext/object/blank.rb:46:in `presence'
2024-03-11T04:23:17.6118926Z             # /home/runner/work/human-essentials/human-essentials/vendor/bundle/ruby/3.2.0/gems/actionpack-7.0.8/lib/action_dispatch/system_testing/test_helpers/screenshot_helper.rb:83:in `screenshots_dir'
2024-03-11T04:23:17.6120744Z             # /home/runner/work/human-essentials/human-essentials/vendor/bundle/ruby/3.2.0/gems/actionpack-7.0.8/lib/action_dispatch/system_testing/test_helpers/screenshot_helper.rb:79:in `absolute_path'
2024-03-11T04:23:17.6122560Z             # /home/runner/work/human-essentials/human-essentials/vendor/bundle/ruby/3.2.0/gems/actionpack-7.0.8/lib/action_dispatch/system_testing/test_helpers/screenshot_helper.rb:87:in `absolute_image_path'
2024-03-11T04:23:17.6124353Z             # /home/runner/work/human-essentials/human-essentials/vendor/bundle/ruby/3.2.0/gems/actionpack-7.0.8/lib/action_dispatch/system_testing/test_helpers/screenshot_helper.rb:99:in `save_image'
2024-03-11T04:23:17.6126284Z             # /home/runner/work/human-essentials/human-essentials/vendor/bundle/ruby/3.2.0/gems/actionpack-7.0.8/lib/action_dispatch/system_testing/test_helpers/screenshot_helper.rb:36:in `take_screenshot'
2024-03-11T04:23:17.6128134Z             # /home/runner/work/human-essentials/human-essentials/vendor/bundle/ruby/3.2.0/gems/actionpack-7.0.8/lib/action_dispatch/system_testing/test_helpers/screenshot_helper.rb:45:in `take_failed_screenshot'
2024-03-11T04:23:17.6129964Z             # /home/runner/work/human-essentials/human-essentials/vendor/bundle/ruby/3.2.0/gems/actionpack-7.0.8/lib/action_dispatch/system_testing/test_helpers/setup_and_teardown.rb:8:in `before_teardown'
2024-03-11T04:23:17.6131654Z             # /home/runner/work/human-essentials/human-essentials/vendor/bundle/ruby/3.2.0/gems/rspec-rails-6.1.1/lib/rspec/rails/example/system_example_group.rb:156:in `call'
2024-03-11T04:23:17.6133598Z             # /home/runner/work/human-essentials/human-essentials/vendor/bundle/ruby/3.2.0/gems/rspec-rails-6.1.1/lib/rspec/rails/example/system_example_group.rb:156:in `block (2 levels) in <module:SystemExampleGroup>'
2024-03-11T04:23:17.6135318Z             # /home/runner/work/human-essentials/human-essentials/vendor/bundle/ruby/3.2.0/gems/rspec-core-3.12.2/lib/rspec/core/example.rb:457:in `instance_exec'
2024-03-11T04:23:17.6136744Z             # /home/runner/work/human-essentials/human-essentials/vendor/bundle/ruby/3.2.0/gems/rspec-core-3.12.2/lib/rspec/core/example.rb:457:in `instance_exec'
2024-03-11T04:23:17.6138110Z             # /home/runner/work/human-essentials/human-essentials/vendor/bundle/ruby/3.2.0/gems/rspec-core-3.12.2/lib/rspec/core/hooks.rb:372:in `run'
2024-03-11T04:23:17.6139554Z             # /home/runner/work/human-essentials/human-essentials/vendor/bundle/ruby/3.2.0/gems/rspec-core-3.12.2/lib/rspec/core/hooks.rb:529:in `block in run_owned_hooks_for'
2024-03-11T04:23:17.6140989Z             # /home/runner/work/human-essentials/human-essentials/vendor/bundle/ruby/3.2.0/gems/rspec-core-3.12.2/lib/rspec/core/hooks.rb:528:in `each'
2024-03-11T04:23:17.6142391Z             # /home/runner/work/human-essentials/human-essentials/vendor/bundle/ruby/3.2.0/gems/rspec-core-3.12.2/lib/rspec/core/hooks.rb:528:in `run_owned_hooks_for'
2024-03-11T04:23:17.6143919Z             # /home/runner/work/human-essentials/human-essentials/vendor/bundle/ruby/3.2.0/gems/rspec-core-3.12.2/lib/rspec/core/hooks.rb:615:in `block in run_example_hooks_for'
2024-03-11T04:23:17.6145347Z             # /home/runner/work/human-essentials/human-essentials/vendor/bundle/ruby/3.2.0/gems/rspec-core-3.12.2/lib/rspec/core/hooks.rb:614:in `each'
2024-03-11T04:23:17.6146750Z             # /home/runner/work/human-essentials/human-essentials/vendor/bundle/ruby/3.2.0/gems/rspec-core-3.12.2/lib/rspec/core/hooks.rb:614:in `run_example_hooks_for'
2024-03-11T04:23:17.6148143Z             # /home/runner/work/human-essentials/human-essentials/vendor/bundle/ruby/3.2.0/gems/rspec-core-3.12.2/lib/rspec/core/hooks.rb:485:in `run'
2024-03-11T04:23:17.6149681Z             # /home/runner/work/human-essentials/human-essentials/vendor/bundle/ruby/3.2.0/gems/rspec-core-3.12.2/lib/rspec/core/example.rb:518:in `run_after_example'
2024-03-11T04:23:17.6151334Z             # /home/runner/work/human-essentials/human-essentials/vendor/bundle/ruby/3.2.0/gems/rspec-core-3.12.2/lib/rspec/core/example.rb:283:in `block in run'
2024-03-11T04:23:17.6152941Z             # /home/runner/work/human-essentials/human-essentials/vendor/bundle/ruby/3.2.0/gems/rspec-core-3.12.2/lib/rspec/core/example.rb:511:in `block in with_around_and_singleton_context_hooks'
2024-03-11T04:23:17.6154648Z             # /home/runner/work/human-essentials/human-essentials/vendor/bundle/ruby/3.2.0/gems/rspec-core-3.12.2/lib/rspec/core/example.rb:468:in `block in with_around_example_hooks'
2024-03-11T04:23:17.6156163Z             # /home/runner/work/human-essentials/human-essentials/vendor/bundle/ruby/3.2.0/gems/rspec-core-3.12.2/lib/rspec/core/hooks.rb:486:in `block in run'
2024-03-11T04:23:17.6157853Z             # /home/runner/work/human-essentials/human-essentials/vendor/bundle/ruby/3.2.0/gems/rspec-core-3.12.2/lib/rspec/core/hooks.rb:626:in `block in run_around_example_hooks_for'
2024-03-11T04:23:17.6159335Z             # /home/runner/work/human-essentials/human-essentials/vendor/bundle/ruby/3.2.0/gems/rspec-core-3.12.2/lib/rspec/core/example.rb:352:in `call'
2024-03-11T04:23:17.6161024Z             # /home/runner/work/human-essentials/human-essentials/vendor/bundle/ruby/3.2.0/gems/rspec-rails-6.1.1/lib/rspec/rails/example/system_example_group.rb:166:in `block (2 levels) in <module:SystemExampleGroup>'
2024-03-11T04:23:17.6162732Z             # /home/runner/work/human-essentials/human-essentials/vendor/bundle/ruby/3.2.0/gems/rspec-core-3.12.2/lib/rspec/core/example.rb:457:in `instance_exec'
2024-03-11T04:23:17.6164153Z             # /home/runner/work/human-essentials/human-essentials/vendor/bundle/ruby/3.2.0/gems/rspec-core-3.12.2/lib/rspec/core/example.rb:457:in `instance_exec'
2024-03-11T04:23:17.6165567Z             # /home/runner/work/human-essentials/human-essentials/vendor/bundle/ruby/3.2.0/gems/rspec-core-3.12.2/lib/rspec/core/hooks.rb:390:in `execute_with'
2024-03-11T04:23:17.6167130Z             # /home/runner/work/human-essentials/human-essentials/vendor/bundle/ruby/3.2.0/gems/rspec-core-3.12.2/lib/rspec/core/hooks.rb:628:in `block (2 levels) in run_around_example_hooks_for'
2024-03-11T04:23:17.6168651Z             # /home/runner/work/human-essentials/human-essentials/vendor/bundle/ruby/3.2.0/gems/rspec-core-3.12.2/lib/rspec/core/example.rb:352:in `call'
2024-03-11T04:23:17.6170256Z             # /home/runner/work/human-essentials/human-essentials/vendor/bundle/ruby/3.2.0/gems/rspec-rails-6.1.1/lib/rspec/rails/adapters.rb:75:in `block (2 levels) in <module:MinitestLifecycleAdapter>'
2024-03-11T04:23:17.6171876Z             # /home/runner/work/human-essentials/human-essentials/vendor/bundle/ruby/3.2.0/gems/rspec-core-3.12.2/lib/rspec/core/example.rb:457:in `instance_exec'
2024-03-11T04:23:17.6173300Z             # /home/runner/work/human-essentials/human-essentials/vendor/bundle/ruby/3.2.0/gems/rspec-core-3.12.2/lib/rspec/core/example.rb:457:in `instance_exec'
2024-03-11T04:23:17.6174706Z             # /home/runner/work/human-essentials/human-essentials/vendor/bundle/ruby/3.2.0/gems/rspec-core-3.12.2/lib/rspec/core/hooks.rb:390:in `execute_with'
2024-03-11T04:23:17.6176279Z             # /home/runner/work/human-essentials/human-essentials/vendor/bundle/ruby/3.2.0/gems/rspec-core-3.12.2/lib/rspec/core/hooks.rb:628:in `block (2 levels) in run_around_example_hooks_for'
2024-03-11T04:23:17.6177828Z             # /home/runner/work/human-essentials/human-essentials/vendor/bundle/ruby/3.2.0/gems/rspec-core-3.12.2/lib/rspec/core/example.rb:352:in `call'
2024-03-11T04:23:17.6179287Z             # /home/runner/work/human-essentials/human-essentials/vendor/bundle/ruby/3.2.0/gems/webmock-3.23.0/lib/webmock/rspec.rb:39:in `block (2 levels) in <top (required)>'
2024-03-11T04:23:17.6180775Z             # /home/runner/work/human-essentials/human-essentials/vendor/bundle/ruby/3.2.0/gems/rspec-core-3.12.2/lib/rspec/core/example.rb:457:in `instance_exec'
2024-03-11T04:23:17.6182338Z             # /home/runner/work/human-essentials/human-essentials/vendor/bundle/ruby/3.2.0/gems/rspec-core-3.12.2/lib/rspec/core/example.rb:457:in `instance_exec'
2024-03-11T04:23:17.6183755Z             # /home/runner/work/human-essentials/human-essentials/vendor/bundle/ruby/3.2.0/gems/rspec-core-3.12.2/lib/rspec/core/hooks.rb:390:in `execute_with'
2024-03-11T04:23:17.6185331Z             # /home/runner/work/human-essentials/human-essentials/vendor/bundle/ruby/3.2.0/gems/rspec-core-3.12.2/lib/rspec/core/hooks.rb:628:in `block (2 levels) in run_around_example_hooks_for'
2024-03-11T04:23:17.6186851Z             # /home/runner/work/human-essentials/human-essentials/vendor/bundle/ruby/3.2.0/gems/rspec-core-3.12.2/lib/rspec/core/example.rb:352:in `call'
2024-03-11T04:23:17.6188440Z             # /home/runner/work/human-essentials/human-essentials/vendor/bundle/ruby/3.2.0/gems/knapsack_pro-7.0.0/lib/knapsack_pro/adapters/rspec_adapter.rb:103:in `block (2 levels) in ensure_no_focus!'
2024-03-11T04:23:17.6190166Z             # /home/runner/work/human-essentials/human-essentials/vendor/bundle/ruby/3.2.0/gems/rspec-core-3.12.2/lib/rspec/core/example.rb:457:in `instance_exec'
2024-03-11T04:23:17.6191875Z             # /home/runner/work/human-essentials/human-essentials/vendor/bundle/ruby/3.2.0/gems/rspec-core-3.12.2/lib/rspec/core/example.rb:457:in `instance_exec'
2024-03-11T04:23:17.6193285Z             # /home/runner/work/human-essentials/human-essentials/vendor/bundle/ruby/3.2.0/gems/rspec-core-3.12.2/lib/rspec/core/hooks.rb:390:in `execute_with'
2024-03-11T04:23:17.6194850Z             # /home/runner/work/human-essentials/human-essentials/vendor/bundle/ruby/3.2.0/gems/rspec-core-3.12.2/lib/rspec/core/hooks.rb:628:in `block (2 levels) in run_around_example_hooks_for'
2024-03-11T04:23:17.6196374Z             # /home/runner/work/human-essentials/human-essentials/vendor/bundle/ruby/3.2.0/gems/rspec-core-3.12.2/lib/rspec/core/example.rb:352:in `call'
2024-03-11T04:23:17.6197845Z             # /home/runner/work/human-essentials/human-essentials/vendor/bundle/ruby/3.2.0/gems/rspec-core-3.12.2/lib/rspec/core/hooks.rb:629:in `run_around_example_hooks_for'
2024-03-11T04:23:17.6199278Z             # /home/runner/work/human-essentials/human-essentials/vendor/bundle/ruby/3.2.0/gems/rspec-core-3.12.2/lib/rspec/core/hooks.rb:486:in `run'
2024-03-11T04:23:17.6200726Z             # /home/runner/work/human-essentials/human-essentials/vendor/bundle/ruby/3.2.0/gems/rspec-core-3.12.2/lib/rspec/core/example.rb:468:in `with_around_example_hooks'
2024-03-11T04:23:17.6202357Z             # /home/runner/work/human-essentials/human-essentials/vendor/bundle/ruby/3.2.0/gems/rspec-core-3.12.2/lib/rspec/core/example.rb:511:in `with_around_and_singleton_context_hooks'
2024-03-11T04:23:17.6203860Z             # /home/runner/work/human-essentials/human-essentials/vendor/bundle/ruby/3.2.0/gems/rspec-core-3.12.2/lib/rspec/core/example.rb:259:in `run'
2024-03-11T04:23:17.6205331Z             # /home/runner/work/human-essentials/human-essentials/vendor/bundle/ruby/3.2.0/gems/rspec-core-3.12.2/lib/rspec/core/example_group.rb:646:in `block in run_examples'
2024-03-11T04:23:17.6206813Z             # /home/runner/work/human-essentials/human-essentials/vendor/bundle/ruby/3.2.0/gems/rspec-core-3.12.2/lib/rspec/core/example_group.rb:642:in `map'
2024-03-11T04:23:17.6208245Z             # /home/runner/work/human-essentials/human-essentials/vendor/bundle/ruby/3.2.0/gems/rspec-core-3.12.2/lib/rspec/core/example_group.rb:642:in `run_examples'
2024-03-11T04:23:17.6209687Z             # /home/runner/work/human-essentials/human-essentials/vendor/bundle/ruby/3.2.0/gems/rspec-core-3.12.2/lib/rspec/core/example_group.rb:607:in `run'
2024-03-11T04:23:17.6211117Z             # /home/runner/work/human-essentials/human-essentials/vendor/bundle/ruby/3.2.0/gems/rspec-core-3.12.2/lib/rspec/core/example_group.rb:608:in `block in run'
2024-03-11T04:23:17.6212735Z             # /home/runner/work/human-essentials/human-essentials/vendor/bundle/ruby/3.2.0/gems/rspec-core-3.12.2/lib/rspec/core/example_group.rb:608:in `map'
2024-03-11T04:23:17.6214127Z             # /home/runner/work/human-essentials/human-essentials/vendor/bundle/ruby/3.2.0/gems/rspec-core-3.12.2/lib/rspec/core/example_group.rb:608:in `run'
2024-03-11T04:23:17.6215572Z             # /home/runner/work/human-essentials/human-essentials/vendor/bundle/ruby/3.2.0/gems/rspec-core-3.12.2/lib/rspec/core/example_group.rb:608:in `block in run'
2024-03-11T04:23:17.6217005Z             # /home/runner/work/human-essentials/human-essentials/vendor/bundle/ruby/3.2.0/gems/rspec-core-3.12.2/lib/rspec/core/example_group.rb:608:in `map'
2024-03-11T04:23:17.6218384Z             # /home/runner/work/human-essentials/human-essentials/vendor/bundle/ruby/3.2.0/gems/rspec-core-3.12.2/lib/rspec/core/example_group.rb:608:in `run'
2024-03-11T04:23:17.6219884Z             # /home/runner/work/human-essentials/human-essentials/vendor/bundle/ruby/3.2.0/gems/rspec-core-3.12.2/lib/rspec/core/runner.rb:121:in `block (3 levels) in run_specs'
2024-03-11T04:23:17.6221464Z             # /home/runner/work/human-essentials/human-essentials/vendor/bundle/ruby/3.2.0/gems/rspec-core-3.12.2/lib/rspec/core/runner.rb:121:in `map'
2024-03-11T04:23:17.6222925Z             # /home/runner/work/human-essentials/human-essentials/vendor/bundle/ruby/3.2.0/gems/rspec-core-3.12.2/lib/rspec/core/runner.rb:121:in `block (2 levels) in run_specs'
2024-03-11T04:23:17.6224484Z             # /home/runner/work/human-essentials/human-essentials/vendor/bundle/ruby/3.2.0/gems/rspec-core-3.12.2/lib/rspec/core/configuration.rb:2070:in `with_suite_hooks'
2024-03-11T04:23:17.6225994Z             # /home/runner/work/human-essentials/human-essentials/vendor/bundle/ruby/3.2.0/gems/rspec-core-3.12.2/lib/rspec/core/runner.rb:116:in `block in run_specs'
2024-03-11T04:23:17.6227410Z             # /home/runner/work/human-essentials/human-essentials/vendor/bundle/ruby/3.2.0/gems/rspec-core-3.12.2/lib/rspec/core/reporter.rb:74:in `report'
2024-03-11T04:23:17.6228790Z             # /home/runner/work/human-essentials/human-essentials/vendor/bundle/ruby/3.2.0/gems/rspec-core-3.12.2/lib/rspec/core/runner.rb:115:in `run_specs'
2024-03-11T04:23:17.6230132Z             # /home/runner/work/human-essentials/human-essentials/vendor/bundle/ruby/3.2.0/gems/rspec-core-3.12.2/lib/rspec/core/runner.rb:89:in `run'
2024-03-11T04:23:17.6231603Z             # /home/runner/work/human-essentials/human-essentials/vendor/bundle/ruby/3.2.0/gems/rspec-core-3.12.2/lib/rspec/core/runner.rb:71:in `run'
2024-03-11T04:23:17.6232920Z             # /home/runner/work/human-essentials/human-essentials/vendor/bundle/ruby/3.2.0/gems/rspec-core-3.12.2/lib/rspec/core/runner.rb:45:in `invoke'
2024-03-11T04:23:17.6234298Z             # /home/runner/work/human-essentials/human-essentials/vendor/bundle/ruby/3.2.0/gems/rspec-core-3.12.2/exe/rspec:4:in `<main>'
2024-03-11T04:23:17.6235001Z             # 
2024-03-11T04:23:17.6235357Z             #   Showing full backtrace because every line was filtered out.
2024-03-11T04:23:17.6235933Z             #   See docs for RSpec::Configuration#backtrace_exclusion_patterns and
2024-03-11T04:23:17.6236547Z             #   RSpec::Configuration#backtrace_inclusion_patterns for more information.
2024-03-11T04:23:17.6236929Z 
2024-03-11T04:23:17.6237122Z       33.3) Failure/Error: @__Condition__.wait @__Lock__, timeout
2024-03-11T04:23:17.6237429Z 
2024-03-11T04:23:17.6237549Z             Ferrum::JavaScriptError:
2024-03-11T04:23:17.6237892Z               ReferenceError: $ is not defined
2024-03-11T04:23:17.6238316Z                   at http://127.0.0.1:42375/users/password/new:177:3
2024-03-11T04:23:17.6239564Z             # /home/runner/work/human-essentials/human-essentials/vendor/bundle/ruby/3.2.0/gems/concurrent-ruby-1.2.3/lib/concurrent-ruby/concurrent/synchronization/mutex_lockable_object.rb:53:in `sleep'
2024-03-11T04:23:17.6241430Z             # /home/runner/work/human-essentials/human-essentials/vendor/bundle/ruby/3.2.0/gems/concurrent-ruby-1.2.3/lib/concurrent-ruby/concurrent/synchronization/mutex_lockable_object.rb:53:in `wait'
2024-03-11T04:23:17.6243474Z             # /home/runner/work/human-essentials/human-essentials/vendor/bundle/ruby/3.2.0/gems/concurrent-ruby-1.2.3/lib/concurrent-ruby/concurrent/synchronization/mutex_lockable_object.rb:53:in `ns_wait'
2024-03-11T04:23:17.6245445Z             # /home/runner/work/human-essentials/human-essentials/vendor/bundle/ruby/3.2.0/gems/concurrent-ruby-1.2.3/lib/concurrent-ruby/concurrent/synchronization/abstract_lockable_object.rb:44:in `block in ns_wait_until'
2024-03-11T04:23:17.6247406Z             # /home/runner/work/human-essentials/human-essentials/vendor/bundle/ruby/3.2.0/gems/concurrent-ruby-1.2.3/lib/concurrent-ruby/concurrent/synchronization/abstract_lockable_object.rb:40:in `loop'
2024-03-11T04:23:17.6249329Z             # /home/runner/work/human-essentials/human-essentials/vendor/bundle/ruby/3.2.0/gems/concurrent-ruby-1.2.3/lib/concurrent-ruby/concurrent/synchronization/abstract_lockable_object.rb:40:in `ns_wait_until'
2024-03-11T04:23:17.6251276Z             # /home/runner/work/human-essentials/human-essentials/vendor/bundle/ruby/3.2.0/gems/concurrent-ruby-1.2.3/lib/concurrent-ruby/concurrent/atomic/event.rb:87:in `block in wait'
2024-03-11T04:23:17.6253119Z             # /home/runner/work/human-essentials/human-essentials/vendor/bundle/ruby/3.2.0/gems/concurrent-ruby-1.2.3/lib/concurrent-ruby/concurrent/synchronization/mutex_lockable_object.rb:48:in `block in synchronize'
2024-03-11T04:23:17.6255073Z             # /home/runner/work/human-essentials/human-essentials/vendor/bundle/ruby/3.2.0/gems/concurrent-ruby-1.2.3/lib/concurrent-ruby/concurrent/synchronization/mutex_lockable_object.rb:48:in `synchronize'
2024-03-11T04:23:17.6256988Z             # /home/runner/work/human-essentials/human-essentials/vendor/bundle/ruby/3.2.0/gems/concurrent-ruby-1.2.3/lib/concurrent-ruby/concurrent/synchronization/mutex_lockable_object.rb:48:in `synchronize'
2024-03-11T04:23:17.6258733Z             # /home/runner/work/human-essentials/human-essentials/vendor/bundle/ruby/3.2.0/gems/concurrent-ruby-1.2.3/lib/concurrent-ruby/concurrent/atomic/event.rb:84:in `wait'
2024-03-11T04:23:17.6260369Z             # /home/runner/work/human-essentials/human-essentials/vendor/bundle/ruby/3.2.0/gems/concurrent-ruby-1.2.3/lib/concurrent-ruby/concurrent/concern/obligation.rb:75:in `wait'
2024-03-11T04:23:17.6262036Z             # /home/runner/work/human-essentials/human-essentials/vendor/bundle/ruby/3.2.0/gems/concurrent-ruby-1.2.3/lib/concurrent-ruby/concurrent/concern/obligation.rb:99:in `value!'
2024-03-11T04:23:17.6263530Z             # /home/runner/work/human-essentials/human-essentials/vendor/bundle/ruby/3.2.0/gems/ferrum-0.14/lib/ferrum/browser/client.rb:42:in `command'
2024-03-11T04:23:17.6264811Z             # /home/runner/work/human-essentials/human-essentials/vendor/bundle/ruby/3.2.0/gems/ferrum-0.14/lib/ferrum/page.rb:269:in `command'
2024-03-11T04:23:17.6266142Z             # /home/runner/work/human-essentials/human-essentials/vendor/bundle/ruby/3.2.0/gems/ferrum-0.14/lib/ferrum/frame/runtime.rb:118:in `block in call'
2024-03-11T04:23:17.6267506Z             # /home/runner/work/human-essentials/human-essentials/vendor/bundle/ruby/3.2.0/gems/ferrum-0.14/lib/ferrum/utils/attempt.rb:10:in `with_retry'
2024-03-11T04:23:17.6268828Z             # /home/runner/work/human-essentials/human-essentials/vendor/bundle/ruby/3.2.0/gems/ferrum-0.14/lib/ferrum/frame/runtime.rb:105:in `call'
2024-03-11T04:23:17.6270140Z             # /home/runner/work/human-essentials/human-essentials/vendor/bundle/ruby/3.2.0/gems/ferrum-0.14/lib/ferrum/frame/runtime.rb:33:in `evaluate'
2024-03-11T04:23:17.6271684Z             # /home/runner/work/human-essentials/human-essentials/vendor/bundle/ruby/3.2.0/gems/ferrum-0.14/lib/ferrum/frame/dom.rb:63:in `current_url'
2024-03-11T04:23:17.6272684Z             # /opt/hostedtoolcache/Ruby/3.2.2/x64/lib/ruby/3.2.0/forwardable.rb:240:in `current_url'
2024-03-11T04:23:17.6273595Z             # /opt/hostedtoolcache/Ruby/3.2.2/x64/lib/ruby/3.2.0/forwardable.rb:240:in `current_url'
2024-03-11T04:23:17.6274332Z             # /opt/hostedtoolcache/Ruby/3.2.2/x64/lib/ruby/3.2.0/forwardable.rb:240:in `current_url'
2024-03-11T04:23:17.6275453Z             # /home/runner/work/human-essentials/human-essentials/vendor/bundle/ruby/3.2.0/gems/capybara-3.40.0/lib/capybara/session.rb:232:in `current_url'
2024-03-11T04:23:17.6277032Z             # /home/runner/work/human-essentials/human-essentials/vendor/bundle/ruby/3.2.0/gems/capybara-screenshot-1.0.26/lib/capybara-screenshot/rspec.rb:56:in `block in after_failed_example'
2024-03-11T04:23:17.6278587Z             # /home/runner/work/human-essentials/human-essentials/vendor/bundle/ruby/3.2.0/gems/capybara-3.40.0/lib/capybara.rb:374:in `using_session'
2024-03-11T04:23:17.6280063Z             # /home/runner/work/human-essentials/human-essentials/vendor/bundle/ruby/3.2.0/gems/capybara-screenshot-1.0.26/lib/capybara-screenshot/capybara.rb:7:in `using_session'
2024-03-11T04:23:17.6281854Z             # /home/runner/work/human-essentials/human-essentials/vendor/bundle/ruby/3.2.0/gems/capybara-screenshot-1.0.26/lib/capybara-screenshot/rspec.rb:55:in `after_failed_example'
2024-03-11T04:23:17.6283603Z             # /home/runner/work/human-essentials/human-essentials/vendor/bundle/ruby/3.2.0/gems/capybara-screenshot-1.0.26/lib/capybara-screenshot/rspec.rb:99:in `block (2 levels) in <top (required)>'
2024-03-11T04:23:17.6285223Z             # /home/runner/work/human-essentials/human-essentials/vendor/bundle/ruby/3.2.0/gems/rspec-core-3.12.2/lib/rspec/core/example.rb:457:in `instance_exec'
2024-03-11T04:23:17.6286664Z             # /home/runner/work/human-essentials/human-essentials/vendor/bundle/ruby/3.2.0/gems/rspec-core-3.12.2/lib/rspec/core/example.rb:457:in `instance_exec'
2024-03-11T04:23:17.6288034Z             # /home/runner/work/human-essentials/human-essentials/vendor/bundle/ruby/3.2.0/gems/rspec-core-3.12.2/lib/rspec/core/hooks.rb:372:in `run'
2024-03-11T04:23:17.6289486Z             # /home/runner/work/human-essentials/human-essentials/vendor/bundle/ruby/3.2.0/gems/rspec-core-3.12.2/lib/rspec/core/hooks.rb:529:in `block in run_owned_hooks_for'
2024-03-11T04:23:17.6290916Z             # /home/runner/work/human-essentials/human-essentials/vendor/bundle/ruby/3.2.0/gems/rspec-core-3.12.2/lib/rspec/core/hooks.rb:528:in `each'
2024-03-11T04:23:17.6292321Z             # /home/runner/work/human-essentials/human-essentials/vendor/bundle/ruby/3.2.0/gems/rspec-core-3.12.2/lib/rspec/core/hooks.rb:528:in `run_owned_hooks_for'
2024-03-11T04:23:17.6293852Z             # /home/runner/work/human-essentials/human-essentials/vendor/bundle/ruby/3.2.0/gems/rspec-core-3.12.2/lib/rspec/core/hooks.rb:615:in `block in run_example_hooks_for'
2024-03-11T04:23:17.6295287Z             # /home/runner/work/human-essentials/human-essentials/vendor/bundle/ruby/3.2.0/gems/rspec-core-3.12.2/lib/rspec/core/hooks.rb:614:in `each'
2024-03-11T04:23:17.6296706Z             # /home/runner/work/human-essentials/human-essentials/vendor/bundle/ruby/3.2.0/gems/rspec-core-3.12.2/lib/rspec/core/hooks.rb:614:in `run_example_hooks_for'
2024-03-11T04:23:17.6298104Z             # /home/runner/work/human-essentials/human-essentials/vendor/bundle/ruby/3.2.0/gems/rspec-core-3.12.2/lib/rspec/core/hooks.rb:485:in `run'
2024-03-11T04:23:17.6299502Z             # /home/runner/work/human-essentials/human-essentials/vendor/bundle/ruby/3.2.0/gems/rspec-core-3.12.2/lib/rspec/core/example.rb:518:in `run_after_example'
2024-03-11T04:23:17.6300950Z             # /home/runner/work/human-essentials/human-essentials/vendor/bundle/ruby/3.2.0/gems/rspec-core-3.12.2/lib/rspec/core/example.rb:283:in `block in run'
2024-03-11T04:23:17.6302551Z             # /home/runner/work/human-essentials/human-essentials/vendor/bundle/ruby/3.2.0/gems/rspec-core-3.12.2/lib/rspec/core/example.rb:511:in `block in with_around_and_singleton_context_hooks'
2024-03-11T04:23:17.6304249Z             # /home/runner/work/human-essentials/human-essentials/vendor/bundle/ruby/3.2.0/gems/rspec-core-3.12.2/lib/rspec/core/example.rb:468:in `block in with_around_example_hooks'
2024-03-11T04:23:17.6305926Z             # /home/runner/work/human-essentials/human-essentials/vendor/bundle/ruby/3.2.0/gems/rspec-core-3.12.2/lib/rspec/core/hooks.rb:486:in `block in run'
2024-03-11T04:23:17.6307453Z             # /home/runner/work/human-essentials/human-essentials/vendor/bundle/ruby/3.2.0/gems/rspec-core-3.12.2/lib/rspec/core/hooks.rb:626:in `block in run_around_example_hooks_for'
2024-03-11T04:23:17.6308937Z             # /home/runner/work/human-essentials/human-essentials/vendor/bundle/ruby/3.2.0/gems/rspec-core-3.12.2/lib/rspec/core/example.rb:352:in `call'
2024-03-11T04:23:17.6310870Z             # /home/runner/work/human-essentials/human-essentials/vendor/bundle/ruby/3.2.0/gems/rspec-rails-6.1.1/lib/rspec/rails/example/system_example_group.rb:166:in `block (2 levels) in <module:SystemExampleGroup>'
2024-03-11T04:23:17.6312780Z             # /home/runner/work/human-essentials/human-essentials/vendor/bundle/ruby/3.2.0/gems/rspec-core-3.12.2/lib/rspec/core/example.rb:457:in `instance_exec'
2024-03-11T04:23:17.6314226Z             # /home/runner/work/human-essentials/human-essentials/vendor/bundle/ruby/3.2.0/gems/rspec-core-3.12.2/lib/rspec/core/example.rb:457:in `instance_exec'
2024-03-11T04:23:17.6315645Z             # /home/runner/work/human-essentials/human-essentials/vendor/bundle/ruby/3.2.0/gems/rspec-core-3.12.2/lib/rspec/core/hooks.rb:390:in `execute_with'
2024-03-11T04:23:17.6317225Z             # /home/runner/work/human-essentials/human-essentials/vendor/bundle/ruby/3.2.0/gems/rspec-core-3.12.2/lib/rspec/core/hooks.rb:628:in `block (2 levels) in run_around_example_hooks_for'
2024-03-11T04:23:17.6318752Z             # /home/runner/work/human-essentials/human-essentials/vendor/bundle/ruby/3.2.0/gems/rspec-core-3.12.2/lib/rspec/core/example.rb:352:in `call'
2024-03-11T04:23:17.6320356Z             # /home/runner/work/human-essentials/human-essentials/vendor/bundle/ruby/3.2.0/gems/rspec-rails-6.1.1/lib/rspec/rails/adapters.rb:75:in `block (2 levels) in <module:MinitestLifecycleAdapter>'
2024-03-11T04:23:17.6321987Z             # /home/runner/work/human-essentials/human-essentials/vendor/bundle/ruby/3.2.0/gems/rspec-core-3.12.2/lib/rspec/core/example.rb:457:in `instance_exec'
2024-03-11T04:23:17.6323423Z             # /home/runner/work/human-essentials/human-essentials/vendor/bundle/ruby/3.2.0/gems/rspec-core-3.12.2/lib/rspec/core/example.rb:457:in `instance_exec'
2024-03-11T04:23:17.6324832Z             # /home/runner/work/human-essentials/human-essentials/vendor/bundle/ruby/3.2.0/gems/rspec-core-3.12.2/lib/rspec/core/hooks.rb:390:in `execute_with'
2024-03-11T04:23:17.6326403Z             # /home/runner/work/human-essentials/human-essentials/vendor/bundle/ruby/3.2.0/gems/rspec-core-3.12.2/lib/rspec/core/hooks.rb:628:in `block (2 levels) in run_around_example_hooks_for'
2024-03-11T04:23:17.6327922Z             # /home/runner/work/human-essentials/human-essentials/vendor/bundle/ruby/3.2.0/gems/rspec-core-3.12.2/lib/rspec/core/example.rb:352:in `call'
2024-03-11T04:23:17.6329394Z             # /home/runner/work/human-essentials/human-essentials/vendor/bundle/ruby/3.2.0/gems/webmock-3.23.0/lib/webmock/rspec.rb:39:in `block (2 levels) in <top (required)>'
2024-03-11T04:23:17.6330882Z             # /home/runner/work/human-essentials/human-essentials/vendor/bundle/ruby/3.2.0/gems/rspec-core-3.12.2/lib/rspec/core/example.rb:457:in `instance_exec'
2024-03-11T04:23:17.6332312Z             # /home/runner/work/human-essentials/human-essentials/vendor/bundle/ruby/3.2.0/gems/rspec-core-3.12.2/lib/rspec/core/example.rb:457:in `instance_exec'
2024-03-11T04:23:17.6333715Z             # /home/runner/work/human-essentials/human-essentials/vendor/bundle/ruby/3.2.0/gems/rspec-core-3.12.2/lib/rspec/core/hooks.rb:390:in `execute_with'
2024-03-11T04:23:17.6335441Z             # /home/runner/work/human-essentials/human-essentials/vendor/bundle/ruby/3.2.0/gems/rspec-core-3.12.2/lib/rspec/core/hooks.rb:628:in `block (2 levels) in run_around_example_hooks_for'
2024-03-11T04:23:17.6337137Z             # /home/runner/work/human-essentials/human-essentials/vendor/bundle/ruby/3.2.0/gems/rspec-core-3.12.2/lib/rspec/core/example.rb:352:in `call'
2024-03-11T04:23:17.6338731Z             # /home/runner/work/human-essentials/human-essentials/vendor/bundle/ruby/3.2.0/gems/knapsack_pro-7.0.0/lib/knapsack_pro/adapters/rspec_adapter.rb:103:in `block (2 levels) in ensure_no_focus!'
2024-03-11T04:23:17.6340341Z             # /home/runner/work/human-essentials/human-essentials/vendor/bundle/ruby/3.2.0/gems/rspec-core-3.12.2/lib/rspec/core/example.rb:457:in `instance_exec'
2024-03-11T04:23:17.6341770Z             # /home/runner/work/human-essentials/human-essentials/vendor/bundle/ruby/3.2.0/gems/rspec-core-3.12.2/lib/rspec/core/example.rb:457:in `instance_exec'
2024-03-11T04:23:17.6343181Z             # /home/runner/work/human-essentials/human-essentials/vendor/bundle/ruby/3.2.0/gems/rspec-core-3.12.2/lib/rspec/core/hooks.rb:390:in `execute_with'
2024-03-11T04:23:17.6344876Z             # /home/runner/work/human-essentials/human-essentials/vendor/bundle/ruby/3.2.0/gems/rspec-core-3.12.2/lib/rspec/core/hooks.rb:628:in `block (2 levels) in run_around_example_hooks_for'
2024-03-11T04:23:17.6346403Z             # /home/runner/work/human-essentials/human-essentials/vendor/bundle/ruby/3.2.0/gems/rspec-core-3.12.2/lib/rspec/core/example.rb:352:in `call'
2024-03-11T04:23:17.6347852Z             # /home/runner/work/human-essentials/human-essentials/vendor/bundle/ruby/3.2.0/gems/rspec-core-3.12.2/lib/rspec/core/hooks.rb:629:in `run_around_example_hooks_for'
2024-03-11T04:23:17.6349284Z             # /home/runner/work/human-essentials/human-essentials/vendor/bundle/ruby/3.2.0/gems/rspec-core-3.12.2/lib/rspec/core/hooks.rb:486:in `run'
2024-03-11T04:23:17.6350910Z             # /home/runner/work/human-essentials/human-essentials/vendor/bundle/ruby/3.2.0/gems/rspec-core-3.12.2/lib/rspec/core/example.rb:468:in `with_around_example_hooks'
2024-03-11T04:23:17.6352559Z             # /home/runner/work/human-essentials/human-essentials/vendor/bundle/ruby/3.2.0/gems/rspec-core-3.12.2/lib/rspec/core/example.rb:511:in `with_around_and_singleton_context_hooks'
2024-03-11T04:23:17.6354061Z             # /home/runner/work/human-essentials/human-essentials/vendor/bundle/ruby/3.2.0/gems/rspec-core-3.12.2/lib/rspec/core/example.rb:259:in `run'
2024-03-11T04:23:17.6355537Z             # /home/runner/work/human-essentials/human-essentials/vendor/bundle/ruby/3.2.0/gems/rspec-core-3.12.2/lib/rspec/core/example_group.rb:646:in `block in run_examples'
2024-03-11T04:23:17.6357017Z             # /home/runner/work/human-essentials/human-essentials/vendor/bundle/ruby/3.2.0/gems/rspec-core-3.12.2/lib/rspec/core/example_group.rb:642:in `map'
2024-03-11T04:23:17.6358466Z             # /home/runner/work/human-essentials/human-essentials/vendor/bundle/ruby/3.2.0/gems/rspec-core-3.12.2/lib/rspec/core/example_group.rb:642:in `run_examples'
2024-03-11T04:23:17.6359906Z             # /home/runner/work/human-essentials/human-essentials/vendor/bundle/ruby/3.2.0/gems/rspec-core-3.12.2/lib/rspec/core/example_group.rb:607:in `run'
2024-03-11T04:23:17.6361344Z             # /home/runner/work/human-essentials/human-essentials/vendor/bundle/ruby/3.2.0/gems/rspec-core-3.12.2/lib/rspec/core/example_group.rb:608:in `block in run'
2024-03-11T04:23:17.6362791Z             # /home/runner/work/human-essentials/human-essentials/vendor/bundle/ruby/3.2.0/gems/rspec-core-3.12.2/lib/rspec/core/example_group.rb:608:in `map'
2024-03-11T04:23:17.6364184Z             # /home/runner/work/human-essentials/human-essentials/vendor/bundle/ruby/3.2.0/gems/rspec-core-3.12.2/lib/rspec/core/example_group.rb:608:in `run'
2024-03-11T04:23:17.6365673Z             # /home/runner/work/human-essentials/human-essentials/vendor/bundle/ruby/3.2.0/gems/rspec-core-3.12.2/lib/rspec/core/example_group.rb:608:in `block in run'
2024-03-11T04:23:17.6367097Z             # /home/runner/work/human-essentials/human-essentials/vendor/bundle/ruby/3.2.0/gems/rspec-core-3.12.2/lib/rspec/core/example_group.rb:608:in `map'
2024-03-11T04:23:17.6368634Z             # /home/runner/work/human-essentials/human-essentials/vendor/bundle/ruby/3.2.0/gems/rspec-core-3.12.2/lib/rspec/core/example_group.rb:608:in `run'
2024-03-11T04:23:17.6370129Z             # /home/runner/work/human-essentials/human-essentials/vendor/bundle/ruby/3.2.0/gems/rspec-core-3.12.2/lib/rspec/core/runner.rb:121:in `block (3 levels) in run_specs'
2024-03-11T04:23:17.6371578Z             # /home/runner/work/human-essentials/human-essentials/vendor/bundle/ruby/3.2.0/gems/rspec-core-3.12.2/lib/rspec/core/runner.rb:121:in `map'
2024-03-11T04:23:17.6373036Z             # /home/runner/work/human-essentials/human-essentials/vendor/bundle/ruby/3.2.0/gems/rspec-core-3.12.2/lib/rspec/core/runner.rb:121:in `block (2 levels) in run_specs'
2024-03-11T04:23:17.6374604Z             # /home/runner/work/human-essentials/human-essentials/vendor/bundle/ruby/3.2.0/gems/rspec-core-3.12.2/lib/rspec/core/configuration.rb:2070:in `with_suite_hooks'
2024-03-11T04:23:17.6376323Z             # /home/runner/work/human-essentials/human-essentials/vendor/bundle/ruby/3.2.0/gems/rspec-core-3.12.2/lib/rspec/core/runner.rb:116:in `block in run_specs'
2024-03-11T04:23:17.6377743Z             # /home/runner/work/human-essentials/human-essentials/vendor/bundle/ruby/3.2.0/gems/rspec-core-3.12.2/lib/rspec/core/reporter.rb:74:in `report'
2024-03-11T04:23:17.6379146Z             # /home/runner/work/human-essentials/human-essentials/vendor/bundle/ruby/3.2.0/gems/rspec-core-3.12.2/lib/rspec/core/runner.rb:115:in `run_specs'
2024-03-11T04:23:17.6380484Z             # /home/runner/work/human-essentials/human-essentials/vendor/bundle/ruby/3.2.0/gems/rspec-core-3.12.2/lib/rspec/core/runner.rb:89:in `run'
2024-03-11T04:23:17.6381788Z             # /home/runner/work/human-essentials/human-essentials/vendor/bundle/ruby/3.2.0/gems/rspec-core-3.12.2/lib/rspec/core/runner.rb:71:in `run'
2024-03-11T04:23:17.6383112Z             # /home/runner/work/human-essentials/human-essentials/vendor/bundle/ruby/3.2.0/gems/rspec-core-3.12.2/lib/rspec/core/runner.rb:45:in `invoke'
2024-03-11T04:23:17.6384373Z             # /home/runner/work/human-essentials/human-essentials/vendor/bundle/ruby/3.2.0/gems/rspec-core-3.12.2/exe/rspec:4:in `<main>'
2024-03-11T04:23:17.6385068Z             # 
2024-03-11T04:23:17.6385411Z             #   Showing full backtrace because every line was filtered out.
2024-03-11T04:23:17.6385995Z             #   See docs for RSpec::Configuration#backtrace_exclusion_patterns and
2024-03-11T04:23:17.6386608Z             #   RSpec::Configuration#backtrace_inclusion_patterns for more information.
2024-03-11T04:23:17.6386998Z 
2024-03-11T04:23:17.6387509Z   34) Authentication Showing the modal warning in staging when accessing /users/sign_in in the staging environment should render the modal
2024-03-11T04:23:17.6388257Z       Got 0 failures and 2 other errors:
2024-03-11T04:23:17.6388500Z 
2024-03-11T04:23:17.6388620Z       34.1) Failure/Error: visit path
2024-03-11T04:23:17.6388840Z 
2024-03-11T04:23:17.6388951Z             Ferrum::JavaScriptError:
2024-03-11T04:23:17.6389761Z               TypeError: Failed to resolve module specifier "cocoon-js-vanilla". Relative references must start with either "/", "./", or "../".
2024-03-11T04:23:17.6390918Z             # ./spec/system/log_in_system_spec.rb:29:in `block (5 levels) in <top (required)>'
2024-03-11T04:23:17.6391335Z 
2024-03-11T04:23:17.6391532Z       34.2) Failure/Error: respond_to?(:empty?) ? !!empty? : !self
2024-03-11T04:23:17.6391855Z 
2024-03-11T04:23:17.6391975Z             Ferrum::JavaScriptError:
2024-03-11T04:23:17.6392326Z               ReferenceError: $ is not defined
2024-03-11T04:23:17.6392726Z                   at http://127.0.0.1:42375/users/sign_in:129:5
2024-03-11T04:23:17.6393822Z             # /home/runner/work/human-essentials/human-essentials/vendor/bundle/ruby/3.2.0/gems/activesupport-7.0.8/lib/active_support/core_ext/object/blank.rb:19:in `directory?'
2024-03-11T04:23:17.6395573Z             # /home/runner/work/human-essentials/human-essentials/vendor/bundle/ruby/3.2.0/gems/activesupport-7.0.8/lib/active_support/core_ext/object/blank.rb:19:in `empty?'
2024-03-11T04:23:17.6397129Z             # /home/runner/work/human-essentials/human-essentials/vendor/bundle/ruby/3.2.0/gems/activesupport-7.0.8/lib/active_support/core_ext/object/blank.rb:19:in `blank?'
2024-03-11T04:23:17.6398684Z             # /home/runner/work/human-essentials/human-essentials/vendor/bundle/ruby/3.2.0/gems/activesupport-7.0.8/lib/active_support/core_ext/object/blank.rb:26:in `present?'
2024-03-11T04:23:17.6400244Z             # /home/runner/work/human-essentials/human-essentials/vendor/bundle/ruby/3.2.0/gems/activesupport-7.0.8/lib/active_support/core_ext/object/blank.rb:46:in `presence'
2024-03-11T04:23:17.6401942Z             # /home/runner/work/human-essentials/human-essentials/vendor/bundle/ruby/3.2.0/gems/actionpack-7.0.8/lib/action_dispatch/system_testing/test_helpers/screenshot_helper.rb:83:in `screenshots_dir'
2024-03-11T04:23:17.6403890Z             # /home/runner/work/human-essentials/human-essentials/vendor/bundle/ruby/3.2.0/gems/actionpack-7.0.8/lib/action_dispatch/system_testing/test_helpers/screenshot_helper.rb:79:in `absolute_path'
2024-03-11T04:23:17.6405710Z             # /home/runner/work/human-essentials/human-essentials/vendor/bundle/ruby/3.2.0/gems/actionpack-7.0.8/lib/action_dispatch/system_testing/test_helpers/screenshot_helper.rb:87:in `absolute_image_path'
2024-03-11T04:23:17.6407514Z             # /home/runner/work/human-essentials/human-essentials/vendor/bundle/ruby/3.2.0/gems/actionpack-7.0.8/lib/action_dispatch/system_testing/test_helpers/screenshot_helper.rb:99:in `save_image'
2024-03-11T04:23:17.6409297Z             # /home/runner/work/human-essentials/human-essentials/vendor/bundle/ruby/3.2.0/gems/actionpack-7.0.8/lib/action_dispatch/system_testing/test_helpers/screenshot_helper.rb:36:in `take_screenshot'
2024-03-11T04:23:17.6411143Z             # /home/runner/work/human-essentials/human-essentials/vendor/bundle/ruby/3.2.0/gems/actionpack-7.0.8/lib/action_dispatch/system_testing/test_helpers/screenshot_helper.rb:45:in `take_failed_screenshot'
2024-03-11T04:23:17.6412983Z             # /home/runner/work/human-essentials/human-essentials/vendor/bundle/ruby/3.2.0/gems/actionpack-7.0.8/lib/action_dispatch/system_testing/test_helpers/setup_and_teardown.rb:8:in `before_teardown'
2024-03-11T04:23:17.6414679Z             # /home/runner/work/human-essentials/human-essentials/vendor/bundle/ruby/3.2.0/gems/rspec-rails-6.1.1/lib/rspec/rails/example/system_example_group.rb:156:in `call'
2024-03-11T04:23:17.6416493Z             # /home/runner/work/human-essentials/human-essentials/vendor/bundle/ruby/3.2.0/gems/rspec-rails-6.1.1/lib/rspec/rails/example/system_example_group.rb:156:in `block (2 levels) in <module:SystemExampleGroup>'
2024-03-11T04:23:17.6418200Z             # /home/runner/work/human-essentials/human-essentials/vendor/bundle/ruby/3.2.0/gems/rspec-core-3.12.2/lib/rspec/core/example.rb:457:in `instance_exec'
2024-03-11T04:23:17.6419641Z             # /home/runner/work/human-essentials/human-essentials/vendor/bundle/ruby/3.2.0/gems/rspec-core-3.12.2/lib/rspec/core/example.rb:457:in `instance_exec'
2024-03-11T04:23:17.6421017Z             # /home/runner/work/human-essentials/human-essentials/vendor/bundle/ruby/3.2.0/gems/rspec-core-3.12.2/lib/rspec/core/hooks.rb:372:in `run'
2024-03-11T04:23:17.6422463Z             # /home/runner/work/human-essentials/human-essentials/vendor/bundle/ruby/3.2.0/gems/rspec-core-3.12.2/lib/rspec/core/hooks.rb:529:in `block in run_owned_hooks_for'
2024-03-11T04:23:17.6423903Z             # /home/runner/work/human-essentials/human-essentials/vendor/bundle/ruby/3.2.0/gems/rspec-core-3.12.2/lib/rspec/core/hooks.rb:528:in `each'
2024-03-11T04:23:17.6425299Z             # /home/runner/work/human-essentials/human-essentials/vendor/bundle/ruby/3.2.0/gems/rspec-core-3.12.2/lib/rspec/core/hooks.rb:528:in `run_owned_hooks_for'
2024-03-11T04:23:17.6426976Z             # /home/runner/work/human-essentials/human-essentials/vendor/bundle/ruby/3.2.0/gems/rspec-core-3.12.2/lib/rspec/core/hooks.rb:615:in `block in run_example_hooks_for'
2024-03-11T04:23:17.6428414Z             # /home/runner/work/human-essentials/human-essentials/vendor/bundle/ruby/3.2.0/gems/rspec-core-3.12.2/lib/rspec/core/hooks.rb:614:in `each'
2024-03-11T04:23:17.6429826Z             # /home/runner/work/human-essentials/human-essentials/vendor/bundle/ruby/3.2.0/gems/rspec-core-3.12.2/lib/rspec/core/hooks.rb:614:in `run_example_hooks_for'
2024-03-11T04:23:17.6431387Z             # /home/runner/work/human-essentials/human-essentials/vendor/bundle/ruby/3.2.0/gems/rspec-core-3.12.2/lib/rspec/core/hooks.rb:485:in `run'
2024-03-11T04:23:17.6432785Z             # /home/runner/work/human-essentials/human-essentials/vendor/bundle/ruby/3.2.0/gems/rspec-core-3.12.2/lib/rspec/core/example.rb:518:in `run_after_example'
2024-03-11T04:23:17.6434237Z             # /home/runner/work/human-essentials/human-essentials/vendor/bundle/ruby/3.2.0/gems/rspec-core-3.12.2/lib/rspec/core/example.rb:283:in `block in run'
2024-03-11T04:23:17.6436226Z             # /home/runner/work/human-essentials/human-essentials/vendor/bundle/ruby/3.2.0/gems/rspec-core-3.12.2/lib/rspec/core/example.rb:511:in `block in with_around_and_singleton_context_hooks'
2024-03-11T04:23:17.6437945Z             # /home/runner/work/human-essentials/human-essentials/vendor/bundle/ruby/3.2.0/gems/rspec-core-3.12.2/lib/rspec/core/example.rb:468:in `block in with_around_example_hooks'
2024-03-11T04:23:17.6439462Z             # /home/runner/work/human-essentials/human-essentials/vendor/bundle/ruby/3.2.0/gems/rspec-core-3.12.2/lib/rspec/core/hooks.rb:486:in `block in run'
2024-03-11T04:23:17.6440993Z             # /home/runner/work/human-essentials/human-essentials/vendor/bundle/ruby/3.2.0/gems/rspec-core-3.12.2/lib/rspec/core/hooks.rb:626:in `block in run_around_example_hooks_for'
2024-03-11T04:23:17.6442481Z             # /home/runner/work/human-essentials/human-essentials/vendor/bundle/ruby/3.2.0/gems/rspec-core-3.12.2/lib/rspec/core/example.rb:352:in `call'
2024-03-11T04:23:17.6444177Z             # /home/runner/work/human-essentials/human-essentials/vendor/bundle/ruby/3.2.0/gems/rspec-rails-6.1.1/lib/rspec/rails/example/system_example_group.rb:166:in `block (2 levels) in <module:SystemExampleGroup>'
2024-03-11T04:23:17.6445878Z             # /home/runner/work/human-essentials/human-essentials/vendor/bundle/ruby/3.2.0/gems/rspec-core-3.12.2/lib/rspec/core/example.rb:457:in `instance_exec'
2024-03-11T04:23:17.6447311Z             # /home/runner/work/human-essentials/human-essentials/vendor/bundle/ruby/3.2.0/gems/rspec-core-3.12.2/lib/rspec/core/example.rb:457:in `instance_exec'
2024-03-11T04:23:17.6448724Z             # /home/runner/work/human-essentials/human-essentials/vendor/bundle/ruby/3.2.0/gems/rspec-core-3.12.2/lib/rspec/core/hooks.rb:390:in `execute_with'
2024-03-11T04:23:17.6450302Z             # /home/runner/work/human-essentials/human-essentials/vendor/bundle/ruby/3.2.0/gems/rspec-core-3.12.2/lib/rspec/core/hooks.rb:628:in `block (2 levels) in run_around_example_hooks_for'
2024-03-11T04:23:17.6451832Z             # /home/runner/work/human-essentials/human-essentials/vendor/bundle/ruby/3.2.0/gems/rspec-core-3.12.2/lib/rspec/core/example.rb:352:in `call'
2024-03-11T04:23:17.6453432Z             # /home/runner/work/human-essentials/human-essentials/vendor/bundle/ruby/3.2.0/gems/rspec-rails-6.1.1/lib/rspec/rails/adapters.rb:75:in `block (2 levels) in <module:MinitestLifecycleAdapter>'
2024-03-11T04:23:17.6455046Z             # /home/runner/work/human-essentials/human-essentials/vendor/bundle/ruby/3.2.0/gems/rspec-core-3.12.2/lib/rspec/core/example.rb:457:in `instance_exec'
2024-03-11T04:23:17.6456463Z             # /home/runner/work/human-essentials/human-essentials/vendor/bundle/ruby/3.2.0/gems/rspec-core-3.12.2/lib/rspec/core/example.rb:457:in `instance_exec'
2024-03-11T04:23:17.6457873Z             # /home/runner/work/human-essentials/human-essentials/vendor/bundle/ruby/3.2.0/gems/rspec-core-3.12.2/lib/rspec/core/hooks.rb:390:in `execute_with'
2024-03-11T04:23:17.6459612Z             # /home/runner/work/human-essentials/human-essentials/vendor/bundle/ruby/3.2.0/gems/rspec-core-3.12.2/lib/rspec/core/hooks.rb:628:in `block (2 levels) in run_around_example_hooks_for'
2024-03-11T04:23:17.6461133Z             # /home/runner/work/human-essentials/human-essentials/vendor/bundle/ruby/3.2.0/gems/rspec-core-3.12.2/lib/rspec/core/example.rb:352:in `call'
2024-03-11T04:23:17.6462592Z             # /home/runner/work/human-essentials/human-essentials/vendor/bundle/ruby/3.2.0/gems/webmock-3.23.0/lib/webmock/rspec.rb:39:in `block (2 levels) in <top (required)>'
2024-03-11T04:23:17.6464091Z             # /home/runner/work/human-essentials/human-essentials/vendor/bundle/ruby/3.2.0/gems/rspec-core-3.12.2/lib/rspec/core/example.rb:457:in `instance_exec'
2024-03-11T04:23:17.6465512Z             # /home/runner/work/human-essentials/human-essentials/vendor/bundle/ruby/3.2.0/gems/rspec-core-3.12.2/lib/rspec/core/example.rb:457:in `instance_exec'
2024-03-11T04:23:17.6467045Z             # /home/runner/work/human-essentials/human-essentials/vendor/bundle/ruby/3.2.0/gems/rspec-core-3.12.2/lib/rspec/core/hooks.rb:390:in `execute_with'
2024-03-11T04:23:17.6468615Z             # /home/runner/work/human-essentials/human-essentials/vendor/bundle/ruby/3.2.0/gems/rspec-core-3.12.2/lib/rspec/core/hooks.rb:628:in `block (2 levels) in run_around_example_hooks_for'
2024-03-11T04:23:17.6470142Z             # /home/runner/work/human-essentials/human-essentials/vendor/bundle/ruby/3.2.0/gems/rspec-core-3.12.2/lib/rspec/core/example.rb:352:in `call'
2024-03-11T04:23:17.6471974Z             # /home/runner/work/human-essentials/human-essentials/vendor/bundle/ruby/3.2.0/gems/knapsack_pro-7.0.0/lib/knapsack_pro/adapters/rspec_adapter.rb:103:in `block (2 levels) in ensure_no_focus!'
2024-03-11T04:23:17.6473582Z             # /home/runner/work/human-essentials/human-essentials/vendor/bundle/ruby/3.2.0/gems/rspec-core-3.12.2/lib/rspec/core/example.rb:457:in `instance_exec'
2024-03-11T04:23:17.6475006Z             # /home/runner/work/human-essentials/human-essentials/vendor/bundle/ruby/3.2.0/gems/rspec-core-3.12.2/lib/rspec/core/example.rb:457:in `instance_exec'
2024-03-11T04:23:17.6476417Z             # /home/runner/work/human-essentials/human-essentials/vendor/bundle/ruby/3.2.0/gems/rspec-core-3.12.2/lib/rspec/core/hooks.rb:390:in `execute_with'
2024-03-11T04:23:17.6478018Z             # /home/runner/work/human-essentials/human-essentials/vendor/bundle/ruby/3.2.0/gems/rspec-core-3.12.2/lib/rspec/core/hooks.rb:628:in `block (2 levels) in run_around_example_hooks_for'
2024-03-11T04:23:17.6479537Z             # /home/runner/work/human-essentials/human-essentials/vendor/bundle/ruby/3.2.0/gems/rspec-core-3.12.2/lib/rspec/core/example.rb:352:in `call'
2024-03-11T04:23:17.6480997Z             # /home/runner/work/human-essentials/human-essentials/vendor/bundle/ruby/3.2.0/gems/rspec-core-3.12.2/lib/rspec/core/hooks.rb:629:in `run_around_example_hooks_for'
2024-03-11T04:23:17.6482437Z             # /home/runner/work/human-essentials/human-essentials/vendor/bundle/ruby/3.2.0/gems/rspec-core-3.12.2/lib/rspec/core/hooks.rb:486:in `run'
2024-03-11T04:23:17.6483880Z             # /home/runner/work/human-essentials/human-essentials/vendor/bundle/ruby/3.2.0/gems/rspec-core-3.12.2/lib/rspec/core/example.rb:468:in `with_around_example_hooks'
2024-03-11T04:23:17.6485513Z             # /home/runner/work/human-essentials/human-essentials/vendor/bundle/ruby/3.2.0/gems/rspec-core-3.12.2/lib/rspec/core/example.rb:511:in `with_around_and_singleton_context_hooks'
2024-03-11T04:23:17.6487014Z             # /home/runner/work/human-essentials/human-essentials/vendor/bundle/ruby/3.2.0/gems/rspec-core-3.12.2/lib/rspec/core/example.rb:259:in `run'
2024-03-11T04:23:17.6488486Z             # /home/runner/work/human-essentials/human-essentials/vendor/bundle/ruby/3.2.0/gems/rspec-core-3.12.2/lib/rspec/core/example_group.rb:646:in `block in run_examples'
2024-03-11T04:23:17.6490135Z             # /home/runner/work/human-essentials/human-essentials/vendor/bundle/ruby/3.2.0/gems/rspec-core-3.12.2/lib/rspec/core/example_group.rb:642:in `map'
2024-03-11T04:23:17.6491580Z             # /home/runner/work/human-essentials/human-essentials/vendor/bundle/ruby/3.2.0/gems/rspec-core-3.12.2/lib/rspec/core/example_group.rb:642:in `run_examples'
2024-03-11T04:23:17.6493015Z             # /home/runner/work/human-essentials/human-essentials/vendor/bundle/ruby/3.2.0/gems/rspec-core-3.12.2/lib/rspec/core/example_group.rb:607:in `run'
2024-03-11T04:23:17.6494448Z             # /home/runner/work/human-essentials/human-essentials/vendor/bundle/ruby/3.2.0/gems/rspec-core-3.12.2/lib/rspec/core/example_group.rb:608:in `block in run'
2024-03-11T04:23:17.6495886Z             # /home/runner/work/human-essentials/human-essentials/vendor/bundle/ruby/3.2.0/gems/rspec-core-3.12.2/lib/rspec/core/example_group.rb:608:in `map'
2024-03-11T04:23:17.6497400Z             # /home/runner/work/human-essentials/human-essentials/vendor/bundle/ruby/3.2.0/gems/rspec-core-3.12.2/lib/rspec/core/example_group.rb:608:in `run'
2024-03-11T04:23:17.6498842Z             # /home/runner/work/human-essentials/human-essentials/vendor/bundle/ruby/3.2.0/gems/rspec-core-3.12.2/lib/rspec/core/example_group.rb:608:in `block in run'
2024-03-11T04:23:17.6500275Z             # /home/runner/work/human-essentials/human-essentials/vendor/bundle/ruby/3.2.0/gems/rspec-core-3.12.2/lib/rspec/core/example_group.rb:608:in `map'
2024-03-11T04:23:17.6501659Z             # /home/runner/work/human-essentials/human-essentials/vendor/bundle/ruby/3.2.0/gems/rspec-core-3.12.2/lib/rspec/core/example_group.rb:608:in `run'
2024-03-11T04:23:17.6503161Z             # /home/runner/work/human-essentials/human-essentials/vendor/bundle/ruby/3.2.0/gems/rspec-core-3.12.2/lib/rspec/core/runner.rb:121:in `block (3 levels) in run_specs'
2024-03-11T04:23:17.6504602Z             # /home/runner/work/human-essentials/human-essentials/vendor/bundle/ruby/3.2.0/gems/rspec-core-3.12.2/lib/rspec/core/runner.rb:121:in `map'
2024-03-11T04:23:17.6506067Z             # /home/runner/work/human-essentials/human-essentials/vendor/bundle/ruby/3.2.0/gems/rspec-core-3.12.2/lib/rspec/core/runner.rb:121:in `block (2 levels) in run_specs'
2024-03-11T04:23:17.6507627Z             # /home/runner/work/human-essentials/human-essentials/vendor/bundle/ruby/3.2.0/gems/rspec-core-3.12.2/lib/rspec/core/configuration.rb:2070:in `with_suite_hooks'
2024-03-11T04:23:17.6509152Z             # /home/runner/work/human-essentials/human-essentials/vendor/bundle/ruby/3.2.0/gems/rspec-core-3.12.2/lib/rspec/core/runner.rb:116:in `block in run_specs'
2024-03-11T04:23:17.6510802Z             # /home/runner/work/human-essentials/human-essentials/vendor/bundle/ruby/3.2.0/gems/rspec-core-3.12.2/lib/rspec/core/reporter.rb:74:in `report'
2024-03-11T04:23:17.6512202Z             # /home/runner/work/human-essentials/human-essentials/vendor/bundle/ruby/3.2.0/gems/rspec-core-3.12.2/lib/rspec/core/runner.rb:115:in `run_specs'
2024-03-11T04:23:17.6513552Z             # /home/runner/work/human-essentials/human-essentials/vendor/bundle/ruby/3.2.0/gems/rspec-core-3.12.2/lib/rspec/core/runner.rb:89:in `run'
2024-03-11T04:23:17.6514864Z             # /home/runner/work/human-essentials/human-essentials/vendor/bundle/ruby/3.2.0/gems/rspec-core-3.12.2/lib/rspec/core/runner.rb:71:in `run'
2024-03-11T04:23:17.6516180Z             # /home/runner/work/human-essentials/human-essentials/vendor/bundle/ruby/3.2.0/gems/rspec-core-3.12.2/lib/rspec/core/runner.rb:45:in `invoke'
2024-03-11T04:23:17.6517432Z             # /home/runner/work/human-essentials/human-essentials/vendor/bundle/ruby/3.2.0/gems/rspec-core-3.12.2/exe/rspec:4:in `<main>'
2024-03-11T04:23:17.6518125Z             # 
2024-03-11T04:23:17.6518464Z             #   Showing full backtrace because every line was filtered out.
2024-03-11T04:23:17.6519040Z             #   See docs for RSpec::Configuration#backtrace_exclusion_patterns and
2024-03-11T04:23:17.6519827Z             #   RSpec::Configuration#backtrace_inclusion_patterns for more information.
2024-03-11T04:23:17.6520214Z 
2024-03-11T04:23:17.6520756Z   35) Authentication Showing the modal warning in staging when accessing /users/sign_in not in the staging environment should not render the modal
2024-03-11T04:23:17.6521537Z       Got 0 failures and 2 other errors:
2024-03-11T04:23:17.6521767Z 
2024-03-11T04:23:17.6521884Z       35.1) Failure/Error: visit path
2024-03-11T04:23:17.6522106Z 
2024-03-11T04:23:17.6522226Z             Ferrum::JavaScriptError:
2024-03-11T04:23:17.6523035Z               TypeError: Failed to resolve module specifier "cocoon-js-vanilla". Relative references must start with either "/", "./", or "../".
2024-03-11T04:23:17.6523940Z             # ./spec/system/log_in_system_spec.rb:40:in `block (5 levels) in <top (required)>'
2024-03-11T04:23:17.6524352Z 
2024-03-11T04:23:17.6524543Z       35.2) Failure/Error: respond_to?(:empty?) ? !!empty? : !self
2024-03-11T04:23:17.6525049Z 
2024-03-11T04:23:17.6525158Z             Ferrum::JavaScriptError:
2024-03-11T04:23:17.6525508Z               ReferenceError: $ is not defined
2024-03-11T04:23:17.6525910Z                   at http://127.0.0.1:42375/users/sign_in:129:5
2024-03-11T04:23:17.6526969Z             # /home/runner/work/human-essentials/human-essentials/vendor/bundle/ruby/3.2.0/gems/activesupport-7.0.8/lib/active_support/core_ext/object/blank.rb:19:in `empty?'
2024-03-11T04:23:17.6528517Z             # /home/runner/work/human-essentials/human-essentials/vendor/bundle/ruby/3.2.0/gems/activesupport-7.0.8/lib/active_support/core_ext/object/blank.rb:19:in `empty?'
2024-03-11T04:23:17.6530061Z             # /home/runner/work/human-essentials/human-essentials/vendor/bundle/ruby/3.2.0/gems/activesupport-7.0.8/lib/active_support/core_ext/object/blank.rb:19:in `blank?'
2024-03-11T04:23:17.6531610Z             # /home/runner/work/human-essentials/human-essentials/vendor/bundle/ruby/3.2.0/gems/activesupport-7.0.8/lib/active_support/core_ext/object/blank.rb:26:in `present?'
2024-03-11T04:23:17.6533178Z             # /home/runner/work/human-essentials/human-essentials/vendor/bundle/ruby/3.2.0/gems/activesupport-7.0.8/lib/active_support/core_ext/object/blank.rb:46:in `presence'
2024-03-11T04:23:17.6534874Z             # /home/runner/work/human-essentials/human-essentials/vendor/bundle/ruby/3.2.0/gems/actionpack-7.0.8/lib/action_dispatch/system_testing/test_helpers/screenshot_helper.rb:83:in `screenshots_dir'
2024-03-11T04:23:17.6536830Z             # /home/runner/work/human-essentials/human-essentials/vendor/bundle/ruby/3.2.0/gems/actionpack-7.0.8/lib/action_dispatch/system_testing/test_helpers/screenshot_helper.rb:79:in `absolute_path'
2024-03-11T04:23:17.6538663Z             # /home/runner/work/human-essentials/human-essentials/vendor/bundle/ruby/3.2.0/gems/actionpack-7.0.8/lib/action_dispatch/system_testing/test_helpers/screenshot_helper.rb:87:in `absolute_image_path'
2024-03-11T04:23:17.6540461Z             # /home/runner/work/human-essentials/human-essentials/vendor/bundle/ruby/3.2.0/gems/actionpack-7.0.8/lib/action_dispatch/system_testing/test_helpers/screenshot_helper.rb:99:in `save_image'
2024-03-11T04:23:17.6542259Z             # /home/runner/work/human-essentials/human-essentials/vendor/bundle/ruby/3.2.0/gems/actionpack-7.0.8/lib/action_dispatch/system_testing/test_helpers/screenshot_helper.rb:36:in `take_screenshot'
2024-03-11T04:23:17.6544132Z             # /home/runner/work/human-essentials/human-essentials/vendor/bundle/ruby/3.2.0/gems/actionpack-7.0.8/lib/action_dispatch/system_testing/test_helpers/screenshot_helper.rb:45:in `take_failed_screenshot'
2024-03-11T04:23:17.6545971Z             # /home/runner/work/human-essentials/human-essentials/vendor/bundle/ruby/3.2.0/gems/actionpack-7.0.8/lib/action_dispatch/system_testing/test_helpers/setup_and_teardown.rb:8:in `before_teardown'
2024-03-11T04:23:17.6547664Z             # /home/runner/work/human-essentials/human-essentials/vendor/bundle/ruby/3.2.0/gems/rspec-rails-6.1.1/lib/rspec/rails/example/system_example_group.rb:156:in `call'
2024-03-11T04:23:17.6549620Z             # /home/runner/work/human-essentials/human-essentials/vendor/bundle/ruby/3.2.0/gems/rspec-rails-6.1.1/lib/rspec/rails/example/system_example_group.rb:156:in `block (2 levels) in <module:SystemExampleGroup>'
2024-03-11T04:23:17.6551471Z             # /home/runner/work/human-essentials/human-essentials/vendor/bundle/ruby/3.2.0/gems/rspec-core-3.12.2/lib/rspec/core/example.rb:457:in `instance_exec'
2024-03-11T04:23:17.6552902Z             # /home/runner/work/human-essentials/human-essentials/vendor/bundle/ruby/3.2.0/gems/rspec-core-3.12.2/lib/rspec/core/example.rb:457:in `instance_exec'
2024-03-11T04:23:17.6554274Z             # /home/runner/work/human-essentials/human-essentials/vendor/bundle/ruby/3.2.0/gems/rspec-core-3.12.2/lib/rspec/core/hooks.rb:372:in `run'
2024-03-11T04:23:17.6555727Z             # /home/runner/work/human-essentials/human-essentials/vendor/bundle/ruby/3.2.0/gems/rspec-core-3.12.2/lib/rspec/core/hooks.rb:529:in `block in run_owned_hooks_for'
2024-03-11T04:23:17.6557334Z             # /home/runner/work/human-essentials/human-essentials/vendor/bundle/ruby/3.2.0/gems/rspec-core-3.12.2/lib/rspec/core/hooks.rb:528:in `each'
2024-03-11T04:23:17.6558736Z             # /home/runner/work/human-essentials/human-essentials/vendor/bundle/ruby/3.2.0/gems/rspec-core-3.12.2/lib/rspec/core/hooks.rb:528:in `run_owned_hooks_for'
2024-03-11T04:23:17.6560258Z             # /home/runner/work/human-essentials/human-essentials/vendor/bundle/ruby/3.2.0/gems/rspec-core-3.12.2/lib/rspec/core/hooks.rb:615:in `block in run_example_hooks_for'
2024-03-11T04:23:17.6561692Z             # /home/runner/work/human-essentials/human-essentials/vendor/bundle/ruby/3.2.0/gems/rspec-core-3.12.2/lib/rspec/core/hooks.rb:614:in `each'
2024-03-11T04:23:17.6563101Z             # /home/runner/work/human-essentials/human-essentials/vendor/bundle/ruby/3.2.0/gems/rspec-core-3.12.2/lib/rspec/core/hooks.rb:614:in `run_example_hooks_for'
2024-03-11T04:23:17.6564508Z             # /home/runner/work/human-essentials/human-essentials/vendor/bundle/ruby/3.2.0/gems/rspec-core-3.12.2/lib/rspec/core/hooks.rb:485:in `run'
2024-03-11T04:23:17.6565905Z             # /home/runner/work/human-essentials/human-essentials/vendor/bundle/ruby/3.2.0/gems/rspec-core-3.12.2/lib/rspec/core/example.rb:518:in `run_after_example'
2024-03-11T04:23:17.6567357Z             # /home/runner/work/human-essentials/human-essentials/vendor/bundle/ruby/3.2.0/gems/rspec-core-3.12.2/lib/rspec/core/example.rb:283:in `block in run'
2024-03-11T04:23:17.6568966Z             # /home/runner/work/human-essentials/human-essentials/vendor/bundle/ruby/3.2.0/gems/rspec-core-3.12.2/lib/rspec/core/example.rb:511:in `block in with_around_and_singleton_context_hooks'
2024-03-11T04:23:17.6570674Z             # /home/runner/work/human-essentials/human-essentials/vendor/bundle/ruby/3.2.0/gems/rspec-core-3.12.2/lib/rspec/core/example.rb:468:in `block in with_around_example_hooks'
2024-03-11T04:23:17.6572198Z             # /home/runner/work/human-essentials/human-essentials/vendor/bundle/ruby/3.2.0/gems/rspec-core-3.12.2/lib/rspec/core/hooks.rb:486:in `block in run'
2024-03-11T04:23:17.6573729Z             # /home/runner/work/human-essentials/human-essentials/vendor/bundle/ruby/3.2.0/gems/rspec-core-3.12.2/lib/rspec/core/hooks.rb:626:in `block in run_around_example_hooks_for'
2024-03-11T04:23:17.6575214Z             # /home/runner/work/human-essentials/human-essentials/vendor/bundle/ruby/3.2.0/gems/rspec-core-3.12.2/lib/rspec/core/example.rb:352:in `call'
2024-03-11T04:23:17.6576898Z             # /home/runner/work/human-essentials/human-essentials/vendor/bundle/ruby/3.2.0/gems/rspec-rails-6.1.1/lib/rspec/rails/example/system_example_group.rb:166:in `block (2 levels) in <module:SystemExampleGroup>'
2024-03-11T04:23:17.6578638Z             # /home/runner/work/human-essentials/human-essentials/vendor/bundle/ruby/3.2.0/gems/rspec-core-3.12.2/lib/rspec/core/example.rb:457:in `instance_exec'
2024-03-11T04:23:17.6580224Z             # /home/runner/work/human-essentials/human-essentials/vendor/bundle/ruby/3.2.0/gems/rspec-core-3.12.2/lib/rspec/core/example.rb:457:in `instance_exec'
2024-03-11T04:23:17.6581636Z             # /home/runner/work/human-essentials/human-essentials/vendor/bundle/ruby/3.2.0/gems/rspec-core-3.12.2/lib/rspec/core/hooks.rb:390:in `execute_with'
2024-03-11T04:23:17.6583214Z             # /home/runner/work/human-essentials/human-essentials/vendor/bundle/ruby/3.2.0/gems/rspec-core-3.12.2/lib/rspec/core/hooks.rb:628:in `block (2 levels) in run_around_example_hooks_for'
2024-03-11T04:23:17.6584732Z             # /home/runner/work/human-essentials/human-essentials/vendor/bundle/ruby/3.2.0/gems/rspec-core-3.12.2/lib/rspec/core/example.rb:352:in `call'
2024-03-11T04:23:17.6586337Z             # /home/runner/work/human-essentials/human-essentials/vendor/bundle/ruby/3.2.0/gems/rspec-rails-6.1.1/lib/rspec/rails/adapters.rb:75:in `block (2 levels) in <module:MinitestLifecycleAdapter>'
2024-03-11T04:23:17.6587970Z             # /home/runner/work/human-essentials/human-essentials/vendor/bundle/ruby/3.2.0/gems/rspec-core-3.12.2/lib/rspec/core/example.rb:457:in `instance_exec'
2024-03-11T04:23:17.6589505Z             # /home/runner/work/human-essentials/human-essentials/vendor/bundle/ruby/3.2.0/gems/rspec-core-3.12.2/lib/rspec/core/example.rb:457:in `instance_exec'
2024-03-11T04:23:17.6591475Z             # /home/runner/work/human-essentials/human-essentials/vendor/bundle/ruby/3.2.0/gems/rspec-core-3.12.2/lib/rspec/core/hooks.rb:390:in `execute_with'
2024-03-11T04:23:17.6593120Z             # /home/runner/work/human-essentials/human-essentials/vendor/bundle/ruby/3.2.0/gems/rspec-core-3.12.2/lib/rspec/core/hooks.rb:628:in `block (2 levels) in run_around_example_hooks_for'
2024-03-11T04:23:17.6594654Z             # /home/runner/work/human-essentials/human-essentials/vendor/bundle/ruby/3.2.0/gems/rspec-core-3.12.2/lib/rspec/core/example.rb:352:in `call'
2024-03-11T04:23:17.6596117Z             # /home/runner/work/human-essentials/human-essentials/vendor/bundle/ruby/3.2.0/gems/webmock-3.23.0/lib/webmock/rspec.rb:39:in `block (2 levels) in <top (required)>'
2024-03-11T04:23:17.6597673Z             # /home/runner/work/human-essentials/human-essentials/vendor/bundle/ruby/3.2.0/gems/rspec-core-3.12.2/lib/rspec/core/example.rb:457:in `instance_exec'
2024-03-11T04:23:17.6599096Z             # /home/runner/work/human-essentials/human-essentials/vendor/bundle/ruby/3.2.0/gems/rspec-core-3.12.2/lib/rspec/core/example.rb:457:in `instance_exec'
2024-03-11T04:23:17.6600508Z             # /home/runner/work/human-essentials/human-essentials/vendor/bundle/ruby/3.2.0/gems/rspec-core-3.12.2/lib/rspec/core/hooks.rb:390:in `execute_with'
2024-03-11T04:23:17.6602074Z             # /home/runner/work/human-essentials/human-essentials/vendor/bundle/ruby/3.2.0/gems/rspec-core-3.12.2/lib/rspec/core/hooks.rb:628:in `block (2 levels) in run_around_example_hooks_for'
2024-03-11T04:23:17.6603589Z             # /home/runner/work/human-essentials/human-essentials/vendor/bundle/ruby/3.2.0/gems/rspec-core-3.12.2/lib/rspec/core/example.rb:352:in `call'
2024-03-11T04:23:17.6605180Z             # /home/runner/work/human-essentials/human-essentials/vendor/bundle/ruby/3.2.0/gems/knapsack_pro-7.0.0/lib/knapsack_pro/adapters/rspec_adapter.rb:103:in `block (2 levels) in ensure_no_focus!'
2024-03-11T04:23:17.6606775Z             # /home/runner/work/human-essentials/human-essentials/vendor/bundle/ruby/3.2.0/gems/rspec-core-3.12.2/lib/rspec/core/example.rb:457:in `instance_exec'
2024-03-11T04:23:17.6608187Z             # /home/runner/work/human-essentials/human-essentials/vendor/bundle/ruby/3.2.0/gems/rspec-core-3.12.2/lib/rspec/core/example.rb:457:in `instance_exec'
2024-03-11T04:23:17.6609589Z             # /home/runner/work/human-essentials/human-essentials/vendor/bundle/ruby/3.2.0/gems/rspec-core-3.12.2/lib/rspec/core/hooks.rb:390:in `execute_with'
2024-03-11T04:23:17.6611152Z             # /home/runner/work/human-essentials/human-essentials/vendor/bundle/ruby/3.2.0/gems/rspec-core-3.12.2/lib/rspec/core/hooks.rb:628:in `block (2 levels) in run_around_example_hooks_for'
2024-03-11T04:23:17.6612886Z             # /home/runner/work/human-essentials/human-essentials/vendor/bundle/ruby/3.2.0/gems/rspec-core-3.12.2/lib/rspec/core/example.rb:352:in `call'
2024-03-11T04:23:17.6614338Z             # /home/runner/work/human-essentials/human-essentials/vendor/bundle/ruby/3.2.0/gems/rspec-core-3.12.2/lib/rspec/core/hooks.rb:629:in `run_around_example_hooks_for'
2024-03-11T04:23:17.6615762Z             # /home/runner/work/human-essentials/human-essentials/vendor/bundle/ruby/3.2.0/gems/rspec-core-3.12.2/lib/rspec/core/hooks.rb:486:in `run'
2024-03-11T04:23:17.6617202Z             # /home/runner/work/human-essentials/human-essentials/vendor/bundle/ruby/3.2.0/gems/rspec-core-3.12.2/lib/rspec/core/example.rb:468:in `with_around_example_hooks'
2024-03-11T04:23:17.6618821Z             # /home/runner/work/human-essentials/human-essentials/vendor/bundle/ruby/3.2.0/gems/rspec-core-3.12.2/lib/rspec/core/example.rb:511:in `with_around_and_singleton_context_hooks'
2024-03-11T04:23:17.6620458Z             # /home/runner/work/human-essentials/human-essentials/vendor/bundle/ruby/3.2.0/gems/rspec-core-3.12.2/lib/rspec/core/example.rb:259:in `run'
2024-03-11T04:23:17.6621912Z             # /home/runner/work/human-essentials/human-essentials/vendor/bundle/ruby/3.2.0/gems/rspec-core-3.12.2/lib/rspec/core/example_group.rb:646:in `block in run_examples'
2024-03-11T04:23:17.6623391Z             # /home/runner/work/human-essentials/human-essentials/vendor/bundle/ruby/3.2.0/gems/rspec-core-3.12.2/lib/rspec/core/example_group.rb:642:in `map'
2024-03-11T04:23:17.6624827Z             # /home/runner/work/human-essentials/human-essentials/vendor/bundle/ruby/3.2.0/gems/rspec-core-3.12.2/lib/rspec/core/example_group.rb:642:in `run_examples'
2024-03-11T04:23:17.6626254Z             # /home/runner/work/human-essentials/human-essentials/vendor/bundle/ruby/3.2.0/gems/rspec-core-3.12.2/lib/rspec/core/example_group.rb:607:in `run'
2024-03-11T04:23:17.6627683Z             # /home/runner/work/human-essentials/human-essentials/vendor/bundle/ruby/3.2.0/gems/rspec-core-3.12.2/lib/rspec/core/example_group.rb:608:in `block in run'
2024-03-11T04:23:17.6629111Z             # /home/runner/work/human-essentials/human-essentials/vendor/bundle/ruby/3.2.0/gems/rspec-core-3.12.2/lib/rspec/core/example_group.rb:608:in `map'
2024-03-11T04:23:17.6630684Z             # /home/runner/work/human-essentials/human-essentials/vendor/bundle/ruby/3.2.0/gems/rspec-core-3.12.2/lib/rspec/core/example_group.rb:608:in `run'
2024-03-11T04:23:17.6632124Z             # /home/runner/work/human-essentials/human-essentials/vendor/bundle/ruby/3.2.0/gems/rspec-core-3.12.2/lib/rspec/core/example_group.rb:608:in `block in run'
2024-03-11T04:23:17.6633560Z             # /home/runner/work/human-essentials/human-essentials/vendor/bundle/ruby/3.2.0/gems/rspec-core-3.12.2/lib/rspec/core/example_group.rb:608:in `map'
2024-03-11T04:23:17.6634939Z             # /home/runner/work/human-essentials/human-essentials/vendor/bundle/ruby/3.2.0/gems/rspec-core-3.12.2/lib/rspec/core/example_group.rb:608:in `run'
2024-03-11T04:23:17.6636440Z             # /home/runner/work/human-essentials/human-essentials/vendor/bundle/ruby/3.2.0/gems/rspec-core-3.12.2/lib/rspec/core/runner.rb:121:in `block (3 levels) in run_specs'
2024-03-11T04:23:17.6637962Z             # /home/runner/work/human-essentials/human-essentials/vendor/bundle/ruby/3.2.0/gems/rspec-core-3.12.2/lib/rspec/core/runner.rb:121:in `map'
2024-03-11T04:23:17.6639411Z             # /home/runner/work/human-essentials/human-essentials/vendor/bundle/ruby/3.2.0/gems/rspec-core-3.12.2/lib/rspec/core/runner.rb:121:in `block (2 levels) in run_specs'
2024-03-11T04:23:17.6640963Z             # /home/runner/work/human-essentials/human-essentials/vendor/bundle/ruby/3.2.0/gems/rspec-core-3.12.2/lib/rspec/core/configuration.rb:2070:in `with_suite_hooks'
2024-03-11T04:23:17.6642461Z             # /home/runner/work/human-essentials/human-essentials/vendor/bundle/ruby/3.2.0/gems/rspec-core-3.12.2/lib/rspec/core/runner.rb:116:in `block in run_specs'
2024-03-11T04:23:17.6644025Z             # /home/runner/work/human-essentials/human-essentials/vendor/bundle/ruby/3.2.0/gems/rspec-core-3.12.2/lib/rspec/core/reporter.rb:74:in `report'
2024-03-11T04:23:17.6645382Z             # /home/runner/work/human-essentials/human-essentials/vendor/bundle/ruby/3.2.0/gems/rspec-core-3.12.2/lib/rspec/core/runner.rb:115:in `run_specs'
2024-03-11T04:23:17.6646715Z             # /home/runner/work/human-essentials/human-essentials/vendor/bundle/ruby/3.2.0/gems/rspec-core-3.12.2/lib/rspec/core/runner.rb:89:in `run'
2024-03-11T04:23:17.6648020Z             # /home/runner/work/human-essentials/human-essentials/vendor/bundle/ruby/3.2.0/gems/rspec-core-3.12.2/lib/rspec/core/runner.rb:71:in `run'
2024-03-11T04:23:17.6649329Z             # /home/runner/work/human-essentials/human-essentials/vendor/bundle/ruby/3.2.0/gems/rspec-core-3.12.2/lib/rspec/core/runner.rb:45:in `invoke'
2024-03-11T04:23:17.6650714Z             # /home/runner/work/human-essentials/human-essentials/vendor/bundle/ruby/3.2.0/gems/rspec-core-3.12.2/exe/rspec:4:in `<main>'
2024-03-11T04:23:17.6651405Z             # 
2024-03-11T04:23:17.6651752Z             #   Showing full backtrace because every line was filtered out.
2024-03-11T04:23:17.6652326Z             #   See docs for RSpec::Configuration#backtrace_exclusion_patterns and
2024-03-11T04:23:17.6652942Z             #   RSpec::Configuration#backtrace_inclusion_patterns for more information.
2024-03-11T04:23:17.6653329Z 
2024-03-11T04:23:17.6653724Z   36) Annual Reports while signed in as an organization admin has all the sub-reports we expect
2024-03-11T04:23:17.6654302Z       Failure/Error: visit subject.to_s
2024-03-11T04:23:17.6654533Z 
2024-03-11T04:23:17.6654644Z       Ferrum::JavaScriptError:
2024-03-11T04:23:17.6655418Z         TypeError: Failed to resolve module specifier "cocoon-js-vanilla". Relative references must start with either "/", "./", or "../".
2024-03-11T04:23:17.6656035Z 
2024-03-11T04:23:17.6657026Z       [Screenshot Image]: /home/runner/work/human-essentials/human-essentials/tmp/screenshots/failures_r_spec_example_groups_annual_reports_2_while_signed_in_as_an_organization_admin_has_all_the_sub_reports_we_expect_682.png
2024-03-11T04:23:17.6657991Z 
2024-03-11T04:23:17.6657995Z 
2024-03-11T04:23:17.6658306Z       # ./spec/system/annual_reports_system_spec.rb:10:in `block (3 levels) in <top (required)>'
2024-03-11T04:23:17.6658734Z 
2024-03-11T04:23:17.6659209Z   37) Annual Reports while signed in as an organization admin has the report from last year, if there is a purchase from last year
2024-03-11T04:23:17.6659912Z       Failure/Error: visit subject.to_s
2024-03-11T04:23:17.6660150Z 
2024-03-11T04:23:17.6660258Z       Ferrum::JavaScriptError:
2024-03-11T04:23:17.6661038Z         TypeError: Failed to resolve module specifier "cocoon-js-vanilla". Relative references must start with either "/", "./", or "../".
2024-03-11T04:23:17.6661649Z 
2024-03-11T04:23:17.6662784Z       [Screenshot Image]: /home/runner/work/human-essentials/human-essentials/tmp/screenshots/failures_r_spec_example_groups_annual_reports_2_while_signed_in_as_an_organization_admin_has_the_report_from_last_year__if_there_is_a_purchase_from_last_year_842.png
2024-03-11T04:23:17.6663890Z 
2024-03-11T04:23:17.6663894Z 
2024-03-11T04:23:17.6664210Z       # ./spec/system/annual_reports_system_spec.rb:10:in `block (3 levels) in <top (required)>'
2024-03-11T04:23:17.6664643Z 
2024-03-11T04:23:17.6664868Z   38) Annual Reports while signed in as an organization admin exists
2024-03-11T04:23:17.6665329Z       Failure/Error: visit subject.to_s
2024-03-11T04:23:17.6665559Z 
2024-03-11T04:23:17.6665663Z       Ferrum::JavaScriptError:
2024-03-11T04:23:17.6666432Z         TypeError: Failed to resolve module specifier "cocoon-js-vanilla". Relative references must start with either "/", "./", or "../".
2024-03-11T04:23:17.6667056Z 
2024-03-11T04:23:17.6667920Z       [Screenshot Image]: /home/runner/work/human-essentials/human-essentials/tmp/screenshots/failures_r_spec_example_groups_annual_reports_2_while_signed_in_as_an_organization_admin_exists_133.png
2024-03-11T04:23:17.6668919Z 
2024-03-11T04:23:17.6668923Z 
2024-03-11T04:23:17.6669223Z       # ./spec/system/annual_reports_system_spec.rb:10:in `block (3 levels) in <top (required)>'
2024-03-11T04:23:17.6669658Z 
2024-03-11T04:23:17.6669845Z Finished in 31.78 seconds (files took 8.09 seconds to load)
2024-03-11T04:23:17.6670253Z 73 examples, 38 failures
2024-03-11T04:23:17.6670553Z 
2024-03-11T04:23:17.6670651Z Failed examples:
2024-03-11T04:23:17.6670799Z 
2024-03-11T04:23:17.6671417Z rspec ./spec/system/partners/profile_served_area_system_spec.rb:37 # Partners profile served area behaviour changing the client share handles addition properly
2024-03-11T04:23:17.6672889Z rspec ./spec/system/partners/profile_served_area_system_spec.rb:26 # Partners profile served area behaviour changing the client share handles a changed but correct total client share properly
2024-03-11T04:23:17.6674591Z rspec ./spec/system/partners/profile_served_area_system_spec.rb:14 # Partners profile served area behaviour changing the client share handles an invalid total client share properly
2024-03-11T04:23:17.6676005Z rspec ./spec/system/partners/profile_served_area_system_spec.rb:43 # Partners profile served area behaviour changing the client share handles deletion properly
2024-03-11T04:23:17.6676986Z rspec ./spec/system/request_system_spec.rb:34 # Requests #index lists requests
2024-03-11T04:23:17.6677673Z rspec ./spec/system/request_system_spec.rb:39 # Requests #index can be exported in CSV
2024-03-11T04:23:17.6678638Z rspec ./spec/system/request_system_spec.rb:56 # Requests #index when filtering on the index page with filters cleared displays all requests
2024-03-11T04:23:17.6679843Z rspec ./spec/system/request_system_spec.rb:98 # Requests #index when filtering on the index page when exporting as CSV respects the applied filters
2024-03-11T04:23:17.6681017Z rspec ./spec/system/request_system_spec.rb:75 # Requests #index when filtering on the index page when filtering by partner constrains the list
2024-03-11T04:23:17.6682183Z rspec ./spec/system/request_system_spec.rb:85 # Requests #index when filtering on the index page when filtering by status constrains the list
2024-03-11T04:23:17.6683335Z rspec ./spec/system/request_system_spec.rb:65 # Requests #index when filtering on the index page when filtering by item constrains the list
2024-03-11T04:23:17.6684642Z rspec './spec/system/request_system_spec.rb[1:1:4:2:1]' # Requests #index behaves like Date Range Picker when choosing 'Last Month' shows only 2 of the records
2024-03-11T04:23:17.6685953Z rspec './spec/system/request_system_spec.rb[1:1:4:1:1]' # Requests #index behaves like Date Range Picker when choosing 'All Time' shows all the records
2024-03-11T04:23:17.6687406Z rspec './spec/system/request_system_spec.rb[1:1:4:3:1]' # Requests #index behaves like Date Range Picker when choosing a date range that only includes the previous week shows only 1 record
2024-03-11T04:23:17.6688960Z rspec ./spec/system/request_system_spec.rb:214 # Requests canceling a request as a bank user when a bank user cancels a request should set the request as canceled/discarded and contain the reason
2024-03-11T04:23:17.6690245Z rspec ./spec/system/request_system_spec.rb:152 # Requests #show should show the number of items on-hand
2024-03-11T04:23:17.6691206Z rspec ./spec/system/request_system_spec.rb:132 # Requests #show should show the request with a request sender if a partner user is set
2024-03-11T04:23:17.6692324Z rspec ./spec/system/request_system_spec.rb:141 # Requests #show should show the request without a request sender if a partner user is not set
2024-03-11T04:23:17.6693350Z rspec ./spec/system/request_system_spec.rb:181 # Requests #show change status request should change to started
2024-03-11T04:23:17.6694404Z rspec ./spec/system/request_system_spec.rb:188 # Requests #show change status request when save the distribution should change request to fulfilled
2024-03-11T04:23:17.6695905Z rspec ./spec/system/admin/account_requests_system_spec.rb:89 # Account Requests Admin while signed in as a super admin user rejects an account request should reject the account
2024-03-11T04:23:17.6697472Z rspec ./spec/system/admin/account_requests_system_spec.rb:65 # Account Requests Admin while signed in as a super admin user visits the index page shows confirmed account requests within appropriate table
2024-03-11T04:23:17.6699152Z rspec ./spec/system/admin/account_requests_system_spec.rb:48 # Account Requests Admin while signed in as a super admin user visits the index page shows unconfirmed account requests within appropriate table
2024-03-11T04:23:17.6700729Z rspec ./spec/system/admin/account_requests_system_spec.rb:29 # Account Requests Admin while signed in as a super admin user visits the for_rejection page should reject the account
2024-03-11T04:23:17.6702117Z rspec ./spec/system/distributions_by_county_system_spec.rb:18 # Distributions by County handles time ranges properly works for all time
2024-03-11T04:23:17.6703358Z rspec ./spec/system/distributions_by_county_system_spec.rb:29 # Distributions by County handles time ranges properly works for this year
2024-03-11T04:23:17.6705099Z rspec ./spec/system/partners/approval_process_spec.rb:12 # Approval process for partners filling in organization details and requesting for approval GIVEN a partner user is new and wants to request approval should not allow them to make requests on the dashboard or the requests page
2024-03-11T04:23:17.6706497Z rspec ./spec/system/partners/approval_process_spec.rb:57 # Approval process for partners filling in organization details and requesting for approval GIVEN a partner user is new and wants to request approval AND they fill out the form and submit it THEN the organization approves them should show that they have been approved and able to make requests
2024-03-11T04:23:17.6707099Z rspec ./spec/system/partners/approval_process_spec.rb:83 # Approval process for partners request approval with invalid details should render an error message
2024-03-11T04:23:17.6707520Z rspec ./spec/system/log_in_system_spec.rb:15 # Authentication Deactivated user should not allow the user to log in
2024-03-11T04:23:17.6707876Z rspec ./spec/system/log_in_system_spec.rb:3 # Authentication Success should show dashboard upon signin
2024-03-11T04:23:17.6708726Z rspec './spec/system/log_in_system_spec.rb[1:3:3:1]' # Authentication Showing the modal warning in staging when accessing /users/password/new in the staging environment should render the modal
2024-03-11T04:23:17.6709587Z rspec './spec/system/log_in_system_spec.rb[1:3:4:1]' # Authentication Showing the modal warning in staging when accessing /users/password/new not in the staging environment should not render the modal
2024-03-11T04:23:17.6710522Z rspec './spec/system/log_in_system_spec.rb[1:3:1:1]' # Authentication Showing the modal warning in staging when accessing /users/sign_in in the staging environment should render the modal
2024-03-11T04:23:17.6711358Z rspec './spec/system/log_in_system_spec.rb[1:3:2:1]' # Authentication Showing the modal warning in staging when accessing /users/sign_in not in the staging environment should not render the modal
2024-03-11T04:23:17.6711998Z rspec ./spec/system/annual_reports_system_spec.rb:22 # Annual Reports while signed in as an organization admin has all the sub-reports we expect
2024-03-11T04:23:17.6712672Z rspec ./spec/system/annual_reports_system_spec.rb:17 # Annual Reports while signed in as an organization admin has the report from last year, if there is a purchase from last year
2024-03-11T04:23:17.6713093Z rspec ./spec/system/annual_reports_system_spec.rb:13 # Annual Reports while signed in as an organization admin exists
2024-03-11T04:23:17.6713100Z 
2024-03-11T04:23:17.6713202Z Randomized with seed 23764
2024-03-11T04:23:17.6713207Z 
2024-03-11T04:23:17.8153947Z Stopped processing SimpleCov as a previous error not related to SimpleCov has been detected
2024-03-11T04:23:17.8155829Z Coverage report generated for RSpec to /home/runner/work/human-essentials/human-essentials/coverage. 3326 / 6463 LOC (51.46%) covered.
2024-03-11T04:23:17.9230598Z /opt/hostedtoolcache/Ruby/3.2.2/x64/bin/ruby -I/home/runner/work/human-essentials/human-essentials/vendor/bundle/ruby/3.2.0/gems/rspec-core-3.12.2/lib:/home/runner/work/human-essentials/human-essentials/vendor/bundle/ruby/3.2.0/gems/rspec-support-3.12.1/lib /home/runner/work/human-essentials/human-essentials/vendor/bundle/ruby/3.2.0/gems/rspec-core-3.12.2/exe/rspec  --format documentation --format KnapsackPro::Formatters::TimeTracker --default-path spec "spec/requests/admin/base_items_requests_spec.rb" "spec/requests/admin_requests_spec.rb" "spec/requests/distributions_by_county_spec.rb" "spec/requests/items_requests_spec.rb" "spec/requests/partners/family_requests_controller_spec.rb" "spec/requests/partners/user_requests_spec.rb" "spec/requests/reports/annual_reports_requests_spec.rb" "spec/requests/users/omniauth_callbacks_requests_spec.rb" "spec/system/admin/account_requests_system_spec.rb" "spec/system/annual_reports_system_spec.rb" "spec/system/distributions_by_county_system_spec.rb" "spec/system/log_in_system_spec.rb" "spec/system/partners/approval_process_spec.rb" "spec/system/partners/profile_served_area_system_spec.rb" "spec/system/request_system_spec.rb" failed
2024-03-11T04:23:18.3199681Z Stopped processing SimpleCov as a previous error not related to SimpleCov has been detected
2024-03-11T04:23:18.3202288Z Coverage report generated for RSpec to /home/runner/work/human-essentials/human-essentials/coverage. 38 / 10759 LOC (0.35%) covered.
2024-03-11T04:23:18.3466221Z ##[error]Process completed with exit code 1.
