2024-03-07T01:54:26.0507620Z ##[group]Run RUBYOPT='-W:no-deprecated -W:no-experimental' bin/knapsack_pro_rspec
2024-03-07T01:54:26.0508543Z [36;1mRUBYOPT='-W:no-deprecated -W:no-experimental' bin/knapsack_pro_rspec[0m
2024-03-07T01:54:26.0559074Z shell: /usr/bin/bash -e {0}
2024-03-07T01:54:26.0559578Z env:
2024-03-07T01:54:26.0559886Z   POSTGRES_HOST: localhost
2024-03-07T01:54:26.0560287Z   DATABASE_HOST: localhost
2024-03-07T01:54:26.0560740Z   PG_USERNAME: postgres
2024-03-07T01:54:26.0561138Z   PG_PASSWORD: password
2024-03-07T01:54:26.0561541Z   POSTGRES_HOST_AUTH_METHOD: trust
2024-03-07T01:54:26.0562045Z   POSTGRES_PORT: 5432
2024-03-07T01:54:26.0562422Z   PGHOST: localhost
2024-03-07T01:54:26.0562733Z   PGUSER: postgres
2024-03-07T01:54:26.0563165Z   RAILS_ENV: test
2024-03-07T01:54:26.0563760Z   KNAPSACK_PRO_TEST_SUITE_TOKEN_RSPEC: ***
2024-03-07T01:54:26.0564226Z   KNAPSACK_PRO_CI_NODE_TOTAL: 6
2024-03-07T01:54:26.0564734Z   KNAPSACK_PRO_CI_NODE_INDEX: 2
2024-03-07T01:54:26.0565184Z   KNAPSACK_PRO_RSPEC_SPLIT_BY_TEST_EXAMPLES: true
2024-03-07T01:54:26.0565807Z   KNAPSACK_PRO_LOG_LEVEL: info
2024-03-07T01:54:26.0566437Z   KNAPSACK_PRO_TEST_FILE_PATTERN: {spec/system/**{,/*/**}/*_spec.rb,spec/requests/**{,/*/**}/*_spec.rb}
2024-03-07T01:54:26.0567128Z   EVENTS_READ: true
2024-03-07T01:54:26.0567530Z ##[endgroup]
2024-03-07T01:54:32.0670607Z I, [2024-03-07T01:54:32.066655 #2353]  INFO -- : [knapsack_pro] Generating RSpec test examples JSON report for slow test files to prepare it to be split by test examples (by individual test cases). Thanks to that, a single slow test file can be split across parallel CI nodes. Analyzing 1 slow test files.
2024-03-07T01:54:40.8768118Z Coverage report generated for RSpec to /home/runner/work/human-essentials/human-essentials/coverage. 2522 / 6650 LOC (37.92%) covered.
2024-03-07T01:54:44.5707248Z /opt/hostedtoolcache/Ruby/3.2.2/x64/bin/ruby -I/home/runner/work/human-essentials/human-essentials/vendor/bundle/ruby/3.2.0/gems/rspec-core-3.12.2/lib:/home/runner/work/human-essentials/human-essentials/vendor/bundle/ruby/3.2.0/gems/rspec-support-3.12.1/lib /home/runner/work/human-essentials/human-essentials/vendor/bundle/ruby/3.2.0/gems/rspec-core-3.12.2/exe/rspec  --format documentation --format KnapsackPro::Formatters::TimeTracker --default-path spec "spec/system/partner_system_spec.rb" "spec/system/request_system_spec.rb" "spec/system/adjustment_system_spec.rb" "spec/system/product_drive_participant_system_spec.rb" "spec/system/admin/base_items_system_spec.rb" "spec/system/partners/family_requests_system_spec.rb" "spec/system/dashboard_system_spec.rb[1:2:3:3:1:1]" "spec/system/log_in_system_spec.rb" "spec/requests/partners/profiles_requests_county_spec.rb" "spec/system/admin/users_system_spec.rb" "spec/system/dashboard_system_spec.rb[1:2:6:8:1:1]" "spec/system/dashboard_system_spec.rb[1:2:5:9:1:2]" "spec/system/dashboard_system_spec.rb[1:2:5:6:1:1]" "spec/system/dashboard_system_spec.rb[1:2:5:4:1:1]" "spec/system/dashboard_system_spec.rb[1:2:4:2:1:1]" "spec/system/dashboard_system_spec.rb[1:2:5:5:1:3]" "spec/system/dashboard_system_spec.rb[1:2:5:7:1:3]" "spec/system/dashboard_system_spec.rb[1:2:5:2:1:2]" "spec/system/authorization_system_spec.rb" "spec/system/dashboard_system_spec.rb[1:2:4:1]" "spec/system/dashboard_system_spec.rb[1:2:5:10:2]" "spec/system/question_system_spec.rb" "spec/requests/account_requests_spec.rb" "spec/requests/reports/annual_reports_requests_spec.rb" "spec/requests/admin/broadcast_announcements_spec.rb" "spec/requests/admin/questions_spec.rb" "spec/requests/static_requests_spec.rb" "spec/requests/users/omniauth_callbacks_requests_spec.rb"
2024-03-07T01:54:52.8862450Z Run options: include {:ids=>{"./spec/system/dashboard_system_spec.rb"=>["1:2:3:3:1:1", "1:2:6:8:1:1", "1:2:5:9:1:2", "1:2:5:6:1:1", "1:2:5:4:1:1", "1:2:4:2:1:1", "1:2:5:5:1:3", "1:2:5:7:1:3", "1:2:5:2:1:2", "1:2:4:1", "1:2:5:10:2"]}}
2024-03-07T01:54:52.8892123Z 
2024-03-07T01:54:52.8892483Z Randomized with seed 51751
2024-03-07T01:54:53.8178284Z 
2024-03-07T01:54:53.8179065Z Admin::Questions
2024-03-07T01:54:53.8180177Z   while signed in as a super admin
2024-03-07T01:54:53.8181466Z     GET #edit
2024-03-07T01:54:53.8932731Z       lets the user load the edit question page (FAILED - 1)
2024-03-07T01:54:53.8933559Z     POST #create
2024-03-07T01:54:53.9241631Z       lets the user create questions
2024-03-07T01:54:53.9242503Z     GET #index
2024-03-07T01:54:53.9405241Z       lets the user load the page (FAILED - 2)
2024-03-07T01:54:53.9406088Z     GET #new
2024-03-07T01:54:53.9571452Z       lets the user load the new question page (FAILED - 3)
2024-03-07T01:54:53.9572569Z     PATCH #update
2024-03-07T01:54:53.9774735Z       lets the user update questions
2024-03-07T01:54:53.9775550Z     DELETE #destroy
2024-03-07T01:54:53.9972747Z       lets the user delete questions
2024-03-07T01:54:53.9973587Z 
2024-03-07T01:54:53.9974057Z Users - Omniauth Callbacks
2024-03-07T01:54:53.9974862Z   GET #google_oauth2
2024-03-07T01:54:53.9975709Z     with a valid user
2024-03-07T01:54:54.0215331Z       redirects correctly
2024-03-07T01:54:54.0216774Z     without a valid user
2024-03-07T01:54:54.0279087Z       should redirect to new registration URL
2024-03-07T01:54:54.0279649Z 
2024-03-07T01:54:54.0284161Z Authorization
2024-03-07T01:54:55.3003925Z   redirects to the dashboard when unauthorized user attempts access
2024-03-07T01:54:55.8416908Z   redirects to the organization dashboard when authorized
2024-03-07T01:54:55.8417715Z 
2024-03-07T01:54:55.8417958Z Adjustment management
2024-03-07T01:54:56.7376405Z   can filter the #index by user
2024-03-07T01:54:57.5734032Z   can filter the #index by storage location
2024-03-07T01:54:58.0780925Z   should not display inactive storage locations in dropdown
2024-03-07T01:54:58.0781606Z   behaves like Date Range Picker
2024-03-07T01:54:58.0782677Z     when choosing 'Last Month'
2024-03-07T01:54:59.0522532Z       shows only 2 of the records
2024-03-07T01:54:59.0524070Z     when choosing 'All Time'
2024-03-07T01:55:00.0279249Z       shows all the records
2024-03-07T01:55:00.0280434Z     when choosing a date range that only includes the previous week
2024-03-07T01:55:00.9880436Z       shows only 1 record
2024-03-07T01:55:00.9881434Z   With a new adjustment
2024-03-07T01:55:01.5093458Z     should not display inactive storage locations in dropdown
2024-03-07T01:55:01.5094790Z     with a storage location that has inventory
2024-03-07T01:55:02.7109847Z       can add an inventory adjustment at a storage location
2024-03-07T01:55:04.1290913Z       Does not include inactive items in the line item fields
2024-03-07T01:55:05.8156521Z       politely informs the user that they're adjusting way too hard
2024-03-07T01:55:07.7403753Z       politely informs the user if they try to adjust down below zero, even if they use multiple adjustments to do so
2024-03-07T01:55:08.8716963Z       can subtract an inventory adjustment at a storage location
2024-03-07T01:55:08.8717701Z     with a storage location that is bare
2024-03-07T01:55:10.0080491Z       allows you to choose items that do not yet exist
2024-03-07T01:55:10.0081231Z 
2024-03-07T01:55:10.0081493Z Family requests
2024-03-07T01:55:10.0083546Z   filtering children
2024-03-07T01:55:11.0157602Z     user can see a list of children filtered by guardian name
2024-03-07T01:55:11.9516856Z     user can see a list of children filtered by first_name
2024-03-07T01:55:11.9517631Z   for children with different items, from different families
2024-03-07T01:55:13.5531704Z     it creates family requests
2024-03-07T01:55:13.5532604Z 
2024-03-07T01:55:13.5532932Z BroadcastAnnouncements
2024-03-07T01:55:13.5535202Z   When logged in as an organization_admin
2024-03-07T01:55:13.5536008Z     POST /create
2024-03-07T01:55:13.5707980Z       redirects
2024-03-07T01:55:13.5708750Z     GET /new
2024-03-07T01:55:13.5860627Z       redirects
2024-03-07T01:55:13.5861340Z   GET /edit
2024-03-07T01:55:13.6132609Z     render a successful response (FAILED - 4)
2024-03-07T01:55:13.6133331Z   GET /index
2024-03-07T01:55:13.6338257Z     renders a successful response (FAILED - 5)
2024-03-07T01:55:13.6338945Z   DELETE /destroy
2024-03-07T01:55:13.6502842Z     destroys the requested announcement then redirects
2024-03-07T01:55:13.6503928Z   PATCH /update
2024-03-07T01:55:13.6504512Z     with valid parameters
2024-03-07T01:55:13.6678082Z       updates the requested announcement and redirects
2024-03-07T01:55:13.6679052Z     with invalid parameters
2024-03-07T01:55:13.6891868Z       does not render a successful response (FAILED - 6)
2024-03-07T01:55:13.6892944Z   POST /create
2024-03-07T01:55:13.6893802Z     with invalid parameters
2024-03-07T01:55:13.7082862Z       does not create a new BroadcastAnnouncement (FAILED - 7)
2024-03-07T01:55:13.7267463Z       does not render a successful response (FAILED - 8)
2024-03-07T01:55:13.7268414Z     with valid parameters
2024-03-07T01:55:13.7422716Z       creates a new BroadcastAnnouncement then redirects
2024-03-07T01:55:13.7423353Z   GET /new
2024-03-07T01:55:13.7585952Z     renders a successful response (FAILED - 9)
2024-03-07T01:55:13.7589095Z 
2024-03-07T01:55:13.7589746Z Requests
2024-03-07T01:55:13.7590805Z   #index
2024-03-07T01:55:14.5327442Z     can be exported in CSV
2024-03-07T01:55:15.1436052Z     lists requests
2024-03-07T01:55:15.1436995Z     behaves like Date Range Picker
2024-03-07T01:55:15.1438099Z       when choosing 'All Time'
2024-03-07T01:55:16.2138001Z         shows all the records
2024-03-07T01:55:16.2138730Z       when choosing a date range that only includes the previous week
2024-03-07T01:55:17.3475843Z         shows only 1 record
2024-03-07T01:55:17.3476781Z       when choosing 'Last Month'
2024-03-07T01:55:18.4720061Z         shows only 2 of the records
2024-03-07T01:55:18.4720983Z     when filtering on the index page
2024-03-07T01:55:18.4722691Z       when filtering by item
2024-03-07T01:55:19.4688564Z         constrains the list
2024-03-07T01:55:19.4689376Z       when exporting as CSV
2024-03-07T01:55:20.5700213Z         respects the applied filters
2024-03-07T01:55:20.5701387Z       when filtering by status
2024-03-07T01:55:21.5242957Z         constrains the list
2024-03-07T01:55:21.5243800Z       when filtering by partner
2024-03-07T01:55:22.4741313Z         constrains the list
2024-03-07T01:55:22.4742137Z       with filters cleared
2024-03-07T01:55:23.5024687Z         displays all requests
2024-03-07T01:55:23.5025582Z   canceling a request as a bank user
2024-03-07T01:55:23.5026656Z     when a bank user cancels a request
2024-03-07T01:55:24.7308331Z       should set the request as canceled/discarded and contain the reason
2024-03-07T01:55:24.7309563Z   #show
2024-03-07T01:55:25.3343111Z     should show the number of items on-hand
2024-03-07T01:55:25.8541379Z     should show the request with a request sender if a partner user is set
2024-03-07T01:55:26.3757689Z     should show the request without a request sender if a partner user is not set
2024-03-07T01:55:26.3758451Z     change status request
2024-03-07T01:55:27.4209947Z       should change to started
2024-03-07T01:55:27.4210750Z       when save the distribution
2024-03-07T01:55:28.6197124Z         should change request to fulfilled
2024-03-07T01:55:28.6198529Z 
2024-03-07T01:55:28.6198871Z Base Item Admin
2024-03-07T01:55:28.6200439Z   While signed in as a normal user
2024-03-07T01:55:30.0292143Z     should have a normal user not see anything
2024-03-07T01:55:30.0293009Z   While signed in as an Administrative User (super admin)
2024-03-07T01:55:30.1354416Z     can view a single Base Item (FAILED - 10)
2024-03-07T01:55:30.4781614Z     can view a listing of all Base Items that shows a summary of its sub-items (FAILED - 11)
2024-03-07T01:55:30.4783597Z   [0;33mHTML screenshot: /home/runner/work/human-essentials/human-essentials/tmp/screenshots/screenshot_can-view-a-listing-of-all-Base-Items-that-shows-a-summary-of-its-sub-items_2024-03-06-17-55-30.329.html[0m
2024-03-07T01:55:30.4787041Z   [0;33mImage screenshot: /home/runner/work/human-essentials/human-essentials/tmp/screenshots/screenshot_can-view-a-listing-of-all-Base-Items-that-shows-a-summary-of-its-sub-items_2024-03-06-17-55-30.329.png[0m
2024-03-07T01:55:30.4789133Z     when creating a new base item
2024-03-07T01:55:30.7713151Z       should fail when creating a new base item with empty attributes (FAILED - 12)
2024-03-07T01:55:30.7715842Z   [0;33mHTML screenshot: /home/runner/work/human-essentials/human-essentials/tmp/screenshots/screenshot_should-fail-when-creating-a-new-base-item-with-empty-attributes_2024-03-06-17-55-30.611.html[0m
2024-03-07T01:55:30.7719622Z   [0;33mImage screenshot: /home/runner/work/human-essentials/human-essentials/tmp/screenshots/screenshot_should-fail-when-creating-a-new-base-item-with-empty-attributes_2024-03-06-17-55-30.611.png[0m
2024-03-07T01:55:31.0615208Z       should succeed when creating a new base item with good data (FAILED - 13)
2024-03-07T01:55:31.0616964Z   [0;33mHTML screenshot: /home/runner/work/human-essentials/human-essentials/tmp/screenshots/screenshot_should-succeed-when-creating-a-new-base-item-with-good-data_2024-03-06-17-55-30.911.html[0m
2024-03-07T01:55:31.0619830Z   [0;33mImage screenshot: /home/runner/work/human-essentials/human-essentials/tmp/screenshots/screenshot_should-succeed-when-creating-a-new-base-item-with-good-data_2024-03-06-17-55-30.911.png[0m
2024-03-07T01:55:31.0621671Z     when updating an existing base item
2024-03-07T01:55:31.3615406Z       should succeed when changing the name (FAILED - 14)
2024-03-07T01:55:31.3617642Z   [0;33mHTML screenshot: /home/runner/work/human-essentials/human-essentials/tmp/screenshots/screenshot_should-succeed-when-changing-the-name_2024-03-06-17-55-31.212.html[0m
2024-03-07T01:55:31.3620151Z   [0;33mImage screenshot: /home/runner/work/human-essentials/human-essentials/tmp/screenshots/screenshot_should-succeed-when-changing-the-name_2024-03-06-17-55-31.212.png[0m
2024-03-07T01:55:31.6624781Z       should fail when updating the name to empty (FAILED - 15)
2024-03-07T01:55:31.6626598Z   [0;33mHTML screenshot: /home/runner/work/human-essentials/human-essentials/tmp/screenshots/screenshot_should-fail-when-updating-the-name-to-empty_2024-03-06-17-55-31.510.html[0m
2024-03-07T01:55:31.6628822Z   [0;33mImage screenshot: /home/runner/work/human-essentials/human-essentials/tmp/screenshots/screenshot_should-fail-when-updating-the-name-to-empty_2024-03-06-17-55-31.510.png[0m
2024-03-07T01:55:31.6630334Z   While signed in as an Administrative User with no organization (super admin no org)
2024-03-07T01:55:31.7701833Z     can view a single Base Item (FAILED - 16)
2024-03-07T01:55:32.1443792Z     can view a listing of all Base Items that shows a summary of its sub-items (FAILED - 17)
2024-03-07T01:55:32.1445758Z   [0;33mHTML screenshot: /home/runner/work/human-essentials/human-essentials/tmp/screenshots/screenshot_can-view-a-listing-of-all-Base-Items-that-shows-a-summary-of-its-sub-items_2024-03-06-17-55-31.997.html[0m
2024-03-07T01:55:32.1448994Z   [0;33mImage screenshot: /home/runner/work/human-essentials/human-essentials/tmp/screenshots/screenshot_can-view-a-listing-of-all-Base-Items-that-shows-a-summary-of-its-sub-items_2024-03-06-17-55-31.997.png[0m
2024-03-07T01:55:32.1450818Z     when creating a new base item
2024-03-07T01:55:32.4316691Z       should fail when creating a new base item with empty attributes (FAILED - 18)
2024-03-07T01:55:32.4319489Z   [0;33mHTML screenshot: /home/runner/work/human-essentials/human-essentials/tmp/screenshots/screenshot_should-fail-when-creating-a-new-base-item-with-empty-attributes_2024-03-06-17-55-32.277.html[0m
2024-03-07T01:55:32.4323556Z   [0;33mImage screenshot: /home/runner/work/human-essentials/human-essentials/tmp/screenshots/screenshot_should-fail-when-creating-a-new-base-item-with-empty-attributes_2024-03-06-17-55-32.277.png[0m
2024-03-07T01:55:32.7114057Z       should succeed when creating a new base item with good data (FAILED - 19)
2024-03-07T01:55:32.7115880Z   [0;33mHTML screenshot: /home/runner/work/human-essentials/human-essentials/tmp/screenshots/screenshot_should-succeed-when-creating-a-new-base-item-with-good-data_2024-03-06-17-55-32.559.html[0m
2024-03-07T01:55:32.7118240Z   [0;33mImage screenshot: /home/runner/work/human-essentials/human-essentials/tmp/screenshots/screenshot_should-succeed-when-creating-a-new-base-item-with-good-data_2024-03-06-17-55-32.559.png[0m
2024-03-07T01:55:32.7120058Z     when updating an existing base item
2024-03-07T01:55:33.0105901Z       should succeed when changing the name (FAILED - 20)
2024-03-07T01:55:33.0107463Z   [0;33mHTML screenshot: /home/runner/work/human-essentials/human-essentials/tmp/screenshots/screenshot_should-succeed-when-changing-the-name_2024-03-06-17-55-32.860.html[0m
2024-03-07T01:55:33.0110155Z   [0;33mImage screenshot: /home/runner/work/human-essentials/human-essentials/tmp/screenshots/screenshot_should-succeed-when-changing-the-name_2024-03-06-17-55-32.860.png[0m
2024-03-07T01:55:33.2937585Z       should fail when updating the name to empty (FAILED - 21)
2024-03-07T01:55:33.2939411Z   [0;33mHTML screenshot: /home/runner/work/human-essentials/human-essentials/tmp/screenshots/screenshot_should-fail-when-updating-the-name-to-empty_2024-03-06-17-55-33.143.html[0m
2024-03-07T01:55:33.2941842Z   [0;33mImage screenshot: /home/runner/work/human-essentials/human-essentials/tmp/screenshots/screenshot_should-fail-when-updating-the-name-to-empty_2024-03-06-17-55-33.143.png[0m
2024-03-07T01:55:33.2942861Z 
2024-03-07T01:55:33.2943075Z Static
2024-03-07T01:55:33.2943426Z   Not signed in
2024-03-07T01:55:33.2943901Z     GET #index
2024-03-07T01:55:33.3042173Z       returns http success
2024-03-07T01:55:33.3103155Z       renders the static index
2024-03-07T01:55:33.3103692Z     GET #page/privacypolicy
2024-03-07T01:55:33.3156162Z       renders the contact page
2024-03-07T01:55:33.3156893Z   Signed in
2024-03-07T01:55:33.3157507Z     GET #index
2024-03-07T01:55:33.3267477Z       redirects to organization dashboard
2024-03-07T01:55:33.3268148Z   Super user without org signed in
2024-03-07T01:55:33.3268981Z     GET #index
2024-03-07T01:55:33.3359062Z       redirects to admin dashboard
2024-03-07T01:55:33.3359773Z   Non super user without org signed in
2024-03-07T01:55:33.3360617Z     GET #index
2024-03-07T01:55:33.3546577Z       redirects to a public/403.html page
2024-03-07T01:55:33.3547321Z 
2024-03-07T01:55:33.3547530Z Admin Users Management
2024-03-07T01:55:33.3549067Z   While signed in as an Administrative User (super admin)
2024-03-07T01:55:33.6439138Z     creates an user (FAILED - 22)
2024-03-07T01:55:33.6440524Z   [0;33mHTML screenshot: /home/runner/work/human-essentials/human-essentials/tmp/screenshots/screenshot_creates-an-user_2024-03-06-17-55-33.493.html[0m
2024-03-07T01:55:33.6442390Z   [0;33mImage screenshot: /home/runner/work/human-essentials/human-essentials/tmp/screenshots/screenshot_creates-an-user_2024-03-06-17-55-33.493.png[0m
2024-03-07T01:55:33.9296353Z     deletes an existing user (FAILED - 23)
2024-03-07T01:55:33.9297782Z   [0;33mHTML screenshot: /home/runner/work/human-essentials/human-essentials/tmp/screenshots/screenshot_deletes-an-existing-user_2024-03-06-17-55-33.778.html[0m
2024-03-07T01:55:33.9300136Z   [0;33mImage screenshot: /home/runner/work/human-essentials/human-essentials/tmp/screenshots/screenshot_deletes-an-existing-user_2024-03-06-17-55-33.778.png[0m
2024-03-07T01:55:34.2269850Z     edits an existing user (FAILED - 24)
2024-03-07T01:55:34.2271854Z   [0;33mHTML screenshot: /home/runner/work/human-essentials/human-essentials/tmp/screenshots/screenshot_edits-an-existing-user_2024-03-06-17-55-34.077.html[0m
2024-03-07T01:55:34.2274835Z   [0;33mImage screenshot: /home/runner/work/human-essentials/human-essentials/tmp/screenshots/screenshot_edits-an-existing-user_2024-03-06-17-55-34.077.png[0m
2024-03-07T01:55:34.5601572Z     adds a role (FAILED - 25)
2024-03-07T01:55:34.5603220Z   [0;33mHTML screenshot: /home/runner/work/human-essentials/human-essentials/tmp/screenshots/screenshot_adds-a-role_2024-03-06-17-55-34.409.html[0m
2024-03-07T01:55:34.5605353Z   [0;33mImage screenshot: /home/runner/work/human-essentials/human-essentials/tmp/screenshots/screenshot_adds-a-role_2024-03-06-17-55-34.409.png[0m
2024-03-07T01:55:34.8443580Z     filters users by email (FAILED - 26)
2024-03-07T01:55:34.8445968Z   [0;33mHTML screenshot: /home/runner/work/human-essentials/human-essentials/tmp/screenshots/screenshot_filters-users-by-email_2024-03-06-17-55-34.693.html[0m
2024-03-07T01:55:34.8448291Z   [0;33mImage screenshot: /home/runner/work/human-essentials/human-essentials/tmp/screenshots/screenshot_filters-users-by-email_2024-03-06-17-55-34.693.png[0m
2024-03-07T01:55:35.1272698Z     filters users by name (FAILED - 27)
2024-03-07T01:55:35.1274135Z   [0;33mHTML screenshot: /home/runner/work/human-essentials/human-essentials/tmp/screenshots/screenshot_filters-users-by-name_2024-03-06-17-55-34.977.html[0m
2024-03-07T01:55:35.1276845Z   [0;33mImage screenshot: /home/runner/work/human-essentials/human-essentials/tmp/screenshots/screenshot_filters-users-by-name_2024-03-06-17-55-34.977.png[0m
2024-03-07T01:55:35.1277912Z 
2024-03-07T01:55:35.1278084Z /account_requests
2024-03-07T01:55:35.1278456Z   GET #confirmation
2024-03-07T01:55:35.1278880Z     when given a invalid token
2024-03-07T01:55:35.1355365Z       should render a error that says that is code provided is invalid
2024-03-07T01:55:35.1356083Z     when given a valid token
2024-03-07T01:55:35.1619025Z       should render the confirmation template
2024-03-07T01:55:35.1620097Z     when given a token that has already been confirmed
2024-03-07T01:55:35.3430507Z       should render a error that says that is code provided is invalid
2024-03-07T01:55:35.3431752Z   GET #received
2024-03-07T01:55:35.3432767Z     when given a valid token
2024-03-07T01:55:35.3571812Z       should render the received template
2024-03-07T01:55:35.3572750Z     when given a invalid token
2024-03-07T01:55:35.3630956Z       should render a error that says that is code provided is invalid
2024-03-07T01:55:35.3632006Z   GET #confirm
2024-03-07T01:55:35.3632772Z     when given a invalid token
2024-03-07T01:55:35.3685501Z       should render a error that says that is code provided is invalid
2024-03-07T01:55:35.3686522Z     when given a valid token
2024-03-07T01:55:35.3856600Z       should the update confirmed_at on the account_request, queue confirmation email and render confirm template
2024-03-07T01:55:35.3857539Z     when given a token that has already been confirmed
2024-03-07T01:55:35.5631056Z       should render a error that says that is code provided is invalid
2024-03-07T01:55:35.5632323Z   POST #create
2024-03-07T01:55:35.5632924Z     with invalid parameters
2024-03-07T01:55:35.5817549Z       renders a successful response (i.e. to display the 'new' template)
2024-03-07T01:55:35.5975429Z       does not create a new AccountRequest
2024-03-07T01:55:35.5976255Z     with valid parameters
2024-03-07T01:55:35.6086857Z       delivers the confirmation email via default queue
2024-03-07T01:55:35.6203214Z       redirects to the created account_request confirmation
2024-03-07T01:55:35.6316381Z       creates a new AccountRequest
2024-03-07T01:55:35.6317116Z   GET #new
2024-03-07T01:55:35.6416436Z     renders a successful response
2024-03-07T01:55:35.6417789Z 
2024-03-07T01:55:35.6418130Z Partner management
2024-03-07T01:55:35.6420733Z   requesting recertification of a partner
2024-03-07T01:55:35.6421981Z     GIVEN a user goes through the process of requesting recertification of partner
2024-03-07T01:55:36.4445849Z       should notify the user that its been successful and change the partner status
2024-03-07T01:55:36.4446727Z   changing partner group association
2024-03-07T01:55:36.4447370Z     when a partner is assigned to partner group
2024-03-07T01:55:36.4448701Z       that has requestable item categories
2024-03-07T01:55:37.5485294Z         should properly indicate the requestable items and adjust the partners requestable items
2024-03-07T01:55:37.5486616Z       that has no requestable item categories
2024-03-07T01:55:38.6102448Z         should properly indicate the requestable items and adjust the partners requestable items
2024-03-07T01:55:38.6103481Z     when the partner has no partner group
2024-03-07T01:55:39.0976393Z       it should say they can request every item
2024-03-07T01:55:39.0977882Z   #edit
2024-03-07T01:55:39.8659896Z     prevents a user from updating a partner with empty name
2024-03-07T01:55:40.6880886Z     User can update a partner
2024-03-07T01:55:41.6413837Z     User can uncheck send_reminders
2024-03-07T01:55:41.6414571Z   #new
2024-03-07T01:55:42.5715453Z     User can add a new partner
2024-03-07T01:55:43.3250601Z     disallows a user from creating a new partner with empty name
2024-03-07T01:55:43.7937878Z     should not display inactive storage locations in dropdown
2024-03-07T01:55:43.7938813Z   #index
2024-03-07T01:55:44.4963605Z     shows invite button only for unapproved partners
2024-03-07T01:55:45.6698145Z     allows a user to invite a partner
2024-03-07T01:55:46.2281694Z     displays the partner agency names in alphabetical order
2024-03-07T01:55:46.2282508Z     when exporting as CSV
2024-03-07T01:55:46.2285250Z       when filtering
2024-03-07T01:55:47.1072425Z         preserves the filter constraints in the CSV output
2024-03-07T01:55:47.1073375Z     when filtering
2024-03-07T01:55:47.9357564Z       allows the user to click on one of the statuses at the top to filter the results
2024-03-07T01:55:47.9358479Z   #show
2024-03-07T01:55:47.9359308Z     when exporting as CSV
2024-03-07T01:55:47.9360398Z       when filtering
2024-03-07T01:55:48.7356066Z         preserves the filter constraints in the CSV output
2024-03-07T01:55:48.7357282Z     when viewing a deactivated partner
2024-03-07T01:55:49.2463305Z       allows reactivation
2024-03-07T01:55:49.2464168Z     when viewing an invited partner as a partner
2024-03-07T01:55:49.8183298Z       redirects user to partners page root page (dashboard) with error message
2024-03-07T01:55:49.8184455Z     when viewing an uninvited partner
2024-03-07T01:55:50.3226523Z       only has an edit option available
2024-03-07T01:55:50.3227392Z   adding a new partner and inviting them
2024-03-07T01:55:50.3228645Z     when adding & inviting a partner successfully
2024-03-07T01:55:51.7293262Z       should have added the partner and invited them
2024-03-07T01:55:51.7294276Z     when adding a partner incorrectly
2024-03-07T01:55:52.7512390Z       should have not added a new partner and indicate the failure
2024-03-07T01:55:52.7513438Z   approving a partner that is awaiting approval
2024-03-07T01:55:52.7514221Z     when the approval succeeds
2024-03-07T01:55:53.8130532Z       should approve the partner
2024-03-07T01:55:53.8131420Z     when the approval does not succeed
2024-03-07T01:55:54.8557595Z       should show an error message and not approve the partner
2024-03-07T01:55:54.8558470Z   #approve_partner
2024-03-07T01:55:54.8559885Z     when viewing a partner's users
2024-03-07T01:55:55.3983493Z       can show users of a partner
2024-03-07T01:55:55.3984632Z     when partner has :awaiting_review status
2024-03-07T01:55:56.2221616Z       is expected to have visible link or button "Approve Partner"
2024-03-07T01:55:56.2222930Z     when partner has :invited status
2024-03-07T01:55:57.0662894Z       is expected to have visible link or button "Approve Partner"
2024-03-07T01:55:57.0664249Z   one step inviting a partner
2024-03-07T01:55:57.0665063Z     when one step partner invite setting is off
2024-03-07T01:55:57.5563931Z       does not show invite and approve button
2024-03-07T01:55:57.5565067Z     when partner is uninvited and one step partner invite setting is on
2024-03-07T01:55:58.0245667Z Modal window with text `One step invite and approve Leslie Sue, the 12 to begin using the partner application?` has been opened, but you didn't wrap your code into (`accept_prompt` | `dismiss_prompt` | `accept_confirm` | `dismiss_confirm` | `accept_alert`), accepting by default
2024-03-07T01:55:58.3572886Z       shows Invite and Approve button and approves the partner when clicked
2024-03-07T01:55:58.3574219Z   partner group management
2024-03-07T01:55:58.3574947Z     creating a new partner group
2024-03-07T01:55:59.8049637Z       should allow creating a new partner group with item categories
2024-03-07T01:55:59.8050791Z     editing a existing partner group
2024-03-07T01:56:03.2841117Z       should allow updating the partner name
2024-03-07T01:56:03.2841954Z 
2024-03-07T01:56:03.2842244Z Question search
2024-03-07T01:56:03.2843500Z   while logged in
2024-03-07T01:56:03.9129861Z     filters by question title
2024-03-07T01:56:03.9130523Z 
2024-03-07T01:56:03.9130737Z Authentication
2024-03-07T01:56:03.9132223Z   Deactivated user
2024-03-07T01:56:04.6296524Z     should not allow the user to log in
2024-03-07T01:56:04.6297572Z   Success
2024-03-07T01:56:05.1948058Z     should show dashboard upon signin
2024-03-07T01:56:05.1949004Z   Showing the modal warning in staging
2024-03-07T01:56:05.1950044Z     when accessing /users/sign_in not in the staging environment
2024-03-07T01:56:05.6194711Z       should not render the modal
2024-03-07T01:56:05.6195623Z     when accessing /users/password/new not in the staging environment
2024-03-07T01:56:06.0329908Z       should not render the modal
2024-03-07T01:56:06.0331148Z     when accessing /users/password/new in the staging environment
2024-03-07T01:56:06.4660592Z       should render the modal
2024-03-07T01:56:06.4661782Z     when accessing /users/sign_in in the staging environment
2024-03-07T01:56:06.8998403Z       should render the modal
2024-03-07T01:56:06.8999517Z 
2024-03-07T01:56:06.8999755Z /partners/profiles
2024-03-07T01:56:06.9001484Z   partial (area_served) presence when that partial specified
2024-03-07T01:56:06.9002453Z     on edit
2024-03-07T01:56:07.1509305Z       displays the area served if specified
2024-03-07T01:56:07.1510284Z       full_county_list
2024-03-07T01:56:07.4077479Z         has the right total
2024-03-07T01:56:07.6453641Z         displays the counties
2024-03-07T01:56:07.6454709Z     on show
2024-03-07T01:56:07.8590383Z       handles empty county list
2024-03-07T01:56:08.0768541Z       displays the area served if specified
2024-03-07T01:56:08.0769405Z       full_county_list
2024-03-07T01:56:08.2975710Z         displays the counties
2024-03-07T01:56:08.2976636Z   basic
2024-03-07T01:56:08.2977934Z     on show
2024-03-07T01:56:08.5123234Z       handles empty county list
2024-03-07T01:56:08.7364576Z       displays the partner area served entry if there are no partials specified for the organization
2024-03-07T01:56:08.7365885Z     GET #edit
2024-03-07T01:56:08.9929462Z       displays the partner area served entry if there are no partials specified for the organization
2024-03-07T01:56:08.9931102Z   partial (area served) absence when only other partials specified
2024-03-07T01:56:08.9931833Z     on edit
2024-03-07T01:56:09.2195606Z       does not display the client share if only other partials are specified
2024-03-07T01:56:09.2197028Z     on show
2024-03-07T01:56:09.4352788Z       does not display the client share if only other partials are specified
2024-03-07T01:56:09.4354866Z 
2024-03-07T01:56:09.4355484Z Participant
2024-03-07T01:56:09.4356783Z   when editing an existing product drive participant
2024-03-07T01:56:10.3096866Z     does not allow a user to update a product drive participant with empty attributes
2024-03-07T01:56:11.0770691Z     allows a user to update the contact info for a product drive participant
2024-03-07T01:56:11.0771825Z   When a user views the index page
2024-03-07T01:56:11.5560994Z     alphabetizes the product drive participant names
2024-03-07T01:56:11.5562062Z     When the s have donations associated with them already
2024-03-07T01:56:12.3974500Z       shows existing  Participants in the #index with some summary stats
2024-03-07T01:56:13.2216024Z       allows single  Participants to show semi-detailed stats about donations from that product drive
2024-03-07T01:56:13.2218026Z   when creating new product drive participants
2024-03-07T01:56:13.9946717Z     allows a user to create a new product drive instance
2024-03-07T01:56:14.7212273Z     does not allow a user to add a new product drive instance with empty attributes
2024-03-07T01:56:14.7215306Z 
2024-03-07T01:56:14.7215530Z Dashboard
2024-03-07T01:56:14.7217211Z   With an existing essentials bank
2024-03-07T01:56:14.7221990Z     Purchases
2024-03-07T01:56:15.6231922Z       has a link to create a new purchase
2024-03-07T01:56:15.6235261Z       given 1 Purchase on 2024-03-05  (unless 'All Time'), 1 during 2024-03-06..2024-03-06, and 1 on 2024-03-07
2024-03-07T01:56:15.6236433Z         filtering to 'Today'
2024-03-07T01:56:17.0166824Z           shows correct 1 Recent Purchase link(s)
2024-03-07T01:56:17.0168192Z     Donations
2024-03-07T01:56:17.0173871Z       given 1 Donation on 2024-03-05 (only if a valid date), 4 during 2024-03-06..2024-03-06, and 1 on 2024-03-07
2024-03-07T01:56:17.0176007Z         filtering to 'Today'
2024-03-07T01:56:18.5128439Z           shows the correct total and 3 Recent Donation link(s)
2024-03-07T01:56:18.5130254Z     Product Drives
2024-03-07T01:56:18.5133040Z       given 1 Product Drive Donation on 2024-03-05 (unless 'All Time'), 3 during 2024-03-06..2024-03-06, and 1 on 2024-03-07
2024-03-07T01:56:18.5134435Z         filtering to 'Today'
2024-03-07T01:56:19.9756845Z           shows the correct total money raised
2024-03-07T01:56:19.9757882Z       Product drive behaviour with Mixed Donation types
2024-03-07T01:56:20.7170362Z         only counts product drive money raised
2024-03-07T01:56:20.7172642Z       given 1 Product Drive Donation on 2024-02-28 (unless 'All Time'), 2 during 2024-02-29..2024-03-06, and 1 on 2024-03-07
2024-03-07T01:56:20.7174457Z         filtering to 'Last 7 Days'
2024-03-07T01:56:22.2246871Z           shows the correct total donations
2024-03-07T01:56:22.2248752Z       given 1 Product Drive Donation on 2024-02-29 (unless 'All Time'), 3 during 2024-03-01..2024-03-31, and 1 on 2024-04-01
2024-03-07T01:56:22.2249923Z         filtering to 'This Month'
2024-03-07T01:56:23.6775937Z           shows the correct total donations
2024-03-07T01:56:23.6777797Z       given 1 Product Drive Donation on 2024-02-05 (unless 'All Time'), 0 during 2024-02-06..2024-03-06, and 1 on 2024-03-07
2024-03-07T01:56:23.6779197Z         filtering to 'Last 30 Days'
2024-03-07T01:56:27.0080981Z           shows 0 Recent Donation link(s)
2024-03-07T01:56:27.0082831Z       given 1 Product Drive Donation on 2022-03-05 (unless 'All Time'), 4 during 2022-03-06..2024-01-30, and 1 on 2024-01-31
2024-03-07T01:56:27.0084495Z         filtering to '' (March 6, 2022 - January 30, 2024)
2024-03-07T01:56:28.5304872Z           shows the correct total money raised
2024-03-07T01:56:28.5306939Z       given 1 Product Drive Donation on 2024-01-31 (unless 'All Time'), 3 during 2024-02-01..2024-02-29, and 1 on 2024-03-01
2024-03-07T01:56:28.5308355Z         filtering to 'Last Month'
2024-03-07T01:56:29.9950847Z           shows 3 Recent Donation link(s)
2024-03-07T01:56:29.9952172Z     Manufacturer Donations
2024-03-07T01:56:29.9955618Z       given 1 Manufacturer donating on 2023-12-31  (unless 'All Time'), 3 during 2024-01-01..2024-12-31, and 1 on 2025-01-01
2024-03-07T01:56:29.9956623Z         filtering to 'This Year'
2024-03-07T01:56:31.6493621Z           shows the correct total and 5 Top Manufacturer Donation link(s)
2024-03-07T01:56:31.6497284Z 
2024-03-07T01:56:31.6497679Z Annual Reports
2024-03-07T01:56:31.6498694Z   While signed in
2024-03-07T01:56:31.6499968Z     GET /show
2024-03-07T01:56:31.6917750Z       retrieves and uses the existing report if it exists
2024-03-07T01:56:31.7169847Z       returns not found if the year params is not number
2024-03-07T01:56:31.8088006Z       returns http success
2024-03-07T01:56:31.8971037Z       retrieves and updated the existing report if it exists
2024-03-07T01:56:31.8972285Z     GET /index
2024-03-07T01:56:31.9264079Z       returns http success
2024-03-07T01:56:31.9264630Z     POST /recalculate
2024-03-07T01:56:32.0920589Z       recalculates new reports
2024-03-07T01:56:32.2138801Z       recalculates an existing report
2024-03-07T01:56:32.5897131Z 
2024-03-07T01:56:32.5898280Z Deprecation Warnings:
2024-03-07T01:56:32.5898881Z 
2024-03-07T01:56:32.5902826Z Using `should` from rspec-expectations' old `:should` syntax without explicitly enabling the syntax is deprecated. Use the new `:expect` syntax or explicitly enable `:should` with `config.expect_with(:rspec) { |c| c.syntax = :should }` instead. Called from /home/runner/work/human-essentials/human-essentials/spec/system/partner_system_spec.rb:140:in `block (5 levels) in <top (required)>'.
2024-03-07T01:56:32.5905552Z 
2024-03-07T01:56:32.5905559Z 
2024-03-07T01:56:32.5905964Z If you need more of the backtrace for any of these deprecations to
2024-03-07T01:56:32.5906727Z identify where to make the necessary changes, you can configure
2024-03-07T01:56:32.5907474Z `config.raise_errors_for_deprecations!`, and it will turn the
2024-03-07T01:56:32.5908164Z deprecation warnings into errors, giving you the full backtrace.
2024-03-07T01:56:32.5908598Z 
2024-03-07T01:56:32.5909088Z Failures:
2024-03-07T01:56:32.5909411Z 
2024-03-07T01:56:32.5909879Z   1) Admin::Questions while signed in as a super admin GET #edit lets the user load the edit question page
2024-03-07T01:56:32.5911087Z      Failure/Error: <li class="nav-item <%= 'active' if current_page?(new_admin_barcode_item_path) %>">
2024-03-07T01:56:32.5911652Z 
2024-03-07T01:56:32.5911814Z      ActionView::Template::Error:
2024-03-07T01:56:32.5912714Z        undefined local variable or method `new_admin_barcode_item_path' for #<ActionView::Base:0x000000000321e0>
2024-03-07T01:56:32.5913905Z      # ./app/views/layouts/_lte_admin_sidebar.html.erb:17:in `_app_views_layouts__lte_admin_sidebar_html_erb___2864972239883364549_102620'
2024-03-07T01:56:32.5915072Z      # ./app/views/layouts/application.html.erb:80:in `_app_views_layouts_application_html_erb__3451404255530414949_102580'
2024-03-07T01:56:32.5916136Z      # ./spec/requests/admin/questions_spec.rb:34:in `block (4 levels) in <top (required)>'
2024-03-07T01:56:32.5916832Z      # ------------------
2024-03-07T01:56:32.5917186Z      # --- Caused by: ---
2024-03-07T01:56:32.5917609Z      # NameError:
2024-03-07T01:56:32.5918378Z      #   undefined local variable or method `new_admin_barcode_item_path' for #<ActionView::Base:0x000000000321e0>
2024-03-07T01:56:32.5919481Z      #   ./app/views/layouts/_lte_admin_sidebar.html.erb:17:in `_app_views_layouts__lte_admin_sidebar_html_erb___2864972239883364549_102620'
2024-03-07T01:56:32.5920205Z 
2024-03-07T01:56:32.5920578Z   2) Admin::Questions while signed in as a super admin GET #index lets the user load the page
2024-03-07T01:56:32.5921587Z      Failure/Error: <li class="nav-item <%= 'active' if current_page?(new_admin_barcode_item_path) %>">
2024-03-07T01:56:32.5922268Z 
2024-03-07T01:56:32.5922456Z      ActionView::Template::Error:
2024-03-07T01:56:32.5923394Z        undefined local variable or method `new_admin_barcode_item_path' for #<ActionView::Base:0x00000000032348>
2024-03-07T01:56:32.5924504Z      # ./app/views/layouts/_lte_admin_sidebar.html.erb:17:in `_app_views_layouts__lte_admin_sidebar_html_erb___2864972239883364549_102620'
2024-03-07T01:56:32.5925736Z      # ./app/views/layouts/application.html.erb:80:in `_app_views_layouts_application_html_erb__3451404255530414949_102580'
2024-03-07T01:56:32.5926706Z      # ./spec/requests/admin/questions_spec.rb:11:in `block (4 levels) in <top (required)>'
2024-03-07T01:56:32.5927369Z      # ------------------
2024-03-07T01:56:32.5927812Z      # --- Caused by: ---
2024-03-07T01:56:32.5928185Z      # NameError:
2024-03-07T01:56:32.5928938Z      #   undefined local variable or method `new_admin_barcode_item_path' for #<ActionView::Base:0x00000000032348>
2024-03-07T01:56:32.5930099Z      #   ./app/views/layouts/_lte_admin_sidebar.html.erb:17:in `_app_views_layouts__lte_admin_sidebar_html_erb___2864972239883364549_102620'
2024-03-07T01:56:32.5930736Z 
2024-03-07T01:56:32.5931405Z   3) Admin::Questions while signed in as a super admin GET #new lets the user load the new question page
2024-03-07T01:56:32.5932462Z      Failure/Error: <li class="nav-item <%= 'active' if current_page?(new_admin_barcode_item_path) %>">
2024-03-07T01:56:32.5933026Z 
2024-03-07T01:56:32.5933203Z      ActionView::Template::Error:
2024-03-07T01:56:32.5934026Z        undefined local variable or method `new_admin_barcode_item_path' for #<ActionView::Base:0x000000000323c0>
2024-03-07T01:56:32.5935357Z      # ./app/views/layouts/_lte_admin_sidebar.html.erb:17:in `_app_views_layouts__lte_admin_sidebar_html_erb___2864972239883364549_102620'
2024-03-07T01:56:32.5936432Z      # ./app/views/layouts/application.html.erb:80:in `_app_views_layouts_application_html_erb__3451404255530414949_102580'
2024-03-07T01:56:32.5937407Z      # ./spec/requests/admin/questions_spec.rb:18:in `block (4 levels) in <top (required)>'
2024-03-07T01:56:32.5938152Z      # ------------------
2024-03-07T01:56:32.5938549Z      # --- Caused by: ---
2024-03-07T01:56:32.5938921Z      # NameError:
2024-03-07T01:56:32.5939738Z      #   undefined local variable or method `new_admin_barcode_item_path' for #<ActionView::Base:0x000000000323c0>
2024-03-07T01:56:32.5941102Z      #   ./app/views/layouts/_lte_admin_sidebar.html.erb:17:in `_app_views_layouts__lte_admin_sidebar_html_erb___2864972239883364549_102620'
2024-03-07T01:56:32.5941753Z 
2024-03-07T01:56:32.5942050Z   4) BroadcastAnnouncements GET /edit render a successful response
2024-03-07T01:56:32.5943017Z      Failure/Error: <li class="nav-item <%= 'active' if current_page?(new_admin_barcode_item_path) %>">
2024-03-07T01:56:32.5943536Z 
2024-03-07T01:56:32.5943713Z      ActionView::Template::Error:
2024-03-07T01:56:32.5944488Z        undefined local variable or method `new_admin_barcode_item_path' for #<ActionView::Base:0x00000000036b78>
2024-03-07T01:56:32.5945651Z      # ./app/views/layouts/_lte_admin_sidebar.html.erb:17:in `_app_views_layouts__lte_admin_sidebar_html_erb___2864972239883364549_102620'
2024-03-07T01:56:32.5946801Z      # ./app/views/layouts/application.html.erb:80:in `_app_views_layouts_application_html_erb__3451404255530414949_102580'
2024-03-07T01:56:32.5947919Z      # ./spec/requests/admin/broadcast_announcements_spec.rb:41:in `block (3 levels) in <top (required)>'
2024-03-07T01:56:32.5948672Z      # ------------------
2024-03-07T01:56:32.5949060Z      # --- Caused by: ---
2024-03-07T01:56:32.5949554Z      # NameError:
2024-03-07T01:56:32.5950322Z      #   undefined local variable or method `new_admin_barcode_item_path' for #<ActionView::Base:0x00000000036b78>
2024-03-07T01:56:32.5951418Z      #   ./app/views/layouts/_lte_admin_sidebar.html.erb:17:in `_app_views_layouts__lte_admin_sidebar_html_erb___2864972239883364549_102620'
2024-03-07T01:56:32.5952100Z 
2024-03-07T01:56:32.5952423Z   5) BroadcastAnnouncements GET /index renders a successful response
2024-03-07T01:56:32.5953262Z      Failure/Error: <li class="nav-item <%= 'active' if current_page?(new_admin_barcode_item_path) %>">
2024-03-07T01:56:32.5953831Z 
2024-03-07T01:56:32.5953976Z      ActionView::Template::Error:
2024-03-07T01:56:32.6157617Z        undefined local variable or method `new_admin_barcode_item_path' for #<ActionView::Base:0x00000000036c18>
2024-03-07T01:56:32.6159063Z      # ./app/views/layouts/_lte_admin_sidebar.html.erb:17:in `_app_views_layouts__lte_admin_sidebar_html_erb___2864972239883364549_102620'
2024-03-07T01:56:32.6160732Z      # ./app/views/layouts/application.html.erb:80:in `_app_views_layouts_application_html_erb__3451404255530414949_102580'
2024-03-07T01:56:32.6162257Z      # ./spec/requests/admin/broadcast_announcements_spec.rb:26:in `block (3 levels) in <top (required)>'
2024-03-07T01:56:32.6163359Z      # ------------------
2024-03-07T01:56:32.6163855Z      # --- Caused by: ---
2024-03-07T01:56:32.6164281Z      # NameError:
2024-03-07T01:56:32.6165420Z      #   undefined local variable or method `new_admin_barcode_item_path' for #<ActionView::Base:0x00000000036c18>
2024-03-07T01:56:32.6167518Z      #   ./app/views/layouts/_lte_admin_sidebar.html.erb:17:in `_app_views_layouts__lte_admin_sidebar_html_erb___2864972239883364549_102620'
2024-03-07T01:56:32.6168592Z 
2024-03-07T01:56:32.6169218Z   6) BroadcastAnnouncements PATCH /update with invalid parameters does not render a successful response
2024-03-07T01:56:32.6170849Z      Failure/Error: <li class="nav-item <%= 'active' if current_page?(new_admin_barcode_item_path) %>">
2024-03-07T01:56:32.6171965Z 
2024-03-07T01:56:32.6172177Z      ActionView::Template::Error:
2024-03-07T01:56:32.6173542Z        undefined local variable or method `new_admin_barcode_item_path' for #<ActionView::Base:0x00000000036da8>
2024-03-07T01:56:32.6175380Z      # ./app/views/layouts/_lte_admin_sidebar.html.erb:17:in `_app_views_layouts__lte_admin_sidebar_html_erb___2864972239883364549_102620'
2024-03-07T01:56:32.6177253Z      # ./app/views/layouts/application.html.erb:80:in `_app_views_layouts_application_html_erb__3451404255530414949_102580'
2024-03-07T01:56:32.6178943Z      # ./app/controllers/admin/broadcast_announcements_controller.rb:37:in `block (2 levels) in update'
2024-03-07T01:56:32.6180786Z      # ./app/controllers/admin/broadcast_announcements_controller.rb:33:in `update'
2024-03-07T01:56:32.6182189Z      # ./spec/requests/admin/broadcast_announcements_spec.rb:94:in `block (4 levels) in <top (required)>'
2024-03-07T01:56:32.6183334Z      # ------------------
2024-03-07T01:56:32.6183853Z      # --- Caused by: ---
2024-03-07T01:56:32.6184293Z      # NameError:
2024-03-07T01:56:32.6185470Z      #   undefined local variable or method `new_admin_barcode_item_path' for #<ActionView::Base:0x00000000036da8>
2024-03-07T01:56:32.6187244Z      #   ./app/views/layouts/_lte_admin_sidebar.html.erb:17:in `_app_views_layouts__lte_admin_sidebar_html_erb___2864972239883364549_102620'
2024-03-07T01:56:32.6188313Z 
2024-03-07T01:56:32.6189052Z   7) BroadcastAnnouncements POST /create with invalid parameters does not create a new BroadcastAnnouncement
2024-03-07T01:56:32.6190832Z      Failure/Error: <li class="nav-item <%= 'active' if current_page?(new_admin_barcode_item_path) %>">
2024-03-07T01:56:32.6191686Z 
2024-03-07T01:56:32.6191892Z      ActionView::Template::Error:
2024-03-07T01:56:32.6193179Z        undefined local variable or method `new_admin_barcode_item_path' for #<ActionView::Base:0x00000000036e48>
2024-03-07T01:56:32.6194959Z      # ./app/views/layouts/_lte_admin_sidebar.html.erb:17:in `_app_views_layouts__lte_admin_sidebar_html_erb___2864972239883364549_102620'
2024-03-07T01:56:32.6196924Z      # ./app/views/layouts/application.html.erb:80:in `_app_views_layouts_application_html_erb__3451404255530414949_102580'
2024-03-07T01:56:32.6198610Z      # ./app/controllers/admin/broadcast_announcements_controller.rb:27:in `block (2 levels) in create'
2024-03-07T01:56:32.6200016Z      # ./app/controllers/admin/broadcast_announcements_controller.rb:23:in `create'
2024-03-07T01:56:32.6201449Z      # ./spec/requests/admin/broadcast_announcements_spec.rb:59:in `block (5 levels) in <top (required)>'
2024-03-07T01:56:32.6203109Z      # ./spec/requests/admin/broadcast_announcements_spec.rb:58:in `block (4 levels) in <top (required)>'
2024-03-07T01:56:32.6204284Z      # ------------------
2024-03-07T01:56:32.6204824Z      # --- Caused by: ---
2024-03-07T01:56:32.6205290Z      # NameError:
2024-03-07T01:56:32.6206504Z      #   undefined local variable or method `new_admin_barcode_item_path' for #<ActionView::Base:0x00000000036e48>
2024-03-07T01:56:32.6208316Z      #   ./app/views/layouts/_lte_admin_sidebar.html.erb:17:in `_app_views_layouts__lte_admin_sidebar_html_erb___2864972239883364549_102620'
2024-03-07T01:56:32.6209423Z 
2024-03-07T01:56:32.6210101Z   8) BroadcastAnnouncements POST /create with invalid parameters does not render a successful response
2024-03-07T01:56:32.6211489Z      Failure/Error: <li class="nav-item <%= 'active' if current_page?(new_admin_barcode_item_path) %>">
2024-03-07T01:56:32.6211985Z 
2024-03-07T01:56:32.6212108Z      ActionView::Template::Error:
2024-03-07T01:56:32.6213129Z        undefined local variable or method `new_admin_barcode_item_path' for #<ActionView::Base:0x00000000036ec0>
2024-03-07T01:56:32.6214164Z      # ./app/views/layouts/_lte_admin_sidebar.html.erb:17:in `_app_views_layouts__lte_admin_sidebar_html_erb___2864972239883364549_102620'
2024-03-07T01:56:32.6215202Z      # ./app/views/layouts/application.html.erb:80:in `_app_views_layouts_application_html_erb__3451404255530414949_102580'
2024-03-07T01:56:32.6216269Z      # ./app/controllers/admin/broadcast_announcements_controller.rb:27:in `block (2 levels) in create'
2024-03-07T01:56:32.6217063Z      # ./app/controllers/admin/broadcast_announcements_controller.rb:23:in `create'
2024-03-07T01:56:32.6217842Z      # ./spec/requests/admin/broadcast_announcements_spec.rb:64:in `block (4 levels) in <top (required)>'
2024-03-07T01:56:32.6218454Z      # ------------------
2024-03-07T01:56:32.6218891Z      # --- Caused by: ---
2024-03-07T01:56:32.6219243Z      # NameError:
2024-03-07T01:56:32.6219943Z      #   undefined local variable or method `new_admin_barcode_item_path' for #<ActionView::Base:0x00000000036ec0>
2024-03-07T01:56:32.6221213Z      #   ./app/views/layouts/_lte_admin_sidebar.html.erb:17:in `_app_views_layouts__lte_admin_sidebar_html_erb___2864972239883364549_102620'
2024-03-07T01:56:32.6221819Z 
2024-03-07T01:56:32.6222048Z   9) BroadcastAnnouncements GET /new renders a successful response
2024-03-07T01:56:32.6222830Z      Failure/Error: <li class="nav-item <%= 'active' if current_page?(new_admin_barcode_item_path) %>">
2024-03-07T01:56:32.6223309Z 
2024-03-07T01:56:32.6223422Z      ActionView::Template::Error:
2024-03-07T01:56:32.6224138Z        undefined local variable or method `new_admin_barcode_item_path' for #<ActionView::Base:0x00000000036f88>
2024-03-07T01:56:32.6225124Z      # ./app/views/layouts/_lte_admin_sidebar.html.erb:17:in `_app_views_layouts__lte_admin_sidebar_html_erb___2864972239883364549_102620'
2024-03-07T01:56:32.6226166Z      # ./app/views/layouts/application.html.erb:80:in `_app_views_layouts_application_html_erb__3451404255530414949_102580'
2024-03-07T01:56:32.6227114Z      # ./spec/requests/admin/broadcast_announcements_spec.rb:33:in `block (3 levels) in <top (required)>'
2024-03-07T01:56:32.6227742Z      # ------------------
2024-03-07T01:56:32.6228033Z      # --- Caused by: ---
2024-03-07T01:56:32.6228290Z      # NameError:
2024-03-07T01:56:32.6228995Z      #   undefined local variable or method `new_admin_barcode_item_path' for #<ActionView::Base:0x00000000036f88>
2024-03-07T01:56:32.6229994Z      #   ./app/views/layouts/_lte_admin_sidebar.html.erb:17:in `_app_views_layouts__lte_admin_sidebar_html_erb___2864972239883364549_102620'
2024-03-07T01:56:32.6230594Z 
2024-03-07T01:56:32.6230973Z   10) Base Item Admin While signed in as an Administrative User (super admin) can view a single Base Item
2024-03-07T01:56:32.6231889Z       Failure/Error: <h3 class="card-title">Size: <%= @base_item.size || "no size provided" %></h3>
2024-03-07T01:56:32.6232366Z 
2024-03-07T01:56:32.6232481Z       ActionView::Template::Error:
2024-03-07T01:56:32.6233959Z         undefined method `size' for #<BaseItem id: 1, name: "Adult Briefs (Large/X-Large)", category: "Diapers - Adult Briefs", created_at: "2024-03-06 17:54:53.216383000 -0800", updated_at: "2024-03-06 17:54:53.216369000 -0800", item_count: 1, partner_key: "adult_lxl">
2024-03-07T01:56:32.6235499Z       # ./app/views/admin/base_items/show.html.erb:33:in `_app_views_admin_base_items_show_html_erb__311170541946213364_118420'
2024-03-07T01:56:32.6236193Z       # ------------------
2024-03-07T01:56:32.6236492Z       # --- Caused by: ---
2024-03-07T01:56:32.6236767Z       # NoMethodError:
2024-03-07T01:56:32.6238178Z       #   undefined method `size' for #<BaseItem id: 1, name: "Adult Briefs (Large/X-Large)", category: "Diapers - Adult Briefs", created_at: "2024-03-06 17:54:53.216383000 -0800", updated_at: "2024-03-06 17:54:53.216369000 -0800", item_count: 1, partner_key: "adult_lxl">
2024-03-07T01:56:32.6239766Z       #   ./app/views/admin/base_items/show.html.erb:33:in `_app_views_admin_base_items_show_html_erb__311170541946213364_118420'
2024-03-07T01:56:32.6240523Z 
2024-03-07T01:56:32.6241219Z   11) Base Item Admin While signed in as an Administrative User (super admin) can view a listing of all Base Items that shows a summary of its sub-items
2024-03-07T01:56:32.6242361Z       Failure/Error: <li class="nav-item <%= 'active' if current_page?(new_admin_barcode_item_path) %>">
2024-03-07T01:56:32.6242980Z 
2024-03-07T01:56:32.6243093Z       ActionView::Template::Error:
2024-03-07T01:56:32.6243832Z         undefined local variable or method `new_admin_barcode_item_path' for #<ActionView::Base:0x00000000039e18>
2024-03-07T01:56:32.6244357Z 
2024-03-07T01:56:32.6245580Z       [Screenshot Image]: /home/runner/work/human-essentials/human-essentials/tmp/screenshots/failures_r_spec_example_groups_base_item_admin_while_signed_in_as_an_administrative_user_super_admin_can_view_a_listing_of_all_base_items_that_shows_a_summary_of_its_sub_items_612.png
2024-03-07T01:56:32.6246766Z 
2024-03-07T01:56:32.6246770Z 
2024-03-07T01:56:32.6247244Z       # ./app/views/layouts/_lte_admin_sidebar.html.erb:17:in `_app_views_layouts__lte_admin_sidebar_html_erb___2864972239883364549_102620'
2024-03-07T01:56:32.6248278Z       # ./app/views/layouts/application.html.erb:80:in `_app_views_layouts_application_html_erb__3451404255530414949_102580'
2024-03-07T01:56:32.6248967Z       # ------------------
2024-03-07T01:56:32.6249268Z       # --- Caused by: ---
2024-03-07T01:56:32.6249541Z       # NameError:
2024-03-07T01:56:32.6250208Z       #   undefined local variable or method `new_admin_barcode_item_path' for #<ActionView::Base:0x00000000039e18>
2024-03-07T01:56:32.6251209Z       #   ./app/views/layouts/_lte_admin_sidebar.html.erb:17:in `_app_views_layouts__lte_admin_sidebar_html_erb___2864972239883364549_102620'
2024-03-07T01:56:32.6251795Z 
2024-03-07T01:56:32.6252466Z   12) Base Item Admin While signed in as an Administrative User (super admin) when creating a new base item should fail when creating a new base item with empty attributes
2024-03-07T01:56:32.6253663Z       Failure/Error: <li class="nav-item <%= 'active' if current_page?(new_admin_barcode_item_path) %>">
2024-03-07T01:56:32.6254133Z 
2024-03-07T01:56:32.6254248Z       ActionView::Template::Error:
2024-03-07T01:56:32.6254970Z         undefined local variable or method `new_admin_barcode_item_path' for #<ActionView::Base:0x00000000039ee0>
2024-03-07T01:56:32.6255490Z 
2024-03-07T01:56:32.6256795Z       [Screenshot Image]: /home/runner/work/human-essentials/human-essentials/tmp/screenshots/failures_r_spec_example_groups_base_item_admin_while_signed_in_as_an_administrative_user_super_admin_when_creating_a_new_base_item_should_fail_when_creating_a_new_base_item_with_empty_attributes_424.png
2024-03-07T01:56:32.6258038Z 
2024-03-07T01:56:32.6258042Z 
2024-03-07T01:56:32.6258512Z       # ./app/views/layouts/_lte_admin_sidebar.html.erb:17:in `_app_views_layouts__lte_admin_sidebar_html_erb___2864972239883364549_102620'
2024-03-07T01:56:32.6259529Z       # ./app/views/layouts/application.html.erb:80:in `_app_views_layouts_application_html_erb__3451404255530414949_102580'
2024-03-07T01:56:32.6260209Z       # ------------------
2024-03-07T01:56:32.6260808Z       # --- Caused by: ---
2024-03-07T01:56:32.6261085Z       # NameError:
2024-03-07T01:56:32.6261746Z       #   undefined local variable or method `new_admin_barcode_item_path' for #<ActionView::Base:0x00000000039ee0>
2024-03-07T01:56:32.6262735Z       #   ./app/views/layouts/_lte_admin_sidebar.html.erb:17:in `_app_views_layouts__lte_admin_sidebar_html_erb___2864972239883364549_102620'
2024-03-07T01:56:32.6263320Z 
2024-03-07T01:56:32.6263960Z   13) Base Item Admin While signed in as an Administrative User (super admin) when creating a new base item should succeed when creating a new base item with good data
2024-03-07T01:56:32.6265163Z       Failure/Error: <li class="nav-item <%= 'active' if current_page?(new_admin_barcode_item_path) %>">
2024-03-07T01:56:32.6265634Z 
2024-03-07T01:56:32.6265937Z       ActionView::Template::Error:
2024-03-07T01:56:32.6266668Z         undefined local variable or method `new_admin_barcode_item_path' for #<ActionView::Base:0x00000000039f58>
2024-03-07T01:56:32.6267191Z 
2024-03-07T01:56:32.6268471Z       [Screenshot Image]: /home/runner/work/human-essentials/human-essentials/tmp/screenshots/failures_r_spec_example_groups_base_item_admin_while_signed_in_as_an_administrative_user_super_admin_when_creating_a_new_base_item_should_succeed_when_creating_a_new_base_item_with_good_data_269.png
2024-03-07T01:56:32.6269870Z 
2024-03-07T01:56:32.6269874Z 
2024-03-07T01:56:32.6270361Z       # ./app/views/layouts/_lte_admin_sidebar.html.erb:17:in `_app_views_layouts__lte_admin_sidebar_html_erb___2864972239883364549_102620'
2024-03-07T01:56:32.6271387Z       # ./app/views/layouts/application.html.erb:80:in `_app_views_layouts_application_html_erb__3451404255530414949_102580'
2024-03-07T01:56:32.6272073Z       # ------------------
2024-03-07T01:56:32.6272369Z       # --- Caused by: ---
2024-03-07T01:56:32.6272641Z       # NameError:
2024-03-07T01:56:32.6273296Z       #   undefined local variable or method `new_admin_barcode_item_path' for #<ActionView::Base:0x00000000039f58>
2024-03-07T01:56:32.6274267Z       #   ./app/views/layouts/_lte_admin_sidebar.html.erb:17:in `_app_views_layouts__lte_admin_sidebar_html_erb___2864972239883364549_102620'
2024-03-07T01:56:32.6274878Z 
2024-03-07T01:56:32.6275467Z   14) Base Item Admin While signed in as an Administrative User (super admin) when updating an existing base item should succeed when changing the name
2024-03-07T01:56:32.6276600Z       Failure/Error: <li class="nav-item <%= 'active' if current_page?(new_admin_barcode_item_path) %>">
2024-03-07T01:56:32.6277081Z 
2024-03-07T01:56:32.6277194Z       ActionView::Template::Error:
2024-03-07T01:56:32.6277908Z         undefined local variable or method `new_admin_barcode_item_path' for #<ActionView::Base:0x00000000039ff8>
2024-03-07T01:56:32.6278411Z 
2024-03-07T01:56:32.6279623Z       [Screenshot Image]: /home/runner/work/human-essentials/human-essentials/tmp/screenshots/failures_r_spec_example_groups_base_item_admin_while_signed_in_as_an_administrative_user_super_admin_when_updating_an_existing_base_item_should_succeed_when_changing_the_name_352.png
2024-03-07T01:56:32.6280794Z 
2024-03-07T01:56:32.6280798Z 
2024-03-07T01:56:32.6281272Z       # ./app/views/layouts/_lte_admin_sidebar.html.erb:17:in `_app_views_layouts__lte_admin_sidebar_html_erb___2864972239883364549_102620'
2024-03-07T01:56:32.6282301Z       # ./app/views/layouts/application.html.erb:80:in `_app_views_layouts_application_html_erb__3451404255530414949_102580'
2024-03-07T01:56:32.6282986Z       # ------------------
2024-03-07T01:56:32.6283286Z       # --- Caused by: ---
2024-03-07T01:56:32.6283551Z       # NameError:
2024-03-07T01:56:32.6284199Z       #   undefined local variable or method `new_admin_barcode_item_path' for #<ActionView::Base:0x00000000039ff8>
2024-03-07T01:56:32.6285172Z       #   ./app/views/layouts/_lte_admin_sidebar.html.erb:17:in `_app_views_layouts__lte_admin_sidebar_html_erb___2864972239883364549_102620'
2024-03-07T01:56:32.6285770Z 
2024-03-07T01:56:32.6286378Z   15) Base Item Admin While signed in as an Administrative User (super admin) when updating an existing base item should fail when updating the name to empty
2024-03-07T01:56:32.6287518Z       Failure/Error: <li class="nav-item <%= 'active' if current_page?(new_admin_barcode_item_path) %>">
2024-03-07T01:56:32.6288002Z 
2024-03-07T01:56:32.6288110Z       ActionView::Template::Error:
2024-03-07T01:56:32.6288823Z         undefined local variable or method `new_admin_barcode_item_path' for #<ActionView::Base:0x0000000003a070>
2024-03-07T01:56:32.6289342Z 
2024-03-07T01:56:32.6290580Z       [Screenshot Image]: /home/runner/work/human-essentials/human-essentials/tmp/screenshots/failures_r_spec_example_groups_base_item_admin_while_signed_in_as_an_administrative_user_super_admin_when_updating_an_existing_base_item_should_fail_when_updating_the_name_to_empty_594.png
2024-03-07T01:56:32.6291929Z 
2024-03-07T01:56:32.6291933Z 
2024-03-07T01:56:32.6292408Z       # ./app/views/layouts/_lte_admin_sidebar.html.erb:17:in `_app_views_layouts__lte_admin_sidebar_html_erb___2864972239883364549_102620'
2024-03-07T01:56:32.6293430Z       # ./app/views/layouts/application.html.erb:80:in `_app_views_layouts_application_html_erb__3451404255530414949_102580'
2024-03-07T01:56:32.6294213Z       # ------------------
2024-03-07T01:56:32.6294512Z       # --- Caused by: ---
2024-03-07T01:56:32.6294780Z       # NameError:
2024-03-07T01:56:32.6295430Z       #   undefined local variable or method `new_admin_barcode_item_path' for #<ActionView::Base:0x0000000003a070>
2024-03-07T01:56:32.6296406Z       #   ./app/views/layouts/_lte_admin_sidebar.html.erb:17:in `_app_views_layouts__lte_admin_sidebar_html_erb___2864972239883364549_102620'
2024-03-07T01:56:32.6297002Z 
2024-03-07T01:56:32.6297506Z   16) Base Item Admin While signed in as an Administrative User with no organization (super admin no org) can view a single Base Item
2024-03-07T01:56:32.6298527Z       Failure/Error: <h3 class="card-title">Size: <%= @base_item.size || "no size provided" %></h3>
2024-03-07T01:56:32.6298991Z 
2024-03-07T01:56:32.6299100Z       ActionView::Template::Error:
2024-03-07T01:56:32.6300787Z         undefined method `size' for #<BaseItem id: 1, name: "Adult Briefs (Large/X-Large)", category: "Diapers - Adult Briefs", created_at: "2024-03-06 17:54:53.216383000 -0800", updated_at: "2024-03-06 17:54:53.216369000 -0800", item_count: 1, partner_key: "adult_lxl">
2024-03-07T01:56:32.6302363Z       # ./app/views/admin/base_items/show.html.erb:33:in `_app_views_admin_base_items_show_html_erb__311170541946213364_118420'
2024-03-07T01:56:32.6303083Z       # ------------------
2024-03-07T01:56:32.6303376Z       # --- Caused by: ---
2024-03-07T01:56:32.6303650Z       # NoMethodError:
2024-03-07T01:56:32.6304998Z       #   undefined method `size' for #<BaseItem id: 1, name: "Adult Briefs (Large/X-Large)", category: "Diapers - Adult Briefs", created_at: "2024-03-06 17:54:53.216383000 -0800", updated_at: "2024-03-06 17:54:53.216369000 -0800", item_count: 1, partner_key: "adult_lxl">
2024-03-07T01:56:32.6306578Z       #   ./app/views/admin/base_items/show.html.erb:33:in `_app_views_admin_base_items_show_html_erb__311170541946213364_118420'
2024-03-07T01:56:32.6307129Z 
2024-03-07T01:56:32.6307938Z   17) Base Item Admin While signed in as an Administrative User with no organization (super admin no org) can view a listing of all Base Items that shows a summary of its sub-items
2024-03-07T01:56:32.6309195Z       Failure/Error: <li class="nav-item <%= 'active' if current_page?(new_admin_barcode_item_path) %>">
2024-03-07T01:56:32.6309670Z 
2024-03-07T01:56:32.6309789Z       ActionView::Template::Error:
2024-03-07T01:56:32.6310502Z         undefined local variable or method `new_admin_barcode_item_path' for #<ActionView::Base:0x0000000003a138>
2024-03-07T01:56:32.6311026Z 
2024-03-07T01:56:32.6312356Z       [Screenshot Image]: /home/runner/work/human-essentials/human-essentials/tmp/screenshots/failures_r_spec_example_groups_base_item_admin_while_signed_in_as_an_administrative_user_with_no_organization_super_admin_no_org_can_view_a_listing_of_all_base_items_that_shows_a_summary_of_its_sub_items_583.png
2024-03-07T01:56:32.6313633Z 
2024-03-07T01:56:32.6313638Z 
2024-03-07T01:56:32.6314216Z       # ./app/views/layouts/_lte_admin_sidebar.html.erb:17:in `_app_views_layouts__lte_admin_sidebar_html_erb___2864972239883364549_102620'
2024-03-07T01:56:32.6315231Z       # ./app/views/layouts/application.html.erb:80:in `_app_views_layouts_application_html_erb__3451404255530414949_102580'
2024-03-07T01:56:32.6315913Z       # ------------------
2024-03-07T01:56:32.6316206Z       # --- Caused by: ---
2024-03-07T01:56:32.6316473Z       # NameError:
2024-03-07T01:56:32.6317140Z       #   undefined local variable or method `new_admin_barcode_item_path' for #<ActionView::Base:0x0000000003a138>
2024-03-07T01:56:32.6318127Z       #   ./app/views/layouts/_lte_admin_sidebar.html.erb:17:in `_app_views_layouts__lte_admin_sidebar_html_erb___2864972239883364549_102620'
2024-03-07T01:56:32.6318901Z 
2024-03-07T01:56:32.6319679Z   18) Base Item Admin While signed in as an Administrative User with no organization (super admin no org) when creating a new base item should fail when creating a new base item with empty attributes
2024-03-07T01:56:32.6321114Z       Failure/Error: <li class="nav-item <%= 'active' if current_page?(new_admin_barcode_item_path) %>">
2024-03-07T01:56:32.6321605Z 
2024-03-07T01:56:32.6321721Z       ActionView::Template::Error:
2024-03-07T01:56:32.6322437Z         undefined local variable or method `new_admin_barcode_item_path' for #<ActionView::Base:0x0000000003a1b0>
2024-03-07T01:56:32.6322941Z 
2024-03-07T01:56:32.6324283Z       [Screenshot Image]: /home/runner/work/human-essentials/human-essentials/tmp/screenshots/failures_r_spec_example_groups_base_item_admin_while_signed_in_as_an_administrative_user_with_no_organization_super_admin_no_org_when_creating_a_new_base_item_should_fail_when_creating_a_new_base_item_with_emp_878.png
2024-03-07T01:56:32.6325567Z 
2024-03-07T01:56:32.6325571Z 
2024-03-07T01:56:32.6326052Z       # ./app/views/layouts/_lte_admin_sidebar.html.erb:17:in `_app_views_layouts__lte_admin_sidebar_html_erb___2864972239883364549_102620'
2024-03-07T01:56:32.6327076Z       # ./app/views/layouts/application.html.erb:80:in `_app_views_layouts_application_html_erb__3451404255530414949_102580'
2024-03-07T01:56:32.6327763Z       # ------------------
2024-03-07T01:56:32.6328049Z       # --- Caused by: ---
2024-03-07T01:56:32.6328316Z       # NameError:
2024-03-07T01:56:32.6329009Z       #   undefined local variable or method `new_admin_barcode_item_path' for #<ActionView::Base:0x0000000003a1b0>
2024-03-07T01:56:32.6329994Z       #   ./app/views/layouts/_lte_admin_sidebar.html.erb:17:in `_app_views_layouts__lte_admin_sidebar_html_erb___2864972239883364549_102620'
2024-03-07T01:56:32.6330576Z 
2024-03-07T01:56:32.6331327Z   19) Base Item Admin While signed in as an Administrative User with no organization (super admin no org) when creating a new base item should succeed when creating a new base item with good data
2024-03-07T01:56:32.6332628Z       Failure/Error: <li class="nav-item <%= 'active' if current_page?(new_admin_barcode_item_path) %>">
2024-03-07T01:56:32.6333109Z 
2024-03-07T01:56:32.6333218Z       ActionView::Template::Error:
2024-03-07T01:56:32.6334073Z         undefined local variable or method `new_admin_barcode_item_path' for #<ActionView::Base:0x0000000003a228>
2024-03-07T01:56:32.6334581Z 
2024-03-07T01:56:32.6335938Z       [Screenshot Image]: /home/runner/work/human-essentials/human-essentials/tmp/screenshots/failures_r_spec_example_groups_base_item_admin_while_signed_in_as_an_administrative_user_with_no_organization_super_admin_no_org_when_creating_a_new_base_item_should_succeed_when_creating_a_new_base_item_with__317.png
2024-03-07T01:56:32.6337245Z 
2024-03-07T01:56:32.6337249Z 
2024-03-07T01:56:32.6337708Z       # ./app/views/layouts/_lte_admin_sidebar.html.erb:17:in `_app_views_layouts__lte_admin_sidebar_html_erb___2864972239883364549_102620'
2024-03-07T01:56:32.6338743Z       # ./app/views/layouts/application.html.erb:80:in `_app_views_layouts_application_html_erb__3451404255530414949_102580'
2024-03-07T01:56:32.6339423Z       # ------------------
2024-03-07T01:56:32.6339720Z       # --- Caused by: ---
2024-03-07T01:56:32.6339993Z       # NameError:
2024-03-07T01:56:32.6341089Z       #   undefined local variable or method `new_admin_barcode_item_path' for #<ActionView::Base:0x0000000003a228>
2024-03-07T01:56:32.6342090Z       #   ./app/views/layouts/_lte_admin_sidebar.html.erb:17:in `_app_views_layouts__lte_admin_sidebar_html_erb___2864972239883364549_102620'
2024-03-07T01:56:32.6342688Z 
2024-03-07T01:56:32.6343374Z   20) Base Item Admin While signed in as an Administrative User with no organization (super admin no org) when updating an existing base item should succeed when changing the name
2024-03-07T01:56:32.6344821Z       Failure/Error: <li class="nav-item <%= 'active' if current_page?(new_admin_barcode_item_path) %>">
2024-03-07T01:56:32.6345301Z 
2024-03-07T01:56:32.6345411Z       ActionView::Template::Error:
2024-03-07T01:56:32.6346123Z         undefined local variable or method `new_admin_barcode_item_path' for #<ActionView::Base:0x0000000003a2a0>
2024-03-07T01:56:32.6346647Z 
2024-03-07T01:56:32.6348143Z       [Screenshot Image]: /home/runner/work/human-essentials/human-essentials/tmp/screenshots/failures_r_spec_example_groups_base_item_admin_while_signed_in_as_an_administrative_user_with_no_organization_super_admin_no_org_when_updating_an_existing_base_item_should_succeed_when_changing_the_name_154.png
2024-03-07T01:56:32.6349412Z 
2024-03-07T01:56:32.6349416Z 
2024-03-07T01:56:32.6349901Z       # ./app/views/layouts/_lte_admin_sidebar.html.erb:17:in `_app_views_layouts__lte_admin_sidebar_html_erb___2864972239883364549_102620'
2024-03-07T01:56:32.6350952Z       # ./app/views/layouts/application.html.erb:80:in `_app_views_layouts_application_html_erb__3451404255530414949_102580'
2024-03-07T01:56:32.6351638Z       # ------------------
2024-03-07T01:56:32.6351934Z       # --- Caused by: ---
2024-03-07T01:56:32.6352202Z       # NameError:
2024-03-07T01:56:32.6352857Z       #   undefined local variable or method `new_admin_barcode_item_path' for #<ActionView::Base:0x0000000003a2a0>
2024-03-07T01:56:32.6353837Z       #   ./app/views/layouts/_lte_admin_sidebar.html.erb:17:in `_app_views_layouts__lte_admin_sidebar_html_erb___2864972239883364549_102620'
2024-03-07T01:56:32.6354427Z 
2024-03-07T01:56:32.6355146Z   21) Base Item Admin While signed in as an Administrative User with no organization (super admin no org) when updating an existing base item should fail when updating the name to empty
2024-03-07T01:56:32.6356395Z       Failure/Error: <li class="nav-item <%= 'active' if current_page?(new_admin_barcode_item_path) %>">
2024-03-07T01:56:32.6356867Z 
2024-03-07T01:56:32.6356977Z       ActionView::Template::Error:
2024-03-07T01:56:32.6357702Z         undefined local variable or method `new_admin_barcode_item_path' for #<ActionView::Base:0x0000000003a318>
2024-03-07T01:56:32.6358224Z 
2024-03-07T01:56:32.6359565Z       [Screenshot Image]: /home/runner/work/human-essentials/human-essentials/tmp/screenshots/failures_r_spec_example_groups_base_item_admin_while_signed_in_as_an_administrative_user_with_no_organization_super_admin_no_org_when_updating_an_existing_base_item_should_fail_when_updating_the_name_to_empty_432.png
2024-03-07T01:56:32.6360858Z 
2024-03-07T01:56:32.6360863Z 
2024-03-07T01:56:32.6361326Z       # ./app/views/layouts/_lte_admin_sidebar.html.erb:17:in `_app_views_layouts__lte_admin_sidebar_html_erb___2864972239883364549_102620'
2024-03-07T01:56:32.6362370Z       # ./app/views/layouts/application.html.erb:80:in `_app_views_layouts_application_html_erb__3451404255530414949_102580'
2024-03-07T01:56:32.6363223Z       # ------------------
2024-03-07T01:56:32.6363548Z       # --- Caused by: ---
2024-03-07T01:56:32.6363820Z       # NameError:
2024-03-07T01:56:32.6364481Z       #   undefined local variable or method `new_admin_barcode_item_path' for #<ActionView::Base:0x0000000003a318>
2024-03-07T01:56:32.6365453Z       #   ./app/views/layouts/_lte_admin_sidebar.html.erb:17:in `_app_views_layouts__lte_admin_sidebar_html_erb___2864972239883364549_102620'
2024-03-07T01:56:32.6366044Z 
2024-03-07T01:56:32.6366423Z   22) Admin Users Management While signed in as an Administrative User (super admin) creates an user
2024-03-07T01:56:32.6367322Z       Failure/Error: <li class="nav-item <%= 'active' if current_page?(new_admin_barcode_item_path) %>">
2024-03-07T01:56:32.6367792Z 
2024-03-07T01:56:32.6367908Z       ActionView::Template::Error:
2024-03-07T01:56:32.6368621Z         undefined local variable or method `new_admin_barcode_item_path' for #<ActionView::Base:0x0000000003a908>
2024-03-07T01:56:32.6369143Z 
2024-03-07T01:56:32.6370193Z       [Screenshot Image]: /home/runner/work/human-essentials/human-essentials/tmp/screenshots/failures_r_spec_example_groups_admin_users_management_while_signed_in_as_an_administrative_user_super_admin_creates_an_user_236.png
2024-03-07T01:56:32.6371338Z 
2024-03-07T01:56:32.6371342Z 
2024-03-07T01:56:32.6371828Z       # ./app/views/layouts/_lte_admin_sidebar.html.erb:17:in `_app_views_layouts__lte_admin_sidebar_html_erb___2864972239883364549_102620'
2024-03-07T01:56:32.6372958Z       # ./app/views/layouts/application.html.erb:80:in `_app_views_layouts_application_html_erb__3451404255530414949_102580'
2024-03-07T01:56:32.6373630Z       # ------------------
2024-03-07T01:56:32.6373927Z       # --- Caused by: ---
2024-03-07T01:56:32.6374191Z       # NameError:
2024-03-07T01:56:32.6374846Z       #   undefined local variable or method `new_admin_barcode_item_path' for #<ActionView::Base:0x0000000003a908>
2024-03-07T01:56:32.6375825Z       #   ./app/views/layouts/_lte_admin_sidebar.html.erb:17:in `_app_views_layouts__lte_admin_sidebar_html_erb___2864972239883364549_102620'
2024-03-07T01:56:32.6376417Z 
2024-03-07T01:56:32.6376825Z   23) Admin Users Management While signed in as an Administrative User (super admin) deletes an existing user
2024-03-07T01:56:32.6377770Z       Failure/Error: <li class="nav-item <%= 'active' if current_page?(new_admin_barcode_item_path) %>">
2024-03-07T01:56:32.6378237Z 
2024-03-07T01:56:32.6378351Z       ActionView::Template::Error:
2024-03-07T01:56:32.6379078Z         undefined local variable or method `new_admin_barcode_item_path' for #<ActionView::Base:0x0000000003ab38>
2024-03-07T01:56:32.6379596Z 
2024-03-07T01:56:32.6380898Z       [Screenshot Image]: /home/runner/work/human-essentials/human-essentials/tmp/screenshots/failures_r_spec_example_groups_admin_users_management_while_signed_in_as_an_administrative_user_super_admin_deletes_an_existing_user_225.png
2024-03-07T01:56:32.6381961Z 
2024-03-07T01:56:32.6381966Z 
2024-03-07T01:56:32.6382457Z       # ./app/views/layouts/_lte_admin_sidebar.html.erb:17:in `_app_views_layouts__lte_admin_sidebar_html_erb___2864972239883364549_102620'
2024-03-07T01:56:32.6383491Z       # ./app/views/layouts/application.html.erb:80:in `_app_views_layouts_application_html_erb__3451404255530414949_102580'
2024-03-07T01:56:32.6384180Z       # ------------------
2024-03-07T01:56:32.6384467Z       # --- Caused by: ---
2024-03-07T01:56:32.6384727Z       # NameError:
2024-03-07T01:56:32.6385377Z       #   undefined local variable or method `new_admin_barcode_item_path' for #<ActionView::Base:0x0000000003ab38>
2024-03-07T01:56:32.6386347Z       #   ./app/views/layouts/_lte_admin_sidebar.html.erb:17:in `_app_views_layouts__lte_admin_sidebar_html_erb___2864972239883364549_102620'
2024-03-07T01:56:32.6386937Z 
2024-03-07T01:56:32.6387331Z   24) Admin Users Management While signed in as an Administrative User (super admin) edits an existing user
2024-03-07T01:56:32.6388261Z       Failure/Error: <li class="nav-item <%= 'active' if current_page?(new_admin_barcode_item_path) %>">
2024-03-07T01:56:32.6388737Z 
2024-03-07T01:56:32.6388854Z       ActionView::Template::Error:
2024-03-07T01:56:32.6389567Z         undefined local variable or method `new_admin_barcode_item_path' for #<ActionView::Base:0x0000000003ad68>
2024-03-07T01:56:32.6390083Z 
2024-03-07T01:56:32.6391115Z       [Screenshot Image]: /home/runner/work/human-essentials/human-essentials/tmp/screenshots/failures_r_spec_example_groups_admin_users_management_while_signed_in_as_an_administrative_user_super_admin_edits_an_existing_user_645.png
2024-03-07T01:56:32.6392151Z 
2024-03-07T01:56:32.6392155Z 
2024-03-07T01:56:32.6392624Z       # ./app/views/layouts/_lte_admin_sidebar.html.erb:17:in `_app_views_layouts__lte_admin_sidebar_html_erb___2864972239883364549_102620'
2024-03-07T01:56:32.6393670Z       # ./app/views/layouts/application.html.erb:80:in `_app_views_layouts_application_html_erb__3451404255530414949_102580'
2024-03-07T01:56:32.6394350Z       # ------------------
2024-03-07T01:56:32.6394638Z       # --- Caused by: ---
2024-03-07T01:56:32.6394897Z       # NameError:
2024-03-07T01:56:32.6395750Z       #   undefined local variable or method `new_admin_barcode_item_path' for #<ActionView::Base:0x0000000003ad68>
2024-03-07T01:56:32.6396733Z       #   ./app/views/layouts/_lte_admin_sidebar.html.erb:17:in `_app_views_layouts__lte_admin_sidebar_html_erb___2864972239883364549_102620'
2024-03-07T01:56:32.6397326Z 
2024-03-07T01:56:32.6397674Z   25) Admin Users Management While signed in as an Administrative User (super admin) adds a role
2024-03-07T01:56:32.6398707Z       Failure/Error: <li class="nav-item <%= 'active' if current_page?(new_admin_barcode_item_path) %>">
2024-03-07T01:56:32.6399197Z 
2024-03-07T01:56:32.6399304Z       ActionView::Template::Error:
2024-03-07T01:56:32.6400013Z         undefined local variable or method `new_admin_barcode_item_path' for #<ActionView::Base:0x0000000003ae80>
2024-03-07T01:56:32.6400517Z 
2024-03-07T01:56:32.6401505Z       [Screenshot Image]: /home/runner/work/human-essentials/human-essentials/tmp/screenshots/failures_r_spec_example_groups_admin_users_management_while_signed_in_as_an_administrative_user_super_admin_adds_a_role_731.png
2024-03-07T01:56:32.6402533Z 
2024-03-07T01:56:32.6402537Z 
2024-03-07T01:56:32.6403003Z       # ./app/views/layouts/_lte_admin_sidebar.html.erb:17:in `_app_views_layouts__lte_admin_sidebar_html_erb___2864972239883364549_102620'
2024-03-07T01:56:32.6404022Z       # ./app/views/layouts/application.html.erb:80:in `_app_views_layouts_application_html_erb__3451404255530414949_102580'
2024-03-07T01:56:32.6404711Z       # ------------------
2024-03-07T01:56:32.6405002Z       # --- Caused by: ---
2024-03-07T01:56:32.6405259Z       # NameError:
2024-03-07T01:56:32.6405914Z       #   undefined local variable or method `new_admin_barcode_item_path' for #<ActionView::Base:0x0000000003ae80>
2024-03-07T01:56:32.6406895Z       #   ./app/views/layouts/_lte_admin_sidebar.html.erb:17:in `_app_views_layouts__lte_admin_sidebar_html_erb___2864972239883364549_102620'
2024-03-07T01:56:32.6407482Z 
2024-03-07T01:56:32.6407870Z   26) Admin Users Management While signed in as an Administrative User (super admin) filters users by email
2024-03-07T01:56:32.6408803Z       Failure/Error: <li class="nav-item <%= 'active' if current_page?(new_admin_barcode_item_path) %>">
2024-03-07T01:56:32.6409288Z 
2024-03-07T01:56:32.6409393Z       ActionView::Template::Error:
2024-03-07T01:56:32.6410096Z         undefined local variable or method `new_admin_barcode_item_path' for #<ActionView::Base:0x0000000003b0b0>
2024-03-07T01:56:32.6410601Z 
2024-03-07T01:56:32.6411629Z       [Screenshot Image]: /home/runner/work/human-essentials/human-essentials/tmp/screenshots/failures_r_spec_example_groups_admin_users_management_while_signed_in_as_an_administrative_user_super_admin_filters_users_by_email_783.png
2024-03-07T01:56:32.6412651Z 
2024-03-07T01:56:32.6412656Z 
2024-03-07T01:56:32.6413125Z       # ./app/views/layouts/_lte_admin_sidebar.html.erb:17:in `_app_views_layouts__lte_admin_sidebar_html_erb___2864972239883364549_102620'
2024-03-07T01:56:32.6414141Z       # ./app/views/layouts/application.html.erb:80:in `_app_views_layouts_application_html_erb__3451404255530414949_102580'
2024-03-07T01:56:32.6414832Z       # ------------------
2024-03-07T01:56:32.6415129Z       # --- Caused by: ---
2024-03-07T01:56:32.6415398Z       # NameError:
2024-03-07T01:56:32.6416046Z       #   undefined local variable or method `new_admin_barcode_item_path' for #<ActionView::Base:0x0000000003b0b0>
2024-03-07T01:56:32.6417014Z       #   ./app/views/layouts/_lte_admin_sidebar.html.erb:17:in `_app_views_layouts__lte_admin_sidebar_html_erb___2864972239883364549_102620'
2024-03-07T01:56:32.6417612Z 
2024-03-07T01:56:32.6418000Z   27) Admin Users Management While signed in as an Administrative User (super admin) filters users by name
2024-03-07T01:56:32.6418948Z       Failure/Error: <li class="nav-item <%= 'active' if current_page?(new_admin_barcode_item_path) %>">
2024-03-07T01:56:32.6419438Z 
2024-03-07T01:56:32.6419548Z       ActionView::Template::Error:
2024-03-07T01:56:32.6420254Z         undefined local variable or method `new_admin_barcode_item_path' for #<ActionView::Base:0x0000000003b2e0>
2024-03-07T01:56:32.6421199Z 
2024-03-07T01:56:32.6422310Z       [Screenshot Image]: /home/runner/work/human-essentials/human-essentials/tmp/screenshots/failures_r_spec_example_groups_admin_users_management_while_signed_in_as_an_administrative_user_super_admin_filters_users_by_name_393.png
2024-03-07T01:56:32.6423481Z 
2024-03-07T01:56:32.6423486Z 
2024-03-07T01:56:32.6423954Z       # ./app/views/layouts/_lte_admin_sidebar.html.erb:17:in `_app_views_layouts__lte_admin_sidebar_html_erb___2864972239883364549_102620'
2024-03-07T01:56:32.6424970Z       # ./app/views/layouts/application.html.erb:80:in `_app_views_layouts_application_html_erb__3451404255530414949_102580'
2024-03-07T01:56:32.6425668Z       # ------------------
2024-03-07T01:56:32.6425962Z       # --- Caused by: ---
2024-03-07T01:56:32.6426230Z       # NameError:
2024-03-07T01:56:32.6426895Z       #   undefined local variable or method `new_admin_barcode_item_path' for #<ActionView::Base:0x0000000003b2e0>
2024-03-07T01:56:32.6427888Z       #   ./app/views/layouts/_lte_admin_sidebar.html.erb:17:in `_app_views_layouts__lte_admin_sidebar_html_erb___2864972239883364549_102620'
2024-03-07T01:56:32.6428482Z 
2024-03-07T01:56:32.6428618Z 1 deprecation warning total
2024-03-07T01:56:32.6428822Z 
2024-03-07T01:56:32.6429058Z Finished in 1 minute 39.59 seconds (files took 8.09 seconds to load)
2024-03-07T01:56:32.6429524Z 165 examples, 27 failures
2024-03-07T01:56:32.6429708Z 
2024-03-07T01:56:32.6429797Z Failed examples:
2024-03-07T01:56:32.6429951Z 
2024-03-07T01:56:32.6430564Z rspec ./spec/requests/admin/questions_spec.rb:32 # Admin::Questions while signed in as a super admin GET #edit lets the user load the edit question page
2024-03-07T01:56:32.6431841Z rspec ./spec/requests/admin/questions_spec.rb:10 # Admin::Questions while signed in as a super admin GET #index lets the user load the page
2024-03-07T01:56:32.6433077Z rspec ./spec/requests/admin/questions_spec.rb:17 # Admin::Questions while signed in as a super admin GET #new lets the user load the new question page
2024-03-07T01:56:32.6434313Z rspec ./spec/requests/admin/broadcast_announcements_spec.rb:39 # BroadcastAnnouncements GET /edit render a successful response
2024-03-07T01:56:32.6435430Z rspec ./spec/requests/admin/broadcast_announcements_spec.rb:24 # BroadcastAnnouncements GET /index renders a successful response
2024-03-07T01:56:32.6436705Z rspec ./spec/requests/admin/broadcast_announcements_spec.rb:92 # BroadcastAnnouncements PATCH /update with invalid parameters does not render a successful response
2024-03-07T01:56:32.6438147Z rspec ./spec/requests/admin/broadcast_announcements_spec.rb:57 # BroadcastAnnouncements POST /create with invalid parameters does not create a new BroadcastAnnouncement
2024-03-07T01:56:32.6439554Z rspec ./spec/requests/admin/broadcast_announcements_spec.rb:63 # BroadcastAnnouncements POST /create with invalid parameters does not render a successful response
2024-03-07T01:56:32.6440811Z rspec ./spec/requests/admin/broadcast_announcements_spec.rb:32 # BroadcastAnnouncements GET /new renders a successful response
2024-03-07T01:56:32.6442029Z rspec ./spec/system/admin/base_items_system_spec.rb:59 # Base Item Admin While signed in as an Administrative User (super admin) can view a single Base Item
2024-03-07T01:56:32.6443702Z rspec ./spec/system/admin/base_items_system_spec.rb:48 # Base Item Admin While signed in as an Administrative User (super admin) can view a listing of all Base Items that shows a summary of its sub-items
2024-03-07T01:56:32.6445482Z rspec ./spec/system/admin/base_items_system_spec.rb:23 # Base Item Admin While signed in as an Administrative User (super admin) when creating a new base item should fail when creating a new base item with empty attributes
2024-03-07T01:56:32.6447298Z rspec ./spec/system/admin/base_items_system_spec.rb:15 # Base Item Admin While signed in as an Administrative User (super admin) when creating a new base item should succeed when creating a new base item with good data
2024-03-07T01:56:32.6449174Z rspec ./spec/system/admin/base_items_system_spec.rb:35 # Base Item Admin While signed in as an Administrative User (super admin) when updating an existing base item should succeed when changing the name
2024-03-07T01:56:32.6450890Z rspec ./spec/system/admin/base_items_system_spec.rb:41 # Base Item Admin While signed in as an Administrative User (super admin) when updating an existing base item should fail when updating the name to empty
2024-03-07T01:56:32.6452650Z rspec ./spec/system/admin/base_items_system_spec.rb:123 # Base Item Admin While signed in as an Administrative User with no organization (super admin no org) can view a single Base Item
2024-03-07T01:56:32.6454535Z rspec ./spec/system/admin/base_items_system_spec.rb:112 # Base Item Admin While signed in as an Administrative User with no organization (super admin no org) can view a listing of all Base Items that shows a summary of its sub-items
2024-03-07T01:56:32.6456516Z rspec ./spec/system/admin/base_items_system_spec.rb:87 # Base Item Admin While signed in as an Administrative User with no organization (super admin no org) when creating a new base item should fail when creating a new base item with empty attributes
2024-03-07T01:56:32.6458620Z rspec ./spec/system/admin/base_items_system_spec.rb:79 # Base Item Admin While signed in as an Administrative User with no organization (super admin no org) when creating a new base item should succeed when creating a new base item with good data
2024-03-07T01:56:32.6460907Z rspec ./spec/system/admin/base_items_system_spec.rb:99 # Base Item Admin While signed in as an Administrative User with no organization (super admin no org) when updating an existing base item should succeed when changing the name
2024-03-07T01:56:32.6462897Z rspec ./spec/system/admin/base_items_system_spec.rb:105 # Base Item Admin While signed in as an Administrative User with no organization (super admin no org) when updating an existing base item should fail when updating the name to empty
2024-03-07T01:56:32.6464509Z rspec ./spec/system/admin/users_system_spec.rb:7 # Admin Users Management While signed in as an Administrative User (super admin) creates an user
2024-03-07T01:56:32.6465797Z rspec ./spec/system/admin/users_system_spec.rb:50 # Admin Users Management While signed in as an Administrative User (super admin) deletes an existing user
2024-03-07T01:56:32.6467100Z rspec ./spec/system/admin/users_system_spec.rb:18 # Admin Users Management While signed in as an Administrative User (super admin) edits an existing user
2024-03-07T01:56:32.6468345Z rspec ./spec/system/admin/users_system_spec.rb:34 # Admin Users Management While signed in as an Administrative User (super admin) adds a role
2024-03-07T01:56:32.6469591Z rspec ./spec/system/admin/users_system_spec.rb:74 # Admin Users Management While signed in as an Administrative User (super admin) filters users by email
2024-03-07T01:56:32.6470871Z rspec ./spec/system/admin/users_system_spec.rb:59 # Admin Users Management While signed in as an Administrative User (super admin) filters users by name
2024-03-07T01:56:32.6471583Z 
2024-03-07T01:56:32.6471686Z Randomized with seed 51751
2024-03-07T01:56:32.6471883Z 
2024-03-07T01:56:32.8937810Z Stopped processing SimpleCov as a previous error not related to SimpleCov has been detected
2024-03-07T01:56:32.8940145Z Coverage report generated for RSpec to /home/runner/work/human-essentials/human-essentials/coverage. 3813 / 6435 LOC (59.25%) covered.
2024-03-07T01:56:33.0106580Z /opt/hostedtoolcache/Ruby/3.2.2/x64/bin/ruby -I/home/runner/work/human-essentials/human-essentials/vendor/bundle/ruby/3.2.0/gems/rspec-core-3.12.2/lib:/home/runner/work/human-essentials/human-essentials/vendor/bundle/ruby/3.2.0/gems/rspec-support-3.12.1/lib /home/runner/work/human-essentials/human-essentials/vendor/bundle/ruby/3.2.0/gems/rspec-core-3.12.2/exe/rspec  --format documentation --format KnapsackPro::Formatters::TimeTracker --default-path spec "spec/system/partner_system_spec.rb" "spec/system/request_system_spec.rb" "spec/system/adjustment_system_spec.rb" "spec/system/product_drive_participant_system_spec.rb" "spec/system/admin/base_items_system_spec.rb" "spec/system/partners/family_requests_system_spec.rb" "spec/system/dashboard_system_spec.rb[1:2:3:3:1:1]" "spec/system/log_in_system_spec.rb" "spec/requests/partners/profiles_requests_county_spec.rb" "spec/system/admin/users_system_spec.rb" "spec/system/dashboard_system_spec.rb[1:2:6:8:1:1]" "spec/system/dashboard_system_spec.rb[1:2:5:9:1:2]" "spec/system/dashboard_system_spec.rb[1:2:5:6:1:1]" "spec/system/dashboard_system_spec.rb[1:2:5:4:1:1]" "spec/system/dashboard_system_spec.rb[1:2:4:2:1:1]" "spec/system/dashboard_system_spec.rb[1:2:5:5:1:3]" "spec/system/dashboard_system_spec.rb[1:2:5:7:1:3]" "spec/system/dashboard_system_spec.rb[1:2:5:2:1:2]" "spec/system/authorization_system_spec.rb" "spec/system/dashboard_system_spec.rb[1:2:4:1]" "spec/system/dashboard_system_spec.rb[1:2:5:10:2]" "spec/system/question_system_spec.rb" "spec/requests/account_requests_spec.rb" "spec/requests/reports/annual_reports_requests_spec.rb" "spec/requests/admin/broadcast_announcements_spec.rb" "spec/requests/admin/questions_spec.rb" "spec/requests/static_requests_spec.rb" "spec/requests/users/omniauth_callbacks_requests_spec.rb" failed
2024-03-07T01:56:33.3972442Z Stopped processing SimpleCov as a previous error not related to SimpleCov has been detected
2024-03-07T01:56:33.3974602Z Coverage report generated for RSpec to /home/runner/work/human-essentials/human-essentials/coverage. 38 / 10705 LOC (0.35%) covered.
2024-03-07T01:56:33.4238227Z ##[error]Process completed with exit code 1.
