2024-03-07T01:54:32.0621353Z ##[group]Run RUBYOPT='-W:no-deprecated -W:no-experimental' bin/knapsack_pro_rspec
2024-03-07T01:54:32.0622234Z [36;1mRUBYOPT='-W:no-deprecated -W:no-experimental' bin/knapsack_pro_rspec[0m
2024-03-07T01:54:32.0674756Z shell: /usr/bin/bash -e {0}
2024-03-07T01:54:32.0675273Z env:
2024-03-07T01:54:32.0675609Z   POSTGRES_HOST: localhost
2024-03-07T01:54:32.0676083Z   DATABASE_HOST: localhost
2024-03-07T01:54:32.0676483Z   PG_USERNAME: postgres
2024-03-07T01:54:32.0676847Z   PG_PASSWORD: password
2024-03-07T01:54:32.0677252Z   POSTGRES_HOST_AUTH_METHOD: trust
2024-03-07T01:54:32.0677702Z   POSTGRES_PORT: 5432
2024-03-07T01:54:32.0678056Z   PGHOST: localhost
2024-03-07T01:54:32.0678471Z   PGUSER: postgres
2024-03-07T01:54:32.0678807Z   RAILS_ENV: test
2024-03-07T01:54:32.0679420Z   KNAPSACK_PRO_TEST_SUITE_TOKEN_RSPEC: ***
2024-03-07T01:54:32.0679959Z   KNAPSACK_PRO_CI_NODE_TOTAL: 6
2024-03-07T01:54:32.0680358Z   KNAPSACK_PRO_CI_NODE_INDEX: 2
2024-03-07T01:54:32.0680768Z   KNAPSACK_PRO_RSPEC_SPLIT_BY_TEST_EXAMPLES: true
2024-03-07T01:54:32.0681422Z   KNAPSACK_PRO_LOG_LEVEL: info
2024-03-07T01:54:32.0682008Z   KNAPSACK_PRO_TEST_FILE_PATTERN: {spec/system/**{,/*/**}/*_spec.rb,spec/requests/**{,/*/**}/*_spec.rb}
2024-03-07T01:54:32.0682747Z ##[endgroup]
2024-03-07T01:54:38.3507773Z I, [2024-03-07T01:54:38.350315 #2432]  INFO -- : [knapsack_pro] Generating RSpec test examples JSON report for slow test files to prepare it to be split by test examples (by individual test cases). Thanks to that, a single slow test file can be split across parallel CI nodes. Analyzing 1 slow test files.
2024-03-07T01:54:47.3877007Z Coverage report generated for RSpec to /home/runner/work/human-essentials/human-essentials/coverage. 2522 / 6650 LOC (37.92%) covered.
2024-03-07T01:54:52.0467161Z /opt/hostedtoolcache/Ruby/3.2.2/x64/bin/ruby -I/home/runner/work/human-essentials/human-essentials/vendor/bundle/ruby/3.2.0/gems/rspec-core-3.12.2/lib:/home/runner/work/human-essentials/human-essentials/vendor/bundle/ruby/3.2.0/gems/rspec-support-3.12.1/lib /home/runner/work/human-essentials/human-essentials/vendor/bundle/ruby/3.2.0/gems/rspec-core-3.12.2/exe/rspec  --format documentation --format KnapsackPro::Formatters::TimeTracker --default-path spec "spec/system/partner_system_spec.rb" "spec/system/request_system_spec.rb" "spec/system/adjustment_system_spec.rb" "spec/system/product_drive_participant_system_spec.rb" "spec/system/admin/base_items_system_spec.rb" "spec/system/partners/family_requests_system_spec.rb" "spec/system/dashboard_system_spec.rb[1:2:3:3:1:1]" "spec/system/log_in_system_spec.rb" "spec/requests/partners/profiles_requests_county_spec.rb" "spec/system/admin/users_system_spec.rb" "spec/system/dashboard_system_spec.rb[1:2:6:8:1:1]" "spec/system/dashboard_system_spec.rb[1:2:5:9:1:2]" "spec/system/dashboard_system_spec.rb[1:2:5:6:1:1]" "spec/system/dashboard_system_spec.rb[1:2:5:4:1:1]" "spec/system/dashboard_system_spec.rb[1:2:4:2:1:1]" "spec/system/dashboard_system_spec.rb[1:2:5:5:1:3]" "spec/system/dashboard_system_spec.rb[1:2:5:7:1:3]" "spec/system/dashboard_system_spec.rb[1:2:5:2:1:2]" "spec/system/authorization_system_spec.rb" "spec/system/dashboard_system_spec.rb[1:2:4:1]" "spec/system/dashboard_system_spec.rb[1:2:5:10:2]" "spec/system/question_system_spec.rb" "spec/requests/account_requests_spec.rb" "spec/requests/reports/annual_reports_requests_spec.rb" "spec/requests/admin/broadcast_announcements_spec.rb" "spec/requests/admin/questions_spec.rb" "spec/requests/static_requests_spec.rb" "spec/requests/users/omniauth_callbacks_requests_spec.rb"
2024-03-07T01:55:00.5893415Z Run options: include {:ids=>{"./spec/system/dashboard_system_spec.rb"=>["1:2:3:3:1:1", "1:2:6:8:1:1", "1:2:5:9:1:2", "1:2:5:6:1:1", "1:2:5:4:1:1", "1:2:4:2:1:1", "1:2:5:5:1:3", "1:2:5:7:1:3", "1:2:5:2:1:2", "1:2:4:1", "1:2:5:10:2"]}}
2024-03-07T01:55:00.5919220Z 
2024-03-07T01:55:00.5919711Z Randomized with seed 64151
2024-03-07T01:55:01.5464736Z 
2024-03-07T01:55:01.5465487Z Admin::Questions
2024-03-07T01:55:01.5477752Z   while signed in as a super admin
2024-03-07T01:55:01.5478780Z     PATCH #update
2024-03-07T01:55:01.6061018Z       lets the user update questions
2024-03-07T01:55:01.6062163Z     GET #edit
2024-03-07T01:55:01.6474251Z       lets the user load the edit question page (FAILED - 1)
2024-03-07T01:55:01.6474926Z     GET #new
2024-03-07T01:55:01.6657704Z       lets the user load the new question page (FAILED - 2)
2024-03-07T01:55:01.6658469Z     DELETE #destroy
2024-03-07T01:55:01.6878227Z       lets the user delete questions
2024-03-07T01:55:01.6878834Z     GET #index
2024-03-07T01:55:01.7040414Z       lets the user load the page (FAILED - 3)
2024-03-07T01:55:01.7041486Z     POST #create
2024-03-07T01:55:01.7251819Z       lets the user create questions
2024-03-07T01:55:01.7253074Z 
2024-03-07T01:55:01.7253702Z /partners/profiles
2024-03-07T01:55:01.7255027Z   basic
2024-03-07T01:55:01.7256167Z     on show
2024-03-07T01:55:01.9548469Z       handles empty county list
2024-03-07T01:55:02.1691251Z       displays the partner area served entry if there are no partials specified for the organization
2024-03-07T01:55:02.1692418Z     GET #edit
2024-03-07T01:55:02.4408709Z       displays the partner area served entry if there are no partials specified for the organization
2024-03-07T01:55:02.4410204Z   partial (area_served) presence when that partial specified
2024-03-07T01:55:02.4411284Z     on show
2024-03-07T01:55:02.6687197Z       handles empty county list
2024-03-07T01:55:02.8871584Z       displays the area served if specified
2024-03-07T01:55:02.8872469Z       full_county_list
2024-03-07T01:55:03.1186584Z         displays the counties
2024-03-07T01:55:03.1187256Z     on edit
2024-03-07T01:55:03.3428598Z       displays the area served if specified
2024-03-07T01:55:03.3429668Z       full_county_list
2024-03-07T01:55:03.6010133Z         has the right total
2024-03-07T01:55:03.8397329Z         displays the counties
2024-03-07T01:55:03.8398339Z   partial (area served) absence when only other partials specified
2024-03-07T01:55:03.8399376Z     on edit
2024-03-07T01:55:04.0590025Z       does not display the client share if only other partials are specified
2024-03-07T01:55:04.0590894Z     on show
2024-03-07T01:55:04.2728707Z       does not display the client share if only other partials are specified
2024-03-07T01:55:04.2729705Z 
2024-03-07T01:55:04.2729906Z Admin Users Management
2024-03-07T01:55:04.2730879Z   While signed in as an Administrative User (super admin)
2024-03-07T01:55:10.2567886Z     edits an existing user (FAILED - 4)
2024-03-07T01:55:10.2573692Z   [0;33mHTML screenshot: /home/runner/work/human-essentials/human-essentials/tmp/screenshots/screenshot_edits-an-existing-user_2024-03-06-17-55-10.044.html[0m
2024-03-07T01:55:10.2577864Z   [0;33mImage screenshot: /home/runner/work/human-essentials/human-essentials/tmp/screenshots/screenshot_edits-an-existing-user_2024-03-06-17-55-10.044.png[0m
2024-03-07T01:55:10.5518465Z     creates an user (FAILED - 5)
2024-03-07T01:55:10.5520458Z   [0;33mHTML screenshot: /home/runner/work/human-essentials/human-essentials/tmp/screenshots/screenshot_creates-an-user_2024-03-06-17-55-10.400.html[0m
2024-03-07T01:55:10.5523132Z   [0;33mImage screenshot: /home/runner/work/human-essentials/human-essentials/tmp/screenshots/screenshot_creates-an-user_2024-03-06-17-55-10.400.png[0m
2024-03-07T01:55:10.8388123Z     deletes an existing user (FAILED - 6)
2024-03-07T01:55:10.8390166Z   [0;33mHTML screenshot: /home/runner/work/human-essentials/human-essentials/tmp/screenshots/screenshot_deletes-an-existing-user_2024-03-06-17-55-10.685.html[0m
2024-03-07T01:55:10.8392914Z   [0;33mImage screenshot: /home/runner/work/human-essentials/human-essentials/tmp/screenshots/screenshot_deletes-an-existing-user_2024-03-06-17-55-10.685.png[0m
2024-03-07T01:55:11.1877218Z     adds a role (FAILED - 7)
2024-03-07T01:55:11.1879101Z   [0;33mHTML screenshot: /home/runner/work/human-essentials/human-essentials/tmp/screenshots/screenshot_adds-a-role_2024-03-06-17-55-11.037.html[0m
2024-03-07T01:55:11.1881009Z   [0;33mImage screenshot: /home/runner/work/human-essentials/human-essentials/tmp/screenshots/screenshot_adds-a-role_2024-03-06-17-55-11.037.png[0m
2024-03-07T01:55:11.5212620Z     filters users by name (FAILED - 8)
2024-03-07T01:55:11.5214086Z   [0;33mHTML screenshot: /home/runner/work/human-essentials/human-essentials/tmp/screenshots/screenshot_filters-users-by-name_2024-03-06-17-55-11.357.html[0m
2024-03-07T01:55:11.5216126Z   [0;33mImage screenshot: /home/runner/work/human-essentials/human-essentials/tmp/screenshots/screenshot_filters-users-by-name_2024-03-06-17-55-11.357.png[0m
2024-03-07T01:55:11.8518643Z     filters users by email (FAILED - 9)
2024-03-07T01:55:11.8520779Z   [0;33mHTML screenshot: /home/runner/work/human-essentials/human-essentials/tmp/screenshots/screenshot_filters-users-by-email_2024-03-06-17-55-11.688.html[0m
2024-03-07T01:55:11.8523834Z   [0;33mImage screenshot: /home/runner/work/human-essentials/human-essentials/tmp/screenshots/screenshot_filters-users-by-email_2024-03-06-17-55-11.688.png[0m
2024-03-07T01:55:11.8525229Z 
2024-03-07T01:55:11.8525441Z Static
2024-03-07T01:55:11.8526074Z   Signed in
2024-03-07T01:55:11.8526601Z     GET #index
2024-03-07T01:55:11.8687962Z       redirects to organization dashboard
2024-03-07T01:55:11.8689302Z   Super user without org signed in
2024-03-07T01:55:11.8690098Z     GET #index
2024-03-07T01:55:11.8798164Z       redirects to admin dashboard
2024-03-07T01:55:11.8798974Z   Not signed in
2024-03-07T01:55:11.8799692Z     GET #index
2024-03-07T01:55:11.8891244Z       renders the static index
2024-03-07T01:55:11.8951333Z       returns http success
2024-03-07T01:55:11.8952097Z     GET #page/privacypolicy
2024-03-07T01:55:11.9012562Z       renders the contact page
2024-03-07T01:55:11.9013419Z   Non super user without org signed in
2024-03-07T01:55:11.9014203Z     GET #index
2024-03-07T01:55:11.9232979Z       redirects to a public/403.html page
2024-03-07T01:55:11.9233730Z 
2024-03-07T01:55:11.9233944Z Requests
2024-03-07T01:55:11.9235948Z   #show
2024-03-07T01:55:13.1126220Z     should show the number of items on-hand
2024-03-07T01:55:13.6152555Z     should show the request with a request sender if a partner user is set
2024-03-07T01:55:14.1283229Z     should show the request without a request sender if a partner user is not set
2024-03-07T01:55:14.1284043Z     change status request
2024-03-07T01:55:15.6387480Z       should change to started
2024-03-07T01:55:15.6388060Z       when save the distribution
2024-03-07T01:55:16.9579675Z         should change request to fulfilled
2024-03-07T01:55:16.9580552Z   canceling a request as a bank user
2024-03-07T01:55:16.9581585Z     when a bank user cancels a request
2024-03-07T01:55:18.0591248Z       should set the request as canceled/discarded and contain the reason
2024-03-07T01:55:18.0592204Z   #index
2024-03-07T01:55:18.8561784Z     can be exported in CSV
2024-03-07T01:55:19.4374334Z     lists requests
2024-03-07T01:55:19.4375340Z     behaves like Date Range Picker
2024-03-07T01:55:19.4376488Z       when choosing 'Last Month'
2024-03-07T01:55:20.5649543Z         shows only 2 of the records
2024-03-07T01:55:20.5650730Z       when choosing 'All Time'
2024-03-07T01:55:21.6106375Z         shows all the records
2024-03-07T01:55:21.6107125Z       when choosing a date range that only includes the previous week
2024-03-07T01:55:22.6567530Z         shows only 1 record
2024-03-07T01:55:22.6568793Z     when filtering on the index page
2024-03-07T01:55:22.6570012Z       when filtering by status
2024-03-07T01:55:23.5619293Z         constrains the list
2024-03-07T01:55:23.5619983Z       when exporting as CSV
2024-03-07T01:55:24.5557043Z         respects the applied filters
2024-03-07T01:55:24.5557882Z       with filters cleared
2024-03-07T01:55:25.4745208Z         displays all requests
2024-03-07T01:55:25.4745937Z       when filtering by item
2024-03-07T01:55:26.3918659Z         constrains the list
2024-03-07T01:55:26.3919245Z       when filtering by partner
2024-03-07T01:55:27.3177034Z         constrains the list
2024-03-07T01:55:27.3178090Z 
2024-03-07T01:55:27.3178438Z Annual Reports
2024-03-07T01:55:27.3179983Z   While signed in
2024-03-07T01:55:27.3180994Z     POST /recalculate
2024-03-07T01:55:27.4222088Z       recalculates an existing report
2024-03-07T01:55:27.4981163Z       recalculates new reports
2024-03-07T01:55:27.4981948Z     GET /index
2024-03-07T01:55:27.5335649Z       returns http success
2024-03-07T01:55:27.5336391Z     GET /show
2024-03-07T01:55:27.5664706Z       retrieves and uses the existing report if it exists
2024-03-07T01:55:27.6577930Z       returns http success
2024-03-07T01:55:27.7480686Z       retrieves and updated the existing report if it exists
2024-03-07T01:55:27.7760013Z       returns not found if the year params is not number
2024-03-07T01:55:27.7760799Z 
2024-03-07T01:55:27.7761052Z BroadcastAnnouncements
2024-03-07T01:55:27.7763327Z   GET /index
2024-03-07T01:55:27.8065494Z     renders a successful response (FAILED - 10)
2024-03-07T01:55:27.8066666Z   When logged in as an organization_admin
2024-03-07T01:55:27.8067557Z     POST /create
2024-03-07T01:55:27.8228347Z       redirects
2024-03-07T01:55:27.8229056Z     GET /new
2024-03-07T01:55:27.8381054Z       redirects
2024-03-07T01:55:27.8381741Z   PATCH /update
2024-03-07T01:55:27.8382542Z     with invalid parameters
2024-03-07T01:55:27.8633926Z       does not render a successful response (FAILED - 11)
2024-03-07T01:55:27.8634958Z     with valid parameters
2024-03-07T01:55:27.8837182Z       updates the requested announcement and redirects
2024-03-07T01:55:27.8838342Z   GET /edit
2024-03-07T01:55:27.9038887Z     render a successful response (FAILED - 12)
2024-03-07T01:55:27.9039760Z   DELETE /destroy
2024-03-07T01:55:27.9232009Z     destroys the requested announcement then redirects
2024-03-07T01:55:27.9232873Z   GET /new
2024-03-07T01:55:27.9404530Z     renders a successful response (FAILED - 13)
2024-03-07T01:55:27.9405660Z   POST /create
2024-03-07T01:55:27.9406224Z     with invalid parameters
2024-03-07T01:55:27.9579820Z       does not render a successful response (FAILED - 14)
2024-03-07T01:55:27.9752813Z       does not create a new BroadcastAnnouncement (FAILED - 15)
2024-03-07T01:55:27.9753809Z     with valid parameters
2024-03-07T01:55:27.9906102Z       creates a new BroadcastAnnouncement then redirects
2024-03-07T01:55:27.9906996Z 
2024-03-07T01:55:27.9907576Z Users - Omniauth Callbacks
2024-03-07T01:55:27.9908874Z   GET #google_oauth2
2024-03-07T01:55:27.9909952Z     without a valid user
2024-03-07T01:55:27.9978393Z       should redirect to new registration URL
2024-03-07T01:55:27.9979155Z     with a valid user
2024-03-07T01:55:28.0193938Z       redirects correctly
2024-03-07T01:55:28.0194940Z 
2024-03-07T01:55:28.0195314Z Participant
2024-03-07T01:55:28.0196839Z   When a user views the index page
2024-03-07T01:55:28.5190748Z     alphabetizes the product drive participant names
2024-03-07T01:55:28.5191757Z     When the s have donations associated with them already
2024-03-07T01:55:29.3444466Z       shows existing  Participants in the #index with some summary stats
2024-03-07T01:55:30.1545253Z       allows single  Participants to show semi-detailed stats about donations from that product drive
2024-03-07T01:55:30.1546899Z   when editing an existing product drive participant
2024-03-07T01:55:30.9349025Z     allows a user to update the contact info for a product drive participant
2024-03-07T01:55:31.6916154Z     does not allow a user to update a product drive participant with empty attributes
2024-03-07T01:55:31.6917016Z   when creating new product drive participants
2024-03-07T01:55:32.4669973Z     allows a user to create a new product drive instance
2024-03-07T01:55:33.2082328Z     does not allow a user to add a new product drive instance with empty attributes
2024-03-07T01:55:33.2083263Z 
2024-03-07T01:55:33.2083523Z Authentication
2024-03-07T01:55:33.2084414Z   Deactivated user
2024-03-07T01:55:33.8957541Z     should not allow the user to log in
2024-03-07T01:55:33.8958191Z   Showing the modal warning in staging
2024-03-07T01:55:33.8959128Z     when accessing /users/password/new in the staging environment
2024-03-07T01:55:34.3341217Z       should render the modal
2024-03-07T01:55:34.3341987Z     when accessing /users/sign_in not in the staging environment
2024-03-07T01:55:34.7317539Z       should not render the modal
2024-03-07T01:55:34.7318733Z     when accessing /users/sign_in in the staging environment
2024-03-07T01:55:35.1444407Z       should render the modal
2024-03-07T01:55:35.1445528Z     when accessing /users/password/new not in the staging environment
2024-03-07T01:55:35.5620287Z       should not render the modal
2024-03-07T01:55:35.5621116Z   Success
2024-03-07T01:55:36.1484747Z     should show dashboard upon signin
2024-03-07T01:55:36.1485565Z 
2024-03-07T01:55:36.1485822Z Authorization
2024-03-07T01:55:36.8167340Z   redirects to the organization dashboard when authorized
2024-03-07T01:55:37.3790362Z   redirects to the dashboard when unauthorized user attempts access
2024-03-07T01:55:37.3791214Z 
2024-03-07T01:55:37.3791436Z Adjustment management
2024-03-07T01:55:37.9005969Z   should not display inactive storage locations in dropdown
2024-03-07T01:55:38.7350325Z   can filter the #index by user
2024-03-07T01:55:39.5855852Z   can filter the #index by storage location
2024-03-07T01:55:39.5856991Z   behaves like Date Range Picker
2024-03-07T01:55:39.5857950Z     when choosing a date range that only includes the previous week
2024-03-07T01:55:40.5519555Z       shows only 1 record
2024-03-07T01:55:40.5520622Z     when choosing 'Last Month'
2024-03-07T01:55:41.5366363Z       shows only 2 of the records
2024-03-07T01:55:41.5367526Z     when choosing 'All Time'
2024-03-07T01:55:42.5177741Z       shows all the records
2024-03-07T01:55:42.5178452Z   With a new adjustment
2024-03-07T01:55:43.0165267Z     should not display inactive storage locations in dropdown
2024-03-07T01:55:43.0166348Z     with a storage location that is bare
2024-03-07T01:55:44.1500872Z       allows you to choose items that do not yet exist
2024-03-07T01:55:44.1501597Z     with a storage location that has inventory
2024-03-07T01:55:45.5404890Z       Does not include inactive items in the line item fields
2024-03-07T01:55:47.4802184Z       politely informs the user if they try to adjust down below zero, even if they use multiple adjustments to do so
2024-03-07T01:55:48.6637677Z       can subtract an inventory adjustment at a storage location
2024-03-07T01:55:50.4047006Z       politely informs the user that they're adjusting way too hard
2024-03-07T01:55:51.5778621Z       can add an inventory adjustment at a storage location
2024-03-07T01:55:51.5779390Z 
2024-03-07T01:55:51.5779607Z Question search
2024-03-07T01:55:51.5781475Z   while logged in
2024-03-07T01:55:52.2202905Z     filters by question title
2024-03-07T01:55:52.2207693Z 
2024-03-07T01:55:52.2208094Z Dashboard
2024-03-07T01:55:52.2209745Z   With an existing essentials bank
2024-03-07T01:55:52.2211379Z     Product Drives
2024-03-07T01:55:52.2213947Z       given 1 Product Drive Donation on 2024-02-28 (unless 'All Time'), 3 during 2024-02-29..2024-03-06, and 1 on 2024-03-07
2024-03-07T01:55:52.2214995Z         filtering to 'Last 7 Days'
2024-03-07T01:55:53.6279025Z           shows the correct total donations
2024-03-07T01:55:53.6280507Z       given 1 Product Drive Donation on 2024-03-05 (unless 'All Time'), 2 during 2024-03-06..2024-03-06, and 1 on 2024-03-07
2024-03-07T01:55:53.6281524Z         filtering to 'Today'
2024-03-07T01:55:55.1084032Z           shows the correct total money raised
2024-03-07T01:55:55.1086078Z       given 1 Product Drive Donation on 2024-02-05 (unless 'All Time'), 4 during 2024-02-06..2024-03-06, and 1 on 2024-03-07
2024-03-07T01:55:55.1087514Z         filtering to 'Last 30 Days'
2024-03-07T01:55:56.5555977Z           shows 3 Recent Donation link(s)
2024-03-07T01:55:56.5557923Z       given 1 Product Drive Donation on 2022-03-05 (unless 'All Time'), 2 during 2022-03-06..2024-01-23, and 1 on 2024-01-24
2024-03-07T01:55:56.5559330Z         filtering to '' (March 6, 2022 - January 23, 2024)
2024-03-07T01:55:57.9392009Z           shows the correct total money raised
2024-03-07T01:55:57.9394276Z       given 1 Product Drive Donation on 2024-02-29 (unless 'All Time'), 2 during 2024-03-01..2024-03-31, and 1 on 2024-04-01
2024-03-07T01:55:57.9395349Z         filtering to 'This Month'
2024-03-07T01:55:59.3467279Z           shows the correct total donations
2024-03-07T01:55:59.3468064Z       Product drive behaviour with Mixed Donation types
2024-03-07T01:56:00.0409987Z         only counts product drive money raised
2024-03-07T01:56:00.0412052Z       given 1 Product Drive Donation on 2024-01-31 (unless 'All Time'), 2 during 2024-02-01..2024-02-29, and 1 on 2024-03-01
2024-03-07T01:56:00.0413482Z         filtering to 'Last Month'
2024-03-07T01:56:01.4341059Z           shows 2 Recent Donation link(s)
2024-03-07T01:56:01.4342106Z     Purchases
2024-03-07T01:56:02.3454721Z       has a link to create a new purchase
2024-03-07T01:56:02.3456415Z       given 1 Purchase on 2024-03-05  (unless 'All Time'), 3 during 2024-03-06..2024-03-06, and 1 on 2024-03-07
2024-03-07T01:56:02.3457771Z         filtering to 'Today'
2024-03-07T01:56:03.7708720Z           shows correct 3 Recent Purchase link(s)
2024-03-07T01:56:03.7711481Z     Donations
2024-03-07T01:56:03.7715581Z       given 1 Donation on 2024-03-05 (only if a valid date), 4 during 2024-03-06..2024-03-06, and 1 on 2024-03-07
2024-03-07T01:56:03.7716445Z         filtering to 'Today'
2024-03-07T01:56:05.2044822Z           shows the correct total and 3 Recent Donation link(s)
2024-03-07T01:56:05.2049831Z     Manufacturer Donations
2024-03-07T01:56:05.2054204Z       given 1 Manufacturer donating on 2023-12-31  (unless 'All Time'), 4 during 2024-01-01..2024-12-31, and 1 on 2025-01-01
2024-03-07T01:56:05.2055376Z         filtering to 'This Year'
2024-03-07T01:56:06.8872795Z           shows the correct total and 6 Top Manufacturer Donation link(s)
2024-03-07T01:56:06.8875397Z 
2024-03-07T01:56:06.8875675Z /account_requests
2024-03-07T01:56:06.8877656Z   POST #create
2024-03-07T01:56:06.8878737Z     with valid parameters
2024-03-07T01:56:06.9110622Z       delivers the confirmation email via default queue
2024-03-07T01:56:06.9244989Z       creates a new AccountRequest
2024-03-07T01:56:06.9375271Z       redirects to the created account_request confirmation
2024-03-07T01:56:06.9376424Z     with invalid parameters
2024-03-07T01:56:06.9575915Z       renders a successful response (i.e. to display the 'new' template)
2024-03-07T01:56:06.9751390Z       does not create a new AccountRequest
2024-03-07T01:56:06.9752120Z   GET #confirm
2024-03-07T01:56:06.9753394Z     when given a valid token
2024-03-07T01:56:06.9949086Z       should the update confirmed_at on the account_request, queue confirmation email and render confirm template
2024-03-07T01:56:06.9950764Z     when given a token that has already been confirmed
2024-03-07T01:56:07.1937541Z       should render a error that says that is code provided is invalid
2024-03-07T01:56:07.1938309Z     when given a invalid token
2024-03-07T01:56:07.2004873Z       should render a error that says that is code provided is invalid
2024-03-07T01:56:07.2006061Z   GET #new
2024-03-07T01:56:07.2123496Z     renders a successful response
2024-03-07T01:56:07.2124647Z   GET #received
2024-03-07T01:56:07.2125335Z     when given a valid token
2024-03-07T01:56:07.2278522Z       should render the received template
2024-03-07T01:56:07.2279184Z     when given a invalid token
2024-03-07T01:56:07.2340479Z       should render a error that says that is code provided is invalid
2024-03-07T01:56:07.2341625Z   GET #confirmation
2024-03-07T01:56:07.2342196Z     when given a valid token
2024-03-07T01:56:07.2493144Z       should render the confirmation template
2024-03-07T01:56:07.2494390Z     when given a token that has already been confirmed
2024-03-07T01:56:07.4376553Z       should render a error that says that is code provided is invalid
2024-03-07T01:56:07.4377477Z     when given a invalid token
2024-03-07T01:56:07.4437097Z       should render a error that says that is code provided is invalid
2024-03-07T01:56:07.4437861Z 
2024-03-07T01:56:07.4438544Z Family requests
2024-03-07T01:56:07.4439983Z   filtering children
2024-03-07T01:56:08.4448936Z     user can see a list of children filtered by guardian name
2024-03-07T01:56:09.4299247Z     user can see a list of children filtered by first_name
2024-03-07T01:56:09.4300206Z   for children with different items, from different families
2024-03-07T01:56:11.0554847Z     it creates family requests
2024-03-07T01:56:11.0556605Z 
2024-03-07T01:56:11.0556950Z Partner management
2024-03-07T01:56:11.0559491Z   partner group management
2024-03-07T01:56:11.0560354Z     creating a new partner group
2024-03-07T01:56:12.5066976Z       should allow creating a new partner group with item categories
2024-03-07T01:56:12.5068049Z     editing a existing partner group
2024-03-07T01:56:16.0206370Z       should allow updating the partner name
2024-03-07T01:56:16.0207178Z   #new
2024-03-07T01:56:16.7696164Z     disallows a user from creating a new partner with empty name
2024-03-07T01:56:17.6995645Z     User can add a new partner
2024-03-07T01:56:18.1607949Z     should not display inactive storage locations in dropdown
2024-03-07T01:56:18.1609036Z   #show
2024-03-07T01:56:18.1609853Z     when exporting as CSV
2024-03-07T01:56:18.1610663Z       when filtering
2024-03-07T01:56:18.9866342Z         preserves the filter constraints in the CSV output
2024-03-07T01:56:18.9867479Z     when viewing an invited partner as a partner
2024-03-07T01:56:19.5762445Z       redirects user to partners page root page (dashboard) with error message
2024-03-07T01:56:19.5763326Z     when viewing a deactivated partner
2024-03-07T01:56:20.0885373Z       allows reactivation
2024-03-07T01:56:20.0885965Z     when viewing an uninvited partner
2024-03-07T01:56:20.5995464Z       only has an edit option available
2024-03-07T01:56:20.5996315Z   one step inviting a partner
2024-03-07T01:56:20.5997404Z     when one step partner invite setting is off
2024-03-07T01:56:21.0695972Z       does not show invite and approve button
2024-03-07T01:56:21.0697007Z     when partner is uninvited and one step partner invite setting is on
2024-03-07T01:56:21.5286751Z Modal window with text `One step invite and approve Leslie Sue, the 9 to begin using the partner application?` has been opened, but you didn't wrap your code into (`accept_prompt` | `dismiss_prompt` | `accept_confirm` | `dismiss_confirm` | `accept_alert`), accepting by default
2024-03-07T01:56:21.9467413Z       shows Invite and Approve button and approves the partner when clicked
2024-03-07T01:56:21.9468703Z   changing partner group association
2024-03-07T01:56:21.9469459Z     when the partner has no partner group
2024-03-07T01:56:22.4265221Z       it should say they can request every item
2024-03-07T01:56:22.4266369Z     when a partner is assigned to partner group
2024-03-07T01:56:22.4267347Z       that has no requestable item categories
2024-03-07T01:56:23.4919000Z         should properly indicate the requestable items and adjust the partners requestable items
2024-03-07T01:56:23.4919891Z       that has requestable item categories
2024-03-07T01:56:24.6044558Z         should properly indicate the requestable items and adjust the partners requestable items
2024-03-07T01:56:24.6045713Z   #approve_partner
2024-03-07T01:56:24.6046876Z     when partner has :awaiting_review status
2024-03-07T01:56:25.4820309Z       is expected to have visible link or button "Approve Partner"
2024-03-07T01:56:25.4821562Z     when viewing a partner's users
2024-03-07T01:56:26.1010467Z       can show users of a partner
2024-03-07T01:56:26.1011510Z     when partner has :invited status
2024-03-07T01:56:27.1390637Z       is expected to have visible link or button "Approve Partner"
2024-03-07T01:56:27.1392289Z   adding a new partner and inviting them
2024-03-07T01:56:27.1393558Z     when adding & inviting a partner successfully
2024-03-07T01:56:28.5976248Z       should have added the partner and invited them
2024-03-07T01:56:28.5977452Z     when adding a partner incorrectly
2024-03-07T01:56:29.7563095Z       should have not added a new partner and indicate the failure
2024-03-07T01:56:29.7564545Z   #index
2024-03-07T01:56:30.3870360Z     displays the partner agency names in alphabetical order
2024-03-07T01:56:31.0210741Z     shows invite button only for unapproved partners
2024-03-07T01:56:32.1987956Z     allows a user to invite a partner
2024-03-07T01:56:32.1988775Z     when exporting as CSV
2024-03-07T01:56:32.1989650Z       when filtering
2024-03-07T01:56:33.1670357Z         preserves the filter constraints in the CSV output
2024-03-07T01:56:33.1671506Z     when filtering
2024-03-07T01:56:34.0609041Z       allows the user to click on one of the statuses at the top to filter the results
2024-03-07T01:56:34.0610236Z   requesting recertification of a partner
2024-03-07T01:56:34.0611477Z     GIVEN a user goes through the process of requesting recertification of partner
2024-03-07T01:56:34.9180260Z       should notify the user that its been successful and change the partner status
2024-03-07T01:56:34.9181750Z   approving a partner that is awaiting approval
2024-03-07T01:56:34.9182662Z     when the approval succeeds
2024-03-07T01:56:36.0473678Z       should approve the partner
2024-03-07T01:56:36.0474826Z     when the approval does not succeed
2024-03-07T01:56:37.1362585Z       should show an error message and not approve the partner
2024-03-07T01:56:37.1363503Z   #edit
2024-03-07T01:56:38.0346102Z     User can update a partner
2024-03-07T01:56:39.0000884Z     User can uncheck send_reminders
2024-03-07T01:56:39.7934892Z     prevents a user from updating a partner with empty name
2024-03-07T01:56:39.7935484Z 
2024-03-07T01:56:39.7939021Z Base Item Admin
2024-03-07T01:56:39.7940029Z   While signed in as an Administrative User with no organization (super admin no org)
2024-03-07T01:56:40.1305124Z     can view a listing of all Base Items that shows a summary of its sub-items (FAILED - 16)
2024-03-07T01:56:40.1307845Z   [0;33mHTML screenshot: /home/runner/work/human-essentials/human-essentials/tmp/screenshots/screenshot_can-view-a-listing-of-all-Base-Items-that-shows-a-summary-of-its-sub-items_2024-03-06-17-56-39.980.html[0m
2024-03-07T01:56:40.1311680Z   [0;33mImage screenshot: /home/runner/work/human-essentials/human-essentials/tmp/screenshots/screenshot_can-view-a-listing-of-all-Base-Items-that-shows-a-summary-of-its-sub-items_2024-03-06-17-56-39.980.png[0m
2024-03-07T01:56:40.2354204Z     can view a single Base Item (FAILED - 17)
2024-03-07T01:56:40.2354876Z     when updating an existing base item
2024-03-07T01:56:40.5342221Z       should succeed when changing the name (FAILED - 18)
2024-03-07T01:56:40.5344514Z   [0;33mHTML screenshot: /home/runner/work/human-essentials/human-essentials/tmp/screenshots/screenshot_should-succeed-when-changing-the-name_2024-03-06-17-56-40.380.html[0m
2024-03-07T01:56:40.5347042Z   [0;33mImage screenshot: /home/runner/work/human-essentials/human-essentials/tmp/screenshots/screenshot_should-succeed-when-changing-the-name_2024-03-06-17-56-40.380.png[0m
2024-03-07T01:56:40.8327643Z       should fail when updating the name to empty (FAILED - 19)
2024-03-07T01:56:40.8330370Z   [0;33mHTML screenshot: /home/runner/work/human-essentials/human-essentials/tmp/screenshots/screenshot_should-fail-when-updating-the-name-to-empty_2024-03-06-17-56-40.664.html[0m
2024-03-07T01:56:40.8333261Z   [0;33mImage screenshot: /home/runner/work/human-essentials/human-essentials/tmp/screenshots/screenshot_should-fail-when-updating-the-name-to-empty_2024-03-06-17-56-40.664.png[0m
2024-03-07T01:56:40.8334584Z     when creating a new base item
2024-03-07T01:56:41.1138650Z       should fail when creating a new base item with empty attributes (FAILED - 20)
2024-03-07T01:56:41.1142028Z   [0;33mHTML screenshot: /home/runner/work/human-essentials/human-essentials/tmp/screenshots/screenshot_should-fail-when-creating-a-new-base-item-with-empty-attributes_2024-03-06-17-56-40.962.html[0m
2024-03-07T01:56:41.1145049Z   [0;33mImage screenshot: /home/runner/work/human-essentials/human-essentials/tmp/screenshots/screenshot_should-fail-when-creating-a-new-base-item-with-empty-attributes_2024-03-06-17-56-40.962.png[0m
2024-03-07T01:56:41.3977843Z       should succeed when creating a new base item with good data (FAILED - 21)
2024-03-07T01:56:41.3980178Z   [0;33mHTML screenshot: /home/runner/work/human-essentials/human-essentials/tmp/screenshots/screenshot_should-succeed-when-creating-a-new-base-item-with-good-data_2024-03-06-17-56-41.247.html[0m
2024-03-07T01:56:41.3982851Z   [0;33mImage screenshot: /home/runner/work/human-essentials/human-essentials/tmp/screenshots/screenshot_should-succeed-when-creating-a-new-base-item-with-good-data_2024-03-06-17-56-41.247.png[0m
2024-03-07T01:56:41.3984677Z   While signed in as an Administrative User (super admin)
2024-03-07T01:56:41.7478557Z     can view a listing of all Base Items that shows a summary of its sub-items (FAILED - 22)
2024-03-07T01:56:41.7481608Z   [0;33mHTML screenshot: /home/runner/work/human-essentials/human-essentials/tmp/screenshots/screenshot_can-view-a-listing-of-all-Base-Items-that-shows-a-summary-of-its-sub-items_2024-03-06-17-56-41.597.html[0m
2024-03-07T01:56:41.7486190Z   [0;33mImage screenshot: /home/runner/work/human-essentials/human-essentials/tmp/screenshots/screenshot_can-view-a-listing-of-all-Base-Items-that-shows-a-summary-of-its-sub-items_2024-03-06-17-56-41.597.png[0m
2024-03-07T01:56:41.8543774Z     can view a single Base Item (FAILED - 23)
2024-03-07T01:56:41.8544569Z     when updating an existing base item
2024-03-07T01:56:42.1640989Z       should fail when updating the name to empty (FAILED - 24)
2024-03-07T01:56:42.1643496Z   [0;33mHTML screenshot: /home/runner/work/human-essentials/human-essentials/tmp/screenshots/screenshot_should-fail-when-updating-the-name-to-empty_2024-03-06-17-56-42.011.html[0m
2024-03-07T01:56:42.1646739Z   [0;33mImage screenshot: /home/runner/work/human-essentials/human-essentials/tmp/screenshots/screenshot_should-fail-when-updating-the-name-to-empty_2024-03-06-17-56-42.011.png[0m
2024-03-07T01:56:42.4511090Z       should succeed when changing the name (FAILED - 25)
2024-03-07T01:56:42.4513749Z   [0;33mHTML screenshot: /home/runner/work/human-essentials/human-essentials/tmp/screenshots/screenshot_should-succeed-when-changing-the-name_2024-03-06-17-56-42.296.html[0m
2024-03-07T01:56:42.4516557Z   [0;33mImage screenshot: /home/runner/work/human-essentials/human-essentials/tmp/screenshots/screenshot_should-succeed-when-changing-the-name_2024-03-06-17-56-42.296.png[0m
2024-03-07T01:56:42.4517757Z     when creating a new base item
2024-03-07T01:56:42.7313030Z       should succeed when creating a new base item with good data (FAILED - 26)
2024-03-07T01:56:42.7314850Z   [0;33mHTML screenshot: /home/runner/work/human-essentials/human-essentials/tmp/screenshots/screenshot_should-succeed-when-creating-a-new-base-item-with-good-data_2024-03-06-17-56-42.579.html[0m
2024-03-07T01:56:42.7317660Z   [0;33mImage screenshot: /home/runner/work/human-essentials/human-essentials/tmp/screenshots/screenshot_should-succeed-when-creating-a-new-base-item-with-good-data_2024-03-06-17-56-42.579.png[0m
2024-03-07T01:56:43.0296749Z       should fail when creating a new base item with empty attributes (FAILED - 27)
2024-03-07T01:56:43.0298931Z   [0;33mHTML screenshot: /home/runner/work/human-essentials/human-essentials/tmp/screenshots/screenshot_should-fail-when-creating-a-new-base-item-with-empty-attributes_2024-03-06-17-56-42.879.html[0m
2024-03-07T01:56:43.0301943Z   [0;33mImage screenshot: /home/runner/work/human-essentials/human-essentials/tmp/screenshots/screenshot_should-fail-when-creating-a-new-base-item-with-empty-attributes_2024-03-06-17-56-42.879.png[0m
2024-03-07T01:56:43.0304110Z   While signed in as a normal user
2024-03-07T01:56:44.4356180Z     should have a normal user not see anything
2024-03-07T01:56:44.9423004Z 
2024-03-07T01:56:44.9423082Z 
2024-03-07T01:56:44.9423875Z Deprecation Warnings:
2024-03-07T01:56:44.9424591Z 
2024-03-07T01:56:44.9428531Z Using `should` from rspec-expectations' old `:should` syntax without explicitly enabling the syntax is deprecated. Use the new `:expect` syntax or explicitly enable `:should` with `config.expect_with(:rspec) { |c| c.syntax = :should }` instead. Called from /home/runner/work/human-essentials/human-essentials/spec/system/partner_system_spec.rb:140:in `block (5 levels) in <top (required)>'.
2024-03-07T01:56:44.9431465Z 
2024-03-07T01:56:44.9431472Z 
2024-03-07T01:56:44.9431988Z If you need more of the backtrace for any of these deprecations to
2024-03-07T01:56:44.9432746Z identify where to make the necessary changes, you can configure
2024-03-07T01:56:44.9433425Z `config.raise_errors_for_deprecations!`, and it will turn the
2024-03-07T01:56:44.9434174Z deprecation warnings into errors, giving you the full backtrace.
2024-03-07T01:56:44.9435069Z Failures:
2024-03-07T01:56:44.9435354Z 
2024-03-07T01:56:44.9436026Z   1) Admin::Questions while signed in as a super admin GET #edit lets the user load the edit question page
2024-03-07T01:56:44.9437115Z      Failure/Error: <li class="nav-item <%= 'active' if current_page?(new_admin_barcode_item_path) %>">
2024-03-07T01:56:44.9437640Z 
2024-03-07T01:56:44.9437843Z      ActionView::Template::Error:
2024-03-07T01:56:44.9438788Z        undefined local variable or method `new_admin_barcode_item_path' for #<ActionView::Base:0x00000000032230>
2024-03-07T01:56:44.9439852Z      # ./app/views/layouts/_lte_admin_sidebar.html.erb:17:in `_app_views_layouts__lte_admin_sidebar_html_erb__2188099031509514493_102660'
2024-03-07T01:56:44.9440972Z      # ./app/views/layouts/application.html.erb:80:in `_app_views_layouts_application_html_erb___2860726920752939385_102620'
2024-03-07T01:56:44.9441971Z      # ./spec/requests/admin/questions_spec.rb:34:in `block (4 levels) in <top (required)>'
2024-03-07T01:56:44.9442639Z      # ------------------
2024-03-07T01:56:44.9443041Z      # --- Caused by: ---
2024-03-07T01:56:44.9443471Z      # NameError:
2024-03-07T01:56:44.9444254Z      #   undefined local variable or method `new_admin_barcode_item_path' for #<ActionView::Base:0x00000000032230>
2024-03-07T01:56:44.9445393Z      #   ./app/views/layouts/_lte_admin_sidebar.html.erb:17:in `_app_views_layouts__lte_admin_sidebar_html_erb__2188099031509514493_102660'
2024-03-07T01:56:44.9446015Z 
2024-03-07T01:56:44.9446460Z   2) Admin::Questions while signed in as a super admin GET #new lets the user load the new question page
2024-03-07T01:56:44.9447474Z      Failure/Error: <li class="nav-item <%= 'active' if current_page?(new_admin_barcode_item_path) %>">
2024-03-07T01:56:44.9447966Z 
2024-03-07T01:56:44.9448581Z      ActionView::Template::Error:
2024-03-07T01:56:44.9449473Z        undefined local variable or method `new_admin_barcode_item_path' for #<ActionView::Base:0x000000000322a8>
2024-03-07T01:56:44.9450546Z      # ./app/views/layouts/_lte_admin_sidebar.html.erb:17:in `_app_views_layouts__lte_admin_sidebar_html_erb__2188099031509514493_102660'
2024-03-07T01:56:44.9451713Z      # ./app/views/layouts/application.html.erb:80:in `_app_views_layouts_application_html_erb___2860726920752939385_102620'
2024-03-07T01:56:44.9452697Z      # ./spec/requests/admin/questions_spec.rb:18:in `block (4 levels) in <top (required)>'
2024-03-07T01:56:44.9453351Z      # ------------------
2024-03-07T01:56:44.9453827Z      # --- Caused by: ---
2024-03-07T01:56:44.9454182Z      # NameError:
2024-03-07T01:56:44.9455000Z      #   undefined local variable or method `new_admin_barcode_item_path' for #<ActionView::Base:0x000000000322a8>
2024-03-07T01:56:44.9456077Z      #   ./app/views/layouts/_lte_admin_sidebar.html.erb:17:in `_app_views_layouts__lte_admin_sidebar_html_erb__2188099031509514493_102660'
2024-03-07T01:56:44.9456923Z 
2024-03-07T01:56:44.9457329Z   3) Admin::Questions while signed in as a super admin GET #index lets the user load the page
2024-03-07T01:56:44.9458393Z      Failure/Error: <li class="nav-item <%= 'active' if current_page?(new_admin_barcode_item_path) %>">
2024-03-07T01:56:44.9458893Z 
2024-03-07T01:56:44.9459076Z      ActionView::Template::Error:
2024-03-07T01:56:44.9460050Z        undefined local variable or method `new_admin_barcode_item_path' for #<ActionView::Base:0x00000000032460>
2024-03-07T01:56:44.9461386Z      # ./app/views/layouts/_lte_admin_sidebar.html.erb:17:in `_app_views_layouts__lte_admin_sidebar_html_erb__2188099031509514493_102660'
2024-03-07T01:56:44.9462502Z      # ./app/views/layouts/application.html.erb:80:in `_app_views_layouts_application_html_erb___2860726920752939385_102620'
2024-03-07T01:56:44.9463478Z      # ./spec/requests/admin/questions_spec.rb:11:in `block (4 levels) in <top (required)>'
2024-03-07T01:56:44.9464207Z      # ------------------
2024-03-07T01:56:44.9464614Z      # --- Caused by: ---
2024-03-07T01:56:44.9677530Z      # NameError:
2024-03-07T01:56:44.9678907Z      #   undefined local variable or method `new_admin_barcode_item_path' for #<ActionView::Base:0x00000000032460>
2024-03-07T01:56:44.9679916Z      #   ./app/views/layouts/_lte_admin_sidebar.html.erb:17:in `_app_views_layouts__lte_admin_sidebar_html_erb__2188099031509514493_102660'
2024-03-07T01:56:44.9680517Z 
2024-03-07T01:56:44.9680913Z   4) Admin Users Management While signed in as an Administrative User (super admin) edits an existing user
2024-03-07T01:56:44.9681870Z      Failure/Error: <li class="nav-item <%= 'active' if current_page?(new_admin_barcode_item_path) %>">
2024-03-07T01:56:44.9682356Z 
2024-03-07T01:56:44.9682483Z      ActionView::Template::Error:
2024-03-07T01:56:44.9683210Z        undefined local variable or method `new_admin_barcode_item_path' for #<ActionView::Base:0x00000000033ce8>
2024-03-07T01:56:44.9683708Z 
2024-03-07T01:56:44.9684728Z      [Screenshot Image]: /home/runner/work/human-essentials/human-essentials/tmp/capybara/failures_r_spec_example_groups_admin_users_management_while_signed_in_as_an_administrative_user_super_admin_edits_an_existing_user_540.png
2024-03-07T01:56:44.9685737Z 
2024-03-07T01:56:44.9685742Z 
2024-03-07T01:56:44.9686210Z      # ./app/views/layouts/_lte_admin_sidebar.html.erb:17:in `_app_views_layouts__lte_admin_sidebar_html_erb__2188099031509514493_102660'
2024-03-07T01:56:44.9687221Z      # ./app/views/layouts/application.html.erb:80:in `_app_views_layouts_application_html_erb___2860726920752939385_102620'
2024-03-07T01:56:44.9687900Z      # ------------------
2024-03-07T01:56:44.9688474Z      # --- Caused by: ---
2024-03-07T01:56:44.9688804Z      # NameError:
2024-03-07T01:56:44.9689481Z      #   undefined local variable or method `new_admin_barcode_item_path' for #<ActionView::Base:0x00000000033ce8>
2024-03-07T01:56:44.9690440Z      #   ./app/views/layouts/_lte_admin_sidebar.html.erb:17:in `_app_views_layouts__lte_admin_sidebar_html_erb__2188099031509514493_102660'
2024-03-07T01:56:44.9691063Z 
2024-03-07T01:56:44.9691424Z   5) Admin Users Management While signed in as an Administrative User (super admin) creates an user
2024-03-07T01:56:44.9692316Z      Failure/Error: <li class="nav-item <%= 'active' if current_page?(new_admin_barcode_item_path) %>">
2024-03-07T01:56:44.9692783Z 
2024-03-07T01:56:44.9692902Z      ActionView::Template::Error:
2024-03-07T01:56:44.9693608Z        undefined local variable or method `new_admin_barcode_item_path' for #<ActionView::Base:0x00000000033f18>
2024-03-07T01:56:44.9694110Z 
2024-03-07T01:56:44.9695110Z      [Screenshot Image]: /home/runner/work/human-essentials/human-essentials/tmp/screenshots/failures_r_spec_example_groups_admin_users_management_while_signed_in_as_an_administrative_user_super_admin_creates_an_user_924.png
2024-03-07T01:56:44.9696087Z 
2024-03-07T01:56:44.9696100Z 
2024-03-07T01:56:44.9696555Z      # ./app/views/layouts/_lte_admin_sidebar.html.erb:17:in `_app_views_layouts__lte_admin_sidebar_html_erb__2188099031509514493_102660'
2024-03-07T01:56:44.9697968Z      # ./app/views/layouts/application.html.erb:80:in `_app_views_layouts_application_html_erb___2860726920752939385_102620'
2024-03-07T01:56:44.9698651Z      # ------------------
2024-03-07T01:56:44.9698950Z      # --- Caused by: ---
2024-03-07T01:56:44.9699216Z      # NameError:
2024-03-07T01:56:44.9699859Z      #   undefined local variable or method `new_admin_barcode_item_path' for #<ActionView::Base:0x00000000033f18>
2024-03-07T01:56:44.9700970Z      #   ./app/views/layouts/_lte_admin_sidebar.html.erb:17:in `_app_views_layouts__lte_admin_sidebar_html_erb__2188099031509514493_102660'
2024-03-07T01:56:44.9701545Z 
2024-03-07T01:56:44.9701937Z   6) Admin Users Management While signed in as an Administrative User (super admin) deletes an existing user
2024-03-07T01:56:44.9702860Z      Failure/Error: <li class="nav-item <%= 'active' if current_page?(new_admin_barcode_item_path) %>">
2024-03-07T01:56:44.9703332Z 
2024-03-07T01:56:44.9703444Z      ActionView::Template::Error:
2024-03-07T01:56:44.9704152Z        undefined local variable or method `new_admin_barcode_item_path' for #<ActionView::Base:0x00000000034170>
2024-03-07T01:56:44.9704655Z 
2024-03-07T01:56:44.9705683Z      [Screenshot Image]: /home/runner/work/human-essentials/human-essentials/tmp/screenshots/failures_r_spec_example_groups_admin_users_management_while_signed_in_as_an_administrative_user_super_admin_deletes_an_existing_user_283.png
2024-03-07T01:56:44.9706708Z 
2024-03-07T01:56:44.9706713Z 
2024-03-07T01:56:44.9707168Z      # ./app/views/layouts/_lte_admin_sidebar.html.erb:17:in `_app_views_layouts__lte_admin_sidebar_html_erb__2188099031509514493_102660'
2024-03-07T01:56:44.9708169Z      # ./app/views/layouts/application.html.erb:80:in `_app_views_layouts_application_html_erb___2860726920752939385_102620'
2024-03-07T01:56:44.9708835Z      # ------------------
2024-03-07T01:56:44.9709131Z      # --- Caused by: ---
2024-03-07T01:56:44.9709396Z      # NameError:
2024-03-07T01:56:44.9710031Z      #   undefined local variable or method `new_admin_barcode_item_path' for #<ActionView::Base:0x00000000034170>
2024-03-07T01:56:44.9710993Z      #   ./app/views/layouts/_lte_admin_sidebar.html.erb:17:in `_app_views_layouts__lte_admin_sidebar_html_erb__2188099031509514493_102660'
2024-03-07T01:56:44.9711565Z 
2024-03-07T01:56:44.9711902Z   7) Admin Users Management While signed in as an Administrative User (super admin) adds a role
2024-03-07T01:56:44.9712774Z      Failure/Error: <li class="nav-item <%= 'active' if current_page?(new_admin_barcode_item_path) %>">
2024-03-07T01:56:44.9713241Z 
2024-03-07T01:56:44.9713350Z      ActionView::Template::Error:
2024-03-07T01:56:44.9714048Z        undefined local variable or method `new_admin_barcode_item_path' for #<ActionView::Base:0x00000000034260>
2024-03-07T01:56:44.9714547Z 
2024-03-07T01:56:44.9715515Z      [Screenshot Image]: /home/runner/work/human-essentials/human-essentials/tmp/screenshots/failures_r_spec_example_groups_admin_users_management_while_signed_in_as_an_administrative_user_super_admin_adds_a_role_744.png
2024-03-07T01:56:44.9716477Z 
2024-03-07T01:56:44.9716481Z 
2024-03-07T01:56:44.9716933Z      # ./app/views/layouts/_lte_admin_sidebar.html.erb:17:in `_app_views_layouts__lte_admin_sidebar_html_erb__2188099031509514493_102660'
2024-03-07T01:56:44.9717930Z      # ./app/views/layouts/application.html.erb:80:in `_app_views_layouts_application_html_erb___2860726920752939385_102620'
2024-03-07T01:56:44.9718603Z      # ------------------
2024-03-07T01:56:44.9718894Z      # --- Caused by: ---
2024-03-07T01:56:44.9719158Z      # NameError:
2024-03-07T01:56:44.9719801Z      #   undefined local variable or method `new_admin_barcode_item_path' for #<ActionView::Base:0x00000000034260>
2024-03-07T01:56:44.9720752Z      #   ./app/views/layouts/_lte_admin_sidebar.html.erb:17:in `_app_views_layouts__lte_admin_sidebar_html_erb__2188099031509514493_102660'
2024-03-07T01:56:44.9721327Z 
2024-03-07T01:56:44.9721707Z   8) Admin Users Management While signed in as an Administrative User (super admin) filters users by name
2024-03-07T01:56:44.9722747Z      Failure/Error: <li class="nav-item <%= 'active' if current_page?(new_admin_barcode_item_path) %>">
2024-03-07T01:56:44.9723220Z 
2024-03-07T01:56:44.9723331Z      ActionView::Template::Error:
2024-03-07T01:56:44.9724034Z        undefined local variable or method `new_admin_barcode_item_path' for #<ActionView::Base:0x000000000344b8>
2024-03-07T01:56:44.9724541Z 
2024-03-07T01:56:44.9725677Z      [Screenshot Image]: /home/runner/work/human-essentials/human-essentials/tmp/screenshots/failures_r_spec_example_groups_admin_users_management_while_signed_in_as_an_administrative_user_super_admin_filters_users_by_name_750.png
2024-03-07T01:56:44.9726683Z 
2024-03-07T01:56:44.9726687Z 
2024-03-07T01:56:44.9727137Z      # ./app/views/layouts/_lte_admin_sidebar.html.erb:17:in `_app_views_layouts__lte_admin_sidebar_html_erb__2188099031509514493_102660'
2024-03-07T01:56:44.9728348Z      # ./app/views/layouts/application.html.erb:80:in `_app_views_layouts_application_html_erb___2860726920752939385_102620'
2024-03-07T01:56:44.9729053Z      # ------------------
2024-03-07T01:56:44.9729347Z      # --- Caused by: ---
2024-03-07T01:56:44.9729609Z      # NameError:
2024-03-07T01:56:44.9730258Z      #   undefined local variable or method `new_admin_barcode_item_path' for #<ActionView::Base:0x000000000344b8>
2024-03-07T01:56:44.9731205Z      #   ./app/views/layouts/_lte_admin_sidebar.html.erb:17:in `_app_views_layouts__lte_admin_sidebar_html_erb__2188099031509514493_102660'
2024-03-07T01:56:44.9731785Z 
2024-03-07T01:56:44.9732172Z   9) Admin Users Management While signed in as an Administrative User (super admin) filters users by email
2024-03-07T01:56:44.9733085Z      Failure/Error: <li class="nav-item <%= 'active' if current_page?(new_admin_barcode_item_path) %>">
2024-03-07T01:56:44.9733555Z 
2024-03-07T01:56:44.9733665Z      ActionView::Template::Error:
2024-03-07T01:56:44.9734367Z        undefined local variable or method `new_admin_barcode_item_path' for #<ActionView::Base:0x000000000346e8>
2024-03-07T01:56:44.9734876Z 
2024-03-07T01:56:44.9735889Z      [Screenshot Image]: /home/runner/work/human-essentials/human-essentials/tmp/screenshots/failures_r_spec_example_groups_admin_users_management_while_signed_in_as_an_administrative_user_super_admin_filters_users_by_email_338.png
2024-03-07T01:56:44.9736889Z 
2024-03-07T01:56:44.9736893Z 
2024-03-07T01:56:44.9737350Z      # ./app/views/layouts/_lte_admin_sidebar.html.erb:17:in `_app_views_layouts__lte_admin_sidebar_html_erb__2188099031509514493_102660'
2024-03-07T01:56:44.9738371Z      # ./app/views/layouts/application.html.erb:80:in `_app_views_layouts_application_html_erb___2860726920752939385_102620'
2024-03-07T01:56:44.9739047Z      # ------------------
2024-03-07T01:56:44.9739341Z      # --- Caused by: ---
2024-03-07T01:56:44.9739605Z      # NameError:
2024-03-07T01:56:44.9740267Z      #   undefined local variable or method `new_admin_barcode_item_path' for #<ActionView::Base:0x000000000346e8>
2024-03-07T01:56:44.9741236Z      #   ./app/views/layouts/_lte_admin_sidebar.html.erb:17:in `_app_views_layouts__lte_admin_sidebar_html_erb__2188099031509514493_102660'
2024-03-07T01:56:44.9741807Z 
2024-03-07T01:56:44.9742053Z   10) BroadcastAnnouncements GET /index renders a successful response
2024-03-07T01:56:44.9742829Z       Failure/Error: <li class="nav-item <%= 'active' if current_page?(new_admin_barcode_item_path) %>">
2024-03-07T01:56:44.9743306Z 
2024-03-07T01:56:44.9743421Z       ActionView::Template::Error:
2024-03-07T01:56:44.9744132Z         undefined local variable or method `new_admin_barcode_item_path' for #<ActionView::Base:0x00000000038298>
2024-03-07T01:56:44.9745088Z       # ./app/views/layouts/_lte_admin_sidebar.html.erb:17:in `_app_views_layouts__lte_admin_sidebar_html_erb__2188099031509514493_102660'
2024-03-07T01:56:44.9746098Z       # ./app/views/layouts/application.html.erb:80:in `_app_views_layouts_application_html_erb___2860726920752939385_102620'
2024-03-07T01:56:44.9747017Z       # ./spec/requests/admin/broadcast_announcements_spec.rb:26:in `block (3 levels) in <top (required)>'
2024-03-07T01:56:44.9747808Z       # ------------------
2024-03-07T01:56:44.9748106Z       # --- Caused by: ---
2024-03-07T01:56:44.9748378Z       # NameError:
2024-03-07T01:56:44.9749030Z       #   undefined local variable or method `new_admin_barcode_item_path' for #<ActionView::Base:0x00000000038298>
2024-03-07T01:56:44.9749991Z       #   ./app/views/layouts/_lte_admin_sidebar.html.erb:17:in `_app_views_layouts__lte_admin_sidebar_html_erb__2188099031509514493_102660'
2024-03-07T01:56:44.9750707Z 
2024-03-07T01:56:44.9751099Z   11) BroadcastAnnouncements PATCH /update with invalid parameters does not render a successful response
2024-03-07T01:56:44.9752011Z       Failure/Error: <li class="nav-item <%= 'active' if current_page?(new_admin_barcode_item_path) %>">
2024-03-07T01:56:44.9752473Z 
2024-03-07T01:56:44.9752586Z       ActionView::Template::Error:
2024-03-07T01:56:44.9753294Z         undefined local variable or method `new_admin_barcode_item_path' for #<ActionView::Base:0x00000000038400>
2024-03-07T01:56:44.9754253Z       # ./app/views/layouts/_lte_admin_sidebar.html.erb:17:in `_app_views_layouts__lte_admin_sidebar_html_erb__2188099031509514493_102660'
2024-03-07T01:56:44.9755252Z       # ./app/views/layouts/application.html.erb:80:in `_app_views_layouts_application_html_erb___2860726920752939385_102620'
2024-03-07T01:56:44.9756163Z       # ./app/controllers/admin/broadcast_announcements_controller.rb:37:in `block (2 levels) in update'
2024-03-07T01:56:44.9756927Z       # ./app/controllers/admin/broadcast_announcements_controller.rb:33:in `update'
2024-03-07T01:56:44.9757699Z       # ./spec/requests/admin/broadcast_announcements_spec.rb:94:in `block (4 levels) in <top (required)>'
2024-03-07T01:56:44.9758303Z       # ------------------
2024-03-07T01:56:44.9758598Z       # --- Caused by: ---
2024-03-07T01:56:44.9758861Z       # NameError:
2024-03-07T01:56:44.9759699Z       #   undefined local variable or method `new_admin_barcode_item_path' for #<ActionView::Base:0x00000000038400>
2024-03-07T01:56:44.9760664Z       #   ./app/views/layouts/_lte_admin_sidebar.html.erb:17:in `_app_views_layouts__lte_admin_sidebar_html_erb__2188099031509514493_102660'
2024-03-07T01:56:44.9761252Z 
2024-03-07T01:56:44.9761478Z   12) BroadcastAnnouncements GET /edit render a successful response
2024-03-07T01:56:44.9762241Z       Failure/Error: <li class="nav-item <%= 'active' if current_page?(new_admin_barcode_item_path) %>">
2024-03-07T01:56:44.9762727Z 
2024-03-07T01:56:44.9762841Z       ActionView::Template::Error:
2024-03-07T01:56:44.9763559Z         undefined local variable or method `new_admin_barcode_item_path' for #<ActionView::Base:0x000000000384f0>
2024-03-07T01:56:44.9764522Z       # ./app/views/layouts/_lte_admin_sidebar.html.erb:17:in `_app_views_layouts__lte_admin_sidebar_html_erb__2188099031509514493_102660'
2024-03-07T01:56:44.9765526Z       # ./app/views/layouts/application.html.erb:80:in `_app_views_layouts_application_html_erb___2860726920752939385_102620'
2024-03-07T01:56:44.9766455Z       # ./spec/requests/admin/broadcast_announcements_spec.rb:41:in `block (3 levels) in <top (required)>'
2024-03-07T01:56:44.9767064Z       # ------------------
2024-03-07T01:56:44.9767363Z       # --- Caused by: ---
2024-03-07T01:56:44.9767632Z       # NameError:
2024-03-07T01:56:44.9768567Z       #   undefined local variable or method `new_admin_barcode_item_path' for #<ActionView::Base:0x000000000384f0>
2024-03-07T01:56:44.9769618Z       #   ./app/views/layouts/_lte_admin_sidebar.html.erb:17:in `_app_views_layouts__lte_admin_sidebar_html_erb__2188099031509514493_102660'
2024-03-07T01:56:44.9770198Z 
2024-03-07T01:56:44.9770424Z   13) BroadcastAnnouncements GET /new renders a successful response
2024-03-07T01:56:44.9771198Z       Failure/Error: <li class="nav-item <%= 'active' if current_page?(new_admin_barcode_item_path) %>">
2024-03-07T01:56:44.9771667Z 
2024-03-07T01:56:44.9771780Z       ActionView::Template::Error:
2024-03-07T01:56:44.9772697Z         undefined local variable or method `new_admin_barcode_item_path' for #<ActionView::Base:0x000000000385e0>
2024-03-07T01:56:44.9773668Z       # ./app/views/layouts/_lte_admin_sidebar.html.erb:17:in `_app_views_layouts__lte_admin_sidebar_html_erb__2188099031509514493_102660'
2024-03-07T01:56:44.9774668Z       # ./app/views/layouts/application.html.erb:80:in `_app_views_layouts_application_html_erb___2860726920752939385_102620'
2024-03-07T01:56:44.9775735Z       # ./spec/requests/admin/broadcast_announcements_spec.rb:33:in `block (3 levels) in <top (required)>'
2024-03-07T01:56:44.9776346Z       # ------------------
2024-03-07T01:56:44.9776634Z       # --- Caused by: ---
2024-03-07T01:56:44.9776898Z       # NameError:
2024-03-07T01:56:44.9777555Z       #   undefined local variable or method `new_admin_barcode_item_path' for #<ActionView::Base:0x000000000385e0>
2024-03-07T01:56:44.9778507Z       #   ./app/views/layouts/_lte_admin_sidebar.html.erb:17:in `_app_views_layouts__lte_admin_sidebar_html_erb__2188099031509514493_102660'
2024-03-07T01:56:44.9779093Z 
2024-03-07T01:56:44.9779471Z   14) BroadcastAnnouncements POST /create with invalid parameters does not render a successful response
2024-03-07T01:56:44.9780375Z       Failure/Error: <li class="nav-item <%= 'active' if current_page?(new_admin_barcode_item_path) %>">
2024-03-07T01:56:44.9780839Z 
2024-03-07T01:56:44.9780956Z       ActionView::Template::Error:
2024-03-07T01:56:44.9781661Z         undefined local variable or method `new_admin_barcode_item_path' for #<ActionView::Base:0x00000000038658>
2024-03-07T01:56:44.9782609Z       # ./app/views/layouts/_lte_admin_sidebar.html.erb:17:in `_app_views_layouts__lte_admin_sidebar_html_erb__2188099031509514493_102660'
2024-03-07T01:56:44.9783608Z       # ./app/views/layouts/application.html.erb:80:in `_app_views_layouts_application_html_erb___2860726920752939385_102620'
2024-03-07T01:56:44.9784522Z       # ./app/controllers/admin/broadcast_announcements_controller.rb:27:in `block (2 levels) in create'
2024-03-07T01:56:44.9785280Z       # ./app/controllers/admin/broadcast_announcements_controller.rb:23:in `create'
2024-03-07T01:56:44.9786057Z       # ./spec/requests/admin/broadcast_announcements_spec.rb:64:in `block (4 levels) in <top (required)>'
2024-03-07T01:56:44.9786664Z       # ------------------
2024-03-07T01:56:44.9786967Z       # --- Caused by: ---
2024-03-07T01:56:44.9787242Z       # NameError:
2024-03-07T01:56:44.9787889Z       #   undefined local variable or method `new_admin_barcode_item_path' for #<ActionView::Base:0x00000000038658>
2024-03-07T01:56:44.9788854Z       #   ./app/views/layouts/_lte_admin_sidebar.html.erb:17:in `_app_views_layouts__lte_admin_sidebar_html_erb__2188099031509514493_102660'
2024-03-07T01:56:44.9789425Z 
2024-03-07T01:56:44.9789842Z   15) BroadcastAnnouncements POST /create with invalid parameters does not create a new BroadcastAnnouncement
2024-03-07T01:56:44.9790815Z       Failure/Error: <li class="nav-item <%= 'active' if current_page?(new_admin_barcode_item_path) %>">
2024-03-07T01:56:44.9791343Z 
2024-03-07T01:56:44.9791465Z       ActionView::Template::Error:
2024-03-07T01:56:44.9792163Z         undefined local variable or method `new_admin_barcode_item_path' for #<ActionView::Base:0x000000000386d0>
2024-03-07T01:56:44.9793113Z       # ./app/views/layouts/_lte_admin_sidebar.html.erb:17:in `_app_views_layouts__lte_admin_sidebar_html_erb__2188099031509514493_102660'
2024-03-07T01:56:44.9794106Z       # ./app/views/layouts/application.html.erb:80:in `_app_views_layouts_application_html_erb___2860726920752939385_102620'
2024-03-07T01:56:44.9795023Z       # ./app/controllers/admin/broadcast_announcements_controller.rb:27:in `block (2 levels) in create'
2024-03-07T01:56:44.9795781Z       # ./app/controllers/admin/broadcast_announcements_controller.rb:23:in `create'
2024-03-07T01:56:44.9796548Z       # ./spec/requests/admin/broadcast_announcements_spec.rb:59:in `block (5 levels) in <top (required)>'
2024-03-07T01:56:44.9797402Z       # ./spec/requests/admin/broadcast_announcements_spec.rb:58:in `block (4 levels) in <top (required)>'
2024-03-07T01:56:44.9798138Z       # ------------------
2024-03-07T01:56:44.9798436Z       # --- Caused by: ---
2024-03-07T01:56:44.9798704Z       # NameError:
2024-03-07T01:56:44.9799347Z       #   undefined local variable or method `new_admin_barcode_item_path' for #<ActionView::Base:0x000000000386d0>
2024-03-07T01:56:44.9800296Z       #   ./app/views/layouts/_lte_admin_sidebar.html.erb:17:in `_app_views_layouts__lte_admin_sidebar_html_erb__2188099031509514493_102660'
2024-03-07T01:56:44.9800998Z 
2024-03-07T01:56:44.9801791Z   16) Base Item Admin While signed in as an Administrative User with no organization (super admin no org) can view a listing of all Base Items that shows a summary of its sub-items
2024-03-07T01:56:44.9802991Z       Failure/Error: <li class="nav-item <%= 'active' if current_page?(new_admin_barcode_item_path) %>">
2024-03-07T01:56:44.9803463Z 
2024-03-07T01:56:44.9803576Z       ActionView::Template::Error:
2024-03-07T01:56:44.9804290Z         undefined local variable or method `new_admin_barcode_item_path' for #<ActionView::Base:0x0000000004bd48>
2024-03-07T01:56:44.9804796Z 
2024-03-07T01:56:44.9806115Z       [Screenshot Image]: /home/runner/work/human-essentials/human-essentials/tmp/screenshots/failures_r_spec_example_groups_base_item_admin_while_signed_in_as_an_administrative_user_with_no_organization_super_admin_no_org_can_view_a_listing_of_all_base_items_that_shows_a_summary_of_its_sub_items_198.png
2024-03-07T01:56:44.9807385Z 
2024-03-07T01:56:44.9807389Z 
2024-03-07T01:56:44.9807844Z       # ./app/views/layouts/_lte_admin_sidebar.html.erb:17:in `_app_views_layouts__lte_admin_sidebar_html_erb__2188099031509514493_102660'
2024-03-07T01:56:44.9809163Z       # ./app/views/layouts/application.html.erb:80:in `_app_views_layouts_application_html_erb___2860726920752939385_102620'
2024-03-07T01:56:44.9809845Z       # ------------------
2024-03-07T01:56:44.9810147Z       # --- Caused by: ---
2024-03-07T01:56:44.9810417Z       # NameError:
2024-03-07T01:56:44.9811086Z       #   undefined local variable or method `new_admin_barcode_item_path' for #<ActionView::Base:0x0000000004bd48>
2024-03-07T01:56:44.9812363Z       #   ./app/views/layouts/_lte_admin_sidebar.html.erb:17:in `_app_views_layouts__lte_admin_sidebar_html_erb__2188099031509514493_102660'
2024-03-07T01:56:44.9812979Z 
2024-03-07T01:56:44.9813469Z   17) Base Item Admin While signed in as an Administrative User with no organization (super admin no org) can view a single Base Item
2024-03-07T01:56:44.9814509Z       Failure/Error: <h3 class="card-title">Size: <%= @base_item.size || "no size provided" %></h3>
2024-03-07T01:56:44.9814962Z 
2024-03-07T01:56:44.9815076Z       ActionView::Template::Error:
2024-03-07T01:56:44.9816409Z         undefined method `size' for #<BaseItem id: 1, name: "Adult Briefs (Large/X-Large)", category: "Diapers - Adult Briefs", created_at: "2024-03-06 17:55:00.783993000 -0800", updated_at: "2024-03-06 17:55:00.783980000 -0800", item_count: 1, partner_key: "adult_lxl">
2024-03-07T01:56:44.9817902Z       # ./app/views/admin/base_items/show.html.erb:33:in `_app_views_admin_base_items_show_html_erb___1880230758533437514_155380'
2024-03-07T01:56:44.9818573Z       # ------------------
2024-03-07T01:56:44.9818871Z       # --- Caused by: ---
2024-03-07T01:56:44.9819146Z       # NoMethodError:
2024-03-07T01:56:44.9820407Z       #   undefined method `size' for #<BaseItem id: 1, name: "Adult Briefs (Large/X-Large)", category: "Diapers - Adult Briefs", created_at: "2024-03-06 17:55:00.783993000 -0800", updated_at: "2024-03-06 17:55:00.783980000 -0800", item_count: 1, partner_key: "adult_lxl">
2024-03-07T01:56:44.9821875Z       #   ./app/views/admin/base_items/show.html.erb:33:in `_app_views_admin_base_items_show_html_erb___1880230758533437514_155380'
2024-03-07T01:56:44.9822427Z 
2024-03-07T01:56:44.9823113Z   18) Base Item Admin While signed in as an Administrative User with no organization (super admin no org) when updating an existing base item should succeed when changing the name
2024-03-07T01:56:44.9824524Z       Failure/Error: <li class="nav-item <%= 'active' if current_page?(new_admin_barcode_item_path) %>">
2024-03-07T01:56:44.9824992Z 
2024-03-07T01:56:44.9825154Z       ActionView::Template::Error:
2024-03-07T01:56:44.9825874Z         undefined local variable or method `new_admin_barcode_item_path' for #<ActionView::Base:0x0000000004beb0>
2024-03-07T01:56:44.9826372Z 
2024-03-07T01:56:44.9827682Z       [Screenshot Image]: /home/runner/work/human-essentials/human-essentials/tmp/screenshots/failures_r_spec_example_groups_base_item_admin_while_signed_in_as_an_administrative_user_with_no_organization_super_admin_no_org_when_updating_an_existing_base_item_should_succeed_when_changing_the_name_594.png
2024-03-07T01:56:44.9829077Z 
2024-03-07T01:56:44.9829081Z 
2024-03-07T01:56:44.9829545Z       # ./app/views/layouts/_lte_admin_sidebar.html.erb:17:in `_app_views_layouts__lte_admin_sidebar_html_erb__2188099031509514493_102660'
2024-03-07T01:56:44.9830553Z       # ./app/views/layouts/application.html.erb:80:in `_app_views_layouts_application_html_erb___2860726920752939385_102620'
2024-03-07T01:56:44.9831219Z       # ------------------
2024-03-07T01:56:44.9831516Z       # --- Caused by: ---
2024-03-07T01:56:44.9831792Z       # NameError:
2024-03-07T01:56:44.9832454Z       #   undefined local variable or method `new_admin_barcode_item_path' for #<ActionView::Base:0x0000000004beb0>
2024-03-07T01:56:44.9833436Z       #   ./app/views/layouts/_lte_admin_sidebar.html.erb:17:in `_app_views_layouts__lte_admin_sidebar_html_erb__2188099031509514493_102660'
2024-03-07T01:56:44.9834028Z 
2024-03-07T01:56:44.9834726Z   19) Base Item Admin While signed in as an Administrative User with no organization (super admin no org) when updating an existing base item should fail when updating the name to empty
2024-03-07T01:56:44.9835955Z       Failure/Error: <li class="nav-item <%= 'active' if current_page?(new_admin_barcode_item_path) %>">
2024-03-07T01:56:44.9836422Z 
2024-03-07T01:56:44.9836543Z       ActionView::Template::Error:
2024-03-07T01:56:44.9837256Z         undefined local variable or method `new_admin_barcode_item_path' for #<ActionView::Base:0x0000000004bf28>
2024-03-07T01:56:44.9837754Z 
2024-03-07T01:56:44.9839100Z       [Screenshot Image]: /home/runner/work/human-essentials/human-essentials/tmp/screenshots/failures_r_spec_example_groups_base_item_admin_while_signed_in_as_an_administrative_user_with_no_organization_super_admin_no_org_when_updating_an_existing_base_item_should_fail_when_updating_the_name_to_empty_353.png
2024-03-07T01:56:44.9840379Z 
2024-03-07T01:56:44.9840384Z 
2024-03-07T01:56:44.9840864Z       # ./app/views/layouts/_lte_admin_sidebar.html.erb:17:in `_app_views_layouts__lte_admin_sidebar_html_erb__2188099031509514493_102660'
2024-03-07T01:56:44.9841873Z       # ./app/views/layouts/application.html.erb:80:in `_app_views_layouts_application_html_erb___2860726920752939385_102620'
2024-03-07T01:56:44.9842546Z       # ------------------
2024-03-07T01:56:44.9842845Z       # --- Caused by: ---
2024-03-07T01:56:44.9843122Z       # NameError:
2024-03-07T01:56:44.9843777Z       #   undefined local variable or method `new_admin_barcode_item_path' for #<ActionView::Base:0x0000000004bf28>
2024-03-07T01:56:44.9844730Z       #   ./app/views/layouts/_lte_admin_sidebar.html.erb:17:in `_app_views_layouts__lte_admin_sidebar_html_erb__2188099031509514493_102660'
2024-03-07T01:56:44.9845319Z 
2024-03-07T01:56:44.9846075Z   20) Base Item Admin While signed in as an Administrative User with no organization (super admin no org) when creating a new base item should fail when creating a new base item with empty attributes
2024-03-07T01:56:44.9847366Z       Failure/Error: <li class="nav-item <%= 'active' if current_page?(new_admin_barcode_item_path) %>">
2024-03-07T01:56:44.9847838Z 
2024-03-07T01:56:44.9847950Z       ActionView::Template::Error:
2024-03-07T01:56:44.9849067Z         undefined local variable or method `new_admin_barcode_item_path' for #<ActionView::Base:0x0000000004bff0>
2024-03-07T01:56:44.9849776Z 
2024-03-07T01:56:44.9851117Z       [Screenshot Image]: /home/runner/work/human-essentials/human-essentials/tmp/screenshots/failures_r_spec_example_groups_base_item_admin_while_signed_in_as_an_administrative_user_with_no_organization_super_admin_no_org_when_creating_a_new_base_item_should_fail_when_creating_a_new_base_item_with_emp_980.png
2024-03-07T01:56:44.9852401Z 
2024-03-07T01:56:44.9852406Z 
2024-03-07T01:56:44.9852865Z       # ./app/views/layouts/_lte_admin_sidebar.html.erb:17:in `_app_views_layouts__lte_admin_sidebar_html_erb__2188099031509514493_102660'
2024-03-07T01:56:44.9854068Z       # ./app/views/layouts/application.html.erb:80:in `_app_views_layouts_application_html_erb___2860726920752939385_102620'
2024-03-07T01:56:44.9854742Z       # ------------------
2024-03-07T01:56:44.9855046Z       # --- Caused by: ---
2024-03-07T01:56:44.9855317Z       # NameError:
2024-03-07T01:56:44.9855971Z       #   undefined local variable or method `new_admin_barcode_item_path' for #<ActionView::Base:0x0000000004bff0>
2024-03-07T01:56:44.9856924Z       #   ./app/views/layouts/_lte_admin_sidebar.html.erb:17:in `_app_views_layouts__lte_admin_sidebar_html_erb__2188099031509514493_102660'
2024-03-07T01:56:44.9857508Z 
2024-03-07T01:56:44.9858248Z   21) Base Item Admin While signed in as an Administrative User with no organization (super admin no org) when creating a new base item should succeed when creating a new base item with good data
2024-03-07T01:56:44.9859526Z       Failure/Error: <li class="nav-item <%= 'active' if current_page?(new_admin_barcode_item_path) %>">
2024-03-07T01:56:44.9859998Z 
2024-03-07T01:56:44.9860110Z       ActionView::Template::Error:
2024-03-07T01:56:44.9860816Z         undefined local variable or method `new_admin_barcode_item_path' for #<ActionView::Base:0x0000000004c068>
2024-03-07T01:56:44.9861317Z 
2024-03-07T01:56:44.9862645Z       [Screenshot Image]: /home/runner/work/human-essentials/human-essentials/tmp/screenshots/failures_r_spec_example_groups_base_item_admin_while_signed_in_as_an_administrative_user_with_no_organization_super_admin_no_org_when_creating_a_new_base_item_should_succeed_when_creating_a_new_base_item_with__536.png
2024-03-07T01:56:44.9864098Z 
2024-03-07T01:56:44.9864102Z 
2024-03-07T01:56:44.9864564Z       # ./app/views/layouts/_lte_admin_sidebar.html.erb:17:in `_app_views_layouts__lte_admin_sidebar_html_erb__2188099031509514493_102660'
2024-03-07T01:56:44.9865572Z       # ./app/views/layouts/application.html.erb:80:in `_app_views_layouts_application_html_erb___2860726920752939385_102620'
2024-03-07T01:56:44.9866255Z       # ------------------
2024-03-07T01:56:44.9866558Z       # --- Caused by: ---
2024-03-07T01:56:44.9866832Z       # NameError:
2024-03-07T01:56:44.9867480Z       #   undefined local variable or method `new_admin_barcode_item_path' for #<ActionView::Base:0x0000000004c068>
2024-03-07T01:56:44.9868429Z       #   ./app/views/layouts/_lte_admin_sidebar.html.erb:17:in `_app_views_layouts__lte_admin_sidebar_html_erb__2188099031509514493_102660'
2024-03-07T01:56:44.9869010Z 
2024-03-07T01:56:44.9869674Z   22) Base Item Admin While signed in as an Administrative User (super admin) can view a listing of all Base Items that shows a summary of its sub-items
2024-03-07T01:56:44.9870756Z       Failure/Error: <li class="nav-item <%= 'active' if current_page?(new_admin_barcode_item_path) %>">
2024-03-07T01:56:44.9871219Z 
2024-03-07T01:56:44.9871337Z       ActionView::Template::Error:
2024-03-07T01:56:44.9872040Z         undefined local variable or method `new_admin_barcode_item_path' for #<ActionView::Base:0x0000000004c0e0>
2024-03-07T01:56:44.9872547Z 
2024-03-07T01:56:44.9873738Z       [Screenshot Image]: /home/runner/work/human-essentials/human-essentials/tmp/screenshots/failures_r_spec_example_groups_base_item_admin_while_signed_in_as_an_administrative_user_super_admin_can_view_a_listing_of_all_base_items_that_shows_a_summary_of_its_sub_items_191.png
2024-03-07T01:56:44.9874893Z 
2024-03-07T01:56:44.9874898Z 
2024-03-07T01:56:44.9875357Z       # ./app/views/layouts/_lte_admin_sidebar.html.erb:17:in `_app_views_layouts__lte_admin_sidebar_html_erb__2188099031509514493_102660'
2024-03-07T01:56:44.9876489Z       # ./app/views/layouts/application.html.erb:80:in `_app_views_layouts_application_html_erb___2860726920752939385_102620'
2024-03-07T01:56:44.9877160Z       # ------------------
2024-03-07T01:56:44.9877455Z       # --- Caused by: ---
2024-03-07T01:56:44.9877722Z       # NameError:
2024-03-07T01:56:44.9878487Z       #   undefined local variable or method `new_admin_barcode_item_path' for #<ActionView::Base:0x0000000004c0e0>
2024-03-07T01:56:44.9879442Z       #   ./app/views/layouts/_lte_admin_sidebar.html.erb:17:in `_app_views_layouts__lte_admin_sidebar_html_erb__2188099031509514493_102660'
2024-03-07T01:56:44.9880013Z 
2024-03-07T01:56:44.9880395Z   23) Base Item Admin While signed in as an Administrative User (super admin) can view a single Base Item
2024-03-07T01:56:44.9881280Z       Failure/Error: <h3 class="card-title">Size: <%= @base_item.size || "no size provided" %></h3>
2024-03-07T01:56:44.9881728Z 
2024-03-07T01:56:44.9881848Z       ActionView::Template::Error:
2024-03-07T01:56:44.9883155Z         undefined method `size' for #<BaseItem id: 1, name: "Adult Briefs (Large/X-Large)", category: "Diapers - Adult Briefs", created_at: "2024-03-06 17:55:00.783993000 -0800", updated_at: "2024-03-06 17:55:00.783980000 -0800", item_count: 1, partner_key: "adult_lxl">
2024-03-07T01:56:44.9884620Z       # ./app/views/admin/base_items/show.html.erb:33:in `_app_views_admin_base_items_show_html_erb___1880230758533437514_155380'
2024-03-07T01:56:44.9885289Z       # ------------------
2024-03-07T01:56:44.9885576Z       # --- Caused by: ---
2024-03-07T01:56:44.9885844Z       # NoMethodError:
2024-03-07T01:56:44.9887094Z       #   undefined method `size' for #<BaseItem id: 1, name: "Adult Briefs (Large/X-Large)", category: "Diapers - Adult Briefs", created_at: "2024-03-06 17:55:00.783993000 -0800", updated_at: "2024-03-06 17:55:00.783980000 -0800", item_count: 1, partner_key: "adult_lxl">
2024-03-07T01:56:44.9888826Z       #   ./app/views/admin/base_items/show.html.erb:33:in `_app_views_admin_base_items_show_html_erb___1880230758533437514_155380'
2024-03-07T01:56:44.9889388Z 
2024-03-07T01:56:44.9889971Z   24) Base Item Admin While signed in as an Administrative User (super admin) when updating an existing base item should fail when updating the name to empty
2024-03-07T01:56:44.9891123Z       Failure/Error: <li class="nav-item <%= 'active' if current_page?(new_admin_barcode_item_path) %>">
2024-03-07T01:56:44.9891605Z 
2024-03-07T01:56:44.9891719Z       ActionView::Template::Error:
2024-03-07T01:56:44.9892434Z         undefined local variable or method `new_admin_barcode_item_path' for #<ActionView::Base:0x0000000004c1a8>
2024-03-07T01:56:44.9892931Z 
2024-03-07T01:56:44.9894168Z       [Screenshot Image]: /home/runner/work/human-essentials/human-essentials/tmp/screenshots/failures_r_spec_example_groups_base_item_admin_while_signed_in_as_an_administrative_user_super_admin_when_updating_an_existing_base_item_should_fail_when_updating_the_name_to_empty_188.png
2024-03-07T01:56:44.9895351Z 
2024-03-07T01:56:44.9895362Z 
2024-03-07T01:56:44.9895820Z       # ./app/views/layouts/_lte_admin_sidebar.html.erb:17:in `_app_views_layouts__lte_admin_sidebar_html_erb__2188099031509514493_102660'
2024-03-07T01:56:44.9896830Z       # ./app/views/layouts/application.html.erb:80:in `_app_views_layouts_application_html_erb___2860726920752939385_102620'
2024-03-07T01:56:44.9897505Z       # ------------------
2024-03-07T01:56:44.9897799Z       # --- Caused by: ---
2024-03-07T01:56:44.9898062Z       # NameError:
2024-03-07T01:56:44.9898716Z       #   undefined local variable or method `new_admin_barcode_item_path' for #<ActionView::Base:0x0000000004c1a8>
2024-03-07T01:56:44.9899667Z       #   ./app/views/layouts/_lte_admin_sidebar.html.erb:17:in `_app_views_layouts__lte_admin_sidebar_html_erb__2188099031509514493_102660'
2024-03-07T01:56:44.9900248Z 
2024-03-07T01:56:44.9900809Z   25) Base Item Admin While signed in as an Administrative User (super admin) when updating an existing base item should succeed when changing the name
2024-03-07T01:56:44.9902069Z       Failure/Error: <li class="nav-item <%= 'active' if current_page?(new_admin_barcode_item_path) %>">
2024-03-07T01:56:44.9902539Z 
2024-03-07T01:56:44.9902649Z       ActionView::Template::Error:
2024-03-07T01:56:44.9903367Z         undefined local variable or method `new_admin_barcode_item_path' for #<ActionView::Base:0x0000000004c220>
2024-03-07T01:56:44.9904004Z 
2024-03-07T01:56:44.9905201Z       [Screenshot Image]: /home/runner/work/human-essentials/human-essentials/tmp/screenshots/failures_r_spec_example_groups_base_item_admin_while_signed_in_as_an_administrative_user_super_admin_when_updating_an_existing_base_item_should_succeed_when_changing_the_name_169.png
2024-03-07T01:56:44.9906355Z 
2024-03-07T01:56:44.9906359Z 
2024-03-07T01:56:44.9906813Z       # ./app/views/layouts/_lte_admin_sidebar.html.erb:17:in `_app_views_layouts__lte_admin_sidebar_html_erb__2188099031509514493_102660'
2024-03-07T01:56:44.9907826Z       # ./app/views/layouts/application.html.erb:80:in `_app_views_layouts_application_html_erb___2860726920752939385_102620'
2024-03-07T01:56:44.9908492Z       # ------------------
2024-03-07T01:56:44.9908793Z       # --- Caused by: ---
2024-03-07T01:56:44.9909067Z       # NameError:
2024-03-07T01:56:44.9909719Z       #   undefined local variable or method `new_admin_barcode_item_path' for #<ActionView::Base:0x0000000004c220>
2024-03-07T01:56:44.9910669Z       #   ./app/views/layouts/_lte_admin_sidebar.html.erb:17:in `_app_views_layouts__lte_admin_sidebar_html_erb__2188099031509514493_102660'
2024-03-07T01:56:44.9911248Z 
2024-03-07T01:56:44.9911870Z   26) Base Item Admin While signed in as an Administrative User (super admin) when creating a new base item should succeed when creating a new base item with good data
2024-03-07T01:56:44.9913015Z       Failure/Error: <li class="nav-item <%= 'active' if current_page?(new_admin_barcode_item_path) %>">
2024-03-07T01:56:44.9913499Z 
2024-03-07T01:56:44.9913609Z       ActionView::Template::Error:
2024-03-07T01:56:44.9914317Z         undefined local variable or method `new_admin_barcode_item_path' for #<ActionView::Base:0x0000000004c298>
2024-03-07T01:56:44.9914822Z 
2024-03-07T01:56:44.9916074Z       [Screenshot Image]: /home/runner/work/human-essentials/human-essentials/tmp/screenshots/failures_r_spec_example_groups_base_item_admin_while_signed_in_as_an_administrative_user_super_admin_when_creating_a_new_base_item_should_succeed_when_creating_a_new_base_item_with_good_data_421.png
2024-03-07T01:56:44.9917286Z 
2024-03-07T01:56:44.9917290Z 
2024-03-07T01:56:44.9917743Z       # ./app/views/layouts/_lte_admin_sidebar.html.erb:17:in `_app_views_layouts__lte_admin_sidebar_html_erb__2188099031509514493_102660'
2024-03-07T01:56:44.9918742Z       # ./app/views/layouts/application.html.erb:80:in `_app_views_layouts_application_html_erb___2860726920752939385_102620'
2024-03-07T01:56:44.9919405Z       # ------------------
2024-03-07T01:56:44.9919706Z       # --- Caused by: ---
2024-03-07T01:56:44.9919972Z       # NameError:
2024-03-07T01:56:44.9920613Z       #   undefined local variable or method `new_admin_barcode_item_path' for #<ActionView::Base:0x0000000004c298>
2024-03-07T01:56:44.9921568Z       #   ./app/views/layouts/_lte_admin_sidebar.html.erb:17:in `_app_views_layouts__lte_admin_sidebar_html_erb__2188099031509514493_102660'
2024-03-07T01:56:44.9922148Z 
2024-03-07T01:56:44.9922791Z   27) Base Item Admin While signed in as an Administrative User (super admin) when creating a new base item should fail when creating a new base item with empty attributes
2024-03-07T01:56:44.9923943Z       Failure/Error: <li class="nav-item <%= 'active' if current_page?(new_admin_barcode_item_path) %>">
2024-03-07T01:56:44.9924406Z 
2024-03-07T01:56:44.9924523Z       ActionView::Template::Error:
2024-03-07T01:56:44.9925219Z         undefined local variable or method `new_admin_barcode_item_path' for #<ActionView::Base:0x0000000004c310>
2024-03-07T01:56:44.9925848Z 
2024-03-07T01:56:44.9927119Z       [Screenshot Image]: /home/runner/work/human-essentials/human-essentials/tmp/screenshots/failures_r_spec_example_groups_base_item_admin_while_signed_in_as_an_administrative_user_super_admin_when_creating_a_new_base_item_should_fail_when_creating_a_new_base_item_with_empty_attributes_235.png
2024-03-07T01:56:44.9928674Z 
2024-03-07T01:56:44.9928681Z 
2024-03-07T01:56:44.9929329Z       # ./app/views/layouts/_lte_admin_sidebar.html.erb:17:in `_app_views_layouts__lte_admin_sidebar_html_erb__2188099031509514493_102660'
2024-03-07T01:56:44.9930341Z       # ./app/views/layouts/application.html.erb:80:in `_app_views_layouts_application_html_erb___2860726920752939385_102620'
2024-03-07T01:56:44.9931311Z       # ------------------
2024-03-07T01:56:44.9931837Z       # --- Caused by: ---
2024-03-07T01:56:44.9932288Z       # NameError:
2024-03-07T01:56:44.9933243Z       #   undefined local variable or method `new_admin_barcode_item_path' for #<ActionView::Base:0x0000000004c310>
2024-03-07T01:56:44.9934217Z       #   ./app/views/layouts/_lte_admin_sidebar.html.erb:17:in `_app_views_layouts__lte_admin_sidebar_html_erb__2188099031509514493_102660'
2024-03-07T01:56:44.9934788Z 
2024-03-07T01:56:44.9934902Z 1 deprecation warning total
2024-03-07T01:56:44.9935100Z 
2024-03-07T01:56:44.9935336Z Finished in 1 minute 44.28 seconds (files took 8.31 seconds to load)
2024-03-07T01:56:44.9935792Z 165 examples, 27 failures
2024-03-07T01:56:44.9935979Z 
2024-03-07T01:56:44.9936076Z Failed examples:
2024-03-07T01:56:44.9936228Z 
2024-03-07T01:56:44.9936831Z rspec ./spec/requests/admin/questions_spec.rb:32 # Admin::Questions while signed in as a super admin GET #edit lets the user load the edit question page
2024-03-07T01:56:44.9938099Z rspec ./spec/requests/admin/questions_spec.rb:17 # Admin::Questions while signed in as a super admin GET #new lets the user load the new question page
2024-03-07T01:56:44.9939322Z rspec ./spec/requests/admin/questions_spec.rb:10 # Admin::Questions while signed in as a super admin GET #index lets the user load the page
2024-03-07T01:56:44.9940562Z rspec ./spec/system/admin/users_system_spec.rb:18 # Admin Users Management While signed in as an Administrative User (super admin) edits an existing user
2024-03-07T01:56:44.9941824Z rspec ./spec/system/admin/users_system_spec.rb:7 # Admin Users Management While signed in as an Administrative User (super admin) creates an user
2024-03-07T01:56:44.9943231Z rspec ./spec/system/admin/users_system_spec.rb:50 # Admin Users Management While signed in as an Administrative User (super admin) deletes an existing user
2024-03-07T01:56:44.9944477Z rspec ./spec/system/admin/users_system_spec.rb:34 # Admin Users Management While signed in as an Administrative User (super admin) adds a role
2024-03-07T01:56:44.9945708Z rspec ./spec/system/admin/users_system_spec.rb:59 # Admin Users Management While signed in as an Administrative User (super admin) filters users by name
2024-03-07T01:56:44.9946970Z rspec ./spec/system/admin/users_system_spec.rb:74 # Admin Users Management While signed in as an Administrative User (super admin) filters users by email
2024-03-07T01:56:44.9948160Z rspec ./spec/requests/admin/broadcast_announcements_spec.rb:24 # BroadcastAnnouncements GET /index renders a successful response
2024-03-07T01:56:44.9949409Z rspec ./spec/requests/admin/broadcast_announcements_spec.rb:92 # BroadcastAnnouncements PATCH /update with invalid parameters does not render a successful response
2024-03-07T01:56:44.9950637Z rspec ./spec/requests/admin/broadcast_announcements_spec.rb:39 # BroadcastAnnouncements GET /edit render a successful response
2024-03-07T01:56:44.9951721Z rspec ./spec/requests/admin/broadcast_announcements_spec.rb:32 # BroadcastAnnouncements GET /new renders a successful response
2024-03-07T01:56:44.9952951Z rspec ./spec/requests/admin/broadcast_announcements_spec.rb:63 # BroadcastAnnouncements POST /create with invalid parameters does not render a successful response
2024-03-07T01:56:44.9954354Z rspec ./spec/requests/admin/broadcast_announcements_spec.rb:57 # BroadcastAnnouncements POST /create with invalid parameters does not create a new BroadcastAnnouncement
2024-03-07T01:56:44.9956383Z rspec ./spec/system/admin/base_items_system_spec.rb:112 # Base Item Admin While signed in as an Administrative User with no organization (super admin no org) can view a listing of all Base Items that shows a summary of its sub-items
2024-03-07T01:56:44.9958177Z rspec ./spec/system/admin/base_items_system_spec.rb:123 # Base Item Admin While signed in as an Administrative User with no organization (super admin no org) can view a single Base Item
2024-03-07T01:56:44.9959876Z rspec ./spec/system/admin/base_items_system_spec.rb:99 # Base Item Admin While signed in as an Administrative User with no organization (super admin no org) when updating an existing base item should succeed when changing the name
2024-03-07T01:56:44.9961769Z rspec ./spec/system/admin/base_items_system_spec.rb:105 # Base Item Admin While signed in as an Administrative User with no organization (super admin no org) when updating an existing base item should fail when updating the name to empty
2024-03-07T01:56:44.9963762Z rspec ./spec/system/admin/base_items_system_spec.rb:87 # Base Item Admin While signed in as an Administrative User with no organization (super admin no org) when creating a new base item should fail when creating a new base item with empty attributes
2024-03-07T01:56:44.9965769Z rspec ./spec/system/admin/base_items_system_spec.rb:79 # Base Item Admin While signed in as an Administrative User with no organization (super admin no org) when creating a new base item should succeed when creating a new base item with good data
2024-03-07T01:56:44.9967713Z rspec ./spec/system/admin/base_items_system_spec.rb:48 # Base Item Admin While signed in as an Administrative User (super admin) can view a listing of all Base Items that shows a summary of its sub-items
2024-03-07T01:56:44.9969461Z rspec ./spec/system/admin/base_items_system_spec.rb:59 # Base Item Admin While signed in as an Administrative User (super admin) can view a single Base Item
2024-03-07T01:56:44.9970944Z rspec ./spec/system/admin/base_items_system_spec.rb:41 # Base Item Admin While signed in as an Administrative User (super admin) when updating an existing base item should fail when updating the name to empty
2024-03-07T01:56:44.9972614Z rspec ./spec/system/admin/base_items_system_spec.rb:35 # Base Item Admin While signed in as an Administrative User (super admin) when updating an existing base item should succeed when changing the name
2024-03-07T01:56:44.9974330Z rspec ./spec/system/admin/base_items_system_spec.rb:15 # Base Item Admin While signed in as an Administrative User (super admin) when creating a new base item should succeed when creating a new base item with good data
2024-03-07T01:56:44.9976111Z rspec ./spec/system/admin/base_items_system_spec.rb:23 # Base Item Admin While signed in as an Administrative User (super admin) when creating a new base item should fail when creating a new base item with empty attributes
2024-03-07T01:56:44.9977075Z 
2024-03-07T01:56:44.9977184Z Randomized with seed 64151
2024-03-07T01:56:44.9977381Z 
2024-03-07T01:56:45.4306528Z Stopped processing SimpleCov as a previous error not related to SimpleCov has been detected
2024-03-07T01:56:45.4309264Z Coverage report generated for RSpec to /home/runner/work/human-essentials/human-essentials/coverage. 3801 / 6435 LOC (59.07%) covered.
2024-03-07T01:56:45.5445797Z /opt/hostedtoolcache/Ruby/3.2.2/x64/bin/ruby -I/home/runner/work/human-essentials/human-essentials/vendor/bundle/ruby/3.2.0/gems/rspec-core-3.12.2/lib:/home/runner/work/human-essentials/human-essentials/vendor/bundle/ruby/3.2.0/gems/rspec-support-3.12.1/lib /home/runner/work/human-essentials/human-essentials/vendor/bundle/ruby/3.2.0/gems/rspec-core-3.12.2/exe/rspec  --format documentation --format KnapsackPro::Formatters::TimeTracker --default-path spec "spec/system/partner_system_spec.rb" "spec/system/request_system_spec.rb" "spec/system/adjustment_system_spec.rb" "spec/system/product_drive_participant_system_spec.rb" "spec/system/admin/base_items_system_spec.rb" "spec/system/partners/family_requests_system_spec.rb" "spec/system/dashboard_system_spec.rb[1:2:3:3:1:1]" "spec/system/log_in_system_spec.rb" "spec/requests/partners/profiles_requests_county_spec.rb" "spec/system/admin/users_system_spec.rb" "spec/system/dashboard_system_spec.rb[1:2:6:8:1:1]" "spec/system/dashboard_system_spec.rb[1:2:5:9:1:2]" "spec/system/dashboard_system_spec.rb[1:2:5:6:1:1]" "spec/system/dashboard_system_spec.rb[1:2:5:4:1:1]" "spec/system/dashboard_system_spec.rb[1:2:4:2:1:1]" "spec/system/dashboard_system_spec.rb[1:2:5:5:1:3]" "spec/system/dashboard_system_spec.rb[1:2:5:7:1:3]" "spec/system/dashboard_system_spec.rb[1:2:5:2:1:2]" "spec/system/authorization_system_spec.rb" "spec/system/dashboard_system_spec.rb[1:2:4:1]" "spec/system/dashboard_system_spec.rb[1:2:5:10:2]" "spec/system/question_system_spec.rb" "spec/requests/account_requests_spec.rb" "spec/requests/reports/annual_reports_requests_spec.rb" "spec/requests/admin/broadcast_announcements_spec.rb" "spec/requests/admin/questions_spec.rb" "spec/requests/static_requests_spec.rb" "spec/requests/users/omniauth_callbacks_requests_spec.rb" failed
2024-03-07T01:56:45.9429051Z Stopped processing SimpleCov as a previous error not related to SimpleCov has been detected
2024-03-07T01:56:45.9430893Z Coverage report generated for RSpec to /home/runner/work/human-essentials/human-essentials/coverage. 38 / 10705 LOC (0.35%) covered.
2024-03-07T01:56:45.9701864Z ##[error]Process completed with exit code 1.
