2024-03-11T04:21:23.1720295Z ##[group]Run RUBYOPT='-W:no-deprecated -W:no-experimental' bin/knapsack_pro_rspec
2024-03-11T04:21:23.1721290Z [36;1mRUBYOPT='-W:no-deprecated -W:no-experimental' bin/knapsack_pro_rspec[0m
2024-03-11T04:21:23.1771660Z shell: /usr/bin/bash -e {0}
2024-03-11T04:21:23.1772096Z env:
2024-03-11T04:21:23.1772556Z   POSTGRES_HOST: localhost
2024-03-11T04:21:23.1773217Z   DATABASE_HOST: localhost
2024-03-11T04:21:23.1773639Z   PG_USERNAME: postgres
2024-03-11T04:21:23.1774133Z   PG_PASSWORD: password
2024-03-11T04:21:23.1774533Z   POSTGRES_HOST_AUTH_METHOD: trust
2024-03-11T04:21:23.1774986Z   POSTGRES_PORT: 5432
2024-03-11T04:21:23.1775441Z   PGHOST: localhost
2024-03-11T04:21:23.1775832Z   PGUSER: postgres
2024-03-11T04:21:23.1776193Z   RAILS_ENV: test
2024-03-11T04:21:23.1776617Z   KNAPSACK_PRO_TEST_SUITE_TOKEN_RSPEC: 
2024-03-11T04:21:23.1777115Z   KNAPSACK_PRO_CI_NODE_TOTAL: 6
2024-03-11T04:21:23.1777562Z   KNAPSACK_PRO_CI_NODE_INDEX: 4
2024-03-11T04:21:23.1778118Z   KNAPSACK_PRO_RSPEC_SPLIT_BY_TEST_EXAMPLES: true
2024-03-11T04:21:23.1778696Z   KNAPSACK_PRO_LOG_LEVEL: info
2024-03-11T04:21:23.1779485Z   KNAPSACK_PRO_TEST_FILE_PATTERN: {spec/system/**{,/*/**}/*_spec.rb,spec/requests/**{,/*/**}/*_spec.rb}
2024-03-11T04:21:23.1780209Z ##[endgroup]
2024-03-11T04:21:28.7564571Z W, [2024-03-11T04:21:28.756097 #2363]  WARN -- : [knapsack_pro] GET https://api-disabled-for-fork.knapsackpro.com/v1/build_distributions/last
2024-03-11T04:21:28.7567483Z W, [2024-03-11T04:21:28.756155 #2363]  WARN -- : [knapsack_pro] Request failed due to:
2024-03-11T04:21:28.7571353Z W, [2024-03-11T04:21:28.756175 #2363]  WARN -- : [knapsack_pro] #<SocketError: Failed to open TCP connection to api-disabled-for-fork.knapsackpro.com:443 (getaddrinfo: Name or service not known)>
2024-03-11T04:21:28.7575004Z W, [2024-03-11T04:21:28.756208 #2363]  WARN -- : [knapsack_pro] Slow test files fallback behaviour started. We could not connect with Knapsack Pro API to fetch last CI build test files that are needed to determine slow test files. No test files will be split by test cases. It means all test files will be split by the whole test files as if split by test cases would be disabled https://knapsackpro.com/perma/ruby/split-by-test-examples
2024-03-11T04:21:31.3612481Z W, [2024-03-11T04:21:31.360899 #2363]  WARN -- : [knapsack_pro] POST https://api-disabled-for-fork.knapsackpro.com/v1/build_distributions/subset
2024-03-11T04:21:31.3615247Z W, [2024-03-11T04:21:31.360940 #2363]  WARN -- : [knapsack_pro] Request failed due to:
2024-03-11T04:21:31.3616996Z W, [2024-03-11T04:21:31.360960 #2363]  WARN -- : [knapsack_pro] #<SocketError: Failed to open TCP connection to api-disabled-for-fork.knapsackpro.com:443 (getaddrinfo: Name or service not known)>
2024-03-11T04:21:31.3619430Z W, [2024-03-11T04:21:31.361003 #2363]  WARN -- : [knapsack_pro] Fallback mode started. We could not connect with Knapsack Pro API. Your tests will be executed based on directory names. Read more about fallback mode at https://knapsackpro.com/perma/ruby/fallback-mode
2024-03-11T04:21:31.3669722Z /opt/hostedtoolcache/Ruby/3.2.2/x64/bin/ruby -I/home/runner/work/human-essentials/human-essentials/vendor/bundle/ruby/3.2.0/gems/rspec-core-3.12.2/lib:/home/runner/work/human-essentials/human-essentials/vendor/bundle/ruby/3.2.0/gems/rspec-support-3.12.1/lib /home/runner/work/human-essentials/human-essentials/vendor/bundle/ruby/3.2.0/gems/rspec-core-3.12.2/exe/rspec  --format documentation --format KnapsackPro::Formatters::TimeTracker --default-path spec "spec/requests/admin/base_items_requests_spec.rb" "spec/requests/admin_requests_spec.rb" "spec/requests/distributions_by_county_spec.rb" "spec/requests/items_requests_spec.rb" "spec/requests/partners/family_requests_controller_spec.rb" "spec/requests/partners/user_requests_spec.rb" "spec/requests/reports/annual_reports_requests_spec.rb" "spec/requests/users/omniauth_callbacks_requests_spec.rb" "spec/system/admin/account_requests_system_spec.rb" "spec/system/annual_reports_system_spec.rb" "spec/system/distributions_by_county_system_spec.rb" "spec/system/log_in_system_spec.rb" "spec/system/partners/approval_process_spec.rb" "spec/system/partners/profile_served_area_system_spec.rb" "spec/system/request_system_spec.rb"
2024-03-11T04:21:39.5666837Z 
2024-03-11T04:21:39.5667596Z Randomized with seed 25689
2024-03-11T04:21:40.5879583Z 
2024-03-11T04:21:40.5880108Z Items
2024-03-11T04:21:40.5881277Z   while signed in
2024-03-11T04:21:40.5882358Z     GET #index
2024-03-11T04:21:40.5882959Z       html
2024-03-11T04:21:40.7057857Z         is expected to be successful
2024-03-11T04:21:40.7058916Z       csv
2024-03-11T04:21:40.7584013Z         is expected to be successful
2024-03-11T04:21:40.7584963Z     PUT #update
2024-03-11T04:21:40.8204667Z       should not be able to deactivate an item in a storage location
2024-03-11T04:21:40.8494042Z       should be able to deactivate an item
2024-03-11T04:21:40.9193472Z       should not be able to deactivate an item in a kit
2024-03-11T04:21:40.9194353Z 
2024-03-11T04:21:40.9194795Z Admin::BaseItems
2024-03-11T04:21:40.9196082Z   When logged in as an organization admin
2024-03-11T04:21:40.9198317Z     POST #create
2024-03-11T04:21:40.9356234Z       redirects
2024-03-11T04:21:40.9356970Z     GET #edit
2024-03-11T04:21:40.9472180Z       returns http success
2024-03-11T04:21:40.9472905Z     GET #show
2024-03-11T04:21:40.9587084Z       returns http success
2024-03-11T04:21:40.9587765Z     DELETE #destroy
2024-03-11T04:21:40.9701397Z       redirects
2024-03-11T04:21:40.9702136Z     GET #new
2024-03-11T04:21:40.9814663Z       returns http success
2024-03-11T04:21:40.9815393Z     GET #index
2024-03-11T04:21:40.9926968Z       returns http success
2024-03-11T04:21:40.9927659Z     PUT #update
2024-03-11T04:21:41.0041934Z       redirect
2024-03-11T04:21:41.0042723Z 
2024-03-11T04:21:41.0043134Z Partners::FamilyRequestsController
2024-03-11T04:21:41.0044447Z   POST #create
2024-03-11T04:21:41.0826432Z     does not allow deactivated partners
2024-03-11T04:21:41.1533685Z     does not allow partners not verified
2024-03-11T04:21:41.2451918Z     submits the request
2024-03-11T04:21:41.2452854Z   GET #new
2024-03-11T04:21:41.2942099Z     does not allow deactivated partners
2024-03-11T04:21:41.3419851Z     does not allow partners not verified
2024-03-11T04:21:41.3420414Z 
2024-03-11T04:21:41.3420644Z Distributions by County
2024-03-11T04:21:41.3421846Z   handles time ranges properly
2024-03-11T04:21:48.8585352Z     works for all time (FAILED - 1)
2024-03-11T04:21:48.8587350Z   [0;33mHTML screenshot: /home/runner/work/human-essentials/human-essentials/tmp/screenshots/screenshot_works-for-all-time_2024-03-10-21-21-48.654.html[0m
2024-03-11T04:21:48.8590505Z   [0;33mImage screenshot: /home/runner/work/human-essentials/human-essentials/tmp/screenshots/screenshot_works-for-all-time_2024-03-10-21-21-48.654.png[0m
2024-03-11T04:21:49.6376221Z     works for this year (FAILED - 2)
2024-03-11T04:21:49.6378482Z   [0;33mHTML screenshot: /home/runner/work/human-essentials/human-essentials/tmp/screenshots/screenshot_works-for-this-year_2024-03-10-21-21-49.487.html[0m
2024-03-11T04:21:49.6381561Z   [0;33mImage screenshot: /home/runner/work/human-essentials/human-essentials/tmp/screenshots/screenshot_works-for-this-year_2024-03-10-21-21-49.487.png[0m
2024-03-11T04:21:49.6382526Z 
2024-03-11T04:21:49.6382692Z Admin
2024-03-11T04:21:49.6383127Z   while signed in as a super admin
2024-03-11T04:21:49.6845727Z     allows a user to load the dashboard
2024-03-11T04:21:49.6846561Z     with rendered views
2024-03-11T04:21:49.9550330Z       shows the recently added users email
2024-03-11T04:21:50.2131173Z       shows a logout button
2024-03-11T04:21:50.2132556Z   while signed in as a non-super-admin
2024-03-11T04:21:50.2338750Z     disallows dashboard access, redirecting to the normal dashboard
2024-03-11T04:21:50.2339944Z 
2024-03-11T04:21:50.2340253Z Requests
2024-03-11T04:21:50.2341674Z   #index
2024-03-11T04:21:50.9016159Z     lists requests (FAILED - 3)
2024-03-11T04:21:50.9017505Z   [0;33mHTML screenshot: /home/runner/work/human-essentials/human-essentials/tmp/screenshots/screenshot_lists-requests_2024-03-10-21-21-50.752.html[0m
2024-03-11T04:21:50.9019839Z   [0;33mImage screenshot: /home/runner/work/human-essentials/human-essentials/tmp/screenshots/screenshot_lists-requests_2024-03-10-21-21-50.752.png[0m
2024-03-11T04:21:51.5510364Z     can be exported in CSV (FAILED - 4)
2024-03-11T04:21:51.5512226Z   [0;33mHTML screenshot: /home/runner/work/human-essentials/human-essentials/tmp/screenshots/screenshot_can-be-exported-in-CSV_2024-03-10-21-21-51.401.html[0m
2024-03-11T04:21:51.5514235Z   [0;33mImage screenshot: /home/runner/work/human-essentials/human-essentials/tmp/screenshots/screenshot_can-be-exported-in-CSV_2024-03-10-21-21-51.401.png[0m
2024-03-11T04:21:51.5515368Z     behaves like Date Range Picker
2024-03-11T04:21:51.5516140Z       when choosing 'Last Month'
2024-03-11T04:21:52.1984922Z         shows only 2 of the records (FAILED - 5)
2024-03-11T04:21:52.1986518Z   [0;33mHTML screenshot: /home/runner/work/human-essentials/human-essentials/tmp/screenshots/screenshot_shows-only-2-of-the-records_2024-03-10-21-21-52.065.html[0m
2024-03-11T04:21:52.1988600Z   [0;33mImage screenshot: /home/runner/work/human-essentials/human-essentials/tmp/screenshots/screenshot_shows-only-2-of-the-records_2024-03-10-21-21-52.065.png[0m
2024-03-11T04:21:52.1990235Z       when choosing a date range that only includes the previous week
2024-03-11T04:21:52.8034257Z         shows only 1 record (FAILED - 6)
2024-03-11T04:21:52.8035652Z   [0;33mHTML screenshot: /home/runner/work/human-essentials/human-essentials/tmp/screenshots/screenshot_shows-only-1-record_2024-03-10-21-21-52.667.html[0m
2024-03-11T04:21:52.8037855Z   [0;33mImage screenshot: /home/runner/work/human-essentials/human-essentials/tmp/screenshots/screenshot_shows-only-1-record_2024-03-10-21-21-52.667.png[0m
2024-03-11T04:21:52.8039475Z       when choosing 'All Time'
2024-03-11T04:21:53.4324048Z         shows all the records (FAILED - 7)
2024-03-11T04:21:53.4326237Z   [0;33mHTML screenshot: /home/runner/work/human-essentials/human-essentials/tmp/screenshots/screenshot_shows-all-the-records_2024-03-10-21-21-53.300.html[0m
2024-03-11T04:21:53.4329169Z   [0;33mImage screenshot: /home/runner/work/human-essentials/human-essentials/tmp/screenshots/screenshot_shows-all-the-records_2024-03-10-21-21-53.300.png[0m
2024-03-11T04:21:53.4330842Z     when filtering on the index page
2024-03-11T04:21:53.4331480Z       when filtering by partner
2024-03-11T04:21:54.0501847Z         constrains the list (FAILED - 8)
2024-03-11T04:21:54.0503972Z   [0;33mHTML screenshot: /home/runner/work/human-essentials/human-essentials/tmp/screenshots/screenshot_constrains-the-list_2024-03-10-21-21-53.906.html[0m
2024-03-11T04:21:54.0506897Z   [0;33mImage screenshot: /home/runner/work/human-essentials/human-essentials/tmp/screenshots/screenshot_constrains-the-list_2024-03-10-21-21-53.906.png[0m
2024-03-11T04:21:54.0508506Z       when filtering by status
2024-03-11T04:21:54.7434999Z         constrains the list (FAILED - 9)
2024-03-11T04:21:54.7436411Z   [0;33mHTML screenshot: /home/runner/work/human-essentials/human-essentials/tmp/screenshots/screenshot_constrains-the-list_2024-03-10-21-21-54.586.html[0m
2024-03-11T04:21:54.7438878Z   [0;33mImage screenshot: /home/runner/work/human-essentials/human-essentials/tmp/screenshots/screenshot_constrains-the-list_2024-03-10-21-21-54.586.png[0m
2024-03-11T04:21:54.7440119Z       with filters cleared
2024-03-11T04:21:55.4520945Z         displays all requests (FAILED - 10)
2024-03-11T04:21:55.4523351Z   [0;33mHTML screenshot: /home/runner/work/human-essentials/human-essentials/tmp/screenshots/screenshot_displays-all-requests_2024-03-10-21-21-55.317.html[0m
2024-03-11T04:21:55.4525346Z   [0;33mImage screenshot: /home/runner/work/human-essentials/human-essentials/tmp/screenshots/screenshot_displays-all-requests_2024-03-10-21-21-55.317.png[0m
2024-03-11T04:21:55.4526436Z       when exporting as CSV
2024-03-11T04:21:56.0840529Z         respects the applied filters (FAILED - 11)
2024-03-11T04:21:56.0842757Z   [0;33mHTML screenshot: /home/runner/work/human-essentials/human-essentials/tmp/screenshots/screenshot_respects-the-applied-filters_2024-03-10-21-21-55.935.html[0m
2024-03-11T04:21:56.0846240Z   [0;33mImage screenshot: /home/runner/work/human-essentials/human-essentials/tmp/screenshots/screenshot_respects-the-applied-filters_2024-03-10-21-21-55.935.png[0m
2024-03-11T04:21:56.0848679Z       when filtering by item
2024-03-11T04:21:56.7026226Z         constrains the list (FAILED - 12)
2024-03-11T04:21:56.7028532Z   [0;33mHTML screenshot: /home/runner/work/human-essentials/human-essentials/tmp/screenshots/screenshot_constrains-the-list_2024-03-10-21-21-56.567.html[0m
2024-03-11T04:21:56.7031363Z   [0;33mImage screenshot: /home/runner/work/human-essentials/human-essentials/tmp/screenshots/screenshot_constrains-the-list_2024-03-10-21-21-56.567.png[0m
2024-03-11T04:21:56.7032823Z   #show
2024-03-11T04:21:57.2807034Z     should show the request without a request sender if a partner user is not set (FAILED - 13)
2024-03-11T04:21:57.2810257Z   [0;33mHTML screenshot: /home/runner/work/human-essentials/human-essentials/tmp/screenshots/screenshot_should-show-the-request-without-a-request-sender-if-a-partner-user-is-not-set_2024-03-10-21-21-57.146.html[0m
2024-03-11T04:21:57.2813435Z   [0;33mImage screenshot: /home/runner/work/human-essentials/human-essentials/tmp/screenshots/screenshot_should-show-the-request-without-a-request-sender-if-a-partner-user-is-not-set_2024-03-10-21-21-57.146.png[0m
2024-03-11T04:21:57.8310793Z     should show the request with a request sender if a partner user is set (FAILED - 14)
2024-03-11T04:21:57.8313893Z   [0;33mHTML screenshot: /home/runner/work/human-essentials/human-essentials/tmp/screenshots/screenshot_should-show-the-request-with-a-request-sender-if-a-partner-user-is-set_2024-03-10-21-21-57.698.html[0m
2024-03-11T04:21:57.8317753Z   [0;33mImage screenshot: /home/runner/work/human-essentials/human-essentials/tmp/screenshots/screenshot_should-show-the-request-with-a-request-sender-if-a-partner-user-is-set_2024-03-10-21-21-57.698.png[0m
2024-03-11T04:21:58.4633956Z     should show the number of items on-hand (FAILED - 15)
2024-03-11T04:21:58.4636337Z   [0;33mHTML screenshot: /home/runner/work/human-essentials/human-essentials/tmp/screenshots/screenshot_should-show-the-number-of-items-on-hand_2024-03-10-21-21-58.329.html[0m
2024-03-11T04:21:58.4639350Z   [0;33mImage screenshot: /home/runner/work/human-essentials/human-essentials/tmp/screenshots/screenshot_should-show-the-number-of-items-on-hand_2024-03-10-21-21-58.329.png[0m
2024-03-11T04:21:58.4640885Z     change status request
2024-03-11T04:21:59.0473308Z       should change to started (FAILED - 16)
2024-03-11T04:21:59.0475475Z   [0;33mHTML screenshot: /home/runner/work/human-essentials/human-essentials/tmp/screenshots/screenshot_should-change-to-started_2024-03-10-21-21-58.912.html[0m
2024-03-11T04:21:59.0478171Z   [0;33mImage screenshot: /home/runner/work/human-essentials/human-essentials/tmp/screenshots/screenshot_should-change-to-started_2024-03-10-21-21-58.912.png[0m
2024-03-11T04:21:59.0479570Z       when save the distribution
2024-03-11T04:21:59.6136853Z         should change request to fulfilled (FAILED - 17)
2024-03-11T04:21:59.6139233Z   [0;33mHTML screenshot: /home/runner/work/human-essentials/human-essentials/tmp/screenshots/screenshot_should-change-request-to-fulfilled_2024-03-10-21-21-59.480.html[0m
2024-03-11T04:21:59.6142417Z   [0;33mImage screenshot: /home/runner/work/human-essentials/human-essentials/tmp/screenshots/screenshot_should-change-request-to-fulfilled_2024-03-10-21-21-59.480.png[0m
2024-03-11T04:21:59.6144075Z   canceling a request as a bank user
2024-03-11T04:21:59.6144883Z     when a bank user cancels a request
2024-03-11T04:22:00.1816998Z       should set the request as canceled/discarded and contain the reason (FAILED - 18)
2024-03-11T04:22:00.1819968Z   [0;33mHTML screenshot: /home/runner/work/human-essentials/human-essentials/tmp/screenshots/screenshot_should-set-the-request-as-canceled/discarded-and-contain-the-reason_2024-03-10-21-22-00.047.html[0m
2024-03-11T04:22:00.1824140Z   [0;33mImage screenshot: /home/runner/work/human-essentials/human-essentials/tmp/screenshots/screenshot_should-set-the-request-as-canceled/discarded-and-contain-the-reason_2024-03-10-21-22-00.047.png[0m
2024-03-11T04:22:00.1826625Z 
2024-03-11T04:22:00.1826874Z Authentication
2024-03-11T04:22:00.1827512Z   Deactivated user
2024-03-11T04:22:01.0871019Z     should not allow the user to log in (FAILED - 19)
2024-03-11T04:22:01.0873383Z   [0;33mHTML screenshot: /home/runner/work/human-essentials/human-essentials/tmp/screenshots/screenshot_should-not-allow-the-user-to-log-in_2024-03-10-21-22-00.495.html[0m
2024-03-11T04:22:01.0875849Z   [0;33mImage screenshot: /home/runner/work/human-essentials/human-essentials/tmp/screenshots/screenshot_should-not-allow-the-user-to-log-in_2024-03-10-21-22-00.495.png[0m
2024-03-11T04:22:01.0878058Z   Showing the modal warning in staging
2024-03-11T04:22:01.0879063Z     when accessing /users/password/new not in the staging environment
2024-03-11T04:22:01.4055992Z       should not render the modal (FAILED - 20)
2024-03-11T04:22:01.4057096Z     when accessing /users/sign_in not in the staging environment
2024-03-11T04:22:02.0151063Z       should not render the modal (FAILED - 21)
2024-03-11T04:22:02.0153275Z   [0;33mHTML screenshot: /home/runner/work/human-essentials/human-essentials/tmp/screenshots/screenshot_should-not-render-the-modal_2024-03-10-21-22-01.653.html[0m
2024-03-11T04:22:02.0156079Z   [0;33mImage screenshot: /home/runner/work/human-essentials/human-essentials/tmp/screenshots/screenshot_should-not-render-the-modal_2024-03-10-21-22-01.653.png[0m
2024-03-11T04:22:02.0158378Z     when accessing /users/password/new in the staging environment
2024-03-11T04:22:02.3283025Z       should render the modal (FAILED - 22)
2024-03-11T04:22:02.3285358Z     when accessing /users/sign_in in the staging environment
2024-03-11T04:22:02.7951131Z       should render the modal (FAILED - 23)
2024-03-11T04:22:02.7953488Z   [0;33mHTML screenshot: /home/runner/work/human-essentials/human-essentials/tmp/screenshots/screenshot_should-render-the-modal_2024-03-10-21-22-02.574.html[0m
2024-03-11T04:22:02.7956286Z   [0;33mImage screenshot: /home/runner/work/human-essentials/human-essentials/tmp/screenshots/screenshot_should-render-the-modal_2024-03-10-21-22-02.574.png[0m
2024-03-11T04:22:02.7958011Z   Success
2024-03-11T04:22:03.3694013Z     should show dashboard upon signin (FAILED - 24)
2024-03-11T04:22:03.3696307Z   [0;33mHTML screenshot: /home/runner/work/human-essentials/human-essentials/tmp/screenshots/screenshot_should-show-dashboard-upon-signin_2024-03-10-21-22-03.224.html[0m
2024-03-11T04:22:03.3698480Z   [0;33mImage screenshot: /home/runner/work/human-essentials/human-essentials/tmp/screenshots/screenshot_should-show-dashboard-upon-signin_2024-03-10-21-22-03.224.png[0m
2024-03-11T04:22:03.3699544Z 
2024-03-11T04:22:03.3699676Z Annual Reports
2024-03-11T04:22:03.3700146Z   While signed in
2024-03-11T04:22:03.3700551Z     POST /recalculate
2024-03-11T04:22:03.4638583Z       recalculates an existing report
2024-03-11T04:22:03.5366567Z       recalculates new reports
2024-03-11T04:22:03.5367093Z     GET /show
2024-03-11T04:22:03.6238699Z       returns http success
2024-03-11T04:22:03.7091594Z       retrieves and updated the existing report if it exists
2024-03-11T04:22:03.7337043Z       returns not found if the year params is not number
2024-03-11T04:22:03.7619963Z       retrieves and uses the existing report if it exists
2024-03-11T04:22:03.7621066Z     GET /index
2024-03-11T04:22:03.7889289Z       returns http success
2024-03-11T04:22:03.7889926Z 
2024-03-11T04:22:03.7890158Z Annual Reports
2024-03-11T04:22:03.7894377Z   while signed in as an organization admin
2024-03-11T04:22:04.3440652Z     has the report from last year, if there is a purchase from last year (FAILED - 25)
2024-03-11T04:22:04.3443330Z   [0;33mHTML screenshot: /home/runner/work/human-essentials/human-essentials/tmp/screenshots/screenshot_has-the-report-from-last-year,-if-there-is-a-purchase-from-last-year_2024-03-10-21-22-04.212.html[0m
2024-03-11T04:22:04.3447607Z   [0;33mImage screenshot: /home/runner/work/human-essentials/human-essentials/tmp/screenshots/screenshot_has-the-report-from-last-year,-if-there-is-a-purchase-from-last-year_2024-03-10-21-22-04.212.png[0m
2024-03-11T04:22:04.9615349Z     exists (FAILED - 26)
2024-03-11T04:22:04.9617358Z   [0;33mHTML screenshot: /home/runner/work/human-essentials/human-essentials/tmp/screenshots/screenshot_exists_2024-03-10-21-22-04.828.html[0m
2024-03-11T04:22:04.9619723Z   [0;33mImage screenshot: /home/runner/work/human-essentials/human-essentials/tmp/screenshots/screenshot_exists_2024-03-10-21-22-04.828.png[0m
2024-03-11T04:22:05.5434485Z     has all the sub-reports we expect (FAILED - 27)
2024-03-11T04:22:05.5436969Z   [0;33mHTML screenshot: /home/runner/work/human-essentials/human-essentials/tmp/screenshots/screenshot_has-all-the-sub-reports-we-expect_2024-03-10-21-22-05.411.html[0m
2024-03-11T04:22:05.5440347Z   [0;33mImage screenshot: /home/runner/work/human-essentials/human-essentials/tmp/screenshots/screenshot_has-all-the-sub-reports-we-expect_2024-03-10-21-22-05.411.png[0m
2024-03-11T04:22:05.5441673Z 
2024-03-11T04:22:05.5441920Z DistributionsByCounties
2024-03-11T04:22:05.5442371Z   While not signed in
2024-03-11T04:22:05.5519505Z     redirects for authentication
2024-03-11T04:22:05.5520454Z     While signed in as bank
2024-03-11T04:22:05.6484720Z       shows 'Unspecified 100%' if no served_areas
2024-03-11T04:22:05.6485507Z       basic behaviour with served areas
2024-03-11T04:22:05.8471429Z         handles multiple partners with overlapping service areas properly
2024-03-11T04:22:05.8472171Z 
2024-03-11T04:22:05.8472615Z Account Requests Admin
2024-03-11T04:22:05.8474073Z   while signed in as a super admin
2024-03-11T04:22:05.8475002Z     user visits the for_rejection page
2024-03-11T04:22:06.3146862Z       should reject the account (FAILED - 28)
2024-03-11T04:22:06.3149029Z   [0;33mHTML screenshot: /home/runner/work/human-essentials/human-essentials/tmp/screenshots/screenshot_should-reject-the-account_2024-03-10-21-22-06.161.html[0m
2024-03-11T04:22:06.3151993Z   [0;33mImage screenshot: /home/runner/work/human-essentials/human-essentials/tmp/screenshots/screenshot_should-reject-the-account_2024-03-10-21-22-06.161.png[0m
2024-03-11T04:22:06.3153987Z     user rejects an account request
2024-03-11T04:22:06.6856760Z       should reject the account (FAILED - 29)
2024-03-11T04:22:06.6857718Z     user visits the index page
2024-03-11T04:22:07.0618962Z       shows unconfirmed account requests within appropriate table (FAILED - 30)
2024-03-11T04:22:07.4306140Z       shows confirmed account requests within appropriate table (FAILED - 31)
2024-03-11T04:22:07.4307134Z 
2024-03-11T04:22:07.4307363Z Partners profile served area behaviour
2024-03-11T04:22:07.4308377Z   changing the client share
2024-03-11T04:22:07.8815395Z     handles addition properly (FAILED - 32)
2024-03-11T04:22:07.8816900Z   [0;33mHTML screenshot: /home/runner/work/human-essentials/human-essentials/tmp/screenshots/screenshot_handles-addition-properly_2024-03-10-21-22-07.730.html[0m
2024-03-11T04:22:07.8819407Z   [0;33mImage screenshot: /home/runner/work/human-essentials/human-essentials/tmp/screenshots/screenshot_handles-addition-properly_2024-03-10-21-22-07.730.png[0m
2024-03-11T04:22:08.2301063Z     handles a changed but correct total client share properly (FAILED - 33)
2024-03-11T04:22:08.2303838Z   [0;33mHTML screenshot: /home/runner/work/human-essentials/human-essentials/tmp/screenshots/screenshot_handles-a-changed-but-correct-total-client-share-properly_2024-03-10-21-22-08.079.html[0m
2024-03-11T04:22:08.2307005Z   [0;33mImage screenshot: /home/runner/work/human-essentials/human-essentials/tmp/screenshots/screenshot_handles-a-changed-but-correct-total-client-share-properly_2024-03-10-21-22-08.079.png[0m
2024-03-11T04:22:08.5971161Z     handles deletion properly (FAILED - 34)
2024-03-11T04:22:08.5972902Z   [0;33mHTML screenshot: /home/runner/work/human-essentials/human-essentials/tmp/screenshots/screenshot_handles-deletion-properly_2024-03-10-21-22-08.447.html[0m
2024-03-11T04:22:08.5974867Z   [0;33mImage screenshot: /home/runner/work/human-essentials/human-essentials/tmp/screenshots/screenshot_handles-deletion-properly_2024-03-10-21-22-08.447.png[0m
2024-03-11T04:22:08.9316626Z     handles an invalid total client share properly (FAILED - 35)
2024-03-11T04:22:08.9319118Z   [0;33mHTML screenshot: /home/runner/work/human-essentials/human-essentials/tmp/screenshots/screenshot_handles-an-invalid-total-client-share-properly_2024-03-10-21-22-08.780.html[0m
2024-03-11T04:22:08.9321843Z   [0;33mImage screenshot: /home/runner/work/human-essentials/human-essentials/tmp/screenshots/screenshot_handles-an-invalid-total-client-share-properly_2024-03-10-21-22-08.780.png[0m
2024-03-11T04:22:08.9322958Z 
2024-03-11T04:22:08.9323165Z Approval process for partners
2024-03-11T04:22:08.9324185Z   filling in organization details and requesting for approval
2024-03-11T04:22:08.9324929Z     GIVEN a partner user is new and wants to request approval
2024-03-11T04:22:09.5636991Z       should not allow them to make requests on the dashboard or the requests page (FAILED - 36)
2024-03-11T04:22:09.5639604Z   [0;33mHTML screenshot: /home/runner/work/human-essentials/human-essentials/tmp/screenshots/screenshot_should-not-allow-them-to-make-requests-on-the-dashboard-or-the-requests-page_2024-03-10-21-22-09.431.html[0m
2024-03-11T04:22:09.5642291Z   [0;33mImage screenshot: /home/runner/work/human-essentials/human-essentials/tmp/screenshots/screenshot_should-not-allow-them-to-make-requests-on-the-dashboard-or-the-requests-page_2024-03-10-21-22-09.431.png[0m
2024-03-11T04:22:09.5643996Z       AND they fill out the form and submit it
2024-03-11T04:22:09.5644518Z         THEN the organization approves them
2024-03-11T04:22:10.1980919Z           should show that they have been approved and able to make requests (FAILED - 37)
2024-03-11T04:22:10.1983039Z   [0;33mHTML screenshot: /home/runner/work/human-essentials/human-essentials/tmp/screenshots/screenshot_should-show-that-they-have-been-approved-and-able-to-make-requests_2024-03-10-21-22-10.068.html[0m
2024-03-11T04:22:10.1985710Z   [0;33mImage screenshot: /home/runner/work/human-essentials/human-essentials/tmp/screenshots/screenshot_should-show-that-they-have-been-approved-and-able-to-make-requests_2024-03-10-21-22-10.068.png[0m
2024-03-11T04:22:10.1987593Z   request approval with invalid details
2024-03-11T04:22:10.8461300Z     should render an error message (FAILED - 38)
2024-03-11T04:22:10.8463662Z   [0;33mHTML screenshot: /home/runner/work/human-essentials/human-essentials/tmp/screenshots/screenshot_should-render-an-error-message_2024-03-10-21-22-10.713.html[0m
2024-03-11T04:22:10.8466828Z   [0;33mImage screenshot: /home/runner/work/human-essentials/human-essentials/tmp/screenshots/screenshot_should-render-an-error-message_2024-03-10-21-22-10.713.png[0m
2024-03-11T04:22:10.8468668Z 
2024-03-11T04:22:10.8468995Z Users - Omniauth Callbacks
2024-03-11T04:22:10.8469643Z   GET #google_oauth2
2024-03-11T04:22:10.8470236Z     with a valid user
2024-03-11T04:22:10.8696489Z       redirects correctly
2024-03-11T04:22:10.8697201Z     without a valid user
2024-03-11T04:22:10.8758787Z       should redirect to new registration URL
2024-03-11T04:22:10.8759706Z 
2024-03-11T04:22:10.8760106Z /partners/users
2024-03-11T04:22:10.8761233Z   PATCH #update
2024-03-11T04:22:10.9129221Z     lets the name be updated
2024-03-11T04:22:10.9129698Z   GET #edit
2024-03-11T04:22:10.9543079Z     successfully loads the page
2024-03-11T04:22:10.9734718Z W, [2024-03-10T21:22:10.973255 #2413]  WARN -- : [knapsack_pro] POST https://api-disabled-for-fork.knapsackpro.com/v1/build_subsets
2024-03-11T04:22:10.9735995Z W, [2024-03-10T21:22:10.973297 #2413]  WARN -- : [knapsack_pro] Request failed due to:
2024-03-11T04:22:10.9737578Z W, [2024-03-10T21:22:10.973321 #2413]  WARN -- : [knapsack_pro] #<SocketError: Failed to open TCP connection to api-disabled-for-fork.knapsackpro.com:443 (getaddrinfo: Name or service not known)>
2024-03-11T04:22:10.9739772Z W, [2024-03-10T21:22:10.973349 #2413]  WARN -- : [knapsack_pro] Time execution report was not saved on Knapsack Pro API server due to connection problem.
2024-03-11T04:22:11.3525146Z 
2024-03-11T04:22:11.3526886Z Failures:
2024-03-11T04:22:11.3527255Z 
2024-03-11T04:22:11.3527842Z   1) Distributions by County handles time ranges properly works for all time
2024-03-11T04:22:11.3529150Z      Failure/Error: visit dashboard_path(default_params)
2024-03-11T04:22:11.3529835Z 
2024-03-11T04:22:11.3530104Z      Ferrum::JavaScriptError:
2024-03-11T04:22:11.3532000Z        TypeError: Failed to resolve module specifier "cocoon-js-vanilla". Relative references must start with either "/", "./", or "../".
2024-03-11T04:22:11.3533322Z 
2024-03-11T04:22:11.3535846Z      [Screenshot Image]: /home/runner/work/human-essentials/human-essentials/tmp/capybara/failures_r_spec_example_groups_distributions_by_county_handles_time_ranges_properly_works_for_all_time_942.png
2024-03-11T04:22:11.3537730Z 
2024-03-11T04:22:11.3537738Z 
2024-03-11T04:22:11.3538594Z      # ./spec/system/distributions_by_county_system_spec.rb:44:in `visit_distribution_by_county_with_specified_date_range'
2024-03-11T04:22:11.3540453Z      # ./spec/system/distributions_by_county_system_spec.rb:21:in `block (3 levels) in <top (required)>'
2024-03-11T04:22:11.3541434Z 
2024-03-11T04:22:11.3542083Z   2) Distributions by County handles time ranges properly works for this year
2024-03-11T04:22:11.3543237Z      Failure/Error: visit dashboard_path(default_params)
2024-03-11T04:22:11.3543899Z 
2024-03-11T04:22:11.3544193Z      Ferrum::JavaScriptError:
2024-03-11T04:22:11.3545725Z        TypeError: Failed to resolve module specifier "cocoon-js-vanilla". Relative references must start with either "/", "./", or "../".
2024-03-11T04:22:11.3547724Z 
2024-03-11T04:22:11.3549454Z      [Screenshot Image]: /home/runner/work/human-essentials/human-essentials/tmp/screenshots/failures_r_spec_example_groups_distributions_by_county_handles_time_ranges_properly_works_for_this_year_106.png
2024-03-11T04:22:11.3551371Z 
2024-03-11T04:22:11.3551379Z 
2024-03-11T04:22:11.3552226Z      # ./spec/system/distributions_by_county_system_spec.rb:44:in `visit_distribution_by_county_with_specified_date_range'
2024-03-11T04:22:11.3557296Z      # ./spec/system/distributions_by_county_system_spec.rb:33:in `block (3 levels) in <top (required)>'
2024-03-11T04:22:11.3564874Z 
2024-03-11T04:22:11.3565125Z   3) Requests #index lists requests
2024-03-11T04:22:11.3565935Z      Failure/Error: visit subject
2024-03-11T04:22:11.3566349Z 
2024-03-11T04:22:11.3566639Z      Ferrum::JavaScriptError:
2024-03-11T04:22:11.3568196Z        TypeError: Failed to resolve module specifier "cocoon-js-vanilla". Relative references must start with either "/", "./", or "../".
2024-03-11T04:22:11.3569449Z 
2024-03-11T04:22:11.3570978Z      [Screenshot Image]: /home/runner/work/human-essentials/human-essentials/tmp/screenshots/failures_r_spec_example_groups_requests_index_lists_requests_627.png
2024-03-11T04:22:11.3572538Z 
2024-03-11T04:22:11.3572546Z 
2024-03-11T04:22:11.3573099Z      # ./spec/system/request_system_spec.rb:35:in `block (3 levels) in <top (required)>'
2024-03-11T04:22:11.3573946Z 
2024-03-11T04:22:11.3574212Z   4) Requests #index can be exported in CSV
2024-03-11T04:22:11.3575064Z      Failure/Error: visit subject
2024-03-11T04:22:11.3575477Z 
2024-03-11T04:22:11.3575740Z      Ferrum::JavaScriptError:
2024-03-11T04:22:11.3577295Z        TypeError: Failed to resolve module specifier "cocoon-js-vanilla". Relative references must start with either "/", "./", or "../".
2024-03-11T04:22:11.3578599Z 
2024-03-11T04:22:11.3580160Z      [Screenshot Image]: /home/runner/work/human-essentials/human-essentials/tmp/screenshots/failures_r_spec_example_groups_requests_index_can_be_exported_in_csv_679.png
2024-03-11T04:22:11.3581700Z 
2024-03-11T04:22:11.3581707Z 
2024-03-11T04:22:11.3582298Z      # ./spec/system/request_system_spec.rb:40:in `block (3 levels) in <top (required)>'
2024-03-11T04:22:11.3583370Z 
2024-03-11T04:22:11.3584284Z   5) Requests #index behaves like Date Range Picker when choosing 'Last Month' shows only 2 of the records
2024-03-11T04:22:11.3585621Z      Failure/Error: visit subject
2024-03-11T04:22:11.3586271Z 
2024-03-11T04:22:11.3586518Z      Ferrum::JavaScriptError:
2024-03-11T04:22:11.3588175Z        TypeError: Failed to resolve module specifier "cocoon-js-vanilla". Relative references must start with either "/", "./", or "../".
2024-03-11T04:22:11.3589379Z 
2024-03-11T04:22:11.3591439Z      [Screenshot Image]: /home/runner/work/human-essentials/human-essentials/tmp/screenshots/failures_r_spec_example_groups_requests_index_behaves_like_date_range_picker_when_choosing_last_month_shows_only_2_of_the_records_352.png
2024-03-11T04:22:11.3593444Z 
2024-03-11T04:22:11.3594201Z 
2024-03-11T04:22:11.3594927Z      Shared Example Group: "Date Range Picker" called from ./spec/system/request_system_spec.rb:118
2024-03-11T04:22:11.3596564Z      # ./spec/support/date_range_picker_shared_example.rb:58:in `block (3 levels) in <top (required)>'
2024-03-11T04:22:11.3597476Z 
2024-03-11T04:22:11.3598852Z   6) Requests #index behaves like Date Range Picker when choosing a date range that only includes the previous week shows only 1 record
2024-03-11T04:22:11.3600317Z      Failure/Error: visit subject
2024-03-11T04:22:11.3600800Z 
2024-03-11T04:22:11.3601020Z      Ferrum::JavaScriptError:
2024-03-11T04:22:11.3602677Z        TypeError: Failed to resolve module specifier "cocoon-js-vanilla". Relative references must start with either "/", "./", or "../".
2024-03-11T04:22:11.3603928Z 
2024-03-11T04:22:11.3606252Z      [Screenshot Image]: /home/runner/work/human-essentials/human-essentials/tmp/screenshots/failures_r_spec_example_groups_requests_index_behaves_like_date_range_picker_when_choosing_a_date_range_that_only_includes_the_previous_week_shows_only_1_record_982.png
2024-03-11T04:22:11.3608511Z 
2024-03-11T04:22:11.3608525Z 
2024-03-11T04:22:11.3609179Z      Shared Example Group: "Date Range Picker" called from ./spec/system/request_system_spec.rb:118
2024-03-11T04:22:11.3610908Z      # ./spec/support/date_range_picker_shared_example.rb:68:in `block (3 levels) in <top (required)>'
2024-03-11T04:22:11.3611833Z 
2024-03-11T04:22:11.3612784Z   7) Requests #index behaves like Date Range Picker when choosing 'All Time' shows all the records
2024-03-11T04:22:11.3614110Z      Failure/Error: visit subject
2024-03-11T04:22:11.3614524Z 
2024-03-11T04:22:11.3614807Z      Ferrum::JavaScriptError:
2024-03-11T04:22:11.3616419Z        TypeError: Failed to resolve module specifier "cocoon-js-vanilla". Relative references must start with either "/", "./", or "../".
2024-03-11T04:22:11.3617674Z 
2024-03-11T04:22:11.3619740Z      [Screenshot Image]: /home/runner/work/human-essentials/human-essentials/tmp/screenshots/failures_r_spec_example_groups_requests_index_behaves_like_date_range_picker_when_choosing_all_time_shows_all_the_records_738.png
2024-03-11T04:22:11.3621730Z 
2024-03-11T04:22:11.3621737Z 
2024-03-11T04:22:11.3622412Z      Shared Example Group: "Date Range Picker" called from ./spec/system/request_system_spec.rb:118
2024-03-11T04:22:11.3624011Z      # ./spec/support/date_range_picker_shared_example.rb:36:in `block (3 levels) in <top (required)>'
2024-03-11T04:22:11.3624937Z 
2024-03-11T04:22:11.3625745Z   8) Requests #index when filtering on the index page when filtering by partner constrains the list
2024-03-11T04:22:11.3626955Z      Failure/Error: visit subject
2024-03-11T04:22:11.3627369Z 
2024-03-11T04:22:11.3627631Z      Ferrum::JavaScriptError:
2024-03-11T04:22:11.3629244Z        TypeError: Failed to resolve module specifier "cocoon-js-vanilla". Relative references must start with either "/", "./", or "../".
2024-03-11T04:22:11.3630532Z 
2024-03-11T04:22:11.3632525Z      [Screenshot Image]: /home/runner/work/human-essentials/human-essentials/tmp/screenshots/failures_r_spec_example_groups_requests_index_when_filtering_on_the_index_page_when_filtering_by_partner_constrains_the_list_585.png
2024-03-11T04:22:11.3634751Z 
2024-03-11T04:22:11.3634758Z 
2024-03-11T04:22:11.3635318Z      # ./spec/system/request_system_spec.rb:76:in `block (5 levels) in <top (required)>'
2024-03-11T04:22:11.3636308Z 
2024-03-11T04:22:11.3636986Z   9) Requests #index when filtering on the index page when filtering by status constrains the list
2024-03-11T04:22:11.3638535Z      Failure/Error: visit subject
2024-03-11T04:22:11.3638951Z 
2024-03-11T04:22:11.3639342Z      Ferrum::JavaScriptError:
2024-03-11T04:22:11.3640919Z        TypeError: Failed to resolve module specifier "cocoon-js-vanilla". Relative references must start with either "/", "./", or "../".
2024-03-11T04:22:11.3642139Z 
2024-03-11T04:22:11.3645151Z      [Screenshot Image]: /home/runner/work/human-essentials/human-essentials/tmp/screenshots/failures_r_spec_example_groups_requests_index_when_filtering_on_the_index_page_when_filtering_by_status_constrains_the_list_810.png
2024-03-11T04:22:11.3647163Z 
2024-03-11T04:22:11.3647177Z 
2024-03-11T04:22:11.3647804Z      # ./spec/system/request_system_spec.rb:86:in `block (5 levels) in <top (required)>'
2024-03-11T04:22:11.3648629Z 
2024-03-11T04:22:11.3649294Z   10) Requests #index when filtering on the index page with filters cleared displays all requests
2024-03-11T04:22:11.3650614Z       Failure/Error: visit subject
2024-03-11T04:22:11.3651082Z 
2024-03-11T04:22:11.3651310Z       Ferrum::JavaScriptError:
2024-03-11T04:22:11.3653002Z         TypeError: Failed to resolve module specifier "cocoon-js-vanilla". Relative references must start with either "/", "./", or "../".
2024-03-11T04:22:11.3654238Z 
2024-03-11T04:22:11.3656253Z       [Screenshot Image]: /home/runner/work/human-essentials/human-essentials/tmp/screenshots/failures_r_spec_example_groups_requests_index_when_filtering_on_the_index_page_with_filters_cleared_displays_all_requests_151.png
2024-03-11T04:22:11.3658182Z 
2024-03-11T04:22:11.3658190Z 
2024-03-11T04:22:11.3658787Z       # ./spec/system/request_system_spec.rb:57:in `block (5 levels) in <top (required)>'
2024-03-11T04:22:11.3659600Z 
2024-03-11T04:22:11.3660485Z   11) Requests #index when filtering on the index page when exporting as CSV respects the applied filters
2024-03-11T04:22:11.3661724Z       Failure/Error: visit subject
2024-03-11T04:22:11.3662149Z 
2024-03-11T04:22:11.3662370Z       Ferrum::JavaScriptError:
2024-03-11T04:22:11.3664044Z         TypeError: Failed to resolve module specifier "cocoon-js-vanilla". Relative references must start with either "/", "./", or "../".
2024-03-11T04:22:11.3665304Z 
2024-03-11T04:22:11.3667333Z       [Screenshot Image]: /home/runner/work/human-essentials/human-essentials/tmp/screenshots/failures_r_spec_example_groups_requests_index_when_filtering_on_the_index_page_when_exporting_as_csv_respects_the_applied_filters_325.png
2024-03-11T04:22:11.3669373Z 
2024-03-11T04:22:11.3669381Z 
2024-03-11T04:22:11.3669952Z       # ./spec/system/request_system_spec.rb:99:in `block (5 levels) in <top (required)>'
2024-03-11T04:22:11.3670902Z 
2024-03-11T04:22:11.3671560Z   12) Requests #index when filtering on the index page when filtering by item constrains the list
2024-03-11T04:22:11.3672725Z       Failure/Error: visit subject
2024-03-11T04:22:11.3673144Z 
2024-03-11T04:22:11.3673506Z       Ferrum::JavaScriptError:
2024-03-11T04:22:11.3675042Z         TypeError: Failed to resolve module specifier "cocoon-js-vanilla". Relative references must start with either "/", "./", or "../".
2024-03-11T04:22:11.3676297Z 
2024-03-11T04:22:11.3678523Z       [Screenshot Image]: /home/runner/work/human-essentials/human-essentials/tmp/screenshots/failures_r_spec_example_groups_requests_index_when_filtering_on_the_index_page_when_filtering_by_item_constrains_the_list_113.png
2024-03-11T04:22:11.3680599Z 
2024-03-11T04:22:11.3680607Z 
2024-03-11T04:22:11.3681264Z       # ./spec/system/request_system_spec.rb:66:in `block (5 levels) in <top (required)>'
2024-03-11T04:22:11.3682121Z 
2024-03-11T04:22:11.3682795Z   13) Requests #show should show the request without a request sender if a partner user is not set
2024-03-11T04:22:11.3684224Z       Failure/Error: visit subject
2024-03-11T04:22:11.3684794Z 
2024-03-11T04:22:11.3685021Z       Ferrum::JavaScriptError:
2024-03-11T04:22:11.3686621Z         TypeError: Failed to resolve module specifier "cocoon-js-vanilla". Relative references must start with either "/", "./", or "../".
2024-03-11T04:22:11.3688005Z 
2024-03-11T04:22:11.3690008Z       [Screenshot Image]: /home/runner/work/human-essentials/human-essentials/tmp/screenshots/failures_r_spec_example_groups_requests_show_should_show_the_request_without_a_request_sender_if_a_partner_user_is_not_set_65.png
2024-03-11T04:22:11.3692016Z 
2024-03-11T04:22:11.3692023Z 
2024-03-11T04:22:11.3692626Z       # ./spec/system/request_system_spec.rb:145:in `block (3 levels) in <top (required)>'
2024-03-11T04:22:11.3693460Z 
2024-03-11T04:22:11.3694109Z   14) Requests #show should show the request with a request sender if a partner user is set
2024-03-11T04:22:11.3695202Z       Failure/Error: visit subject
2024-03-11T04:22:11.3695748Z 
2024-03-11T04:22:11.3695990Z       Ferrum::JavaScriptError:
2024-03-11T04:22:11.3697651Z         TypeError: Failed to resolve module specifier "cocoon-js-vanilla". Relative references must start with either "/", "./", or "../".
2024-03-11T04:22:11.3698913Z 
2024-03-11T04:22:11.3700913Z       [Screenshot Image]: /home/runner/work/human-essentials/human-essentials/tmp/screenshots/failures_r_spec_example_groups_requests_show_should_show_the_request_with_a_request_sender_if_a_partner_user_is_set_787.png
2024-03-11T04:22:11.3702865Z 
2024-03-11T04:22:11.3702872Z 
2024-03-11T04:22:11.3703430Z       # ./spec/system/request_system_spec.rb:133:in `block (3 levels) in <top (required)>'
2024-03-11T04:22:11.3704245Z 
2024-03-11T04:22:11.3704756Z   15) Requests #show should show the number of items on-hand
2024-03-11T04:22:11.3705739Z       Failure/Error: visit subject
2024-03-11T04:22:11.3706159Z 
2024-03-11T04:22:11.3706388Z       Ferrum::JavaScriptError:
2024-03-11T04:22:11.3708060Z         TypeError: Failed to resolve module specifier "cocoon-js-vanilla". Relative references must start with either "/", "./", or "../".
2024-03-11T04:22:11.3709343Z 
2024-03-11T04:22:11.3710827Z       [Screenshot Image]: /home/runner/work/human-essentials/human-essentials/tmp/screenshots/failures_r_spec_example_groups_requests_show_should_show_the_number_of_items_on_hand_311.png
2024-03-11T04:22:11.3711897Z 
2024-03-11T04:22:11.3711902Z 
2024-03-11T04:22:11.3712261Z       # ./spec/system/request_system_spec.rb:171:in `block (3 levels) in <top (required)>'
2024-03-11T04:22:11.3712894Z 
2024-03-11T04:22:11.3713164Z   16) Requests #show change status request should change to started
2024-03-11T04:22:11.3713778Z       Failure/Error: visit subject
2024-03-11T04:22:11.3714123Z 
2024-03-11T04:22:11.3714308Z       Ferrum::JavaScriptError:
2024-03-11T04:22:11.3715459Z         TypeError: Failed to resolve module specifier "cocoon-js-vanilla". Relative references must start with either "/", "./", or "../".
2024-03-11T04:22:11.3716217Z 
2024-03-11T04:22:11.3717226Z       [Screenshot Image]: /home/runner/work/human-essentials/human-essentials/tmp/screenshots/failures_r_spec_example_groups_requests_show_change_status_request_should_change_to_started_606.png
2024-03-11T04:22:11.3718542Z 
2024-03-11T04:22:11.3718548Z 
2024-03-11T04:22:11.3718906Z       # ./spec/system/request_system_spec.rb:177:in `block (4 levels) in <top (required)>'
2024-03-11T04:22:11.3719552Z 
2024-03-11T04:22:11.3720005Z   17) Requests #show change status request when save the distribution should change request to fulfilled
2024-03-11T04:22:11.3720784Z       Failure/Error: visit subject
2024-03-11T04:22:11.3721086Z 
2024-03-11T04:22:11.3721297Z       Ferrum::JavaScriptError:
2024-03-11T04:22:11.3722294Z         TypeError: Failed to resolve module specifier "cocoon-js-vanilla". Relative references must start with either "/", "./", or "../".
2024-03-11T04:22:11.3723033Z 
2024-03-11T04:22:11.3724503Z       [Screenshot Image]: /home/runner/work/human-essentials/human-essentials/tmp/screenshots/failures_r_spec_example_groups_requests_show_change_status_request_when_save_the_distribution_should_change_request_to_fulfilled_789.png
2024-03-11T04:22:11.3725748Z 
2024-03-11T04:22:11.3725752Z 
2024-03-11T04:22:11.3726359Z       # ./spec/system/request_system_spec.rb:177:in `block (4 levels) in <top (required)>'
2024-03-11T04:22:11.3726866Z 
2024-03-11T04:22:11.3727671Z   18) Requests canceling a request as a bank user when a bank user cancels a request should set the request as canceled/discarded and contain the reason
2024-03-11T04:22:11.3728947Z       Failure/Error: visit url_prefix + "/requests"
2024-03-11T04:22:11.3729422Z 
2024-03-11T04:22:11.3729572Z       Ferrum::JavaScriptError:
2024-03-11T04:22:11.3730557Z         TypeError: Failed to resolve module specifier "cocoon-js-vanilla". Relative references must start with either "/", "./", or "../".
2024-03-11T04:22:11.3731347Z 
2024-03-11T04:22:11.3732783Z       [Screenshot Image]: /home/runner/work/human-essentials/human-essentials/tmp/screenshots/failures_r_spec_example_groups_requests_canceling_a_request_as_a_bank_user_when_a_bank_user_cancels_a_request_should_set_the_request_as_canceled_discarded_and_contain_the_reason_106.png
2024-03-11T04:22:11.3734303Z 
2024-03-11T04:22:11.3734315Z 
2024-03-11T04:22:11.3734667Z       # ./spec/system/request_system_spec.rb:211:in `block (4 levels) in <top (required)>'
2024-03-11T04:22:11.3735203Z 
2024-03-11T04:22:11.3735522Z   19) Authentication Deactivated user should not allow the user to log in
2024-03-11T04:22:11.3736236Z       Got 0 failures and 2 other errors:
2024-03-11T04:22:11.3736528Z 
2024-03-11T04:22:11.3736743Z       19.1) Failure/Error: visit "/users/sign_in"
2024-03-11T04:22:11.3737081Z 
2024-03-11T04:22:11.3737234Z             Ferrum::JavaScriptError:
2024-03-11T04:22:11.3738300Z               TypeError: Failed to resolve module specifier "cocoon-js-vanilla". Relative references must start with either "/", "./", or "../".
2024-03-11T04:22:11.3739508Z             # ./spec/system/log_in_system_spec.rb:16:in `block (3 levels) in <top (required)>'
2024-03-11T04:22:11.3740053Z 
2024-03-11T04:22:11.3740302Z       19.2) Failure/Error: @__Condition__.wait @__Lock__, timeout
2024-03-11T04:22:11.3740698Z 
2024-03-11T04:22:11.3740961Z             Ferrum::JavaScriptError:
2024-03-11T04:22:11.3741460Z               ReferenceError: $ is not defined
2024-03-11T04:22:11.3742003Z                   at http://127.0.0.1:43085/users/sign_in:129:5
2024-03-11T04:22:11.3743586Z             # /home/runner/work/human-essentials/human-essentials/vendor/bundle/ruby/3.2.0/gems/concurrent-ruby-1.2.3/lib/concurrent-ruby/concurrent/synchronization/mutex_lockable_object.rb:53:in `sleep'
2024-03-11T04:22:11.3745872Z             # /home/runner/work/human-essentials/human-essentials/vendor/bundle/ruby/3.2.0/gems/concurrent-ruby-1.2.3/lib/concurrent-ruby/concurrent/synchronization/mutex_lockable_object.rb:53:in `wait'
2024-03-11T04:22:11.3748113Z             # /home/runner/work/human-essentials/human-essentials/vendor/bundle/ruby/3.2.0/gems/concurrent-ruby-1.2.3/lib/concurrent-ruby/concurrent/synchronization/mutex_lockable_object.rb:53:in `ns_wait'
2024-03-11T04:22:11.3750571Z             # /home/runner/work/human-essentials/human-essentials/vendor/bundle/ruby/3.2.0/gems/concurrent-ruby-1.2.3/lib/concurrent-ruby/concurrent/synchronization/abstract_lockable_object.rb:44:in `block in ns_wait_until'
2024-03-11T04:22:11.3752939Z             # /home/runner/work/human-essentials/human-essentials/vendor/bundle/ruby/3.2.0/gems/concurrent-ruby-1.2.3/lib/concurrent-ruby/concurrent/synchronization/abstract_lockable_object.rb:40:in `loop'
2024-03-11T04:22:11.3755339Z             # /home/runner/work/human-essentials/human-essentials/vendor/bundle/ruby/3.2.0/gems/concurrent-ruby-1.2.3/lib/concurrent-ruby/concurrent/synchronization/abstract_lockable_object.rb:40:in `ns_wait_until'
2024-03-11T04:22:11.3757810Z             # /home/runner/work/human-essentials/human-essentials/vendor/bundle/ruby/3.2.0/gems/concurrent-ruby-1.2.3/lib/concurrent-ruby/concurrent/atomic/event.rb:87:in `block in wait'
2024-03-11T04:22:11.3760374Z             # /home/runner/work/human-essentials/human-essentials/vendor/bundle/ruby/3.2.0/gems/concurrent-ruby-1.2.3/lib/concurrent-ruby/concurrent/synchronization/mutex_lockable_object.rb:48:in `block in synchronize'
2024-03-11T04:22:11.3762990Z             # /home/runner/work/human-essentials/human-essentials/vendor/bundle/ruby/3.2.0/gems/concurrent-ruby-1.2.3/lib/concurrent-ruby/concurrent/synchronization/mutex_lockable_object.rb:48:in `synchronize'
2024-03-11T04:22:11.3765301Z             # /home/runner/work/human-essentials/human-essentials/vendor/bundle/ruby/3.2.0/gems/concurrent-ruby-1.2.3/lib/concurrent-ruby/concurrent/synchronization/mutex_lockable_object.rb:48:in `synchronize'
2024-03-11T04:22:11.3767417Z             # /home/runner/work/human-essentials/human-essentials/vendor/bundle/ruby/3.2.0/gems/concurrent-ruby-1.2.3/lib/concurrent-ruby/concurrent/atomic/event.rb:84:in `wait'
2024-03-11T04:22:11.3769433Z             # /home/runner/work/human-essentials/human-essentials/vendor/bundle/ruby/3.2.0/gems/concurrent-ruby-1.2.3/lib/concurrent-ruby/concurrent/concern/obligation.rb:75:in `wait'
2024-03-11T04:22:11.3771449Z             # /home/runner/work/human-essentials/human-essentials/vendor/bundle/ruby/3.2.0/gems/concurrent-ruby-1.2.3/lib/concurrent-ruby/concurrent/concern/obligation.rb:99:in `value!'
2024-03-11T04:22:11.3773294Z             # /home/runner/work/human-essentials/human-essentials/vendor/bundle/ruby/3.2.0/gems/ferrum-0.14/lib/ferrum/browser/client.rb:42:in `command'
2024-03-11T04:22:11.3774964Z             # /home/runner/work/human-essentials/human-essentials/vendor/bundle/ruby/3.2.0/gems/ferrum-0.14/lib/ferrum/page.rb:269:in `command'
2024-03-11T04:22:11.3776749Z             # /home/runner/work/human-essentials/human-essentials/vendor/bundle/ruby/3.2.0/gems/ferrum-0.14/lib/ferrum/page/screenshot.rb:261:in `block (2 levels) in capture_screenshot'
2024-03-11T04:22:11.3778841Z             # /home/runner/work/human-essentials/human-essentials/vendor/bundle/ruby/3.2.0/gems/ferrum-0.14/lib/ferrum/page/screenshot.rb:284:in `with_background_color'
2024-03-11T04:22:11.3780728Z             # /home/runner/work/human-essentials/human-essentials/vendor/bundle/ruby/3.2.0/gems/ferrum-0.14/lib/ferrum/page/screenshot.rb:260:in `block in capture_screenshot'
2024-03-11T04:22:11.3782621Z             # /home/runner/work/human-essentials/human-essentials/vendor/bundle/ruby/3.2.0/gems/ferrum-0.14/lib/ferrum/page/screenshot.rb:272:in `maybe_resize_fullscreen'
2024-03-11T04:22:11.3784498Z             # /home/runner/work/human-essentials/human-essentials/vendor/bundle/ruby/3.2.0/gems/ferrum-0.14/lib/ferrum/page/screenshot.rb:259:in `capture_screenshot'
2024-03-11T04:22:11.3786215Z             # /home/runner/work/human-essentials/human-essentials/vendor/bundle/ruby/3.2.0/gems/ferrum-0.14/lib/ferrum/page/screenshot.rb:77:in `screenshot'
2024-03-11T04:22:11.3787514Z             # /opt/hostedtoolcache/Ruby/3.2.2/x64/lib/ruby/3.2.0/forwardable.rb:240:in `screenshot'
2024-03-11T04:22:11.3789018Z             # /home/runner/work/human-essentials/human-essentials/vendor/bundle/ruby/3.2.0/gems/cuprite-0.15/lib/capybara/cuprite/driver.rb:137:in `save_screenshot'
2024-03-11T04:22:11.3790870Z             # /home/runner/work/human-essentials/human-essentials/vendor/bundle/ruby/3.2.0/gems/capybara-3.40.0/lib/capybara/session.rb:748:in `block in save_screenshot'
2024-03-11T04:22:11.3792655Z             # /home/runner/work/human-essentials/human-essentials/vendor/bundle/ruby/3.2.0/gems/capybara-3.40.0/lib/capybara/session.rb:748:in `save_screenshot'
2024-03-11T04:22:11.3794681Z             # /home/runner/work/human-essentials/human-essentials/vendor/bundle/ruby/3.2.0/gems/actionpack-7.0.8/lib/action_dispatch/system_testing/test_helpers/screenshot_helper.rb:99:in `save_image'
2024-03-11T04:22:11.3796907Z             # /home/runner/work/human-essentials/human-essentials/vendor/bundle/ruby/3.2.0/gems/actionpack-7.0.8/lib/action_dispatch/system_testing/test_helpers/screenshot_helper.rb:36:in `take_screenshot'
2024-03-11T04:22:11.3799876Z             # /home/runner/work/human-essentials/human-essentials/vendor/bundle/ruby/3.2.0/gems/actionpack-7.0.8/lib/action_dispatch/system_testing/test_helpers/screenshot_helper.rb:45:in `take_failed_screenshot'
2024-03-11T04:22:11.3802352Z             # /home/runner/work/human-essentials/human-essentials/vendor/bundle/ruby/3.2.0/gems/actionpack-7.0.8/lib/action_dispatch/system_testing/test_helpers/setup_and_teardown.rb:8:in `before_teardown'
2024-03-11T04:22:11.3804419Z             # /home/runner/work/human-essentials/human-essentials/vendor/bundle/ruby/3.2.0/gems/rspec-rails-6.1.1/lib/rspec/rails/example/system_example_group.rb:156:in `call'
2024-03-11T04:22:11.3806648Z             # /home/runner/work/human-essentials/human-essentials/vendor/bundle/ruby/3.2.0/gems/rspec-rails-6.1.1/lib/rspec/rails/example/system_example_group.rb:156:in `block (2 levels) in <module:SystemExampleGroup>'
2024-03-11T04:22:11.3808752Z             # /home/runner/work/human-essentials/human-essentials/vendor/bundle/ruby/3.2.0/gems/rspec-core-3.12.2/lib/rspec/core/example.rb:457:in `instance_exec'
2024-03-11T04:22:11.3810510Z             # /home/runner/work/human-essentials/human-essentials/vendor/bundle/ruby/3.2.0/gems/rspec-core-3.12.2/lib/rspec/core/example.rb:457:in `instance_exec'
2024-03-11T04:22:11.3812282Z             # /home/runner/work/human-essentials/human-essentials/vendor/bundle/ruby/3.2.0/gems/rspec-core-3.12.2/lib/rspec/core/hooks.rb:372:in `run'
2024-03-11T04:22:11.3814048Z             # /home/runner/work/human-essentials/human-essentials/vendor/bundle/ruby/3.2.0/gems/rspec-core-3.12.2/lib/rspec/core/hooks.rb:529:in `block in run_owned_hooks_for'
2024-03-11T04:22:11.3815851Z             # /home/runner/work/human-essentials/human-essentials/vendor/bundle/ruby/3.2.0/gems/rspec-core-3.12.2/lib/rspec/core/hooks.rb:528:in `each'
2024-03-11T04:22:11.3817663Z             # /home/runner/work/human-essentials/human-essentials/vendor/bundle/ruby/3.2.0/gems/rspec-core-3.12.2/lib/rspec/core/hooks.rb:528:in `run_owned_hooks_for'
2024-03-11T04:22:11.3819887Z             # /home/runner/work/human-essentials/human-essentials/vendor/bundle/ruby/3.2.0/gems/rspec-core-3.12.2/lib/rspec/core/hooks.rb:615:in `block in run_example_hooks_for'
2024-03-11T04:22:11.3821785Z             # /home/runner/work/human-essentials/human-essentials/vendor/bundle/ruby/3.2.0/gems/rspec-core-3.12.2/lib/rspec/core/hooks.rb:614:in `each'
2024-03-11T04:22:11.3823480Z             # /home/runner/work/human-essentials/human-essentials/vendor/bundle/ruby/3.2.0/gems/rspec-core-3.12.2/lib/rspec/core/hooks.rb:614:in `run_example_hooks_for'
2024-03-11T04:22:11.3825188Z             # /home/runner/work/human-essentials/human-essentials/vendor/bundle/ruby/3.2.0/gems/rspec-core-3.12.2/lib/rspec/core/hooks.rb:485:in `run'
2024-03-11T04:22:11.3826971Z             # /home/runner/work/human-essentials/human-essentials/vendor/bundle/ruby/3.2.0/gems/rspec-core-3.12.2/lib/rspec/core/example.rb:518:in `run_after_example'
2024-03-11T04:22:11.3828748Z             # /home/runner/work/human-essentials/human-essentials/vendor/bundle/ruby/3.2.0/gems/rspec-core-3.12.2/lib/rspec/core/example.rb:283:in `block in run'
2024-03-11T04:22:11.3830704Z             # /home/runner/work/human-essentials/human-essentials/vendor/bundle/ruby/3.2.0/gems/rspec-core-3.12.2/lib/rspec/core/example.rb:511:in `block in with_around_and_singleton_context_hooks'
2024-03-11T04:22:11.3832840Z             # /home/runner/work/human-essentials/human-essentials/vendor/bundle/ruby/3.2.0/gems/rspec-core-3.12.2/lib/rspec/core/example.rb:468:in `block in with_around_example_hooks'
2024-03-11T04:22:11.3834690Z             # /home/runner/work/human-essentials/human-essentials/vendor/bundle/ruby/3.2.0/gems/rspec-core-3.12.2/lib/rspec/core/hooks.rb:486:in `block in run'
2024-03-11T04:22:11.3836571Z             # /home/runner/work/human-essentials/human-essentials/vendor/bundle/ruby/3.2.0/gems/rspec-core-3.12.2/lib/rspec/core/hooks.rb:626:in `block in run_around_example_hooks_for'
2024-03-11T04:22:11.3838945Z             # /home/runner/work/human-essentials/human-essentials/vendor/bundle/ruby/3.2.0/gems/rspec-core-3.12.2/lib/rspec/core/example.rb:352:in `call'
2024-03-11T04:22:11.3841226Z             # /home/runner/work/human-essentials/human-essentials/vendor/bundle/ruby/3.2.0/gems/rspec-rails-6.1.1/lib/rspec/rails/example/system_example_group.rb:166:in `block (2 levels) in <module:SystemExampleGroup>'
2024-03-11T04:22:11.3843295Z             # /home/runner/work/human-essentials/human-essentials/vendor/bundle/ruby/3.2.0/gems/rspec-core-3.12.2/lib/rspec/core/example.rb:457:in `instance_exec'
2024-03-11T04:22:11.3845132Z             # /home/runner/work/human-essentials/human-essentials/vendor/bundle/ruby/3.2.0/gems/rspec-core-3.12.2/lib/rspec/core/example.rb:457:in `instance_exec'
2024-03-11T04:22:11.3846866Z             # /home/runner/work/human-essentials/human-essentials/vendor/bundle/ruby/3.2.0/gems/rspec-core-3.12.2/lib/rspec/core/hooks.rb:390:in `execute_with'
2024-03-11T04:22:11.3848857Z             # /home/runner/work/human-essentials/human-essentials/vendor/bundle/ruby/3.2.0/gems/rspec-core-3.12.2/lib/rspec/core/hooks.rb:628:in `block (2 levels) in run_around_example_hooks_for'
2024-03-11T04:22:11.3850734Z             # /home/runner/work/human-essentials/human-essentials/vendor/bundle/ruby/3.2.0/gems/rspec-core-3.12.2/lib/rspec/core/example.rb:352:in `call'
2024-03-11T04:22:11.3852681Z             # /home/runner/work/human-essentials/human-essentials/vendor/bundle/ruby/3.2.0/gems/rspec-rails-6.1.1/lib/rspec/rails/adapters.rb:75:in `block (2 levels) in <module:MinitestLifecycleAdapter>'
2024-03-11T04:22:11.3854725Z             # /home/runner/work/human-essentials/human-essentials/vendor/bundle/ruby/3.2.0/gems/rspec-core-3.12.2/lib/rspec/core/example.rb:457:in `instance_exec'
2024-03-11T04:22:11.3856494Z             # /home/runner/work/human-essentials/human-essentials/vendor/bundle/ruby/3.2.0/gems/rspec-core-3.12.2/lib/rspec/core/example.rb:457:in `instance_exec'
2024-03-11T04:22:11.3858212Z             # /home/runner/work/human-essentials/human-essentials/vendor/bundle/ruby/3.2.0/gems/rspec-core-3.12.2/lib/rspec/core/hooks.rb:390:in `execute_with'
2024-03-11T04:22:11.3860222Z             # /home/runner/work/human-essentials/human-essentials/vendor/bundle/ruby/3.2.0/gems/rspec-core-3.12.2/lib/rspec/core/hooks.rb:628:in `block (2 levels) in run_around_example_hooks_for'
2024-03-11T04:22:11.3862073Z             # /home/runner/work/human-essentials/human-essentials/vendor/bundle/ruby/3.2.0/gems/rspec-core-3.12.2/lib/rspec/core/example.rb:352:in `call'
2024-03-11T04:22:11.3863846Z             # /home/runner/work/human-essentials/human-essentials/vendor/bundle/ruby/3.2.0/gems/webmock-3.23.0/lib/webmock/rspec.rb:39:in `block (2 levels) in <top (required)>'
2024-03-11T04:22:11.3865741Z             # /home/runner/work/human-essentials/human-essentials/vendor/bundle/ruby/3.2.0/gems/rspec-core-3.12.2/lib/rspec/core/example.rb:457:in `instance_exec'
2024-03-11T04:22:11.3867486Z             # /home/runner/work/human-essentials/human-essentials/vendor/bundle/ruby/3.2.0/gems/rspec-core-3.12.2/lib/rspec/core/example.rb:457:in `instance_exec'
2024-03-11T04:22:11.3869282Z             # /home/runner/work/human-essentials/human-essentials/vendor/bundle/ruby/3.2.0/gems/rspec-core-3.12.2/lib/rspec/core/hooks.rb:390:in `execute_with'
2024-03-11T04:22:11.3871210Z             # /home/runner/work/human-essentials/human-essentials/vendor/bundle/ruby/3.2.0/gems/rspec-core-3.12.2/lib/rspec/core/hooks.rb:628:in `block (2 levels) in run_around_example_hooks_for'
2024-03-11T04:22:11.3873057Z             # /home/runner/work/human-essentials/human-essentials/vendor/bundle/ruby/3.2.0/gems/rspec-core-3.12.2/lib/rspec/core/example.rb:352:in `call'
2024-03-11T04:22:11.3875044Z             # /home/runner/work/human-essentials/human-essentials/vendor/bundle/ruby/3.2.0/gems/knapsack_pro-7.0.0/lib/knapsack_pro/adapters/rspec_adapter.rb:103:in `block (2 levels) in ensure_no_focus!'
2024-03-11T04:22:11.3877130Z             # /home/runner/work/human-essentials/human-essentials/vendor/bundle/ruby/3.2.0/gems/rspec-core-3.12.2/lib/rspec/core/example.rb:457:in `instance_exec'
2024-03-11T04:22:11.3879206Z             # /home/runner/work/human-essentials/human-essentials/vendor/bundle/ruby/3.2.0/gems/rspec-core-3.12.2/lib/rspec/core/example.rb:457:in `instance_exec'
2024-03-11T04:22:11.3881266Z             # /home/runner/work/human-essentials/human-essentials/vendor/bundle/ruby/3.2.0/gems/rspec-core-3.12.2/lib/rspec/core/hooks.rb:390:in `execute_with'
2024-03-11T04:22:11.3883174Z             # /home/runner/work/human-essentials/human-essentials/vendor/bundle/ruby/3.2.0/gems/rspec-core-3.12.2/lib/rspec/core/hooks.rb:628:in `block (2 levels) in run_around_example_hooks_for'
2024-03-11T04:22:11.3885048Z             # /home/runner/work/human-essentials/human-essentials/vendor/bundle/ruby/3.2.0/gems/rspec-core-3.12.2/lib/rspec/core/example.rb:352:in `call'
2024-03-11T04:22:11.3886901Z             # /home/runner/work/human-essentials/human-essentials/vendor/bundle/ruby/3.2.0/gems/rspec-core-3.12.2/lib/rspec/core/hooks.rb:629:in `run_around_example_hooks_for'
2024-03-11T04:22:11.3888663Z             # /home/runner/work/human-essentials/human-essentials/vendor/bundle/ruby/3.2.0/gems/rspec-core-3.12.2/lib/rspec/core/hooks.rb:486:in `run'
2024-03-11T04:22:11.3890495Z             # /home/runner/work/human-essentials/human-essentials/vendor/bundle/ruby/3.2.0/gems/rspec-core-3.12.2/lib/rspec/core/example.rb:468:in `with_around_example_hooks'
2024-03-11T04:22:11.3892464Z             # /home/runner/work/human-essentials/human-essentials/vendor/bundle/ruby/3.2.0/gems/rspec-core-3.12.2/lib/rspec/core/example.rb:511:in `with_around_and_singleton_context_hooks'
2024-03-11T04:22:11.3894267Z             # /home/runner/work/human-essentials/human-essentials/vendor/bundle/ruby/3.2.0/gems/rspec-core-3.12.2/lib/rspec/core/example.rb:259:in `run'
2024-03-11T04:22:11.3896119Z             # /home/runner/work/human-essentials/human-essentials/vendor/bundle/ruby/3.2.0/gems/rspec-core-3.12.2/lib/rspec/core/example_group.rb:646:in `block in run_examples'
2024-03-11T04:22:11.3897941Z             # /home/runner/work/human-essentials/human-essentials/vendor/bundle/ruby/3.2.0/gems/rspec-core-3.12.2/lib/rspec/core/example_group.rb:642:in `map'
2024-03-11T04:22:11.3899765Z             # /home/runner/work/human-essentials/human-essentials/vendor/bundle/ruby/3.2.0/gems/rspec-core-3.12.2/lib/rspec/core/example_group.rb:642:in `run_examples'
2024-03-11T04:22:11.3901580Z             # /home/runner/work/human-essentials/human-essentials/vendor/bundle/ruby/3.2.0/gems/rspec-core-3.12.2/lib/rspec/core/example_group.rb:607:in `run'
2024-03-11T04:22:11.3903351Z             # /home/runner/work/human-essentials/human-essentials/vendor/bundle/ruby/3.2.0/gems/rspec-core-3.12.2/lib/rspec/core/example_group.rb:608:in `block in run'
2024-03-11T04:22:11.3905102Z             # /home/runner/work/human-essentials/human-essentials/vendor/bundle/ruby/3.2.0/gems/rspec-core-3.12.2/lib/rspec/core/example_group.rb:608:in `map'
2024-03-11T04:22:11.3906880Z             # /home/runner/work/human-essentials/human-essentials/vendor/bundle/ruby/3.2.0/gems/rspec-core-3.12.2/lib/rspec/core/example_group.rb:608:in `run'
2024-03-11T04:22:11.3908690Z             # /home/runner/work/human-essentials/human-essentials/vendor/bundle/ruby/3.2.0/gems/rspec-core-3.12.2/lib/rspec/core/runner.rb:121:in `block (3 levels) in run_specs'
2024-03-11T04:22:11.3910413Z             # /home/runner/work/human-essentials/human-essentials/vendor/bundle/ruby/3.2.0/gems/rspec-core-3.12.2/lib/rspec/core/runner.rb:121:in `map'
2024-03-11T04:22:11.3912270Z             # /home/runner/work/human-essentials/human-essentials/vendor/bundle/ruby/3.2.0/gems/rspec-core-3.12.2/lib/rspec/core/runner.rb:121:in `block (2 levels) in run_specs'
2024-03-11T04:22:11.3914166Z             # /home/runner/work/human-essentials/human-essentials/vendor/bundle/ruby/3.2.0/gems/rspec-core-3.12.2/lib/rspec/core/configuration.rb:2070:in `with_suite_hooks'
2024-03-11T04:22:11.3916288Z             # /home/runner/work/human-essentials/human-essentials/vendor/bundle/ruby/3.2.0/gems/rspec-core-3.12.2/lib/rspec/core/runner.rb:116:in `block in run_specs'
2024-03-11T04:22:11.3918294Z             # /home/runner/work/human-essentials/human-essentials/vendor/bundle/ruby/3.2.0/gems/rspec-core-3.12.2/lib/rspec/core/reporter.rb:74:in `report'
2024-03-11T04:22:11.3920225Z             # /home/runner/work/human-essentials/human-essentials/vendor/bundle/ruby/3.2.0/gems/rspec-core-3.12.2/lib/rspec/core/runner.rb:115:in `run_specs'
2024-03-11T04:22:11.3921983Z             # /home/runner/work/human-essentials/human-essentials/vendor/bundle/ruby/3.2.0/gems/rspec-core-3.12.2/lib/rspec/core/runner.rb:89:in `run'
2024-03-11T04:22:11.3923588Z             # /home/runner/work/human-essentials/human-essentials/vendor/bundle/ruby/3.2.0/gems/rspec-core-3.12.2/lib/rspec/core/runner.rb:71:in `run'
2024-03-11T04:22:11.3925223Z             # /home/runner/work/human-essentials/human-essentials/vendor/bundle/ruby/3.2.0/gems/rspec-core-3.12.2/lib/rspec/core/runner.rb:45:in `invoke'
2024-03-11T04:22:11.3926802Z             # /home/runner/work/human-essentials/human-essentials/vendor/bundle/ruby/3.2.0/gems/rspec-core-3.12.2/exe/rspec:4:in `<main>'
2024-03-11T04:22:11.3927702Z             # 
2024-03-11T04:22:11.3928191Z             #   Showing full backtrace because every line was filtered out.
2024-03-11T04:22:11.3928997Z             #   See docs for RSpec::Configuration#backtrace_exclusion_patterns and
2024-03-11T04:22:11.3929803Z             #   RSpec::Configuration#backtrace_inclusion_patterns for more information.
2024-03-11T04:22:11.3930273Z 
2024-03-11T04:22:11.3931078Z   20) Authentication Showing the modal warning in staging when accessing /users/password/new not in the staging environment should not render the modal
2024-03-11T04:22:11.3932163Z       Got 0 failures and 3 other errors:
2024-03-11T04:22:11.3932461Z 
2024-03-11T04:22:11.3932634Z       20.1) Failure/Error: visit path
2024-03-11T04:22:11.3932948Z 
2024-03-11T04:22:11.3933168Z             Ferrum::JavaScriptError:
2024-03-11T04:22:11.3934181Z               TypeError: Failed to resolve module specifier "cocoon-js-vanilla". Relative references must start with either "/", "./", or "../".
2024-03-11T04:22:11.3935359Z             # ./spec/system/log_in_system_spec.rb:40:in `block (5 levels) in <top (required)>'
2024-03-11T04:22:11.3935856Z 
2024-03-11T04:22:11.3936208Z       20.2) Failure/Error: @__Condition__.wait @__Lock__, timeout
2024-03-11T04:22:11.3936592Z 
2024-03-11T04:22:11.3936791Z             Ferrum::JavaScriptError:
2024-03-11T04:22:11.3937229Z               ReferenceError: $ is not defined
2024-03-11T04:22:11.3937852Z                   at http://127.0.0.1:43085/users/password/new:129:5
2024-03-11T04:22:11.3939376Z             # /home/runner/work/human-essentials/human-essentials/vendor/bundle/ruby/3.2.0/gems/concurrent-ruby-1.2.3/lib/concurrent-ruby/concurrent/synchronization/mutex_lockable_object.rb:53:in `sleep'
2024-03-11T04:22:11.3941620Z             # /home/runner/work/human-essentials/human-essentials/vendor/bundle/ruby/3.2.0/gems/concurrent-ruby-1.2.3/lib/concurrent-ruby/concurrent/synchronization/mutex_lockable_object.rb:53:in `wait'
2024-03-11T04:22:11.3943936Z             # /home/runner/work/human-essentials/human-essentials/vendor/bundle/ruby/3.2.0/gems/concurrent-ruby-1.2.3/lib/concurrent-ruby/concurrent/synchronization/mutex_lockable_object.rb:53:in `ns_wait'
2024-03-11T04:22:11.3946387Z             # /home/runner/work/human-essentials/human-essentials/vendor/bundle/ruby/3.2.0/gems/concurrent-ruby-1.2.3/lib/concurrent-ruby/concurrent/synchronization/abstract_lockable_object.rb:44:in `block in ns_wait_until'
2024-03-11T04:22:11.3948810Z             # /home/runner/work/human-essentials/human-essentials/vendor/bundle/ruby/3.2.0/gems/concurrent-ruby-1.2.3/lib/concurrent-ruby/concurrent/synchronization/abstract_lockable_object.rb:40:in `loop'
2024-03-11T04:22:11.3951292Z             # /home/runner/work/human-essentials/human-essentials/vendor/bundle/ruby/3.2.0/gems/concurrent-ruby-1.2.3/lib/concurrent-ruby/concurrent/synchronization/abstract_lockable_object.rb:40:in `ns_wait_until'
2024-03-11T04:22:11.3953478Z             # /home/runner/work/human-essentials/human-essentials/vendor/bundle/ruby/3.2.0/gems/concurrent-ruby-1.2.3/lib/concurrent-ruby/concurrent/atomic/event.rb:87:in `block in wait'
2024-03-11T04:22:11.3955868Z             # /home/runner/work/human-essentials/human-essentials/vendor/bundle/ruby/3.2.0/gems/concurrent-ruby-1.2.3/lib/concurrent-ruby/concurrent/synchronization/mutex_lockable_object.rb:48:in `block in synchronize'
2024-03-11T04:22:11.3958769Z             # /home/runner/work/human-essentials/human-essentials/vendor/bundle/ruby/3.2.0/gems/concurrent-ruby-1.2.3/lib/concurrent-ruby/concurrent/synchronization/mutex_lockable_object.rb:48:in `synchronize'
2024-03-11T04:22:11.3961097Z             # /home/runner/work/human-essentials/human-essentials/vendor/bundle/ruby/3.2.0/gems/concurrent-ruby-1.2.3/lib/concurrent-ruby/concurrent/synchronization/mutex_lockable_object.rb:48:in `synchronize'
2024-03-11T04:22:11.3963340Z             # /home/runner/work/human-essentials/human-essentials/vendor/bundle/ruby/3.2.0/gems/concurrent-ruby-1.2.3/lib/concurrent-ruby/concurrent/atomic/event.rb:84:in `wait'
2024-03-11T04:22:11.3965311Z             # /home/runner/work/human-essentials/human-essentials/vendor/bundle/ruby/3.2.0/gems/concurrent-ruby-1.2.3/lib/concurrent-ruby/concurrent/concern/obligation.rb:75:in `wait'
2024-03-11T04:22:11.3967337Z             # /home/runner/work/human-essentials/human-essentials/vendor/bundle/ruby/3.2.0/gems/concurrent-ruby-1.2.3/lib/concurrent-ruby/concurrent/concern/obligation.rb:99:in `value!'
2024-03-11T04:22:11.3969294Z             # /home/runner/work/human-essentials/human-essentials/vendor/bundle/ruby/3.2.0/gems/ferrum-0.14/lib/ferrum/browser/client.rb:42:in `command'
2024-03-11T04:22:11.3970870Z             # /home/runner/work/human-essentials/human-essentials/vendor/bundle/ruby/3.2.0/gems/ferrum-0.14/lib/ferrum/page.rb:269:in `command'
2024-03-11T04:22:11.3972741Z             # /home/runner/work/human-essentials/human-essentials/vendor/bundle/ruby/3.2.0/gems/ferrum-0.14/lib/ferrum/page/screenshot.rb:261:in `block (2 levels) in capture_screenshot'
2024-03-11T04:22:11.3974668Z             # /home/runner/work/human-essentials/human-essentials/vendor/bundle/ruby/3.2.0/gems/ferrum-0.14/lib/ferrum/page/screenshot.rb:284:in `with_background_color'
2024-03-11T04:22:11.3976494Z             # /home/runner/work/human-essentials/human-essentials/vendor/bundle/ruby/3.2.0/gems/ferrum-0.14/lib/ferrum/page/screenshot.rb:260:in `block in capture_screenshot'
2024-03-11T04:22:11.3978466Z             # /home/runner/work/human-essentials/human-essentials/vendor/bundle/ruby/3.2.0/gems/ferrum-0.14/lib/ferrum/page/screenshot.rb:272:in `maybe_resize_fullscreen'
2024-03-11T04:22:11.3980296Z             # /home/runner/work/human-essentials/human-essentials/vendor/bundle/ruby/3.2.0/gems/ferrum-0.14/lib/ferrum/page/screenshot.rb:259:in `capture_screenshot'
2024-03-11T04:22:11.3982050Z             # /home/runner/work/human-essentials/human-essentials/vendor/bundle/ruby/3.2.0/gems/ferrum-0.14/lib/ferrum/page/screenshot.rb:77:in `screenshot'
2024-03-11T04:22:11.3983401Z             # /opt/hostedtoolcache/Ruby/3.2.2/x64/lib/ruby/3.2.0/forwardable.rb:240:in `screenshot'
2024-03-11T04:22:11.3984824Z             # /home/runner/work/human-essentials/human-essentials/vendor/bundle/ruby/3.2.0/gems/cuprite-0.15/lib/capybara/cuprite/driver.rb:137:in `save_screenshot'
2024-03-11T04:22:11.3986654Z             # /home/runner/work/human-essentials/human-essentials/vendor/bundle/ruby/3.2.0/gems/capybara-3.40.0/lib/capybara/session.rb:748:in `block in save_screenshot'
2024-03-11T04:22:11.3988777Z             # /home/runner/work/human-essentials/human-essentials/vendor/bundle/ruby/3.2.0/gems/capybara-3.40.0/lib/capybara/session.rb:748:in `save_screenshot'
2024-03-11T04:22:11.3990938Z             # /home/runner/work/human-essentials/human-essentials/vendor/bundle/ruby/3.2.0/gems/actionpack-7.0.8/lib/action_dispatch/system_testing/test_helpers/screenshot_helper.rb:99:in `save_image'
2024-03-11T04:22:11.3993183Z             # /home/runner/work/human-essentials/human-essentials/vendor/bundle/ruby/3.2.0/gems/actionpack-7.0.8/lib/action_dispatch/system_testing/test_helpers/screenshot_helper.rb:36:in `take_screenshot'
2024-03-11T04:22:11.3995565Z             # /home/runner/work/human-essentials/human-essentials/vendor/bundle/ruby/3.2.0/gems/actionpack-7.0.8/lib/action_dispatch/system_testing/test_helpers/screenshot_helper.rb:45:in `take_failed_screenshot'
2024-03-11T04:22:11.3998114Z             # /home/runner/work/human-essentials/human-essentials/vendor/bundle/ruby/3.2.0/gems/actionpack-7.0.8/lib/action_dispatch/system_testing/test_helpers/setup_and_teardown.rb:8:in `before_teardown'
2024-03-11T04:22:11.4000333Z             # /home/runner/work/human-essentials/human-essentials/vendor/bundle/ruby/3.2.0/gems/rspec-rails-6.1.1/lib/rspec/rails/example/system_example_group.rb:156:in `call'
2024-03-11T04:22:11.4002513Z             # /home/runner/work/human-essentials/human-essentials/vendor/bundle/ruby/3.2.0/gems/rspec-rails-6.1.1/lib/rspec/rails/example/system_example_group.rb:156:in `block (2 levels) in <module:SystemExampleGroup>'
2024-03-11T04:22:11.4004584Z             # /home/runner/work/human-essentials/human-essentials/vendor/bundle/ruby/3.2.0/gems/rspec-core-3.12.2/lib/rspec/core/example.rb:457:in `instance_exec'
2024-03-11T04:22:11.4006420Z             # /home/runner/work/human-essentials/human-essentials/vendor/bundle/ruby/3.2.0/gems/rspec-core-3.12.2/lib/rspec/core/example.rb:457:in `instance_exec'
2024-03-11T04:22:11.4008148Z             # /home/runner/work/human-essentials/human-essentials/vendor/bundle/ruby/3.2.0/gems/rspec-core-3.12.2/lib/rspec/core/hooks.rb:372:in `run'
2024-03-11T04:22:11.4009990Z             # /home/runner/work/human-essentials/human-essentials/vendor/bundle/ruby/3.2.0/gems/rspec-core-3.12.2/lib/rspec/core/hooks.rb:529:in `block in run_owned_hooks_for'
2024-03-11T04:22:11.4011747Z             # /home/runner/work/human-essentials/human-essentials/vendor/bundle/ruby/3.2.0/gems/rspec-core-3.12.2/lib/rspec/core/hooks.rb:528:in `each'
2024-03-11T04:22:11.4013448Z             # /home/runner/work/human-essentials/human-essentials/vendor/bundle/ruby/3.2.0/gems/rspec-core-3.12.2/lib/rspec/core/hooks.rb:528:in `run_owned_hooks_for'
2024-03-11T04:22:11.4015409Z             # /home/runner/work/human-essentials/human-essentials/vendor/bundle/ruby/3.2.0/gems/rspec-core-3.12.2/lib/rspec/core/hooks.rb:615:in `block in run_example_hooks_for'
2024-03-11T04:22:11.4017178Z             # /home/runner/work/human-essentials/human-essentials/vendor/bundle/ruby/3.2.0/gems/rspec-core-3.12.2/lib/rspec/core/hooks.rb:614:in `each'
2024-03-11T04:22:11.4018900Z             # /home/runner/work/human-essentials/human-essentials/vendor/bundle/ruby/3.2.0/gems/rspec-core-3.12.2/lib/rspec/core/hooks.rb:614:in `run_example_hooks_for'
2024-03-11T04:22:11.4020698Z             # /home/runner/work/human-essentials/human-essentials/vendor/bundle/ruby/3.2.0/gems/rspec-core-3.12.2/lib/rspec/core/hooks.rb:485:in `run'
2024-03-11T04:22:11.4022405Z             # /home/runner/work/human-essentials/human-essentials/vendor/bundle/ruby/3.2.0/gems/rspec-core-3.12.2/lib/rspec/core/example.rb:518:in `run_after_example'
2024-03-11T04:22:11.4024185Z             # /home/runner/work/human-essentials/human-essentials/vendor/bundle/ruby/3.2.0/gems/rspec-core-3.12.2/lib/rspec/core/example.rb:283:in `block in run'
2024-03-11T04:22:11.4026197Z             # /home/runner/work/human-essentials/human-essentials/vendor/bundle/ruby/3.2.0/gems/rspec-core-3.12.2/lib/rspec/core/example.rb:511:in `block in with_around_and_singleton_context_hooks'
2024-03-11T04:22:11.4028317Z             # /home/runner/work/human-essentials/human-essentials/vendor/bundle/ruby/3.2.0/gems/rspec-core-3.12.2/lib/rspec/core/example.rb:468:in `block in with_around_example_hooks'
2024-03-11T04:22:11.4030425Z             # /home/runner/work/human-essentials/human-essentials/vendor/bundle/ruby/3.2.0/gems/rspec-core-3.12.2/lib/rspec/core/hooks.rb:486:in `block in run'
2024-03-11T04:22:11.4032247Z             # /home/runner/work/human-essentials/human-essentials/vendor/bundle/ruby/3.2.0/gems/rspec-core-3.12.2/lib/rspec/core/hooks.rb:626:in `block in run_around_example_hooks_for'
2024-03-11T04:22:11.4034218Z             # /home/runner/work/human-essentials/human-essentials/vendor/bundle/ruby/3.2.0/gems/rspec-core-3.12.2/lib/rspec/core/example.rb:352:in `call'
2024-03-11T04:22:11.4036333Z             # /home/runner/work/human-essentials/human-essentials/vendor/bundle/ruby/3.2.0/gems/rspec-rails-6.1.1/lib/rspec/rails/example/system_example_group.rb:166:in `block (2 levels) in <module:SystemExampleGroup>'
2024-03-11T04:22:11.4038700Z             # /home/runner/work/human-essentials/human-essentials/vendor/bundle/ruby/3.2.0/gems/rspec-core-3.12.2/lib/rspec/core/example.rb:457:in `instance_exec'
2024-03-11T04:22:11.4040470Z             # /home/runner/work/human-essentials/human-essentials/vendor/bundle/ruby/3.2.0/gems/rspec-core-3.12.2/lib/rspec/core/example.rb:457:in `instance_exec'
2024-03-11T04:22:11.4042272Z             # /home/runner/work/human-essentials/human-essentials/vendor/bundle/ruby/3.2.0/gems/rspec-core-3.12.2/lib/rspec/core/hooks.rb:390:in `execute_with'
2024-03-11T04:22:11.4044210Z             # /home/runner/work/human-essentials/human-essentials/vendor/bundle/ruby/3.2.0/gems/rspec-core-3.12.2/lib/rspec/core/hooks.rb:628:in `block (2 levels) in run_around_example_hooks_for'
2024-03-11T04:22:11.4046071Z             # /home/runner/work/human-essentials/human-essentials/vendor/bundle/ruby/3.2.0/gems/rspec-core-3.12.2/lib/rspec/core/example.rb:352:in `call'
2024-03-11T04:22:11.4048153Z             # /home/runner/work/human-essentials/human-essentials/vendor/bundle/ruby/3.2.0/gems/rspec-rails-6.1.1/lib/rspec/rails/adapters.rb:75:in `block (2 levels) in <module:MinitestLifecycleAdapter>'
2024-03-11T04:22:11.4050127Z             # /home/runner/work/human-essentials/human-essentials/vendor/bundle/ruby/3.2.0/gems/rspec-core-3.12.2/lib/rspec/core/example.rb:457:in `instance_exec'
2024-03-11T04:22:11.4051835Z             # /home/runner/work/human-essentials/human-essentials/vendor/bundle/ruby/3.2.0/gems/rspec-core-3.12.2/lib/rspec/core/example.rb:457:in `instance_exec'
2024-03-11T04:22:11.4053641Z             # /home/runner/work/human-essentials/human-essentials/vendor/bundle/ruby/3.2.0/gems/rspec-core-3.12.2/lib/rspec/core/hooks.rb:390:in `execute_with'
2024-03-11T04:22:11.4055550Z             # /home/runner/work/human-essentials/human-essentials/vendor/bundle/ruby/3.2.0/gems/rspec-core-3.12.2/lib/rspec/core/hooks.rb:628:in `block (2 levels) in run_around_example_hooks_for'
2024-03-11T04:22:11.4057480Z             # /home/runner/work/human-essentials/human-essentials/vendor/bundle/ruby/3.2.0/gems/rspec-core-3.12.2/lib/rspec/core/example.rb:352:in `call'
2024-03-11T04:22:11.4059276Z             # /home/runner/work/human-essentials/human-essentials/vendor/bundle/ruby/3.2.0/gems/webmock-3.23.0/lib/webmock/rspec.rb:39:in `block (2 levels) in <top (required)>'
2024-03-11T04:22:11.4061086Z             # /home/runner/work/human-essentials/human-essentials/vendor/bundle/ruby/3.2.0/gems/rspec-core-3.12.2/lib/rspec/core/example.rb:457:in `instance_exec'
2024-03-11T04:22:11.4062917Z             # /home/runner/work/human-essentials/human-essentials/vendor/bundle/ruby/3.2.0/gems/rspec-core-3.12.2/lib/rspec/core/example.rb:457:in `instance_exec'
2024-03-11T04:22:11.4064634Z             # /home/runner/work/human-essentials/human-essentials/vendor/bundle/ruby/3.2.0/gems/rspec-core-3.12.2/lib/rspec/core/hooks.rb:390:in `execute_with'
2024-03-11T04:22:11.4066537Z             # /home/runner/work/human-essentials/human-essentials/vendor/bundle/ruby/3.2.0/gems/rspec-core-3.12.2/lib/rspec/core/hooks.rb:628:in `block (2 levels) in run_around_example_hooks_for'
2024-03-11T04:22:11.4068437Z             # /home/runner/work/human-essentials/human-essentials/vendor/bundle/ruby/3.2.0/gems/rspec-core-3.12.2/lib/rspec/core/example.rb:352:in `call'
2024-03-11T04:22:11.4070583Z             # /home/runner/work/human-essentials/human-essentials/vendor/bundle/ruby/3.2.0/gems/knapsack_pro-7.0.0/lib/knapsack_pro/adapters/rspec_adapter.rb:103:in `block (2 levels) in ensure_no_focus!'
2024-03-11T04:22:11.4072679Z             # /home/runner/work/human-essentials/human-essentials/vendor/bundle/ruby/3.2.0/gems/rspec-core-3.12.2/lib/rspec/core/example.rb:457:in `instance_exec'
2024-03-11T04:22:11.4074499Z             # /home/runner/work/human-essentials/human-essentials/vendor/bundle/ruby/3.2.0/gems/rspec-core-3.12.2/lib/rspec/core/example.rb:457:in `instance_exec'
2024-03-11T04:22:11.4076241Z             # /home/runner/work/human-essentials/human-essentials/vendor/bundle/ruby/3.2.0/gems/rspec-core-3.12.2/lib/rspec/core/hooks.rb:390:in `execute_with'
2024-03-11T04:22:11.4078484Z             # /home/runner/work/human-essentials/human-essentials/vendor/bundle/ruby/3.2.0/gems/rspec-core-3.12.2/lib/rspec/core/hooks.rb:628:in `block (2 levels) in run_around_example_hooks_for'
2024-03-11T04:22:11.4080380Z             # /home/runner/work/human-essentials/human-essentials/vendor/bundle/ruby/3.2.0/gems/rspec-core-3.12.2/lib/rspec/core/example.rb:352:in `call'
2024-03-11T04:22:11.4082174Z             # /home/runner/work/human-essentials/human-essentials/vendor/bundle/ruby/3.2.0/gems/rspec-core-3.12.2/lib/rspec/core/hooks.rb:629:in `run_around_example_hooks_for'
2024-03-11T04:22:11.4083975Z             # /home/runner/work/human-essentials/human-essentials/vendor/bundle/ruby/3.2.0/gems/rspec-core-3.12.2/lib/rspec/core/hooks.rb:486:in `run'
2024-03-11T04:22:11.4085701Z             # /home/runner/work/human-essentials/human-essentials/vendor/bundle/ruby/3.2.0/gems/rspec-core-3.12.2/lib/rspec/core/example.rb:468:in `with_around_example_hooks'
2024-03-11T04:22:11.4087687Z             # /home/runner/work/human-essentials/human-essentials/vendor/bundle/ruby/3.2.0/gems/rspec-core-3.12.2/lib/rspec/core/example.rb:511:in `with_around_and_singleton_context_hooks'
2024-03-11T04:22:11.4089617Z             # /home/runner/work/human-essentials/human-essentials/vendor/bundle/ruby/3.2.0/gems/rspec-core-3.12.2/lib/rspec/core/example.rb:259:in `run'
2024-03-11T04:22:11.4091915Z             # /home/runner/work/human-essentials/human-essentials/vendor/bundle/ruby/3.2.0/gems/rspec-core-3.12.2/lib/rspec/core/example_group.rb:646:in `block in run_examples'
2024-03-11T04:22:11.4093831Z             # /home/runner/work/human-essentials/human-essentials/vendor/bundle/ruby/3.2.0/gems/rspec-core-3.12.2/lib/rspec/core/example_group.rb:642:in `map'
2024-03-11T04:22:11.4095690Z             # /home/runner/work/human-essentials/human-essentials/vendor/bundle/ruby/3.2.0/gems/rspec-core-3.12.2/lib/rspec/core/example_group.rb:642:in `run_examples'
2024-03-11T04:22:11.4097466Z             # /home/runner/work/human-essentials/human-essentials/vendor/bundle/ruby/3.2.0/gems/rspec-core-3.12.2/lib/rspec/core/example_group.rb:607:in `run'
2024-03-11T04:22:11.4099291Z             # /home/runner/work/human-essentials/human-essentials/vendor/bundle/ruby/3.2.0/gems/rspec-core-3.12.2/lib/rspec/core/example_group.rb:608:in `block in run'
2024-03-11T04:22:11.4101048Z             # /home/runner/work/human-essentials/human-essentials/vendor/bundle/ruby/3.2.0/gems/rspec-core-3.12.2/lib/rspec/core/example_group.rb:608:in `map'
2024-03-11T04:22:11.4102692Z             # /home/runner/work/human-essentials/human-essentials/vendor/bundle/ruby/3.2.0/gems/rspec-core-3.12.2/lib/rspec/core/example_group.rb:608:in `run'
2024-03-11T04:22:11.4302639Z             # /home/runner/work/human-essentials/human-essentials/vendor/bundle/ruby/3.2.0/gems/rspec-core-3.12.2/lib/rspec/core/example_group.rb:608:in `block in run'
2024-03-11T04:22:11.4305535Z             # /home/runner/work/human-essentials/human-essentials/vendor/bundle/ruby/3.2.0/gems/rspec-core-3.12.2/lib/rspec/core/example_group.rb:608:in `map'
2024-03-11T04:22:11.4308548Z             # /home/runner/work/human-essentials/human-essentials/vendor/bundle/ruby/3.2.0/gems/rspec-core-3.12.2/lib/rspec/core/example_group.rb:608:in `run'
2024-03-11T04:22:11.4311441Z             # /home/runner/work/human-essentials/human-essentials/vendor/bundle/ruby/3.2.0/gems/rspec-core-3.12.2/lib/rspec/core/runner.rb:121:in `block (3 levels) in run_specs'
2024-03-11T04:22:11.4314513Z             # /home/runner/work/human-essentials/human-essentials/vendor/bundle/ruby/3.2.0/gems/rspec-core-3.12.2/lib/rspec/core/runner.rb:121:in `map'
2024-03-11T04:22:11.4317318Z             # /home/runner/work/human-essentials/human-essentials/vendor/bundle/ruby/3.2.0/gems/rspec-core-3.12.2/lib/rspec/core/runner.rb:121:in `block (2 levels) in run_specs'
2024-03-11T04:22:11.4321041Z             # /home/runner/work/human-essentials/human-essentials/vendor/bundle/ruby/3.2.0/gems/rspec-core-3.12.2/lib/rspec/core/configuration.rb:2070:in `with_suite_hooks'
2024-03-11T04:22:11.4324091Z             # /home/runner/work/human-essentials/human-essentials/vendor/bundle/ruby/3.2.0/gems/rspec-core-3.12.2/lib/rspec/core/runner.rb:116:in `block in run_specs'
2024-03-11T04:22:11.4326914Z             # /home/runner/work/human-essentials/human-essentials/vendor/bundle/ruby/3.2.0/gems/rspec-core-3.12.2/lib/rspec/core/reporter.rb:74:in `report'
2024-03-11T04:22:11.4329623Z             # /home/runner/work/human-essentials/human-essentials/vendor/bundle/ruby/3.2.0/gems/rspec-core-3.12.2/lib/rspec/core/runner.rb:115:in `run_specs'
2024-03-11T04:22:11.4332326Z             # /home/runner/work/human-essentials/human-essentials/vendor/bundle/ruby/3.2.0/gems/rspec-core-3.12.2/lib/rspec/core/runner.rb:89:in `run'
2024-03-11T04:22:11.4334924Z             # /home/runner/work/human-essentials/human-essentials/vendor/bundle/ruby/3.2.0/gems/rspec-core-3.12.2/lib/rspec/core/runner.rb:71:in `run'
2024-03-11T04:22:11.4337531Z             # /home/runner/work/human-essentials/human-essentials/vendor/bundle/ruby/3.2.0/gems/rspec-core-3.12.2/lib/rspec/core/runner.rb:45:in `invoke'
2024-03-11T04:22:11.4340072Z             # /home/runner/work/human-essentials/human-essentials/vendor/bundle/ruby/3.2.0/gems/rspec-core-3.12.2/exe/rspec:4:in `<main>'
2024-03-11T04:22:11.4341428Z             # 
2024-03-11T04:22:11.4342069Z             #   Showing full backtrace because every line was filtered out.
2024-03-11T04:22:11.4343168Z             #   See docs for RSpec::Configuration#backtrace_exclusion_patterns and
2024-03-11T04:22:11.4344349Z             #   RSpec::Configuration#backtrace_inclusion_patterns for more information.
2024-03-11T04:22:11.4345118Z 
2024-03-11T04:22:11.4345479Z       20.3) Failure/Error: @__Condition__.wait @__Lock__, timeout
2024-03-11T04:22:11.4346092Z 
2024-03-11T04:22:11.4346295Z             Ferrum::JavaScriptError:
2024-03-11T04:22:11.4346929Z               ReferenceError: $ is not defined
2024-03-11T04:22:11.4347727Z                   at http://127.0.0.1:43085/users/password/new:177:3
2024-03-11T04:22:11.4350201Z             # /home/runner/work/human-essentials/human-essentials/vendor/bundle/ruby/3.2.0/gems/concurrent-ruby-1.2.3/lib/concurrent-ruby/concurrent/synchronization/mutex_lockable_object.rb:53:in `sleep'
2024-03-11T04:22:11.4353730Z             # /home/runner/work/human-essentials/human-essentials/vendor/bundle/ruby/3.2.0/gems/concurrent-ruby-1.2.3/lib/concurrent-ruby/concurrent/synchronization/mutex_lockable_object.rb:53:in `wait'
2024-03-11T04:22:11.4355945Z             # /home/runner/work/human-essentials/human-essentials/vendor/bundle/ruby/3.2.0/gems/concurrent-ruby-1.2.3/lib/concurrent-ruby/concurrent/synchronization/mutex_lockable_object.rb:53:in `ns_wait'
2024-03-11T04:22:11.4358489Z             # /home/runner/work/human-essentials/human-essentials/vendor/bundle/ruby/3.2.0/gems/concurrent-ruby-1.2.3/lib/concurrent-ruby/concurrent/synchronization/abstract_lockable_object.rb:44:in `block in ns_wait_until'
2024-03-11T04:22:11.4360755Z             # /home/runner/work/human-essentials/human-essentials/vendor/bundle/ruby/3.2.0/gems/concurrent-ruby-1.2.3/lib/concurrent-ruby/concurrent/synchronization/abstract_lockable_object.rb:40:in `loop'
2024-03-11T04:22:11.4363180Z             # /home/runner/work/human-essentials/human-essentials/vendor/bundle/ruby/3.2.0/gems/concurrent-ruby-1.2.3/lib/concurrent-ruby/concurrent/synchronization/abstract_lockable_object.rb:40:in `ns_wait_until'
2024-03-11T04:22:11.4365417Z             # /home/runner/work/human-essentials/human-essentials/vendor/bundle/ruby/3.2.0/gems/concurrent-ruby-1.2.3/lib/concurrent-ruby/concurrent/atomic/event.rb:87:in `block in wait'
2024-03-11T04:22:11.4367522Z             # /home/runner/work/human-essentials/human-essentials/vendor/bundle/ruby/3.2.0/gems/concurrent-ruby-1.2.3/lib/concurrent-ruby/concurrent/synchronization/mutex_lockable_object.rb:48:in `block in synchronize'
2024-03-11T04:22:11.4369744Z             # /home/runner/work/human-essentials/human-essentials/vendor/bundle/ruby/3.2.0/gems/concurrent-ruby-1.2.3/lib/concurrent-ruby/concurrent/synchronization/mutex_lockable_object.rb:48:in `synchronize'
2024-03-11T04:22:11.4371939Z             # /home/runner/work/human-essentials/human-essentials/vendor/bundle/ruby/3.2.0/gems/concurrent-ruby-1.2.3/lib/concurrent-ruby/concurrent/synchronization/mutex_lockable_object.rb:48:in `synchronize'
2024-03-11T04:22:11.4373920Z             # /home/runner/work/human-essentials/human-essentials/vendor/bundle/ruby/3.2.0/gems/concurrent-ruby-1.2.3/lib/concurrent-ruby/concurrent/atomic/event.rb:84:in `wait'
2024-03-11T04:22:11.4375769Z             # /home/runner/work/human-essentials/human-essentials/vendor/bundle/ruby/3.2.0/gems/concurrent-ruby-1.2.3/lib/concurrent-ruby/concurrent/concern/obligation.rb:75:in `wait'
2024-03-11T04:22:11.4377675Z             # /home/runner/work/human-essentials/human-essentials/vendor/bundle/ruby/3.2.0/gems/concurrent-ruby-1.2.3/lib/concurrent-ruby/concurrent/concern/obligation.rb:99:in `value!'
2024-03-11T04:22:11.4379388Z             # /home/runner/work/human-essentials/human-essentials/vendor/bundle/ruby/3.2.0/gems/ferrum-0.14/lib/ferrum/browser/client.rb:42:in `command'
2024-03-11T04:22:11.4380870Z             # /home/runner/work/human-essentials/human-essentials/vendor/bundle/ruby/3.2.0/gems/ferrum-0.14/lib/ferrum/page.rb:269:in `command'
2024-03-11T04:22:11.4382389Z             # /home/runner/work/human-essentials/human-essentials/vendor/bundle/ruby/3.2.0/gems/ferrum-0.14/lib/ferrum/frame/runtime.rb:118:in `block in call'
2024-03-11T04:22:11.4383955Z             # /home/runner/work/human-essentials/human-essentials/vendor/bundle/ruby/3.2.0/gems/ferrum-0.14/lib/ferrum/utils/attempt.rb:10:in `with_retry'
2024-03-11T04:22:11.4385460Z             # /home/runner/work/human-essentials/human-essentials/vendor/bundle/ruby/3.2.0/gems/ferrum-0.14/lib/ferrum/frame/runtime.rb:105:in `call'
2024-03-11T04:22:11.4386963Z             # /home/runner/work/human-essentials/human-essentials/vendor/bundle/ruby/3.2.0/gems/ferrum-0.14/lib/ferrum/frame/runtime.rb:33:in `evaluate'
2024-03-11T04:22:11.4388468Z             # /home/runner/work/human-essentials/human-essentials/vendor/bundle/ruby/3.2.0/gems/ferrum-0.14/lib/ferrum/frame/dom.rb:63:in `current_url'
2024-03-11T04:22:11.4389601Z             # /opt/hostedtoolcache/Ruby/3.2.2/x64/lib/ruby/3.2.0/forwardable.rb:240:in `current_url'
2024-03-11T04:22:11.4390463Z             # /opt/hostedtoolcache/Ruby/3.2.2/x64/lib/ruby/3.2.0/forwardable.rb:240:in `current_url'
2024-03-11T04:22:11.4391310Z             # /opt/hostedtoolcache/Ruby/3.2.2/x64/lib/ruby/3.2.0/forwardable.rb:240:in `current_url'
2024-03-11T04:22:11.4392583Z             # /home/runner/work/human-essentials/human-essentials/vendor/bundle/ruby/3.2.0/gems/capybara-3.40.0/lib/capybara/session.rb:232:in `current_url'
2024-03-11T04:22:11.4394388Z             # /home/runner/work/human-essentials/human-essentials/vendor/bundle/ruby/3.2.0/gems/capybara-screenshot-1.0.26/lib/capybara-screenshot/rspec.rb:56:in `block in after_failed_example'
2024-03-11T04:22:11.4396150Z             # /home/runner/work/human-essentials/human-essentials/vendor/bundle/ruby/3.2.0/gems/capybara-3.40.0/lib/capybara.rb:374:in `using_session'
2024-03-11T04:22:11.4398234Z             # /home/runner/work/human-essentials/human-essentials/vendor/bundle/ruby/3.2.0/gems/capybara-screenshot-1.0.26/lib/capybara-screenshot/capybara.rb:7:in `using_session'
2024-03-11T04:22:11.4400316Z             # /home/runner/work/human-essentials/human-essentials/vendor/bundle/ruby/3.2.0/gems/capybara-screenshot-1.0.26/lib/capybara-screenshot/rspec.rb:55:in `after_failed_example'
2024-03-11T04:22:11.4402332Z             # /home/runner/work/human-essentials/human-essentials/vendor/bundle/ruby/3.2.0/gems/capybara-screenshot-1.0.26/lib/capybara-screenshot/rspec.rb:99:in `block (2 levels) in <top (required)>'
2024-03-11T04:22:11.4404181Z             # /home/runner/work/human-essentials/human-essentials/vendor/bundle/ruby/3.2.0/gems/rspec-core-3.12.2/lib/rspec/core/example.rb:457:in `instance_exec'
2024-03-11T04:22:11.4405812Z             # /home/runner/work/human-essentials/human-essentials/vendor/bundle/ruby/3.2.0/gems/rspec-core-3.12.2/lib/rspec/core/example.rb:457:in `instance_exec'
2024-03-11T04:22:11.4407393Z             # /home/runner/work/human-essentials/human-essentials/vendor/bundle/ruby/3.2.0/gems/rspec-core-3.12.2/lib/rspec/core/hooks.rb:372:in `run'
2024-03-11T04:22:11.4409056Z             # /home/runner/work/human-essentials/human-essentials/vendor/bundle/ruby/3.2.0/gems/rspec-core-3.12.2/lib/rspec/core/hooks.rb:529:in `block in run_owned_hooks_for'
2024-03-11T04:22:11.4410712Z             # /home/runner/work/human-essentials/human-essentials/vendor/bundle/ruby/3.2.0/gems/rspec-core-3.12.2/lib/rspec/core/hooks.rb:528:in `each'
2024-03-11T04:22:11.4412306Z             # /home/runner/work/human-essentials/human-essentials/vendor/bundle/ruby/3.2.0/gems/rspec-core-3.12.2/lib/rspec/core/hooks.rb:528:in `run_owned_hooks_for'
2024-03-11T04:22:11.4414053Z             # /home/runner/work/human-essentials/human-essentials/vendor/bundle/ruby/3.2.0/gems/rspec-core-3.12.2/lib/rspec/core/hooks.rb:615:in `block in run_example_hooks_for'
2024-03-11T04:22:11.4415701Z             # /home/runner/work/human-essentials/human-essentials/vendor/bundle/ruby/3.2.0/gems/rspec-core-3.12.2/lib/rspec/core/hooks.rb:614:in `each'
2024-03-11T04:22:11.4417309Z             # /home/runner/work/human-essentials/human-essentials/vendor/bundle/ruby/3.2.0/gems/rspec-core-3.12.2/lib/rspec/core/hooks.rb:614:in `run_example_hooks_for'
2024-03-11T04:22:11.4418913Z             # /home/runner/work/human-essentials/human-essentials/vendor/bundle/ruby/3.2.0/gems/rspec-core-3.12.2/lib/rspec/core/hooks.rb:485:in `run'
2024-03-11T04:22:11.4420540Z             # /home/runner/work/human-essentials/human-essentials/vendor/bundle/ruby/3.2.0/gems/rspec-core-3.12.2/lib/rspec/core/example.rb:518:in `run_after_example'
2024-03-11T04:22:11.4422195Z             # /home/runner/work/human-essentials/human-essentials/vendor/bundle/ruby/3.2.0/gems/rspec-core-3.12.2/lib/rspec/core/example.rb:283:in `block in run'
2024-03-11T04:22:11.4424023Z             # /home/runner/work/human-essentials/human-essentials/vendor/bundle/ruby/3.2.0/gems/rspec-core-3.12.2/lib/rspec/core/example.rb:511:in `block in with_around_and_singleton_context_hooks'
2024-03-11T04:22:11.4425969Z             # /home/runner/work/human-essentials/human-essentials/vendor/bundle/ruby/3.2.0/gems/rspec-core-3.12.2/lib/rspec/core/example.rb:468:in `block in with_around_example_hooks'
2024-03-11T04:22:11.4427706Z             # /home/runner/work/human-essentials/human-essentials/vendor/bundle/ruby/3.2.0/gems/rspec-core-3.12.2/lib/rspec/core/hooks.rb:486:in `block in run'
2024-03-11T04:22:11.4429452Z             # /home/runner/work/human-essentials/human-essentials/vendor/bundle/ruby/3.2.0/gems/rspec-core-3.12.2/lib/rspec/core/hooks.rb:626:in `block in run_around_example_hooks_for'
2024-03-11T04:22:11.4431145Z             # /home/runner/work/human-essentials/human-essentials/vendor/bundle/ruby/3.2.0/gems/rspec-core-3.12.2/lib/rspec/core/example.rb:352:in `call'
2024-03-11T04:22:11.4433063Z             # /home/runner/work/human-essentials/human-essentials/vendor/bundle/ruby/3.2.0/gems/rspec-rails-6.1.1/lib/rspec/rails/example/system_example_group.rb:166:in `block (2 levels) in <module:SystemExampleGroup>'
2024-03-11T04:22:11.4435148Z             # /home/runner/work/human-essentials/human-essentials/vendor/bundle/ruby/3.2.0/gems/rspec-core-3.12.2/lib/rspec/core/example.rb:457:in `instance_exec'
2024-03-11T04:22:11.4436888Z             # /home/runner/work/human-essentials/human-essentials/vendor/bundle/ruby/3.2.0/gems/rspec-core-3.12.2/lib/rspec/core/example.rb:457:in `instance_exec'
2024-03-11T04:22:11.4438723Z             # /home/runner/work/human-essentials/human-essentials/vendor/bundle/ruby/3.2.0/gems/rspec-core-3.12.2/lib/rspec/core/hooks.rb:390:in `execute_with'
2024-03-11T04:22:11.4440533Z             # /home/runner/work/human-essentials/human-essentials/vendor/bundle/ruby/3.2.0/gems/rspec-core-3.12.2/lib/rspec/core/hooks.rb:628:in `block (2 levels) in run_around_example_hooks_for'
2024-03-11T04:22:11.4442292Z             # /home/runner/work/human-essentials/human-essentials/vendor/bundle/ruby/3.2.0/gems/rspec-core-3.12.2/lib/rspec/core/example.rb:352:in `call'
2024-03-11T04:22:11.4444113Z             # /home/runner/work/human-essentials/human-essentials/vendor/bundle/ruby/3.2.0/gems/rspec-rails-6.1.1/lib/rspec/rails/adapters.rb:75:in `block (2 levels) in <module:MinitestLifecycleAdapter>'
2024-03-11T04:22:11.4445976Z             # /home/runner/work/human-essentials/human-essentials/vendor/bundle/ruby/3.2.0/gems/rspec-core-3.12.2/lib/rspec/core/example.rb:457:in `instance_exec'
2024-03-11T04:22:11.4447613Z             # /home/runner/work/human-essentials/human-essentials/vendor/bundle/ruby/3.2.0/gems/rspec-core-3.12.2/lib/rspec/core/example.rb:457:in `instance_exec'
2024-03-11T04:22:11.4449223Z             # /home/runner/work/human-essentials/human-essentials/vendor/bundle/ruby/3.2.0/gems/rspec-core-3.12.2/lib/rspec/core/hooks.rb:390:in `execute_with'
2024-03-11T04:22:11.4451016Z             # /home/runner/work/human-essentials/human-essentials/vendor/bundle/ruby/3.2.0/gems/rspec-core-3.12.2/lib/rspec/core/hooks.rb:628:in `block (2 levels) in run_around_example_hooks_for'
2024-03-11T04:22:11.4452757Z             # /home/runner/work/human-essentials/human-essentials/vendor/bundle/ruby/3.2.0/gems/rspec-core-3.12.2/lib/rspec/core/example.rb:352:in `call'
2024-03-11T04:22:11.4454429Z             # /home/runner/work/human-essentials/human-essentials/vendor/bundle/ruby/3.2.0/gems/webmock-3.23.0/lib/webmock/rspec.rb:39:in `block (2 levels) in <top (required)>'
2024-03-11T04:22:11.4456128Z             # /home/runner/work/human-essentials/human-essentials/vendor/bundle/ruby/3.2.0/gems/rspec-core-3.12.2/lib/rspec/core/example.rb:457:in `instance_exec'
2024-03-11T04:22:11.4457748Z             # /home/runner/work/human-essentials/human-essentials/vendor/bundle/ruby/3.2.0/gems/rspec-core-3.12.2/lib/rspec/core/example.rb:457:in `instance_exec'
2024-03-11T04:22:11.4459360Z             # /home/runner/work/human-essentials/human-essentials/vendor/bundle/ruby/3.2.0/gems/rspec-core-3.12.2/lib/rspec/core/hooks.rb:390:in `execute_with'
2024-03-11T04:22:11.4461166Z             # /home/runner/work/human-essentials/human-essentials/vendor/bundle/ruby/3.2.0/gems/rspec-core-3.12.2/lib/rspec/core/hooks.rb:628:in `block (2 levels) in run_around_example_hooks_for'
2024-03-11T04:22:11.4462909Z             # /home/runner/work/human-essentials/human-essentials/vendor/bundle/ruby/3.2.0/gems/rspec-core-3.12.2/lib/rspec/core/example.rb:352:in `call'
2024-03-11T04:22:11.4464717Z             # /home/runner/work/human-essentials/human-essentials/vendor/bundle/ruby/3.2.0/gems/knapsack_pro-7.0.0/lib/knapsack_pro/adapters/rspec_adapter.rb:103:in `block (2 levels) in ensure_no_focus!'
2024-03-11T04:22:11.4466568Z             # /home/runner/work/human-essentials/human-essentials/vendor/bundle/ruby/3.2.0/gems/rspec-core-3.12.2/lib/rspec/core/example.rb:457:in `instance_exec'
2024-03-11T04:22:11.4468204Z             # /home/runner/work/human-essentials/human-essentials/vendor/bundle/ruby/3.2.0/gems/rspec-core-3.12.2/lib/rspec/core/example.rb:457:in `instance_exec'
2024-03-11T04:22:11.4469972Z             # /home/runner/work/human-essentials/human-essentials/vendor/bundle/ruby/3.2.0/gems/rspec-core-3.12.2/lib/rspec/core/hooks.rb:390:in `execute_with'
2024-03-11T04:22:11.4471893Z             # /home/runner/work/human-essentials/human-essentials/vendor/bundle/ruby/3.2.0/gems/rspec-core-3.12.2/lib/rspec/core/hooks.rb:628:in `block (2 levels) in run_around_example_hooks_for'
2024-03-11T04:22:11.4473631Z             # /home/runner/work/human-essentials/human-essentials/vendor/bundle/ruby/3.2.0/gems/rspec-core-3.12.2/lib/rspec/core/example.rb:352:in `call'
2024-03-11T04:22:11.4475285Z             # /home/runner/work/human-essentials/human-essentials/vendor/bundle/ruby/3.2.0/gems/rspec-core-3.12.2/lib/rspec/core/hooks.rb:629:in `run_around_example_hooks_for'
2024-03-11T04:22:11.4476932Z             # /home/runner/work/human-essentials/human-essentials/vendor/bundle/ruby/3.2.0/gems/rspec-core-3.12.2/lib/rspec/core/hooks.rb:486:in `run'
2024-03-11T04:22:11.4478812Z             # /home/runner/work/human-essentials/human-essentials/vendor/bundle/ruby/3.2.0/gems/rspec-core-3.12.2/lib/rspec/core/example.rb:468:in `with_around_example_hooks'
2024-03-11T04:22:11.4480686Z             # /home/runner/work/human-essentials/human-essentials/vendor/bundle/ruby/3.2.0/gems/rspec-core-3.12.2/lib/rspec/core/example.rb:511:in `with_around_and_singleton_context_hooks'
2024-03-11T04:22:11.4482408Z             # /home/runner/work/human-essentials/human-essentials/vendor/bundle/ruby/3.2.0/gems/rspec-core-3.12.2/lib/rspec/core/example.rb:259:in `run'
2024-03-11T04:22:11.4484070Z             # /home/runner/work/human-essentials/human-essentials/vendor/bundle/ruby/3.2.0/gems/rspec-core-3.12.2/lib/rspec/core/example_group.rb:646:in `block in run_examples'
2024-03-11T04:22:11.4485766Z             # /home/runner/work/human-essentials/human-essentials/vendor/bundle/ruby/3.2.0/gems/rspec-core-3.12.2/lib/rspec/core/example_group.rb:642:in `map'
2024-03-11T04:22:11.4487420Z             # /home/runner/work/human-essentials/human-essentials/vendor/bundle/ruby/3.2.0/gems/rspec-core-3.12.2/lib/rspec/core/example_group.rb:642:in `run_examples'
2024-03-11T04:22:11.4489058Z             # /home/runner/work/human-essentials/human-essentials/vendor/bundle/ruby/3.2.0/gems/rspec-core-3.12.2/lib/rspec/core/example_group.rb:607:in `run'
2024-03-11T04:22:11.4490698Z             # /home/runner/work/human-essentials/human-essentials/vendor/bundle/ruby/3.2.0/gems/rspec-core-3.12.2/lib/rspec/core/example_group.rb:608:in `block in run'
2024-03-11T04:22:11.4492340Z             # /home/runner/work/human-essentials/human-essentials/vendor/bundle/ruby/3.2.0/gems/rspec-core-3.12.2/lib/rspec/core/example_group.rb:608:in `map'
2024-03-11T04:22:11.4493924Z             # /home/runner/work/human-essentials/human-essentials/vendor/bundle/ruby/3.2.0/gems/rspec-core-3.12.2/lib/rspec/core/example_group.rb:608:in `run'
2024-03-11T04:22:11.4495570Z             # /home/runner/work/human-essentials/human-essentials/vendor/bundle/ruby/3.2.0/gems/rspec-core-3.12.2/lib/rspec/core/example_group.rb:608:in `block in run'
2024-03-11T04:22:11.4497199Z             # /home/runner/work/human-essentials/human-essentials/vendor/bundle/ruby/3.2.0/gems/rspec-core-3.12.2/lib/rspec/core/example_group.rb:608:in `map'
2024-03-11T04:22:11.4498765Z             # /home/runner/work/human-essentials/human-essentials/vendor/bundle/ruby/3.2.0/gems/rspec-core-3.12.2/lib/rspec/core/example_group.rb:608:in `run'
2024-03-11T04:22:11.4500469Z             # /home/runner/work/human-essentials/human-essentials/vendor/bundle/ruby/3.2.0/gems/rspec-core-3.12.2/lib/rspec/core/runner.rb:121:in `block (3 levels) in run_specs'
2024-03-11T04:22:11.4502114Z             # /home/runner/work/human-essentials/human-essentials/vendor/bundle/ruby/3.2.0/gems/rspec-core-3.12.2/lib/rspec/core/runner.rb:121:in `map'
2024-03-11T04:22:11.4503763Z             # /home/runner/work/human-essentials/human-essentials/vendor/bundle/ruby/3.2.0/gems/rspec-core-3.12.2/lib/rspec/core/runner.rb:121:in `block (2 levels) in run_specs'
2024-03-11T04:22:11.4505732Z             # /home/runner/work/human-essentials/human-essentials/vendor/bundle/ruby/3.2.0/gems/rspec-core-3.12.2/lib/rspec/core/configuration.rb:2070:in `with_suite_hooks'
2024-03-11T04:22:11.4507571Z             # /home/runner/work/human-essentials/human-essentials/vendor/bundle/ruby/3.2.0/gems/rspec-core-3.12.2/lib/rspec/core/runner.rb:116:in `block in run_specs'
2024-03-11T04:22:11.4509188Z             # /home/runner/work/human-essentials/human-essentials/vendor/bundle/ruby/3.2.0/gems/rspec-core-3.12.2/lib/rspec/core/reporter.rb:74:in `report'
2024-03-11T04:22:11.4510747Z             # /home/runner/work/human-essentials/human-essentials/vendor/bundle/ruby/3.2.0/gems/rspec-core-3.12.2/lib/rspec/core/runner.rb:115:in `run_specs'
2024-03-11T04:22:11.4512269Z             # /home/runner/work/human-essentials/human-essentials/vendor/bundle/ruby/3.2.0/gems/rspec-core-3.12.2/lib/rspec/core/runner.rb:89:in `run'
2024-03-11T04:22:11.4513767Z             # /home/runner/work/human-essentials/human-essentials/vendor/bundle/ruby/3.2.0/gems/rspec-core-3.12.2/lib/rspec/core/runner.rb:71:in `run'
2024-03-11T04:22:11.4515263Z             # /home/runner/work/human-essentials/human-essentials/vendor/bundle/ruby/3.2.0/gems/rspec-core-3.12.2/lib/rspec/core/runner.rb:45:in `invoke'
2024-03-11T04:22:11.4516698Z             # /home/runner/work/human-essentials/human-essentials/vendor/bundle/ruby/3.2.0/gems/rspec-core-3.12.2/exe/rspec:4:in `<main>'
2024-03-11T04:22:11.4517493Z             # 
2024-03-11T04:22:11.4518144Z             #   Showing full backtrace because every line was filtered out.
2024-03-11T04:22:11.4518794Z             #   See docs for RSpec::Configuration#backtrace_exclusion_patterns and
2024-03-11T04:22:11.4519482Z             #   RSpec::Configuration#backtrace_inclusion_patterns for more information.
2024-03-11T04:22:11.4519961Z 
2024-03-11T04:22:11.4520605Z   21) Authentication Showing the modal warning in staging when accessing /users/sign_in not in the staging environment should not render the modal
2024-03-11T04:22:11.4521512Z       Got 0 failures and 2 other errors:
2024-03-11T04:22:11.4521782Z 
2024-03-11T04:22:11.4521902Z       21.1) Failure/Error: visit path
2024-03-11T04:22:11.4522157Z 
2024-03-11T04:22:11.4522286Z             Ferrum::JavaScriptError:
2024-03-11T04:22:11.4523196Z               TypeError: Failed to resolve module specifier "cocoon-js-vanilla". Relative references must start with either "/", "./", or "../".
2024-03-11T04:22:11.4524226Z             # ./spec/system/log_in_system_spec.rb:40:in `block (5 levels) in <top (required)>'
2024-03-11T04:22:11.4524691Z 
2024-03-11T04:22:11.4524936Z       21.2) Failure/Error: options[:scale] = @zoom_factor if @zoom_factor
2024-03-11T04:22:11.4525332Z 
2024-03-11T04:22:11.4525448Z             Ferrum::JavaScriptError:
2024-03-11T04:22:11.4525832Z               ReferenceError: $ is not defined
2024-03-11T04:22:11.4526288Z                   at http://127.0.0.1:43085/users/sign_in:129:5
2024-03-11T04:22:11.4527456Z             # /home/runner/work/human-essentials/human-essentials/vendor/bundle/ruby/3.2.0/gems/cuprite-0.15/lib/capybara/cuprite/driver.rb:130:in `save_screenshot'
2024-03-11T04:22:11.4529171Z             # /home/runner/work/human-essentials/human-essentials/vendor/bundle/ruby/3.2.0/gems/capybara-3.40.0/lib/capybara/session.rb:748:in `block in save_screenshot'
2024-03-11T04:22:11.4530840Z             # /home/runner/work/human-essentials/human-essentials/vendor/bundle/ruby/3.2.0/gems/capybara-3.40.0/lib/capybara/session.rb:748:in `save_screenshot'
2024-03-11T04:22:11.4532675Z             # /home/runner/work/human-essentials/human-essentials/vendor/bundle/ruby/3.2.0/gems/actionpack-7.0.8/lib/action_dispatch/system_testing/test_helpers/screenshot_helper.rb:99:in `save_image'
2024-03-11T04:22:11.4534742Z             # /home/runner/work/human-essentials/human-essentials/vendor/bundle/ruby/3.2.0/gems/actionpack-7.0.8/lib/action_dispatch/system_testing/test_helpers/screenshot_helper.rb:36:in `take_screenshot'
2024-03-11T04:22:11.4537077Z             # /home/runner/work/human-essentials/human-essentials/vendor/bundle/ruby/3.2.0/gems/actionpack-7.0.8/lib/action_dispatch/system_testing/test_helpers/screenshot_helper.rb:45:in `take_failed_screenshot'
2024-03-11T04:22:11.4539336Z             # /home/runner/work/human-essentials/human-essentials/vendor/bundle/ruby/3.2.0/gems/actionpack-7.0.8/lib/action_dispatch/system_testing/test_helpers/setup_and_teardown.rb:8:in `before_teardown'
2024-03-11T04:22:11.4541282Z             # /home/runner/work/human-essentials/human-essentials/vendor/bundle/ruby/3.2.0/gems/rspec-rails-6.1.1/lib/rspec/rails/example/system_example_group.rb:156:in `call'
2024-03-11T04:22:11.4543349Z             # /home/runner/work/human-essentials/human-essentials/vendor/bundle/ruby/3.2.0/gems/rspec-rails-6.1.1/lib/rspec/rails/example/system_example_group.rb:156:in `block (2 levels) in <module:SystemExampleGroup>'
2024-03-11T04:22:11.4545310Z             # /home/runner/work/human-essentials/human-essentials/vendor/bundle/ruby/3.2.0/gems/rspec-core-3.12.2/lib/rspec/core/example.rb:457:in `instance_exec'
2024-03-11T04:22:11.4546945Z             # /home/runner/work/human-essentials/human-essentials/vendor/bundle/ruby/3.2.0/gems/rspec-core-3.12.2/lib/rspec/core/example.rb:457:in `instance_exec'
2024-03-11T04:22:11.4548521Z             # /home/runner/work/human-essentials/human-essentials/vendor/bundle/ruby/3.2.0/gems/rspec-core-3.12.2/lib/rspec/core/hooks.rb:372:in `run'
2024-03-11T04:22:11.4550165Z             # /home/runner/work/human-essentials/human-essentials/vendor/bundle/ruby/3.2.0/gems/rspec-core-3.12.2/lib/rspec/core/hooks.rb:529:in `block in run_owned_hooks_for'
2024-03-11T04:22:11.4551812Z             # /home/runner/work/human-essentials/human-essentials/vendor/bundle/ruby/3.2.0/gems/rspec-core-3.12.2/lib/rspec/core/hooks.rb:528:in `each'
2024-03-11T04:22:11.4553415Z             # /home/runner/work/human-essentials/human-essentials/vendor/bundle/ruby/3.2.0/gems/rspec-core-3.12.2/lib/rspec/core/hooks.rb:528:in `run_owned_hooks_for'
2024-03-11T04:22:11.4555168Z             # /home/runner/work/human-essentials/human-essentials/vendor/bundle/ruby/3.2.0/gems/rspec-core-3.12.2/lib/rspec/core/hooks.rb:615:in `block in run_example_hooks_for'
2024-03-11T04:22:11.4556825Z             # /home/runner/work/human-essentials/human-essentials/vendor/bundle/ruby/3.2.0/gems/rspec-core-3.12.2/lib/rspec/core/hooks.rb:614:in `each'
2024-03-11T04:22:11.4558776Z             # /home/runner/work/human-essentials/human-essentials/vendor/bundle/ruby/3.2.0/gems/rspec-core-3.12.2/lib/rspec/core/hooks.rb:614:in `run_example_hooks_for'
2024-03-11T04:22:11.4560391Z             # /home/runner/work/human-essentials/human-essentials/vendor/bundle/ruby/3.2.0/gems/rspec-core-3.12.2/lib/rspec/core/hooks.rb:485:in `run'
2024-03-11T04:22:11.4561987Z             # /home/runner/work/human-essentials/human-essentials/vendor/bundle/ruby/3.2.0/gems/rspec-core-3.12.2/lib/rspec/core/example.rb:518:in `run_after_example'
2024-03-11T04:22:11.4563637Z             # /home/runner/work/human-essentials/human-essentials/vendor/bundle/ruby/3.2.0/gems/rspec-core-3.12.2/lib/rspec/core/example.rb:283:in `block in run'
2024-03-11T04:22:11.4565468Z             # /home/runner/work/human-essentials/human-essentials/vendor/bundle/ruby/3.2.0/gems/rspec-core-3.12.2/lib/rspec/core/example.rb:511:in `block in with_around_and_singleton_context_hooks'
2024-03-11T04:22:11.4567420Z             # /home/runner/work/human-essentials/human-essentials/vendor/bundle/ruby/3.2.0/gems/rspec-core-3.12.2/lib/rspec/core/example.rb:468:in `block in with_around_example_hooks'
2024-03-11T04:22:11.4569148Z             # /home/runner/work/human-essentials/human-essentials/vendor/bundle/ruby/3.2.0/gems/rspec-core-3.12.2/lib/rspec/core/hooks.rb:486:in `block in run'
2024-03-11T04:22:11.4570897Z             # /home/runner/work/human-essentials/human-essentials/vendor/bundle/ruby/3.2.0/gems/rspec-core-3.12.2/lib/rspec/core/hooks.rb:626:in `block in run_around_example_hooks_for'
2024-03-11T04:22:11.4572762Z             # /home/runner/work/human-essentials/human-essentials/vendor/bundle/ruby/3.2.0/gems/rspec-core-3.12.2/lib/rspec/core/example.rb:352:in `call'
2024-03-11T04:22:11.4574685Z             # /home/runner/work/human-essentials/human-essentials/vendor/bundle/ruby/3.2.0/gems/rspec-rails-6.1.1/lib/rspec/rails/example/system_example_group.rb:166:in `block (2 levels) in <module:SystemExampleGroup>'
2024-03-11T04:22:11.4576764Z             # /home/runner/work/human-essentials/human-essentials/vendor/bundle/ruby/3.2.0/gems/rspec-core-3.12.2/lib/rspec/core/example.rb:457:in `instance_exec'
2024-03-11T04:22:11.4578381Z             # /home/runner/work/human-essentials/human-essentials/vendor/bundle/ruby/3.2.0/gems/rspec-core-3.12.2/lib/rspec/core/example.rb:457:in `instance_exec'
2024-03-11T04:22:11.4580002Z             # /home/runner/work/human-essentials/human-essentials/vendor/bundle/ruby/3.2.0/gems/rspec-core-3.12.2/lib/rspec/core/hooks.rb:390:in `execute_with'
2024-03-11T04:22:11.4581848Z             # /home/runner/work/human-essentials/human-essentials/vendor/bundle/ruby/3.2.0/gems/rspec-core-3.12.2/lib/rspec/core/hooks.rb:628:in `block (2 levels) in run_around_example_hooks_for'
2024-03-11T04:22:11.4583591Z             # /home/runner/work/human-essentials/human-essentials/vendor/bundle/ruby/3.2.0/gems/rspec-core-3.12.2/lib/rspec/core/example.rb:352:in `call'
2024-03-11T04:22:11.4585426Z             # /home/runner/work/human-essentials/human-essentials/vendor/bundle/ruby/3.2.0/gems/rspec-rails-6.1.1/lib/rspec/rails/adapters.rb:75:in `block (2 levels) in <module:MinitestLifecycleAdapter>'
2024-03-11T04:22:11.4587292Z             # /home/runner/work/human-essentials/human-essentials/vendor/bundle/ruby/3.2.0/gems/rspec-core-3.12.2/lib/rspec/core/example.rb:457:in `instance_exec'
2024-03-11T04:22:11.4588916Z             # /home/runner/work/human-essentials/human-essentials/vendor/bundle/ruby/3.2.0/gems/rspec-core-3.12.2/lib/rspec/core/example.rb:457:in `instance_exec'
2024-03-11T04:22:11.4590523Z             # /home/runner/work/human-essentials/human-essentials/vendor/bundle/ruby/3.2.0/gems/rspec-core-3.12.2/lib/rspec/core/hooks.rb:390:in `execute_with'
2024-03-11T04:22:11.4592314Z             # /home/runner/work/human-essentials/human-essentials/vendor/bundle/ruby/3.2.0/gems/rspec-core-3.12.2/lib/rspec/core/hooks.rb:628:in `block (2 levels) in run_around_example_hooks_for'
2024-03-11T04:22:11.4594049Z             # /home/runner/work/human-essentials/human-essentials/vendor/bundle/ruby/3.2.0/gems/rspec-core-3.12.2/lib/rspec/core/example.rb:352:in `call'
2024-03-11T04:22:11.4595709Z             # /home/runner/work/human-essentials/human-essentials/vendor/bundle/ruby/3.2.0/gems/webmock-3.23.0/lib/webmock/rspec.rb:39:in `block (2 levels) in <top (required)>'
2024-03-11T04:22:11.4597425Z             # /home/runner/work/human-essentials/human-essentials/vendor/bundle/ruby/3.2.0/gems/rspec-core-3.12.2/lib/rspec/core/example.rb:457:in `instance_exec'
2024-03-11T04:22:11.4599264Z             # /home/runner/work/human-essentials/human-essentials/vendor/bundle/ruby/3.2.0/gems/rspec-core-3.12.2/lib/rspec/core/example.rb:457:in `instance_exec'
2024-03-11T04:22:11.4600886Z             # /home/runner/work/human-essentials/human-essentials/vendor/bundle/ruby/3.2.0/gems/rspec-core-3.12.2/lib/rspec/core/hooks.rb:390:in `execute_with'
2024-03-11T04:22:11.4602694Z             # /home/runner/work/human-essentials/human-essentials/vendor/bundle/ruby/3.2.0/gems/rspec-core-3.12.2/lib/rspec/core/hooks.rb:628:in `block (2 levels) in run_around_example_hooks_for'
2024-03-11T04:22:11.4604439Z             # /home/runner/work/human-essentials/human-essentials/vendor/bundle/ruby/3.2.0/gems/rspec-core-3.12.2/lib/rspec/core/example.rb:352:in `call'
2024-03-11T04:22:11.4606241Z             # /home/runner/work/human-essentials/human-essentials/vendor/bundle/ruby/3.2.0/gems/knapsack_pro-7.0.0/lib/knapsack_pro/adapters/rspec_adapter.rb:103:in `block (2 levels) in ensure_no_focus!'
2024-03-11T04:22:11.4608236Z             # /home/runner/work/human-essentials/human-essentials/vendor/bundle/ruby/3.2.0/gems/rspec-core-3.12.2/lib/rspec/core/example.rb:457:in `instance_exec'
2024-03-11T04:22:11.4609857Z             # /home/runner/work/human-essentials/human-essentials/vendor/bundle/ruby/3.2.0/gems/rspec-core-3.12.2/lib/rspec/core/example.rb:457:in `instance_exec'
2024-03-11T04:22:11.4611620Z             # /home/runner/work/human-essentials/human-essentials/vendor/bundle/ruby/3.2.0/gems/rspec-core-3.12.2/lib/rspec/core/hooks.rb:390:in `execute_with'
2024-03-11T04:22:11.4613422Z             # /home/runner/work/human-essentials/human-essentials/vendor/bundle/ruby/3.2.0/gems/rspec-core-3.12.2/lib/rspec/core/hooks.rb:628:in `block (2 levels) in run_around_example_hooks_for'
2024-03-11T04:22:11.4615168Z             # /home/runner/work/human-essentials/human-essentials/vendor/bundle/ruby/3.2.0/gems/rspec-core-3.12.2/lib/rspec/core/example.rb:352:in `call'
2024-03-11T04:22:11.4616834Z             # /home/runner/work/human-essentials/human-essentials/vendor/bundle/ruby/3.2.0/gems/rspec-core-3.12.2/lib/rspec/core/hooks.rb:629:in `run_around_example_hooks_for'
2024-03-11T04:22:11.4618466Z             # /home/runner/work/human-essentials/human-essentials/vendor/bundle/ruby/3.2.0/gems/rspec-core-3.12.2/lib/rspec/core/hooks.rb:486:in `run'
2024-03-11T04:22:11.4620154Z             # /home/runner/work/human-essentials/human-essentials/vendor/bundle/ruby/3.2.0/gems/rspec-core-3.12.2/lib/rspec/core/example.rb:468:in `with_around_example_hooks'
2024-03-11T04:22:11.4622017Z             # /home/runner/work/human-essentials/human-essentials/vendor/bundle/ruby/3.2.0/gems/rspec-core-3.12.2/lib/rspec/core/example.rb:511:in `with_around_and_singleton_context_hooks'
2024-03-11T04:22:11.4623732Z             # /home/runner/work/human-essentials/human-essentials/vendor/bundle/ruby/3.2.0/gems/rspec-core-3.12.2/lib/rspec/core/example.rb:259:in `run'
2024-03-11T04:22:11.4625389Z             # /home/runner/work/human-essentials/human-essentials/vendor/bundle/ruby/3.2.0/gems/rspec-core-3.12.2/lib/rspec/core/example_group.rb:646:in `block in run_examples'
2024-03-11T04:22:11.4627089Z             # /home/runner/work/human-essentials/human-essentials/vendor/bundle/ruby/3.2.0/gems/rspec-core-3.12.2/lib/rspec/core/example_group.rb:642:in `map'
2024-03-11T04:22:11.4628741Z             # /home/runner/work/human-essentials/human-essentials/vendor/bundle/ruby/3.2.0/gems/rspec-core-3.12.2/lib/rspec/core/example_group.rb:642:in `run_examples'
2024-03-11T04:22:11.4630373Z             # /home/runner/work/human-essentials/human-essentials/vendor/bundle/ruby/3.2.0/gems/rspec-core-3.12.2/lib/rspec/core/example_group.rb:607:in `run'
2024-03-11T04:22:11.4632002Z             # /home/runner/work/human-essentials/human-essentials/vendor/bundle/ruby/3.2.0/gems/rspec-core-3.12.2/lib/rspec/core/example_group.rb:608:in `block in run'
2024-03-11T04:22:11.4633642Z             # /home/runner/work/human-essentials/human-essentials/vendor/bundle/ruby/3.2.0/gems/rspec-core-3.12.2/lib/rspec/core/example_group.rb:608:in `map'
2024-03-11T04:22:11.4635235Z             # /home/runner/work/human-essentials/human-essentials/vendor/bundle/ruby/3.2.0/gems/rspec-core-3.12.2/lib/rspec/core/example_group.rb:608:in `run'
2024-03-11T04:22:11.4636891Z             # /home/runner/work/human-essentials/human-essentials/vendor/bundle/ruby/3.2.0/gems/rspec-core-3.12.2/lib/rspec/core/example_group.rb:608:in `block in run'
2024-03-11T04:22:11.4638822Z             # /home/runner/work/human-essentials/human-essentials/vendor/bundle/ruby/3.2.0/gems/rspec-core-3.12.2/lib/rspec/core/example_group.rb:608:in `map'
2024-03-11T04:22:11.4640421Z             # /home/runner/work/human-essentials/human-essentials/vendor/bundle/ruby/3.2.0/gems/rspec-core-3.12.2/lib/rspec/core/example_group.rb:608:in `run'
2024-03-11T04:22:11.4642125Z             # /home/runner/work/human-essentials/human-essentials/vendor/bundle/ruby/3.2.0/gems/rspec-core-3.12.2/lib/rspec/core/runner.rb:121:in `block (3 levels) in run_specs'
2024-03-11T04:22:11.4643960Z             # /home/runner/work/human-essentials/human-essentials/vendor/bundle/ruby/3.2.0/gems/rspec-core-3.12.2/lib/rspec/core/runner.rb:121:in `map'
2024-03-11T04:22:11.4645609Z             # /home/runner/work/human-essentials/human-essentials/vendor/bundle/ruby/3.2.0/gems/rspec-core-3.12.2/lib/rspec/core/runner.rb:121:in `block (2 levels) in run_specs'
2024-03-11T04:22:11.4647519Z             # /home/runner/work/human-essentials/human-essentials/vendor/bundle/ruby/3.2.0/gems/rspec-core-3.12.2/lib/rspec/core/configuration.rb:2070:in `with_suite_hooks'
2024-03-11T04:22:11.4649246Z             # /home/runner/work/human-essentials/human-essentials/vendor/bundle/ruby/3.2.0/gems/rspec-core-3.12.2/lib/rspec/core/runner.rb:116:in `block in run_specs'
2024-03-11T04:22:11.4650871Z             # /home/runner/work/human-essentials/human-essentials/vendor/bundle/ruby/3.2.0/gems/rspec-core-3.12.2/lib/rspec/core/reporter.rb:74:in `report'
2024-03-11T04:22:11.4652442Z             # /home/runner/work/human-essentials/human-essentials/vendor/bundle/ruby/3.2.0/gems/rspec-core-3.12.2/lib/rspec/core/runner.rb:115:in `run_specs'
2024-03-11T04:22:11.4653975Z             # /home/runner/work/human-essentials/human-essentials/vendor/bundle/ruby/3.2.0/gems/rspec-core-3.12.2/lib/rspec/core/runner.rb:89:in `run'
2024-03-11T04:22:11.4655480Z             # /home/runner/work/human-essentials/human-essentials/vendor/bundle/ruby/3.2.0/gems/rspec-core-3.12.2/lib/rspec/core/runner.rb:71:in `run'
2024-03-11T04:22:11.4656988Z             # /home/runner/work/human-essentials/human-essentials/vendor/bundle/ruby/3.2.0/gems/rspec-core-3.12.2/lib/rspec/core/runner.rb:45:in `invoke'
2024-03-11T04:22:11.4658418Z             # /home/runner/work/human-essentials/human-essentials/vendor/bundle/ruby/3.2.0/gems/rspec-core-3.12.2/exe/rspec:4:in `<main>'
2024-03-11T04:22:11.4659211Z             # 
2024-03-11T04:22:11.4659589Z             #   Showing full backtrace because every line was filtered out.
2024-03-11T04:22:11.4660238Z             #   See docs for RSpec::Configuration#backtrace_exclusion_patterns and
2024-03-11T04:22:11.4660929Z             #   RSpec::Configuration#backtrace_inclusion_patterns for more information.
2024-03-11T04:22:11.4661365Z 
2024-03-11T04:22:11.4662010Z   22) Authentication Showing the modal warning in staging when accessing /users/password/new in the staging environment should render the modal
2024-03-11T04:22:11.4662919Z       Got 0 failures and 3 other errors:
2024-03-11T04:22:11.4663181Z 
2024-03-11T04:22:11.4663305Z       22.1) Failure/Error: visit path
2024-03-11T04:22:11.4663558Z 
2024-03-11T04:22:11.4663676Z             Ferrum::JavaScriptError:
2024-03-11T04:22:11.4664585Z               TypeError: Failed to resolve module specifier "cocoon-js-vanilla". Relative references must start with either "/", "./", or "../".
2024-03-11T04:22:11.4665615Z             # ./spec/system/log_in_system_spec.rb:29:in `block (5 levels) in <top (required)>'
2024-03-11T04:22:11.4666088Z 
2024-03-11T04:22:11.4666221Z       22.2) Failure/Error: @sock.write(data)
2024-03-11T04:22:11.4666493Z 
2024-03-11T04:22:11.4666616Z             Ferrum::JavaScriptError:
2024-03-11T04:22:11.4666997Z               ReferenceError: $ is not defined
2024-03-11T04:22:11.4667454Z                   at http://127.0.0.1:43085/users/password/new:129:5
2024-03-11T04:22:11.4668554Z             # /home/runner/work/human-essentials/human-essentials/vendor/bundle/ruby/3.2.0/gems/ferrum-0.14/lib/ferrum/browser/web_socket.rb:81:in `write'
2024-03-11T04:22:11.4670103Z             # /home/runner/work/human-essentials/human-essentials/vendor/bundle/ruby/3.2.0/gems/ferrum-0.14/lib/ferrum/browser/web_socket.rb:81:in `write'
2024-03-11T04:22:11.4671732Z             # /home/runner/work/human-essentials/human-essentials/vendor/bundle/ruby/3.2.0/gems/websocket-driver-0.7.6/lib/websocket/driver/hybi.rb:229:in `send_frame'
2024-03-11T04:22:11.4673408Z             # /home/runner/work/human-essentials/human-essentials/vendor/bundle/ruby/3.2.0/gems/websocket-driver-0.7.6/lib/websocket/driver/hybi.rb:187:in `frame'
2024-03-11T04:22:11.4675161Z             # /home/runner/work/human-essentials/human-essentials/vendor/bundle/ruby/3.2.0/gems/websocket-driver-0.7.6/lib/websocket/driver.rb:120:in `text'
2024-03-11T04:22:11.4676789Z             # /home/runner/work/human-essentials/human-essentials/vendor/bundle/ruby/3.2.0/gems/ferrum-0.14/lib/ferrum/browser/web_socket.rb:76:in `send_message'
2024-03-11T04:22:11.4678710Z             # /home/runner/work/human-essentials/human-essentials/vendor/bundle/ruby/3.2.0/gems/ferrum-0.14/lib/ferrum/browser/client.rb:41:in `command'
2024-03-11T04:22:11.4680195Z             # /home/runner/work/human-essentials/human-essentials/vendor/bundle/ruby/3.2.0/gems/ferrum-0.14/lib/ferrum/page.rb:269:in `command'
2024-03-11T04:22:11.4681878Z             # /home/runner/work/human-essentials/human-essentials/vendor/bundle/ruby/3.2.0/gems/ferrum-0.14/lib/ferrum/page/screenshot.rb:261:in `block (2 levels) in capture_screenshot'
2024-03-11T04:22:11.4683704Z             # /home/runner/work/human-essentials/human-essentials/vendor/bundle/ruby/3.2.0/gems/ferrum-0.14/lib/ferrum/page/screenshot.rb:284:in `with_background_color'
2024-03-11T04:22:11.4685460Z             # /home/runner/work/human-essentials/human-essentials/vendor/bundle/ruby/3.2.0/gems/ferrum-0.14/lib/ferrum/page/screenshot.rb:260:in `block in capture_screenshot'
2024-03-11T04:22:11.4687243Z             # /home/runner/work/human-essentials/human-essentials/vendor/bundle/ruby/3.2.0/gems/ferrum-0.14/lib/ferrum/page/screenshot.rb:272:in `maybe_resize_fullscreen'
2024-03-11T04:22:11.4688941Z             # /home/runner/work/human-essentials/human-essentials/vendor/bundle/ruby/3.2.0/gems/ferrum-0.14/lib/ferrum/page/screenshot.rb:259:in `capture_screenshot'
2024-03-11T04:22:11.4690570Z             # /home/runner/work/human-essentials/human-essentials/vendor/bundle/ruby/3.2.0/gems/ferrum-0.14/lib/ferrum/page/screenshot.rb:77:in `screenshot'
2024-03-11T04:22:11.4691733Z             # /opt/hostedtoolcache/Ruby/3.2.2/x64/lib/ruby/3.2.0/forwardable.rb:240:in `screenshot'
2024-03-11T04:22:11.4693051Z             # /home/runner/work/human-essentials/human-essentials/vendor/bundle/ruby/3.2.0/gems/cuprite-0.15/lib/capybara/cuprite/driver.rb:137:in `save_screenshot'
2024-03-11T04:22:11.4694762Z             # /home/runner/work/human-essentials/human-essentials/vendor/bundle/ruby/3.2.0/gems/capybara-3.40.0/lib/capybara/session.rb:748:in `block in save_screenshot'
2024-03-11T04:22:11.4696444Z             # /home/runner/work/human-essentials/human-essentials/vendor/bundle/ruby/3.2.0/gems/capybara-3.40.0/lib/capybara/session.rb:748:in `save_screenshot'
2024-03-11T04:22:11.4698276Z             # /home/runner/work/human-essentials/human-essentials/vendor/bundle/ruby/3.2.0/gems/actionpack-7.0.8/lib/action_dispatch/system_testing/test_helpers/screenshot_helper.rb:99:in `save_image'
2024-03-11T04:22:11.4700339Z             # /home/runner/work/human-essentials/human-essentials/vendor/bundle/ruby/3.2.0/gems/actionpack-7.0.8/lib/action_dispatch/system_testing/test_helpers/screenshot_helper.rb:36:in `take_screenshot'
2024-03-11T04:22:11.4702478Z             # /home/runner/work/human-essentials/human-essentials/vendor/bundle/ruby/3.2.0/gems/actionpack-7.0.8/lib/action_dispatch/system_testing/test_helpers/screenshot_helper.rb:45:in `take_failed_screenshot'
2024-03-11T04:22:11.4704753Z             # /home/runner/work/human-essentials/human-essentials/vendor/bundle/ruby/3.2.0/gems/actionpack-7.0.8/lib/action_dispatch/system_testing/test_helpers/setup_and_teardown.rb:8:in `before_teardown'
2024-03-11T04:22:11.4706702Z             # /home/runner/work/human-essentials/human-essentials/vendor/bundle/ruby/3.2.0/gems/rspec-rails-6.1.1/lib/rspec/rails/example/system_example_group.rb:156:in `call'
2024-03-11T04:22:11.4708760Z             # /home/runner/work/human-essentials/human-essentials/vendor/bundle/ruby/3.2.0/gems/rspec-rails-6.1.1/lib/rspec/rails/example/system_example_group.rb:156:in `block (2 levels) in <module:SystemExampleGroup>'
2024-03-11T04:22:11.4710889Z             # /home/runner/work/human-essentials/human-essentials/vendor/bundle/ruby/3.2.0/gems/rspec-core-3.12.2/lib/rspec/core/example.rb:457:in `instance_exec'
2024-03-11T04:22:11.4712511Z             # /home/runner/work/human-essentials/human-essentials/vendor/bundle/ruby/3.2.0/gems/rspec-core-3.12.2/lib/rspec/core/example.rb:457:in `instance_exec'
2024-03-11T04:22:11.4714210Z             # /home/runner/work/human-essentials/human-essentials/vendor/bundle/ruby/3.2.0/gems/rspec-core-3.12.2/lib/rspec/core/hooks.rb:372:in `run'
2024-03-11T04:22:11.4715865Z             # /home/runner/work/human-essentials/human-essentials/vendor/bundle/ruby/3.2.0/gems/rspec-core-3.12.2/lib/rspec/core/hooks.rb:529:in `block in run_owned_hooks_for'
2024-03-11T04:22:11.4717516Z             # /home/runner/work/human-essentials/human-essentials/vendor/bundle/ruby/3.2.0/gems/rspec-core-3.12.2/lib/rspec/core/hooks.rb:528:in `each'
2024-03-11T04:22:11.4719386Z             # /home/runner/work/human-essentials/human-essentials/vendor/bundle/ruby/3.2.0/gems/rspec-core-3.12.2/lib/rspec/core/hooks.rb:528:in `run_owned_hooks_for'
2024-03-11T04:22:11.4721184Z             # /home/runner/work/human-essentials/human-essentials/vendor/bundle/ruby/3.2.0/gems/rspec-core-3.12.2/lib/rspec/core/hooks.rb:615:in `block in run_example_hooks_for'
2024-03-11T04:22:11.4722846Z             # /home/runner/work/human-essentials/human-essentials/vendor/bundle/ruby/3.2.0/gems/rspec-core-3.12.2/lib/rspec/core/hooks.rb:614:in `each'
2024-03-11T04:22:11.4724459Z             # /home/runner/work/human-essentials/human-essentials/vendor/bundle/ruby/3.2.0/gems/rspec-core-3.12.2/lib/rspec/core/hooks.rb:614:in `run_example_hooks_for'
2024-03-11T04:22:11.4726052Z             # /home/runner/work/human-essentials/human-essentials/vendor/bundle/ruby/3.2.0/gems/rspec-core-3.12.2/lib/rspec/core/hooks.rb:485:in `run'
2024-03-11T04:22:11.4727642Z             # /home/runner/work/human-essentials/human-essentials/vendor/bundle/ruby/3.2.0/gems/rspec-core-3.12.2/lib/rspec/core/example.rb:518:in `run_after_example'
2024-03-11T04:22:11.4729300Z             # /home/runner/work/human-essentials/human-essentials/vendor/bundle/ruby/3.2.0/gems/rspec-core-3.12.2/lib/rspec/core/example.rb:283:in `block in run'
2024-03-11T04:22:11.4731137Z             # /home/runner/work/human-essentials/human-essentials/vendor/bundle/ruby/3.2.0/gems/rspec-core-3.12.2/lib/rspec/core/example.rb:511:in `block in with_around_and_singleton_context_hooks'
2024-03-11T04:22:11.4733089Z             # /home/runner/work/human-essentials/human-essentials/vendor/bundle/ruby/3.2.0/gems/rspec-core-3.12.2/lib/rspec/core/example.rb:468:in `block in with_around_example_hooks'
2024-03-11T04:22:11.4734818Z             # /home/runner/work/human-essentials/human-essentials/vendor/bundle/ruby/3.2.0/gems/rspec-core-3.12.2/lib/rspec/core/hooks.rb:486:in `block in run'
2024-03-11T04:22:11.4736568Z             # /home/runner/work/human-essentials/human-essentials/vendor/bundle/ruby/3.2.0/gems/rspec-core-3.12.2/lib/rspec/core/hooks.rb:626:in `block in run_around_example_hooks_for'
2024-03-11T04:22:11.4738264Z             # /home/runner/work/human-essentials/human-essentials/vendor/bundle/ruby/3.2.0/gems/rspec-core-3.12.2/lib/rspec/core/example.rb:352:in `call'
2024-03-11T04:22:11.4740189Z             # /home/runner/work/human-essentials/human-essentials/vendor/bundle/ruby/3.2.0/gems/rspec-rails-6.1.1/lib/rspec/rails/example/system_example_group.rb:166:in `block (2 levels) in <module:SystemExampleGroup>'
2024-03-11T04:22:11.4742149Z             # /home/runner/work/human-essentials/human-essentials/vendor/bundle/ruby/3.2.0/gems/rspec-core-3.12.2/lib/rspec/core/example.rb:457:in `instance_exec'
2024-03-11T04:22:11.4743770Z             # /home/runner/work/human-essentials/human-essentials/vendor/bundle/ruby/3.2.0/gems/rspec-core-3.12.2/lib/rspec/core/example.rb:457:in `instance_exec'
2024-03-11T04:22:11.4745372Z             # /home/runner/work/human-essentials/human-essentials/vendor/bundle/ruby/3.2.0/gems/rspec-core-3.12.2/lib/rspec/core/hooks.rb:390:in `execute_with'
2024-03-11T04:22:11.4747346Z             # /home/runner/work/human-essentials/human-essentials/vendor/bundle/ruby/3.2.0/gems/rspec-core-3.12.2/lib/rspec/core/hooks.rb:628:in `block (2 levels) in run_around_example_hooks_for'
2024-03-11T04:22:11.4749237Z             # /home/runner/work/human-essentials/human-essentials/vendor/bundle/ruby/3.2.0/gems/rspec-core-3.12.2/lib/rspec/core/example.rb:352:in `call'
2024-03-11T04:22:11.4751071Z             # /home/runner/work/human-essentials/human-essentials/vendor/bundle/ruby/3.2.0/gems/rspec-rails-6.1.1/lib/rspec/rails/adapters.rb:75:in `block (2 levels) in <module:MinitestLifecycleAdapter>'
2024-03-11T04:22:11.4752925Z             # /home/runner/work/human-essentials/human-essentials/vendor/bundle/ruby/3.2.0/gems/rspec-core-3.12.2/lib/rspec/core/example.rb:457:in `instance_exec'
2024-03-11T04:22:11.4754544Z             # /home/runner/work/human-essentials/human-essentials/vendor/bundle/ruby/3.2.0/gems/rspec-core-3.12.2/lib/rspec/core/example.rb:457:in `instance_exec'
2024-03-11T04:22:11.4756160Z             # /home/runner/work/human-essentials/human-essentials/vendor/bundle/ruby/3.2.0/gems/rspec-core-3.12.2/lib/rspec/core/hooks.rb:390:in `execute_with'
2024-03-11T04:22:11.4758261Z             # /home/runner/work/human-essentials/human-essentials/vendor/bundle/ruby/3.2.0/gems/rspec-core-3.12.2/lib/rspec/core/hooks.rb:628:in `block (2 levels) in run_around_example_hooks_for'
2024-03-11T04:22:11.4760053Z             # /home/runner/work/human-essentials/human-essentials/vendor/bundle/ruby/3.2.0/gems/rspec-core-3.12.2/lib/rspec/core/example.rb:352:in `call'
2024-03-11T04:22:11.4761715Z             # /home/runner/work/human-essentials/human-essentials/vendor/bundle/ruby/3.2.0/gems/webmock-3.23.0/lib/webmock/rspec.rb:39:in `block (2 levels) in <top (required)>'
2024-03-11T04:22:11.4763426Z             # /home/runner/work/human-essentials/human-essentials/vendor/bundle/ruby/3.2.0/gems/rspec-core-3.12.2/lib/rspec/core/example.rb:457:in `instance_exec'
2024-03-11T04:22:11.4765058Z             # /home/runner/work/human-essentials/human-essentials/vendor/bundle/ruby/3.2.0/gems/rspec-core-3.12.2/lib/rspec/core/example.rb:457:in `instance_exec'
2024-03-11T04:22:11.4766680Z             # /home/runner/work/human-essentials/human-essentials/vendor/bundle/ruby/3.2.0/gems/rspec-core-3.12.2/lib/rspec/core/hooks.rb:390:in `execute_with'
2024-03-11T04:22:11.4768492Z             # /home/runner/work/human-essentials/human-essentials/vendor/bundle/ruby/3.2.0/gems/rspec-core-3.12.2/lib/rspec/core/hooks.rb:628:in `block (2 levels) in run_around_example_hooks_for'
2024-03-11T04:22:11.4770247Z             # /home/runner/work/human-essentials/human-essentials/vendor/bundle/ruby/3.2.0/gems/rspec-core-3.12.2/lib/rspec/core/example.rb:352:in `call'
2024-03-11T04:22:11.4772057Z             # /home/runner/work/human-essentials/human-essentials/vendor/bundle/ruby/3.2.0/gems/knapsack_pro-7.0.0/lib/knapsack_pro/adapters/rspec_adapter.rb:103:in `block (2 levels) in ensure_no_focus!'
2024-03-11T04:22:11.4773900Z             # /home/runner/work/human-essentials/human-essentials/vendor/bundle/ruby/3.2.0/gems/rspec-core-3.12.2/lib/rspec/core/example.rb:457:in `instance_exec'
2024-03-11T04:22:11.4775525Z             # /home/runner/work/human-essentials/human-essentials/vendor/bundle/ruby/3.2.0/gems/rspec-core-3.12.2/lib/rspec/core/example.rb:457:in `instance_exec'
2024-03-11T04:22:11.4777136Z             # /home/runner/work/human-essentials/human-essentials/vendor/bundle/ruby/3.2.0/gems/rspec-core-3.12.2/lib/rspec/core/hooks.rb:390:in `execute_with'
2024-03-11T04:22:11.4778936Z             # /home/runner/work/human-essentials/human-essentials/vendor/bundle/ruby/3.2.0/gems/rspec-core-3.12.2/lib/rspec/core/hooks.rb:628:in `block (2 levels) in run_around_example_hooks_for'
2024-03-11T04:22:11.4780676Z             # /home/runner/work/human-essentials/human-essentials/vendor/bundle/ruby/3.2.0/gems/rspec-core-3.12.2/lib/rspec/core/example.rb:352:in `call'
2024-03-11T04:22:11.4782553Z             # /home/runner/work/human-essentials/human-essentials/vendor/bundle/ruby/3.2.0/gems/rspec-core-3.12.2/lib/rspec/core/hooks.rb:629:in `run_around_example_hooks_for'
2024-03-11T04:22:11.4784201Z             # /home/runner/work/human-essentials/human-essentials/vendor/bundle/ruby/3.2.0/gems/rspec-core-3.12.2/lib/rspec/core/hooks.rb:486:in `run'
2024-03-11T04:22:11.4785984Z             # /home/runner/work/human-essentials/human-essentials/vendor/bundle/ruby/3.2.0/gems/rspec-core-3.12.2/lib/rspec/core/example.rb:468:in `with_around_example_hooks'
2024-03-11T04:22:11.4787840Z             # /home/runner/work/human-essentials/human-essentials/vendor/bundle/ruby/3.2.0/gems/rspec-core-3.12.2/lib/rspec/core/example.rb:511:in `with_around_and_singleton_context_hooks'
2024-03-11T04:22:11.4789558Z             # /home/runner/work/human-essentials/human-essentials/vendor/bundle/ruby/3.2.0/gems/rspec-core-3.12.2/lib/rspec/core/example.rb:259:in `run'
2024-03-11T04:22:11.4791226Z             # /home/runner/work/human-essentials/human-essentials/vendor/bundle/ruby/3.2.0/gems/rspec-core-3.12.2/lib/rspec/core/example_group.rb:646:in `block in run_examples'
2024-03-11T04:22:11.4792924Z             # /home/runner/work/human-essentials/human-essentials/vendor/bundle/ruby/3.2.0/gems/rspec-core-3.12.2/lib/rspec/core/example_group.rb:642:in `map'
2024-03-11T04:22:11.4794571Z             # /home/runner/work/human-essentials/human-essentials/vendor/bundle/ruby/3.2.0/gems/rspec-core-3.12.2/lib/rspec/core/example_group.rb:642:in `run_examples'
2024-03-11T04:22:11.4796201Z             # /home/runner/work/human-essentials/human-essentials/vendor/bundle/ruby/3.2.0/gems/rspec-core-3.12.2/lib/rspec/core/example_group.rb:607:in `run'
2024-03-11T04:22:11.4798062Z             # /home/runner/work/human-essentials/human-essentials/vendor/bundle/ruby/3.2.0/gems/rspec-core-3.12.2/lib/rspec/core/example_group.rb:608:in `block in run'
2024-03-11T04:22:11.4799718Z             # /home/runner/work/human-essentials/human-essentials/vendor/bundle/ruby/3.2.0/gems/rspec-core-3.12.2/lib/rspec/core/example_group.rb:608:in `map'
2024-03-11T04:22:11.4801310Z             # /home/runner/work/human-essentials/human-essentials/vendor/bundle/ruby/3.2.0/gems/rspec-core-3.12.2/lib/rspec/core/example_group.rb:608:in `run'
2024-03-11T04:22:11.4802960Z             # /home/runner/work/human-essentials/human-essentials/vendor/bundle/ruby/3.2.0/gems/rspec-core-3.12.2/lib/rspec/core/example_group.rb:608:in `block in run'
2024-03-11T04:22:11.4804595Z             # /home/runner/work/human-essentials/human-essentials/vendor/bundle/ruby/3.2.0/gems/rspec-core-3.12.2/lib/rspec/core/example_group.rb:608:in `map'
2024-03-11T04:22:11.4806181Z             # /home/runner/work/human-essentials/human-essentials/vendor/bundle/ruby/3.2.0/gems/rspec-core-3.12.2/lib/rspec/core/example_group.rb:608:in `run'
2024-03-11T04:22:11.4807877Z             # /home/runner/work/human-essentials/human-essentials/vendor/bundle/ruby/3.2.0/gems/rspec-core-3.12.2/lib/rspec/core/runner.rb:121:in `block (3 levels) in run_specs'
2024-03-11T04:22:11.4809529Z             # /home/runner/work/human-essentials/human-essentials/vendor/bundle/ruby/3.2.0/gems/rspec-core-3.12.2/lib/rspec/core/runner.rb:121:in `map'
2024-03-11T04:22:11.4811189Z             # /home/runner/work/human-essentials/human-essentials/vendor/bundle/ruby/3.2.0/gems/rspec-core-3.12.2/lib/rspec/core/runner.rb:121:in `block (2 levels) in run_specs'
2024-03-11T04:22:11.4812980Z             # /home/runner/work/human-essentials/human-essentials/vendor/bundle/ruby/3.2.0/gems/rspec-core-3.12.2/lib/rspec/core/configuration.rb:2070:in `with_suite_hooks'
2024-03-11T04:22:11.4814698Z             # /home/runner/work/human-essentials/human-essentials/vendor/bundle/ruby/3.2.0/gems/rspec-core-3.12.2/lib/rspec/core/runner.rb:116:in `block in run_specs'
2024-03-11T04:22:11.4816319Z             # /home/runner/work/human-essentials/human-essentials/vendor/bundle/ruby/3.2.0/gems/rspec-core-3.12.2/lib/rspec/core/reporter.rb:74:in `report'
2024-03-11T04:22:11.4818053Z             # /home/runner/work/human-essentials/human-essentials/vendor/bundle/ruby/3.2.0/gems/rspec-core-3.12.2/lib/rspec/core/runner.rb:115:in `run_specs'
2024-03-11T04:22:11.4819578Z             # /home/runner/work/human-essentials/human-essentials/vendor/bundle/ruby/3.2.0/gems/rspec-core-3.12.2/lib/rspec/core/runner.rb:89:in `run'
2024-03-11T04:22:11.4821244Z             # /home/runner/work/human-essentials/human-essentials/vendor/bundle/ruby/3.2.0/gems/rspec-core-3.12.2/lib/rspec/core/runner.rb:71:in `run'
2024-03-11T04:22:11.4822745Z             # /home/runner/work/human-essentials/human-essentials/vendor/bundle/ruby/3.2.0/gems/rspec-core-3.12.2/lib/rspec/core/runner.rb:45:in `invoke'
2024-03-11T04:22:11.4824172Z             # /home/runner/work/human-essentials/human-essentials/vendor/bundle/ruby/3.2.0/gems/rspec-core-3.12.2/exe/rspec:4:in `<main>'
2024-03-11T04:22:11.4824965Z             # 
2024-03-11T04:22:11.4825333Z             #   Showing full backtrace because every line was filtered out.
2024-03-11T04:22:11.4825981Z             #   See docs for RSpec::Configuration#backtrace_exclusion_patterns and
2024-03-11T04:22:11.4826669Z             #   RSpec::Configuration#backtrace_inclusion_patterns for more information.
2024-03-11T04:22:11.4827118Z 
2024-03-11T04:22:11.4827326Z       22.3) Failure/Error: @__Condition__.wait @__Lock__, timeout
2024-03-11T04:22:11.4827681Z 
2024-03-11T04:22:11.4827798Z             Ferrum::JavaScriptError:
2024-03-11T04:22:11.4828176Z               ReferenceError: $ is not defined
2024-03-11T04:22:11.4828635Z                   at http://127.0.0.1:43085/users/password/new:191:3
2024-03-11T04:22:11.4830039Z             # /home/runner/work/human-essentials/human-essentials/vendor/bundle/ruby/3.2.0/gems/concurrent-ruby-1.2.3/lib/concurrent-ruby/concurrent/synchronization/mutex_lockable_object.rb:53:in `sleep'
2024-03-11T04:22:11.4832171Z             # /home/runner/work/human-essentials/human-essentials/vendor/bundle/ruby/3.2.0/gems/concurrent-ruby-1.2.3/lib/concurrent-ruby/concurrent/synchronization/mutex_lockable_object.rb:53:in `wait'
2024-03-11T04:22:11.4834315Z             # /home/runner/work/human-essentials/human-essentials/vendor/bundle/ruby/3.2.0/gems/concurrent-ruby-1.2.3/lib/concurrent-ruby/concurrent/synchronization/mutex_lockable_object.rb:53:in `ns_wait'
2024-03-11T04:22:11.4836569Z             # /home/runner/work/human-essentials/human-essentials/vendor/bundle/ruby/3.2.0/gems/concurrent-ruby-1.2.3/lib/concurrent-ruby/concurrent/synchronization/abstract_lockable_object.rb:44:in `block in ns_wait_until'
2024-03-11T04:22:11.4839113Z             # /home/runner/work/human-essentials/human-essentials/vendor/bundle/ruby/3.2.0/gems/concurrent-ruby-1.2.3/lib/concurrent-ruby/concurrent/synchronization/abstract_lockable_object.rb:40:in `loop'
2024-03-11T04:22:11.4841318Z             # /home/runner/work/human-essentials/human-essentials/vendor/bundle/ruby/3.2.0/gems/concurrent-ruby-1.2.3/lib/concurrent-ruby/concurrent/synchronization/abstract_lockable_object.rb:40:in `ns_wait_until'
2024-03-11T04:22:11.4843403Z             # /home/runner/work/human-essentials/human-essentials/vendor/bundle/ruby/3.2.0/gems/concurrent-ruby-1.2.3/lib/concurrent-ruby/concurrent/atomic/event.rb:87:in `block in wait'
2024-03-11T04:22:11.4845514Z             # /home/runner/work/human-essentials/human-essentials/vendor/bundle/ruby/3.2.0/gems/concurrent-ruby-1.2.3/lib/concurrent-ruby/concurrent/synchronization/mutex_lockable_object.rb:48:in `block in synchronize'
2024-03-11T04:22:11.4847762Z             # /home/runner/work/human-essentials/human-essentials/vendor/bundle/ruby/3.2.0/gems/concurrent-ruby-1.2.3/lib/concurrent-ruby/concurrent/synchronization/mutex_lockable_object.rb:48:in `synchronize'
2024-03-11T04:22:11.4849944Z             # /home/runner/work/human-essentials/human-essentials/vendor/bundle/ruby/3.2.0/gems/concurrent-ruby-1.2.3/lib/concurrent-ruby/concurrent/synchronization/mutex_lockable_object.rb:48:in `synchronize'
2024-03-11T04:22:11.4851929Z             # /home/runner/work/human-essentials/human-essentials/vendor/bundle/ruby/3.2.0/gems/concurrent-ruby-1.2.3/lib/concurrent-ruby/concurrent/atomic/event.rb:84:in `wait'
2024-03-11T04:22:11.4853951Z             # /home/runner/work/human-essentials/human-essentials/vendor/bundle/ruby/3.2.0/gems/concurrent-ruby-1.2.3/lib/concurrent-ruby/concurrent/concern/obligation.rb:75:in `wait'
2024-03-11T04:22:11.4855977Z             # /home/runner/work/human-essentials/human-essentials/vendor/bundle/ruby/3.2.0/gems/concurrent-ruby-1.2.3/lib/concurrent-ruby/concurrent/concern/obligation.rb:99:in `value!'
2024-03-11T04:22:11.4857682Z             # /home/runner/work/human-essentials/human-essentials/vendor/bundle/ruby/3.2.0/gems/ferrum-0.14/lib/ferrum/browser/client.rb:42:in `command'
2024-03-11T04:22:11.4859142Z             # /home/runner/work/human-essentials/human-essentials/vendor/bundle/ruby/3.2.0/gems/ferrum-0.14/lib/ferrum/page.rb:269:in `command'
2024-03-11T04:22:11.4860645Z             # /home/runner/work/human-essentials/human-essentials/vendor/bundle/ruby/3.2.0/gems/ferrum-0.14/lib/ferrum/frame/runtime.rb:118:in `block in call'
2024-03-11T04:22:11.4862203Z             # /home/runner/work/human-essentials/human-essentials/vendor/bundle/ruby/3.2.0/gems/ferrum-0.14/lib/ferrum/utils/attempt.rb:10:in `with_retry'
2024-03-11T04:22:11.4863710Z             # /home/runner/work/human-essentials/human-essentials/vendor/bundle/ruby/3.2.0/gems/ferrum-0.14/lib/ferrum/frame/runtime.rb:105:in `call'
2024-03-11T04:22:11.4865206Z             # /home/runner/work/human-essentials/human-essentials/vendor/bundle/ruby/3.2.0/gems/ferrum-0.14/lib/ferrum/frame/runtime.rb:33:in `evaluate'
2024-03-11T04:22:11.4866715Z             # /home/runner/work/human-essentials/human-essentials/vendor/bundle/ruby/3.2.0/gems/ferrum-0.14/lib/ferrum/frame/dom.rb:63:in `current_url'
2024-03-11T04:22:11.4867856Z             # /opt/hostedtoolcache/Ruby/3.2.2/x64/lib/ruby/3.2.0/forwardable.rb:240:in `current_url'
2024-03-11T04:22:11.4868708Z             # /opt/hostedtoolcache/Ruby/3.2.2/x64/lib/ruby/3.2.0/forwardable.rb:240:in `current_url'
2024-03-11T04:22:11.4869555Z             # /opt/hostedtoolcache/Ruby/3.2.2/x64/lib/ruby/3.2.0/forwardable.rb:240:in `current_url'
2024-03-11T04:22:11.4870825Z             # /home/runner/work/human-essentials/human-essentials/vendor/bundle/ruby/3.2.0/gems/capybara-3.40.0/lib/capybara/session.rb:232:in `current_url'
2024-03-11T04:22:11.4872632Z             # /home/runner/work/human-essentials/human-essentials/vendor/bundle/ruby/3.2.0/gems/capybara-screenshot-1.0.26/lib/capybara-screenshot/rspec.rb:56:in `block in after_failed_example'
2024-03-11T04:22:11.4874379Z             # /home/runner/work/human-essentials/human-essentials/vendor/bundle/ruby/3.2.0/gems/capybara-3.40.0/lib/capybara.rb:374:in `using_session'
2024-03-11T04:22:11.4876063Z             # /home/runner/work/human-essentials/human-essentials/vendor/bundle/ruby/3.2.0/gems/capybara-screenshot-1.0.26/lib/capybara-screenshot/capybara.rb:7:in `using_session'
2024-03-11T04:22:11.4878161Z             # /home/runner/work/human-essentials/human-essentials/vendor/bundle/ruby/3.2.0/gems/capybara-screenshot-1.0.26/lib/capybara-screenshot/rspec.rb:55:in `after_failed_example'
2024-03-11T04:22:11.4880176Z             # /home/runner/work/human-essentials/human-essentials/vendor/bundle/ruby/3.2.0/gems/capybara-screenshot-1.0.26/lib/capybara-screenshot/rspec.rb:99:in `block (2 levels) in <top (required)>'
2024-03-11T04:22:11.4882031Z             # /home/runner/work/human-essentials/human-essentials/vendor/bundle/ruby/3.2.0/gems/rspec-core-3.12.2/lib/rspec/core/example.rb:457:in `instance_exec'
2024-03-11T04:22:11.4883661Z             # /home/runner/work/human-essentials/human-essentials/vendor/bundle/ruby/3.2.0/gems/rspec-core-3.12.2/lib/rspec/core/example.rb:457:in `instance_exec'
2024-03-11T04:22:11.4885211Z             # /home/runner/work/human-essentials/human-essentials/vendor/bundle/ruby/3.2.0/gems/rspec-core-3.12.2/lib/rspec/core/hooks.rb:372:in `run'
2024-03-11T04:22:11.4886861Z             # /home/runner/work/human-essentials/human-essentials/vendor/bundle/ruby/3.2.0/gems/rspec-core-3.12.2/lib/rspec/core/hooks.rb:529:in `block in run_owned_hooks_for'
2024-03-11T04:22:11.4888690Z             # /home/runner/work/human-essentials/human-essentials/vendor/bundle/ruby/3.2.0/gems/rspec-core-3.12.2/lib/rspec/core/hooks.rb:528:in `each'
2024-03-11T04:22:11.4890440Z             # /home/runner/work/human-essentials/human-essentials/vendor/bundle/ruby/3.2.0/gems/rspec-core-3.12.2/lib/rspec/core/hooks.rb:528:in `run_owned_hooks_for'
2024-03-11T04:22:11.4892200Z             # /home/runner/work/human-essentials/human-essentials/vendor/bundle/ruby/3.2.0/gems/rspec-core-3.12.2/lib/rspec/core/hooks.rb:615:in `block in run_example_hooks_for'
2024-03-11T04:22:11.4893840Z             # /home/runner/work/human-essentials/human-essentials/vendor/bundle/ruby/3.2.0/gems/rspec-core-3.12.2/lib/rspec/core/hooks.rb:614:in `each'
2024-03-11T04:22:11.4895440Z             # /home/runner/work/human-essentials/human-essentials/vendor/bundle/ruby/3.2.0/gems/rspec-core-3.12.2/lib/rspec/core/hooks.rb:614:in `run_example_hooks_for'
2024-03-11T04:22:11.4897035Z             # /home/runner/work/human-essentials/human-essentials/vendor/bundle/ruby/3.2.0/gems/rspec-core-3.12.2/lib/rspec/core/hooks.rb:485:in `run'
2024-03-11T04:22:11.4898630Z             # /home/runner/work/human-essentials/human-essentials/vendor/bundle/ruby/3.2.0/gems/rspec-core-3.12.2/lib/rspec/core/example.rb:518:in `run_after_example'
2024-03-11T04:22:11.4900284Z             # /home/runner/work/human-essentials/human-essentials/vendor/bundle/ruby/3.2.0/gems/rspec-core-3.12.2/lib/rspec/core/example.rb:283:in `block in run'
2024-03-11T04:22:11.4902094Z             # /home/runner/work/human-essentials/human-essentials/vendor/bundle/ruby/3.2.0/gems/rspec-core-3.12.2/lib/rspec/core/example.rb:511:in `block in with_around_and_singleton_context_hooks'
2024-03-11T04:22:11.4904048Z             # /home/runner/work/human-essentials/human-essentials/vendor/bundle/ruby/3.2.0/gems/rspec-core-3.12.2/lib/rspec/core/example.rb:468:in `block in with_around_example_hooks'
2024-03-11T04:22:11.4905797Z             # /home/runner/work/human-essentials/human-essentials/vendor/bundle/ruby/3.2.0/gems/rspec-core-3.12.2/lib/rspec/core/hooks.rb:486:in `block in run'
2024-03-11T04:22:11.4907562Z             # /home/runner/work/human-essentials/human-essentials/vendor/bundle/ruby/3.2.0/gems/rspec-core-3.12.2/lib/rspec/core/hooks.rb:626:in `block in run_around_example_hooks_for'
2024-03-11T04:22:11.4909262Z             # /home/runner/work/human-essentials/human-essentials/vendor/bundle/ruby/3.2.0/gems/rspec-core-3.12.2/lib/rspec/core/example.rb:352:in `call'
2024-03-11T04:22:11.4911183Z             # /home/runner/work/human-essentials/human-essentials/vendor/bundle/ruby/3.2.0/gems/rspec-rails-6.1.1/lib/rspec/rails/example/system_example_group.rb:166:in `block (2 levels) in <module:SystemExampleGroup>'
2024-03-11T04:22:11.4913136Z             # /home/runner/work/human-essentials/human-essentials/vendor/bundle/ruby/3.2.0/gems/rspec-core-3.12.2/lib/rspec/core/example.rb:457:in `instance_exec'
2024-03-11T04:22:11.4914769Z             # /home/runner/work/human-essentials/human-essentials/vendor/bundle/ruby/3.2.0/gems/rspec-core-3.12.2/lib/rspec/core/example.rb:457:in `instance_exec'
2024-03-11T04:22:11.4916384Z             # /home/runner/work/human-essentials/human-essentials/vendor/bundle/ruby/3.2.0/gems/rspec-core-3.12.2/lib/rspec/core/hooks.rb:390:in `execute_with'
2024-03-11T04:22:11.4918460Z             # /home/runner/work/human-essentials/human-essentials/vendor/bundle/ruby/3.2.0/gems/rspec-core-3.12.2/lib/rspec/core/hooks.rb:628:in `block (2 levels) in run_around_example_hooks_for'
2024-03-11T04:22:11.4920249Z             # /home/runner/work/human-essentials/human-essentials/vendor/bundle/ruby/3.2.0/gems/rspec-core-3.12.2/lib/rspec/core/example.rb:352:in `call'
2024-03-11T04:22:11.4922088Z             # /home/runner/work/human-essentials/human-essentials/vendor/bundle/ruby/3.2.0/gems/rspec-rails-6.1.1/lib/rspec/rails/adapters.rb:75:in `block (2 levels) in <module:MinitestLifecycleAdapter>'
2024-03-11T04:22:11.4924149Z             # /home/runner/work/human-essentials/human-essentials/vendor/bundle/ruby/3.2.0/gems/rspec-core-3.12.2/lib/rspec/core/example.rb:457:in `instance_exec'
2024-03-11T04:22:11.4925786Z             # /home/runner/work/human-essentials/human-essentials/vendor/bundle/ruby/3.2.0/gems/rspec-core-3.12.2/lib/rspec/core/example.rb:457:in `instance_exec'
2024-03-11T04:22:11.4927541Z             # /home/runner/work/human-essentials/human-essentials/vendor/bundle/ruby/3.2.0/gems/rspec-core-3.12.2/lib/rspec/core/hooks.rb:390:in `execute_with'
2024-03-11T04:22:11.4929341Z             # /home/runner/work/human-essentials/human-essentials/vendor/bundle/ruby/3.2.0/gems/rspec-core-3.12.2/lib/rspec/core/hooks.rb:628:in `block (2 levels) in run_around_example_hooks_for'
2024-03-11T04:22:11.4931083Z             # /home/runner/work/human-essentials/human-essentials/vendor/bundle/ruby/3.2.0/gems/rspec-core-3.12.2/lib/rspec/core/example.rb:352:in `call'
2024-03-11T04:22:11.4932756Z             # /home/runner/work/human-essentials/human-essentials/vendor/bundle/ruby/3.2.0/gems/webmock-3.23.0/lib/webmock/rspec.rb:39:in `block (2 levels) in <top (required)>'
2024-03-11T04:22:11.4934467Z             # /home/runner/work/human-essentials/human-essentials/vendor/bundle/ruby/3.2.0/gems/rspec-core-3.12.2/lib/rspec/core/example.rb:457:in `instance_exec'
2024-03-11T04:22:11.4936088Z             # /home/runner/work/human-essentials/human-essentials/vendor/bundle/ruby/3.2.0/gems/rspec-core-3.12.2/lib/rspec/core/example.rb:457:in `instance_exec'
2024-03-11T04:22:11.4937706Z             # /home/runner/work/human-essentials/human-essentials/vendor/bundle/ruby/3.2.0/gems/rspec-core-3.12.2/lib/rspec/core/hooks.rb:390:in `execute_with'
2024-03-11T04:22:11.4939504Z             # /home/runner/work/human-essentials/human-essentials/vendor/bundle/ruby/3.2.0/gems/rspec-core-3.12.2/lib/rspec/core/hooks.rb:628:in `block (2 levels) in run_around_example_hooks_for'
2024-03-11T04:22:11.4941256Z             # /home/runner/work/human-essentials/human-essentials/vendor/bundle/ruby/3.2.0/gems/rspec-core-3.12.2/lib/rspec/core/example.rb:352:in `call'
2024-03-11T04:22:11.4943064Z             # /home/runner/work/human-essentials/human-essentials/vendor/bundle/ruby/3.2.0/gems/knapsack_pro-7.0.0/lib/knapsack_pro/adapters/rspec_adapter.rb:103:in `block (2 levels) in ensure_no_focus!'
2024-03-11T04:22:11.4944907Z             # /home/runner/work/human-essentials/human-essentials/vendor/bundle/ruby/3.2.0/gems/rspec-core-3.12.2/lib/rspec/core/example.rb:457:in `instance_exec'
2024-03-11T04:22:11.4946537Z             # /home/runner/work/human-essentials/human-essentials/vendor/bundle/ruby/3.2.0/gems/rspec-core-3.12.2/lib/rspec/core/example.rb:457:in `instance_exec'
2024-03-11T04:22:11.4948142Z             # /home/runner/work/human-essentials/human-essentials/vendor/bundle/ruby/3.2.0/gems/rspec-core-3.12.2/lib/rspec/core/hooks.rb:390:in `execute_with'
2024-03-11T04:22:11.4949940Z             # /home/runner/work/human-essentials/human-essentials/vendor/bundle/ruby/3.2.0/gems/rspec-core-3.12.2/lib/rspec/core/hooks.rb:628:in `block (2 levels) in run_around_example_hooks_for'
2024-03-11T04:22:11.4951684Z             # /home/runner/work/human-essentials/human-essentials/vendor/bundle/ruby/3.2.0/gems/rspec-core-3.12.2/lib/rspec/core/example.rb:352:in `call'
2024-03-11T04:22:11.4953347Z             # /home/runner/work/human-essentials/human-essentials/vendor/bundle/ruby/3.2.0/gems/rspec-core-3.12.2/lib/rspec/core/hooks.rb:629:in `run_around_example_hooks_for'
2024-03-11T04:22:11.4954985Z             # /home/runner/work/human-essentials/human-essentials/vendor/bundle/ruby/3.2.0/gems/rspec-core-3.12.2/lib/rspec/core/hooks.rb:486:in `run'
2024-03-11T04:22:11.4956633Z             # /home/runner/work/human-essentials/human-essentials/vendor/bundle/ruby/3.2.0/gems/rspec-core-3.12.2/lib/rspec/core/example.rb:468:in `with_around_example_hooks'
2024-03-11T04:22:11.4958908Z             # /home/runner/work/human-essentials/human-essentials/vendor/bundle/ruby/3.2.0/gems/rspec-core-3.12.2/lib/rspec/core/example.rb:511:in `with_around_and_singleton_context_hooks'
2024-03-11T04:22:11.4960832Z             # /home/runner/work/human-essentials/human-essentials/vendor/bundle/ruby/3.2.0/gems/rspec-core-3.12.2/lib/rspec/core/example.rb:259:in `run'
2024-03-11T04:22:11.4962651Z             # /home/runner/work/human-essentials/human-essentials/vendor/bundle/ruby/3.2.0/gems/rspec-core-3.12.2/lib/rspec/core/example_group.rb:646:in `block in run_examples'
2024-03-11T04:22:11.4964361Z             # /home/runner/work/human-essentials/human-essentials/vendor/bundle/ruby/3.2.0/gems/rspec-core-3.12.2/lib/rspec/core/example_group.rb:642:in `map'
2024-03-11T04:22:11.4966009Z             # /home/runner/work/human-essentials/human-essentials/vendor/bundle/ruby/3.2.0/gems/rspec-core-3.12.2/lib/rspec/core/example_group.rb:642:in `run_examples'
2024-03-11T04:22:11.4967656Z             # /home/runner/work/human-essentials/human-essentials/vendor/bundle/ruby/3.2.0/gems/rspec-core-3.12.2/lib/rspec/core/example_group.rb:607:in `run'
2024-03-11T04:22:11.4969297Z             # /home/runner/work/human-essentials/human-essentials/vendor/bundle/ruby/3.2.0/gems/rspec-core-3.12.2/lib/rspec/core/example_group.rb:608:in `block in run'
2024-03-11T04:22:11.4970942Z             # /home/runner/work/human-essentials/human-essentials/vendor/bundle/ruby/3.2.0/gems/rspec-core-3.12.2/lib/rspec/core/example_group.rb:608:in `map'
2024-03-11T04:22:11.4972533Z             # /home/runner/work/human-essentials/human-essentials/vendor/bundle/ruby/3.2.0/gems/rspec-core-3.12.2/lib/rspec/core/example_group.rb:608:in `run'
2024-03-11T04:22:11.4974173Z             # /home/runner/work/human-essentials/human-essentials/vendor/bundle/ruby/3.2.0/gems/rspec-core-3.12.2/lib/rspec/core/example_group.rb:608:in `block in run'
2024-03-11T04:22:11.4975808Z             # /home/runner/work/human-essentials/human-essentials/vendor/bundle/ruby/3.2.0/gems/rspec-core-3.12.2/lib/rspec/core/example_group.rb:608:in `map'
2024-03-11T04:22:11.4977393Z             # /home/runner/work/human-essentials/human-essentials/vendor/bundle/ruby/3.2.0/gems/rspec-core-3.12.2/lib/rspec/core/example_group.rb:608:in `run'
2024-03-11T04:22:11.4979095Z             # /home/runner/work/human-essentials/human-essentials/vendor/bundle/ruby/3.2.0/gems/rspec-core-3.12.2/lib/rspec/core/runner.rb:121:in `block (3 levels) in run_specs'
2024-03-11T04:22:11.4980758Z             # /home/runner/work/human-essentials/human-essentials/vendor/bundle/ruby/3.2.0/gems/rspec-core-3.12.2/lib/rspec/core/runner.rb:121:in `map'
2024-03-11T04:22:11.4982421Z             # /home/runner/work/human-essentials/human-essentials/vendor/bundle/ruby/3.2.0/gems/rspec-core-3.12.2/lib/rspec/core/runner.rb:121:in `block (2 levels) in run_specs'
2024-03-11T04:22:11.4984199Z             # /home/runner/work/human-essentials/human-essentials/vendor/bundle/ruby/3.2.0/gems/rspec-core-3.12.2/lib/rspec/core/configuration.rb:2070:in `with_suite_hooks'
2024-03-11T04:22:11.4985926Z             # /home/runner/work/human-essentials/human-essentials/vendor/bundle/ruby/3.2.0/gems/rspec-core-3.12.2/lib/rspec/core/runner.rb:116:in `block in run_specs'
2024-03-11T04:22:11.4987892Z             # /home/runner/work/human-essentials/human-essentials/vendor/bundle/ruby/3.2.0/gems/rspec-core-3.12.2/lib/rspec/core/reporter.rb:74:in `report'
2024-03-11T04:22:11.4989489Z             # /home/runner/work/human-essentials/human-essentials/vendor/bundle/ruby/3.2.0/gems/rspec-core-3.12.2/lib/rspec/core/runner.rb:115:in `run_specs'
2024-03-11T04:22:11.4991020Z             # /home/runner/work/human-essentials/human-essentials/vendor/bundle/ruby/3.2.0/gems/rspec-core-3.12.2/lib/rspec/core/runner.rb:89:in `run'
2024-03-11T04:22:11.4992519Z             # /home/runner/work/human-essentials/human-essentials/vendor/bundle/ruby/3.2.0/gems/rspec-core-3.12.2/lib/rspec/core/runner.rb:71:in `run'
2024-03-11T04:22:11.4994024Z             # /home/runner/work/human-essentials/human-essentials/vendor/bundle/ruby/3.2.0/gems/rspec-core-3.12.2/lib/rspec/core/runner.rb:45:in `invoke'
2024-03-11T04:22:11.4995600Z             # /home/runner/work/human-essentials/human-essentials/vendor/bundle/ruby/3.2.0/gems/rspec-core-3.12.2/exe/rspec:4:in `<main>'
2024-03-11T04:22:11.4996389Z             # 
2024-03-11T04:22:11.4996873Z             #   Showing full backtrace because every line was filtered out.
2024-03-11T04:22:11.4997530Z             #   See docs for RSpec::Configuration#backtrace_exclusion_patterns and
2024-03-11T04:22:11.4998482Z             #   RSpec::Configuration#backtrace_inclusion_patterns for more information.
2024-03-11T04:22:11.4998923Z 
2024-03-11T04:22:11.4999522Z   23) Authentication Showing the modal warning in staging when accessing /users/sign_in in the staging environment should render the modal
2024-03-11T04:22:11.5000388Z       Got 0 failures and 2 other errors:
2024-03-11T04:22:11.5000649Z 
2024-03-11T04:22:11.5000774Z       23.1) Failure/Error: visit path
2024-03-11T04:22:11.5001028Z 
2024-03-11T04:22:11.5001145Z             Ferrum::JavaScriptError:
2024-03-11T04:22:11.5002062Z               TypeError: Failed to resolve module specifier "cocoon-js-vanilla". Relative references must start with either "/", "./", or "../".
2024-03-11T04:22:11.5003092Z             # ./spec/system/log_in_system_spec.rb:29:in `block (5 levels) in <top (required)>'
2024-03-11T04:22:11.5003565Z 
2024-03-11T04:22:11.5003771Z       23.2) Failure/Error: @__Condition__.wait @__Lock__, timeout
2024-03-11T04:22:11.5004119Z 
2024-03-11T04:22:11.5004238Z             Ferrum::JavaScriptError:
2024-03-11T04:22:11.5004613Z               ReferenceError: $ is not defined
2024-03-11T04:22:11.5005054Z                   at http://127.0.0.1:43085/users/sign_in:129:5
2024-03-11T04:22:11.5006444Z             # /home/runner/work/human-essentials/human-essentials/vendor/bundle/ruby/3.2.0/gems/concurrent-ruby-1.2.3/lib/concurrent-ruby/concurrent/synchronization/mutex_lockable_object.rb:53:in `sleep'
2024-03-11T04:22:11.5008588Z             # /home/runner/work/human-essentials/human-essentials/vendor/bundle/ruby/3.2.0/gems/concurrent-ruby-1.2.3/lib/concurrent-ruby/concurrent/synchronization/mutex_lockable_object.rb:53:in `wait'
2024-03-11T04:22:11.5010721Z             # /home/runner/work/human-essentials/human-essentials/vendor/bundle/ruby/3.2.0/gems/concurrent-ruby-1.2.3/lib/concurrent-ruby/concurrent/synchronization/mutex_lockable_object.rb:53:in `ns_wait'
2024-03-11T04:22:11.5012979Z             # /home/runner/work/human-essentials/human-essentials/vendor/bundle/ruby/3.2.0/gems/concurrent-ruby-1.2.3/lib/concurrent-ruby/concurrent/synchronization/abstract_lockable_object.rb:44:in `block in ns_wait_until'
2024-03-11T04:22:11.5015216Z             # /home/runner/work/human-essentials/human-essentials/vendor/bundle/ruby/3.2.0/gems/concurrent-ruby-1.2.3/lib/concurrent-ruby/concurrent/synchronization/abstract_lockable_object.rb:40:in `loop'
2024-03-11T04:22:11.5017421Z             # /home/runner/work/human-essentials/human-essentials/vendor/bundle/ruby/3.2.0/gems/concurrent-ruby-1.2.3/lib/concurrent-ruby/concurrent/synchronization/abstract_lockable_object.rb:40:in `ns_wait_until'
2024-03-11T04:22:11.5019506Z             # /home/runner/work/human-essentials/human-essentials/vendor/bundle/ruby/3.2.0/gems/concurrent-ruby-1.2.3/lib/concurrent-ruby/concurrent/atomic/event.rb:87:in `block in wait'
2024-03-11T04:22:11.5021665Z             # /home/runner/work/human-essentials/human-essentials/vendor/bundle/ruby/3.2.0/gems/concurrent-ruby-1.2.3/lib/concurrent-ruby/concurrent/synchronization/mutex_lockable_object.rb:48:in `block in synchronize'
2024-03-11T04:22:11.5024015Z             # /home/runner/work/human-essentials/human-essentials/vendor/bundle/ruby/3.2.0/gems/concurrent-ruby-1.2.3/lib/concurrent-ruby/concurrent/synchronization/mutex_lockable_object.rb:48:in `synchronize'
2024-03-11T04:22:11.5026250Z             # /home/runner/work/human-essentials/human-essentials/vendor/bundle/ruby/3.2.0/gems/concurrent-ruby-1.2.3/lib/concurrent-ruby/concurrent/synchronization/mutex_lockable_object.rb:48:in `synchronize'
2024-03-11T04:22:11.5028405Z             # /home/runner/work/human-essentials/human-essentials/vendor/bundle/ruby/3.2.0/gems/concurrent-ruby-1.2.3/lib/concurrent-ruby/concurrent/atomic/event.rb:84:in `wait'
2024-03-11T04:22:11.5030256Z             # /home/runner/work/human-essentials/human-essentials/vendor/bundle/ruby/3.2.0/gems/concurrent-ruby-1.2.3/lib/concurrent-ruby/concurrent/concern/obligation.rb:75:in `wait'
2024-03-11T04:22:11.5032286Z             # /home/runner/work/human-essentials/human-essentials/vendor/bundle/ruby/3.2.0/gems/concurrent-ruby-1.2.3/lib/concurrent-ruby/concurrent/concern/obligation.rb:99:in `value!'
2024-03-11T04:22:11.5034005Z             # /home/runner/work/human-essentials/human-essentials/vendor/bundle/ruby/3.2.0/gems/ferrum-0.14/lib/ferrum/browser/client.rb:42:in `command'
2024-03-11T04:22:11.5035471Z             # /home/runner/work/human-essentials/human-essentials/vendor/bundle/ruby/3.2.0/gems/ferrum-0.14/lib/ferrum/page.rb:269:in `command'
2024-03-11T04:22:11.5037158Z             # /home/runner/work/human-essentials/human-essentials/vendor/bundle/ruby/3.2.0/gems/ferrum-0.14/lib/ferrum/page/screenshot.rb:261:in `block (2 levels) in capture_screenshot'
2024-03-11T04:22:11.5039228Z             # /home/runner/work/human-essentials/human-essentials/vendor/bundle/ruby/3.2.0/gems/ferrum-0.14/lib/ferrum/page/screenshot.rb:284:in `with_background_color'
2024-03-11T04:22:11.5041000Z             # /home/runner/work/human-essentials/human-essentials/vendor/bundle/ruby/3.2.0/gems/ferrum-0.14/lib/ferrum/page/screenshot.rb:260:in `block in capture_screenshot'
2024-03-11T04:22:11.5042762Z             # /home/runner/work/human-essentials/human-essentials/vendor/bundle/ruby/3.2.0/gems/ferrum-0.14/lib/ferrum/page/screenshot.rb:272:in `maybe_resize_fullscreen'
2024-03-11T04:22:11.5044457Z             # /home/runner/work/human-essentials/human-essentials/vendor/bundle/ruby/3.2.0/gems/ferrum-0.14/lib/ferrum/page/screenshot.rb:259:in `capture_screenshot'
2024-03-11T04:22:11.5046099Z             # /home/runner/work/human-essentials/human-essentials/vendor/bundle/ruby/3.2.0/gems/ferrum-0.14/lib/ferrum/page/screenshot.rb:77:in `screenshot'
2024-03-11T04:22:11.5047355Z             # /opt/hostedtoolcache/Ruby/3.2.2/x64/lib/ruby/3.2.0/forwardable.rb:240:in `screenshot'
2024-03-11T04:22:11.5048687Z             # /home/runner/work/human-essentials/human-essentials/vendor/bundle/ruby/3.2.0/gems/cuprite-0.15/lib/capybara/cuprite/driver.rb:137:in `save_screenshot'
2024-03-11T04:22:11.5050403Z             # /home/runner/work/human-essentials/human-essentials/vendor/bundle/ruby/3.2.0/gems/capybara-3.40.0/lib/capybara/session.rb:748:in `block in save_screenshot'
2024-03-11T04:22:11.5052074Z             # /home/runner/work/human-essentials/human-essentials/vendor/bundle/ruby/3.2.0/gems/capybara-3.40.0/lib/capybara/session.rb:748:in `save_screenshot'
2024-03-11T04:22:11.5053920Z             # /home/runner/work/human-essentials/human-essentials/vendor/bundle/ruby/3.2.0/gems/actionpack-7.0.8/lib/action_dispatch/system_testing/test_helpers/screenshot_helper.rb:99:in `save_image'
2024-03-11T04:22:11.5055998Z             # /home/runner/work/human-essentials/human-essentials/vendor/bundle/ruby/3.2.0/gems/actionpack-7.0.8/lib/action_dispatch/system_testing/test_helpers/screenshot_helper.rb:36:in `take_screenshot'
2024-03-11T04:22:11.5058140Z             # /home/runner/work/human-essentials/human-essentials/vendor/bundle/ruby/3.2.0/gems/actionpack-7.0.8/lib/action_dispatch/system_testing/test_helpers/screenshot_helper.rb:45:in `take_failed_screenshot'
2024-03-11T04:22:11.5060249Z             # /home/runner/work/human-essentials/human-essentials/vendor/bundle/ruby/3.2.0/gems/actionpack-7.0.8/lib/action_dispatch/system_testing/test_helpers/setup_and_teardown.rb:8:in `before_teardown'
2024-03-11T04:22:11.5062202Z             # /home/runner/work/human-essentials/human-essentials/vendor/bundle/ruby/3.2.0/gems/rspec-rails-6.1.1/lib/rspec/rails/example/system_example_group.rb:156:in `call'
2024-03-11T04:22:11.5064424Z             # /home/runner/work/human-essentials/human-essentials/vendor/bundle/ruby/3.2.0/gems/rspec-rails-6.1.1/lib/rspec/rails/example/system_example_group.rb:156:in `block (2 levels) in <module:SystemExampleGroup>'
2024-03-11T04:22:11.5066375Z             # /home/runner/work/human-essentials/human-essentials/vendor/bundle/ruby/3.2.0/gems/rspec-core-3.12.2/lib/rspec/core/example.rb:457:in `instance_exec'
2024-03-11T04:22:11.5068152Z             # /home/runner/work/human-essentials/human-essentials/vendor/bundle/ruby/3.2.0/gems/rspec-core-3.12.2/lib/rspec/core/example.rb:457:in `instance_exec'
2024-03-11T04:22:11.5069731Z             # /home/runner/work/human-essentials/human-essentials/vendor/bundle/ruby/3.2.0/gems/rspec-core-3.12.2/lib/rspec/core/hooks.rb:372:in `run'
2024-03-11T04:22:11.5071377Z             # /home/runner/work/human-essentials/human-essentials/vendor/bundle/ruby/3.2.0/gems/rspec-core-3.12.2/lib/rspec/core/hooks.rb:529:in `block in run_owned_hooks_for'
2024-03-11T04:22:11.5073023Z             # /home/runner/work/human-essentials/human-essentials/vendor/bundle/ruby/3.2.0/gems/rspec-core-3.12.2/lib/rspec/core/hooks.rb:528:in `each'
2024-03-11T04:22:11.5074626Z             # /home/runner/work/human-essentials/human-essentials/vendor/bundle/ruby/3.2.0/gems/rspec-core-3.12.2/lib/rspec/core/hooks.rb:528:in `run_owned_hooks_for'
2024-03-11T04:22:11.5076378Z             # /home/runner/work/human-essentials/human-essentials/vendor/bundle/ruby/3.2.0/gems/rspec-core-3.12.2/lib/rspec/core/hooks.rb:615:in `block in run_example_hooks_for'
2024-03-11T04:22:11.5078237Z             # /home/runner/work/human-essentials/human-essentials/vendor/bundle/ruby/3.2.0/gems/rspec-core-3.12.2/lib/rspec/core/hooks.rb:614:in `each'
2024-03-11T04:22:11.5079870Z             # /home/runner/work/human-essentials/human-essentials/vendor/bundle/ruby/3.2.0/gems/rspec-core-3.12.2/lib/rspec/core/hooks.rb:614:in `run_example_hooks_for'
2024-03-11T04:22:11.5081458Z             # /home/runner/work/human-essentials/human-essentials/vendor/bundle/ruby/3.2.0/gems/rspec-core-3.12.2/lib/rspec/core/hooks.rb:485:in `run'
2024-03-11T04:22:11.5083063Z             # /home/runner/work/human-essentials/human-essentials/vendor/bundle/ruby/3.2.0/gems/rspec-core-3.12.2/lib/rspec/core/example.rb:518:in `run_after_example'
2024-03-11T04:22:11.5084724Z             # /home/runner/work/human-essentials/human-essentials/vendor/bundle/ruby/3.2.0/gems/rspec-core-3.12.2/lib/rspec/core/example.rb:283:in `block in run'
2024-03-11T04:22:11.5086556Z             # /home/runner/work/human-essentials/human-essentials/vendor/bundle/ruby/3.2.0/gems/rspec-core-3.12.2/lib/rspec/core/example.rb:511:in `block in with_around_and_singleton_context_hooks'
2024-03-11T04:22:11.5088517Z             # /home/runner/work/human-essentials/human-essentials/vendor/bundle/ruby/3.2.0/gems/rspec-core-3.12.2/lib/rspec/core/example.rb:468:in `block in with_around_example_hooks'
2024-03-11T04:22:11.5090250Z             # /home/runner/work/human-essentials/human-essentials/vendor/bundle/ruby/3.2.0/gems/rspec-core-3.12.2/lib/rspec/core/hooks.rb:486:in `block in run'
2024-03-11T04:22:11.5092007Z             # /home/runner/work/human-essentials/human-essentials/vendor/bundle/ruby/3.2.0/gems/rspec-core-3.12.2/lib/rspec/core/hooks.rb:626:in `block in run_around_example_hooks_for'
2024-03-11T04:22:11.5093704Z             # /home/runner/work/human-essentials/human-essentials/vendor/bundle/ruby/3.2.0/gems/rspec-core-3.12.2/lib/rspec/core/example.rb:352:in `call'
2024-03-11T04:22:11.5095628Z             # /home/runner/work/human-essentials/human-essentials/vendor/bundle/ruby/3.2.0/gems/rspec-rails-6.1.1/lib/rspec/rails/example/system_example_group.rb:166:in `block (2 levels) in <module:SystemExampleGroup>'
2024-03-11T04:22:11.5097571Z             # /home/runner/work/human-essentials/human-essentials/vendor/bundle/ruby/3.2.0/gems/rspec-core-3.12.2/lib/rspec/core/example.rb:457:in `instance_exec'
2024-03-11T04:22:11.5099195Z             # /home/runner/work/human-essentials/human-essentials/vendor/bundle/ruby/3.2.0/gems/rspec-core-3.12.2/lib/rspec/core/example.rb:457:in `instance_exec'
2024-03-11T04:22:11.5100974Z             # /home/runner/work/human-essentials/human-essentials/vendor/bundle/ruby/3.2.0/gems/rspec-core-3.12.2/lib/rspec/core/hooks.rb:390:in `execute_with'
2024-03-11T04:22:11.5102909Z             # /home/runner/work/human-essentials/human-essentials/vendor/bundle/ruby/3.2.0/gems/rspec-core-3.12.2/lib/rspec/core/hooks.rb:628:in `block (2 levels) in run_around_example_hooks_for'
2024-03-11T04:22:11.5104645Z             # /home/runner/work/human-essentials/human-essentials/vendor/bundle/ruby/3.2.0/gems/rspec-core-3.12.2/lib/rspec/core/example.rb:352:in `call'
2024-03-11T04:22:11.5106482Z             # /home/runner/work/human-essentials/human-essentials/vendor/bundle/ruby/3.2.0/gems/rspec-rails-6.1.1/lib/rspec/rails/adapters.rb:75:in `block (2 levels) in <module:MinitestLifecycleAdapter>'
2024-03-11T04:22:11.5108345Z             # /home/runner/work/human-essentials/human-essentials/vendor/bundle/ruby/3.2.0/gems/rspec-core-3.12.2/lib/rspec/core/example.rb:457:in `instance_exec'
2024-03-11T04:22:11.5109972Z             # /home/runner/work/human-essentials/human-essentials/vendor/bundle/ruby/3.2.0/gems/rspec-core-3.12.2/lib/rspec/core/example.rb:457:in `instance_exec'
2024-03-11T04:22:11.5111588Z             # /home/runner/work/human-essentials/human-essentials/vendor/bundle/ruby/3.2.0/gems/rspec-core-3.12.2/lib/rspec/core/hooks.rb:390:in `execute_with'
2024-03-11T04:22:11.5113387Z             # /home/runner/work/human-essentials/human-essentials/vendor/bundle/ruby/3.2.0/gems/rspec-core-3.12.2/lib/rspec/core/hooks.rb:628:in `block (2 levels) in run_around_example_hooks_for'
2024-03-11T04:22:11.5115128Z             # /home/runner/work/human-essentials/human-essentials/vendor/bundle/ruby/3.2.0/gems/rspec-core-3.12.2/lib/rspec/core/example.rb:352:in `call'
2024-03-11T04:22:11.5116791Z             # /home/runner/work/human-essentials/human-essentials/vendor/bundle/ruby/3.2.0/gems/webmock-3.23.0/lib/webmock/rspec.rb:39:in `block (2 levels) in <top (required)>'
2024-03-11T04:22:11.5118753Z             # /home/runner/work/human-essentials/human-essentials/vendor/bundle/ruby/3.2.0/gems/rspec-core-3.12.2/lib/rspec/core/example.rb:457:in `instance_exec'
2024-03-11T04:22:11.5120415Z             # /home/runner/work/human-essentials/human-essentials/vendor/bundle/ruby/3.2.0/gems/rspec-core-3.12.2/lib/rspec/core/example.rb:457:in `instance_exec'
2024-03-11T04:22:11.5122042Z             # /home/runner/work/human-essentials/human-essentials/vendor/bundle/ruby/3.2.0/gems/rspec-core-3.12.2/lib/rspec/core/hooks.rb:390:in `execute_with'
2024-03-11T04:22:11.5123848Z             # /home/runner/work/human-essentials/human-essentials/vendor/bundle/ruby/3.2.0/gems/rspec-core-3.12.2/lib/rspec/core/hooks.rb:628:in `block (2 levels) in run_around_example_hooks_for'
2024-03-11T04:22:11.5125593Z             # /home/runner/work/human-essentials/human-essentials/vendor/bundle/ruby/3.2.0/gems/rspec-core-3.12.2/lib/rspec/core/example.rb:352:in `call'
2024-03-11T04:22:11.5127415Z             # /home/runner/work/human-essentials/human-essentials/vendor/bundle/ruby/3.2.0/gems/knapsack_pro-7.0.0/lib/knapsack_pro/adapters/rspec_adapter.rb:103:in `block (2 levels) in ensure_no_focus!'
2024-03-11T04:22:11.5129256Z             # /home/runner/work/human-essentials/human-essentials/vendor/bundle/ruby/3.2.0/gems/rspec-core-3.12.2/lib/rspec/core/example.rb:457:in `instance_exec'
2024-03-11T04:22:11.5130888Z             # /home/runner/work/human-essentials/human-essentials/vendor/bundle/ruby/3.2.0/gems/rspec-core-3.12.2/lib/rspec/core/example.rb:457:in `instance_exec'
2024-03-11T04:22:11.5132493Z             # /home/runner/work/human-essentials/human-essentials/vendor/bundle/ruby/3.2.0/gems/rspec-core-3.12.2/lib/rspec/core/hooks.rb:390:in `execute_with'
2024-03-11T04:22:11.5134292Z             # /home/runner/work/human-essentials/human-essentials/vendor/bundle/ruby/3.2.0/gems/rspec-core-3.12.2/lib/rspec/core/hooks.rb:628:in `block (2 levels) in run_around_example_hooks_for'
2024-03-11T04:22:11.5136197Z             # /home/runner/work/human-essentials/human-essentials/vendor/bundle/ruby/3.2.0/gems/rspec-core-3.12.2/lib/rspec/core/example.rb:352:in `call'
2024-03-11T04:22:11.5137858Z             # /home/runner/work/human-essentials/human-essentials/vendor/bundle/ruby/3.2.0/gems/rspec-core-3.12.2/lib/rspec/core/hooks.rb:629:in `run_around_example_hooks_for'
2024-03-11T04:22:11.5139654Z             # /home/runner/work/human-essentials/human-essentials/vendor/bundle/ruby/3.2.0/gems/rspec-core-3.12.2/lib/rspec/core/hooks.rb:486:in `run'
2024-03-11T04:22:11.5141316Z             # /home/runner/work/human-essentials/human-essentials/vendor/bundle/ruby/3.2.0/gems/rspec-core-3.12.2/lib/rspec/core/example.rb:468:in `with_around_example_hooks'
2024-03-11T04:22:11.5143195Z             # /home/runner/work/human-essentials/human-essentials/vendor/bundle/ruby/3.2.0/gems/rspec-core-3.12.2/lib/rspec/core/example.rb:511:in `with_around_and_singleton_context_hooks'
2024-03-11T04:22:11.5144923Z             # /home/runner/work/human-essentials/human-essentials/vendor/bundle/ruby/3.2.0/gems/rspec-core-3.12.2/lib/rspec/core/example.rb:259:in `run'
2024-03-11T04:22:11.5146594Z             # /home/runner/work/human-essentials/human-essentials/vendor/bundle/ruby/3.2.0/gems/rspec-core-3.12.2/lib/rspec/core/example_group.rb:646:in `block in run_examples'
2024-03-11T04:22:11.5148295Z             # /home/runner/work/human-essentials/human-essentials/vendor/bundle/ruby/3.2.0/gems/rspec-core-3.12.2/lib/rspec/core/example_group.rb:642:in `map'
2024-03-11T04:22:11.5149951Z             # /home/runner/work/human-essentials/human-essentials/vendor/bundle/ruby/3.2.0/gems/rspec-core-3.12.2/lib/rspec/core/example_group.rb:642:in `run_examples'
2024-03-11T04:22:11.5151588Z             # /home/runner/work/human-essentials/human-essentials/vendor/bundle/ruby/3.2.0/gems/rspec-core-3.12.2/lib/rspec/core/example_group.rb:607:in `run'
2024-03-11T04:22:11.5153226Z             # /home/runner/work/human-essentials/human-essentials/vendor/bundle/ruby/3.2.0/gems/rspec-core-3.12.2/lib/rspec/core/example_group.rb:608:in `block in run'
2024-03-11T04:22:11.5154881Z             # /home/runner/work/human-essentials/human-essentials/vendor/bundle/ruby/3.2.0/gems/rspec-core-3.12.2/lib/rspec/core/example_group.rb:608:in `map'
2024-03-11T04:22:11.5156473Z             # /home/runner/work/human-essentials/human-essentials/vendor/bundle/ruby/3.2.0/gems/rspec-core-3.12.2/lib/rspec/core/example_group.rb:608:in `run'
2024-03-11T04:22:11.5158360Z             # /home/runner/work/human-essentials/human-essentials/vendor/bundle/ruby/3.2.0/gems/rspec-core-3.12.2/lib/rspec/core/example_group.rb:608:in `block in run'
2024-03-11T04:22:11.5160042Z             # /home/runner/work/human-essentials/human-essentials/vendor/bundle/ruby/3.2.0/gems/rspec-core-3.12.2/lib/rspec/core/example_group.rb:608:in `map'
2024-03-11T04:22:11.5161627Z             # /home/runner/work/human-essentials/human-essentials/vendor/bundle/ruby/3.2.0/gems/rspec-core-3.12.2/lib/rspec/core/example_group.rb:608:in `run'
2024-03-11T04:22:11.5163347Z             # /home/runner/work/human-essentials/human-essentials/vendor/bundle/ruby/3.2.0/gems/rspec-core-3.12.2/lib/rspec/core/runner.rb:121:in `block (3 levels) in run_specs'
2024-03-11T04:22:11.5164999Z             # /home/runner/work/human-essentials/human-essentials/vendor/bundle/ruby/3.2.0/gems/rspec-core-3.12.2/lib/rspec/core/runner.rb:121:in `map'
2024-03-11T04:22:11.5166664Z             # /home/runner/work/human-essentials/human-essentials/vendor/bundle/ruby/3.2.0/gems/rspec-core-3.12.2/lib/rspec/core/runner.rb:121:in `block (2 levels) in run_specs'
2024-03-11T04:22:11.5168465Z             # /home/runner/work/human-essentials/human-essentials/vendor/bundle/ruby/3.2.0/gems/rspec-core-3.12.2/lib/rspec/core/configuration.rb:2070:in `with_suite_hooks'
2024-03-11T04:22:11.5170194Z             # /home/runner/work/human-essentials/human-essentials/vendor/bundle/ruby/3.2.0/gems/rspec-core-3.12.2/lib/rspec/core/runner.rb:116:in `block in run_specs'
2024-03-11T04:22:11.5172027Z             # /home/runner/work/human-essentials/human-essentials/vendor/bundle/ruby/3.2.0/gems/rspec-core-3.12.2/lib/rspec/core/reporter.rb:74:in `report'
2024-03-11T04:22:11.5173591Z             # /home/runner/work/human-essentials/human-essentials/vendor/bundle/ruby/3.2.0/gems/rspec-core-3.12.2/lib/rspec/core/runner.rb:115:in `run_specs'
2024-03-11T04:22:11.5175266Z             # /home/runner/work/human-essentials/human-essentials/vendor/bundle/ruby/3.2.0/gems/rspec-core-3.12.2/lib/rspec/core/runner.rb:89:in `run'
2024-03-11T04:22:11.5176755Z             # /home/runner/work/human-essentials/human-essentials/vendor/bundle/ruby/3.2.0/gems/rspec-core-3.12.2/lib/rspec/core/runner.rb:71:in `run'
2024-03-11T04:22:11.5178270Z             # /home/runner/work/human-essentials/human-essentials/vendor/bundle/ruby/3.2.0/gems/rspec-core-3.12.2/lib/rspec/core/runner.rb:45:in `invoke'
2024-03-11T04:22:11.5179708Z             # /home/runner/work/human-essentials/human-essentials/vendor/bundle/ruby/3.2.0/gems/rspec-core-3.12.2/exe/rspec:4:in `<main>'
2024-03-11T04:22:11.5180511Z             # 
2024-03-11T04:22:11.5180881Z             #   Showing full backtrace because every line was filtered out.
2024-03-11T04:22:11.5181525Z             #   See docs for RSpec::Configuration#backtrace_exclusion_patterns and
2024-03-11T04:22:11.5182217Z             #   RSpec::Configuration#backtrace_inclusion_patterns for more information.
2024-03-11T04:22:11.5182656Z 
2024-03-11T04:22:11.5182874Z   24) Authentication Success should show dashboard upon signin
2024-03-11T04:22:11.5183350Z       Failure/Error: visit "/"
2024-03-11T04:22:11.5183558Z 
2024-03-11T04:22:11.5183676Z       Ferrum::JavaScriptError:
2024-03-11T04:22:11.5184547Z         TypeError: Failed to resolve module specifier "cocoon-js-vanilla". Relative references must start with either "/", "./", or "../".
2024-03-11T04:22:11.5185252Z 
2024-03-11T04:22:11.5186228Z       [Screenshot Image]: /home/runner/work/human-essentials/human-essentials/tmp/screenshots/failures_r_spec_example_groups_authentication_success_should_show_dashboard_upon_signin_920.png
2024-03-11T04:22:11.5187233Z 
2024-03-11T04:22:11.5187237Z 
2024-03-11T04:22:11.5187551Z       # ./spec/system/log_in_system_spec.rb:5:in `block (3 levels) in <top (required)>'
2024-03-11T04:22:11.5188016Z 
2024-03-11T04:22:11.5188569Z   25) Annual Reports while signed in as an organization admin has the report from last year, if there is a purchase from last year
2024-03-11T04:22:11.5189386Z       Failure/Error: visit subject.to_s
2024-03-11T04:22:11.5189653Z 
2024-03-11T04:22:11.5189761Z       Ferrum::JavaScriptError:
2024-03-11T04:22:11.5190624Z         TypeError: Failed to resolve module specifier "cocoon-js-vanilla". Relative references must start with either "/", "./", or "../".
2024-03-11T04:22:11.5191325Z 
2024-03-11T04:22:11.5192618Z       [Screenshot Image]: /home/runner/work/human-essentials/human-essentials/tmp/screenshots/failures_r_spec_example_groups_annual_reports_2_while_signed_in_as_an_organization_admin_has_the_report_from_last_year__if_there_is_a_purchase_from_last_year_401.png
2024-03-11T04:22:11.5193924Z 
2024-03-11T04:22:11.5193935Z 
2024-03-11T04:22:11.5194286Z       # ./spec/system/annual_reports_system_spec.rb:10:in `block (3 levels) in <top (required)>'
2024-03-11T04:22:11.5194792Z 
2024-03-11T04:22:11.5195037Z   26) Annual Reports while signed in as an organization admin exists
2024-03-11T04:22:11.5195545Z       Failure/Error: visit subject.to_s
2024-03-11T04:22:11.5195800Z 
2024-03-11T04:22:11.5195910Z       Ferrum::JavaScriptError:
2024-03-11T04:22:11.5196771Z         TypeError: Failed to resolve module specifier "cocoon-js-vanilla". Relative references must start with either "/", "./", or "../".
2024-03-11T04:22:11.5197485Z 
2024-03-11T04:22:11.5198698Z       [Screenshot Image]: /home/runner/work/human-essentials/human-essentials/tmp/screenshots/failures_r_spec_example_groups_annual_reports_2_while_signed_in_as_an_organization_admin_exists_94.png
2024-03-11T04:22:11.5199917Z 
2024-03-11T04:22:11.5199921Z 
2024-03-11T04:22:11.5200270Z       # ./spec/system/annual_reports_system_spec.rb:10:in `block (3 levels) in <top (required)>'
2024-03-11T04:22:11.5200782Z 
2024-03-11T04:22:11.5201230Z   27) Annual Reports while signed in as an organization admin has all the sub-reports we expect
2024-03-11T04:22:11.5202012Z       Failure/Error: visit subject.to_s
2024-03-11T04:22:11.5202267Z 
2024-03-11T04:22:11.5202393Z       Ferrum::JavaScriptError:
2024-03-11T04:22:11.5203257Z         TypeError: Failed to resolve module specifier "cocoon-js-vanilla". Relative references must start with either "/", "./", or "../".
2024-03-11T04:22:11.5203962Z 
2024-03-11T04:22:11.5205088Z       [Screenshot Image]: /home/runner/work/human-essentials/human-essentials/tmp/screenshots/failures_r_spec_example_groups_annual_reports_2_while_signed_in_as_an_organization_admin_has_all_the_sub_reports_we_expect_861.png
2024-03-11T04:22:11.5206234Z 
2024-03-11T04:22:11.5206238Z 
2024-03-11T04:22:11.5206589Z       # ./spec/system/annual_reports_system_spec.rb:10:in `block (3 levels) in <top (required)>'
2024-03-11T04:22:11.5207091Z 
2024-03-11T04:22:11.5207597Z   28) Account Requests Admin while signed in as a super admin user visits the for_rejection page should reject the account
2024-03-11T04:22:11.5208378Z       Got 0 failures and 2 other errors:
2024-03-11T04:22:11.5208644Z 
2024-03-11T04:22:11.5209049Z       28.1) Failure/Error: visit for_rejection_admin_account_requests_path(token: 'my token')
2024-03-11T04:22:11.5209533Z 
2024-03-11T04:22:11.5209655Z             Ferrum::JavaScriptError:
2024-03-11T04:22:11.5210555Z               TypeError: Failed to resolve module specifier "cocoon-js-vanilla". Relative references must start with either "/", "./", or "../".
2024-03-11T04:22:11.5211667Z             # ./spec/system/admin/account_requests_system_spec.rb:26:in `block (4 levels) in <top (required)>'
2024-03-11T04:22:11.5212606Z             # ./spec/system/admin/account_requests_system_spec.rb:19:in `block (4 levels) in <top (required)>'
2024-03-11T04:22:11.5213540Z             # ./spec/system/admin/account_requests_system_spec.rb:18:in `block (3 levels) in <top (required)>'
2024-03-11T04:22:11.5214089Z 
2024-03-11T04:22:11.5214197Z       28.2) Failure/Error: ex.run
2024-03-11T04:22:11.5214427Z 
2024-03-11T04:22:11.5214546Z             Ferrum::JavaScriptError:
2024-03-11T04:22:11.5214925Z               ReferenceError: $ is not defined
2024-03-11T04:22:11.5215546Z                   at http://127.0.0.1:43085/admin/account_requests/for_rejection?token=my+token:375:3
2024-03-11T04:22:11.5216419Z             # ./spec/system/admin/account_requests_system_spec.rb:19:in `block (4 levels) in <top (required)>'
2024-03-11T04:22:11.5217348Z             # ./spec/system/admin/account_requests_system_spec.rb:18:in `block (3 levels) in <top (required)>'
2024-03-11T04:22:11.5217905Z 
2024-03-11T04:22:11.5218397Z   29) Account Requests Admin while signed in as a super admin user rejects an account request should reject the account
2024-03-11T04:22:11.5219164Z       Got 0 failures and 3 other errors:
2024-03-11T04:22:11.5219419Z 
2024-03-11T04:22:11.5219613Z       29.1) Failure/Error: visit admin_account_requests_path
2024-03-11T04:22:11.5219980Z 
2024-03-11T04:22:11.5220102Z             Ferrum::JavaScriptError:
2024-03-11T04:22:11.5221007Z               TypeError: Failed to resolve module specifier "cocoon-js-vanilla". Relative references must start with either "/", "./", or "../".
2024-03-11T04:22:11.5222108Z             # ./spec/system/admin/account_requests_system_spec.rb:86:in `block (4 levels) in <top (required)>'
2024-03-11T04:22:11.5223040Z             # ./spec/system/admin/account_requests_system_spec.rb:19:in `block (4 levels) in <top (required)>'
2024-03-11T04:22:11.5223966Z             # ./spec/system/admin/account_requests_system_spec.rb:18:in `block (3 levels) in <top (required)>'
2024-03-11T04:22:11.5224506Z 
2024-03-11T04:22:11.5224616Z       29.2) Failure/Error: ex.run
2024-03-11T04:22:11.5224963Z 
2024-03-11T04:22:11.5225088Z             Ferrum::JavaScriptError:
2024-03-11T04:22:11.5225467Z               ReferenceError: $ is not defined
2024-03-11T04:22:11.5225937Z                   at http://127.0.0.1:43085/admin/account_requests:408:3
2024-03-11T04:22:11.5226670Z             # ./spec/system/admin/account_requests_system_spec.rb:19:in `block (4 levels) in <top (required)>'
2024-03-11T04:22:11.5227751Z             # ./spec/system/admin/account_requests_system_spec.rb:18:in `block (3 levels) in <top (required)>'
2024-03-11T04:22:11.5228296Z 
2024-03-11T04:22:11.5228401Z       29.3) Failure/Error: ex.run
2024-03-11T04:22:11.5228626Z 
2024-03-11T04:22:11.5228750Z             Ferrum::JavaScriptError:
2024-03-11T04:22:11.5229124Z               ReferenceError: $ is not defined
2024-03-11T04:22:11.5229591Z                   at http://127.0.0.1:43085/admin/account_requests:501:3
2024-03-11T04:22:11.5230325Z             # ./spec/system/admin/account_requests_system_spec.rb:19:in `block (4 levels) in <top (required)>'
2024-03-11T04:22:11.5231262Z             # ./spec/system/admin/account_requests_system_spec.rb:18:in `block (3 levels) in <top (required)>'
2024-03-11T04:22:11.5231803Z 
2024-03-11T04:22:11.5232441Z   30) Account Requests Admin while signed in as a super admin user visits the index page shows unconfirmed account requests within appropriate table
2024-03-11T04:22:11.5233353Z       Got 0 failures and 3 other errors:
2024-03-11T04:22:11.5233614Z 
2024-03-11T04:22:11.5233804Z       30.1) Failure/Error: visit admin_account_requests_path
2024-03-11T04:22:11.5234136Z 
2024-03-11T04:22:11.5234256Z             Ferrum::JavaScriptError:
2024-03-11T04:22:11.5235150Z               TypeError: Failed to resolve module specifier "cocoon-js-vanilla". Relative references must start with either "/", "./", or "../".
2024-03-11T04:22:11.5236264Z             # ./spec/system/admin/account_requests_system_spec.rb:45:in `block (4 levels) in <top (required)>'
2024-03-11T04:22:11.5237191Z             # ./spec/system/admin/account_requests_system_spec.rb:19:in `block (4 levels) in <top (required)>'
2024-03-11T04:22:11.5238359Z             # ./spec/system/admin/account_requests_system_spec.rb:18:in `block (3 levels) in <top (required)>'
2024-03-11T04:22:11.5238900Z 
2024-03-11T04:22:11.5239014Z       30.2) Failure/Error: ex.run
2024-03-11T04:22:11.5239245Z 
2024-03-11T04:22:11.5239369Z             Ferrum::JavaScriptError:
2024-03-11T04:22:11.5239745Z               ReferenceError: $ is not defined
2024-03-11T04:22:11.5240217Z                   at http://127.0.0.1:43085/admin/account_requests:408:3
2024-03-11T04:22:11.5240960Z             # ./spec/system/admin/account_requests_system_spec.rb:19:in `block (4 levels) in <top (required)>'
2024-03-11T04:22:11.5241893Z             # ./spec/system/admin/account_requests_system_spec.rb:18:in `block (3 levels) in <top (required)>'
2024-03-11T04:22:11.5242431Z 
2024-03-11T04:22:11.5242543Z       30.3) Failure/Error: ex.run
2024-03-11T04:22:11.5242771Z 
2024-03-11T04:22:11.5242889Z             Ferrum::JavaScriptError:
2024-03-11T04:22:11.5243261Z               ReferenceError: $ is not defined
2024-03-11T04:22:11.5243733Z                   at http://127.0.0.1:43085/admin/account_requests:501:3
2024-03-11T04:22:11.5244470Z             # ./spec/system/admin/account_requests_system_spec.rb:19:in `block (4 levels) in <top (required)>'
2024-03-11T04:22:11.5245402Z             # ./spec/system/admin/account_requests_system_spec.rb:18:in `block (3 levels) in <top (required)>'
2024-03-11T04:22:11.5245941Z 
2024-03-11T04:22:11.5246575Z   31) Account Requests Admin while signed in as a super admin user visits the index page shows confirmed account requests within appropriate table
2024-03-11T04:22:11.5247480Z       Got 0 failures and 3 other errors:
2024-03-11T04:22:11.5247738Z 
2024-03-11T04:22:11.5247931Z       31.1) Failure/Error: visit admin_account_requests_path
2024-03-11T04:22:11.5248264Z 
2024-03-11T04:22:11.5248378Z             Ferrum::JavaScriptError:
2024-03-11T04:22:11.5249294Z               TypeError: Failed to resolve module specifier "cocoon-js-vanilla". Relative references must start with either "/", "./", or "../".
2024-03-11T04:22:11.5250562Z             # ./spec/system/admin/account_requests_system_spec.rb:45:in `block (4 levels) in <top (required)>'
2024-03-11T04:22:11.5251490Z             # ./spec/system/admin/account_requests_system_spec.rb:19:in `block (4 levels) in <top (required)>'
2024-03-11T04:22:11.5252539Z             # ./spec/system/admin/account_requests_system_spec.rb:18:in `block (3 levels) in <top (required)>'
2024-03-11T04:22:11.5253073Z 
2024-03-11T04:22:11.5253188Z       31.2) Failure/Error: ex.run
2024-03-11T04:22:11.5253413Z 
2024-03-11T04:22:11.5253527Z             Ferrum::JavaScriptError:
2024-03-11T04:22:11.5253918Z               ReferenceError: $ is not defined
2024-03-11T04:22:11.5254396Z                   at http://127.0.0.1:43085/admin/account_requests:408:3
2024-03-11T04:22:11.5255134Z             # ./spec/system/admin/account_requests_system_spec.rb:19:in `block (4 levels) in <top (required)>'
2024-03-11T04:22:11.5256074Z             # ./spec/system/admin/account_requests_system_spec.rb:18:in `block (3 levels) in <top (required)>'
2024-03-11T04:22:11.5256609Z 
2024-03-11T04:22:11.5256721Z       31.3) Failure/Error: ex.run
2024-03-11T04:22:11.5256945Z 
2024-03-11T04:22:11.5257066Z             Ferrum::JavaScriptError:
2024-03-11T04:22:11.5257442Z               ReferenceError: $ is not defined
2024-03-11T04:22:11.5257915Z                   at http://127.0.0.1:43085/admin/account_requests:501:3
2024-03-11T04:22:11.5258648Z             # ./spec/system/admin/account_requests_system_spec.rb:19:in `block (4 levels) in <top (required)>'
2024-03-11T04:22:11.5259570Z             # ./spec/system/admin/account_requests_system_spec.rb:18:in `block (3 levels) in <top (required)>'
2024-03-11T04:22:11.5260113Z 
2024-03-11T04:22:11.5260505Z   32) Partners profile served area behaviour changing the client share handles addition properly
2024-03-11T04:22:11.5261131Z       Failure/Error:
2024-03-11T04:22:11.5261837Z         link_to_remove_association form, class: "btn btn-#{size} btn-#{type} remove_served_area", style: "width: 100px;",
2024-03-11T04:22:11.5263098Z                                    "data-action": "click->served-area#zeroShareValue click->area-served#calculateClientShareTotal" do
2024-03-11T04:22:11.5263804Z           fa_icon "trash", text: text
2024-03-11T04:22:11.5264144Z         end
2024-03-11T04:22:11.5264279Z 
2024-03-11T04:22:11.5264401Z       ActionView::Template::Error:
2024-03-11T04:22:11.5265111Z         undefined method `link_to_remove_association' for #<ActionView::Base:0x00000000039378>
2024-03-11T04:22:11.5265601Z 
2024-03-11T04:22:11.5266741Z       [Screenshot Image]: /home/runner/work/human-essentials/human-essentials/tmp/screenshots/failures_r_spec_example_groups_partners_profile_served_area_behaviour_changing_the_client_share_handles_addition_properly_915.png
2024-03-11T04:22:11.5267906Z 
2024-03-11T04:22:11.5267910Z 
2024-03-11T04:22:11.5268133Z       # ./app/helpers/ui_helper.rb:209:in `delete_served_area_button'
2024-03-11T04:22:11.5269105Z       # ./app/views/served_areas/_served_area_fields.html.erb:14:in `_app_views_served_areas__served_area_fields_html_erb__2605510784968265524_117080'
2024-03-11T04:22:11.5270537Z       # ./app/views/partners/profiles/edit/_area_served.html.erb:14:in `block in _app_views_partners_profiles_edit__area_served_html_erb___3683907873567506634_117060'
2024-03-11T04:22:11.5272019Z       # ./app/views/partners/profiles/edit/_area_served.html.erb:13:in `_app_views_partners_profiles_edit__area_served_html_erb___3683907873567506634_117060'
2024-03-11T04:22:11.5273418Z       # ./app/views/partners/profiles/edit.html.erb:38:in `block (3 levels) in _app_views_partners_profiles_edit_html_erb__2887211666578610054_116940'
2024-03-11T04:22:11.5274381Z       # ./app/views/partners/profiles/edit.html.erb:36:in `each'
2024-03-11T04:22:11.5275325Z       # ./app/views/partners/profiles/edit.html.erb:36:in `block (2 levels) in _app_views_partners_profiles_edit_html_erb__2887211666578610054_116940'
2024-03-11T04:22:11.5276768Z       # ./app/views/partners/profiles/edit.html.erb:31:in `block in _app_views_partners_profiles_edit_html_erb__2887211666578610054_116940'
2024-03-11T04:22:11.5278428Z       # ./app/views/partners/profiles/edit.html.erb:30:in `_app_views_partners_profiles_edit_html_erb__2887211666578610054_116940'
2024-03-11T04:22:11.5279437Z       # ------------------
2024-03-11T04:22:11.5279752Z       # --- Caused by: ---
2024-03-11T04:22:11.5280043Z       # NoMethodError:
2024-03-11T04:22:11.5280667Z       #   undefined method `link_to_remove_association' for #<ActionView::Base:0x00000000039378>
2024-03-11T04:22:11.5281379Z       #   ./app/helpers/ui_helper.rb:209:in `delete_served_area_button'
2024-03-11T04:22:11.5281763Z 
2024-03-11T04:22:11.5282316Z   33) Partners profile served area behaviour changing the client share handles a changed but correct total client share properly
2024-03-11T04:22:11.5283107Z       Failure/Error:
2024-03-11T04:22:11.5283800Z         link_to_remove_association form, class: "btn btn-#{size} btn-#{type} remove_served_area", style: "width: 100px;",
2024-03-11T04:22:11.5284896Z                                    "data-action": "click->served-area#zeroShareValue click->area-served#calculateClientShareTotal" do
2024-03-11T04:22:11.5285583Z           fa_icon "trash", text: text
2024-03-11T04:22:11.5285908Z         end
2024-03-11T04:22:11.5286047Z 
2024-03-11T04:22:11.5286161Z       ActionView::Template::Error:
2024-03-11T04:22:11.5286827Z         undefined method `link_to_remove_association' for #<ActionView::Base:0x000000000394b8>
2024-03-11T04:22:11.5287307Z 
2024-03-11T04:22:11.5288607Z       [Screenshot Image]: /home/runner/work/human-essentials/human-essentials/tmp/screenshots/failures_r_spec_example_groups_partners_profile_served_area_behaviour_changing_the_client_share_handles_a_changed_but_correct_total_client_share_properly_931.png
2024-03-11T04:22:11.5289898Z 
2024-03-11T04:22:11.5289910Z 
2024-03-11T04:22:11.5290138Z       # ./app/helpers/ui_helper.rb:209:in `delete_served_area_button'
2024-03-11T04:22:11.5291090Z       # ./app/views/served_areas/_served_area_fields.html.erb:14:in `_app_views_served_areas__served_area_fields_html_erb__2605510784968265524_117080'
2024-03-11T04:22:11.5292507Z       # ./app/views/partners/profiles/edit/_area_served.html.erb:14:in `block in _app_views_partners_profiles_edit__area_served_html_erb___3683907873567506634_117060'
2024-03-11T04:22:11.5293974Z       # ./app/views/partners/profiles/edit/_area_served.html.erb:13:in `_app_views_partners_profiles_edit__area_served_html_erb___3683907873567506634_117060'
2024-03-11T04:22:11.5295363Z       # ./app/views/partners/profiles/edit.html.erb:38:in `block (3 levels) in _app_views_partners_profiles_edit_html_erb__2887211666578610054_116940'
2024-03-11T04:22:11.5296323Z       # ./app/views/partners/profiles/edit.html.erb:36:in `each'
2024-03-11T04:22:11.5297323Z       # ./app/views/partners/profiles/edit.html.erb:36:in `block (2 levels) in _app_views_partners_profiles_edit_html_erb__2887211666578610054_116940'
2024-03-11T04:22:11.5298696Z       # ./app/views/partners/profiles/edit.html.erb:31:in `block in _app_views_partners_profiles_edit_html_erb__2887211666578610054_116940'
2024-03-11T04:22:11.5299928Z       # ./app/views/partners/profiles/edit.html.erb:30:in `_app_views_partners_profiles_edit_html_erb__2887211666578610054_116940'
2024-03-11T04:22:11.5300724Z       # ------------------
2024-03-11T04:22:11.5301030Z       # --- Caused by: ---
2024-03-11T04:22:11.5301319Z       # NoMethodError:
2024-03-11T04:22:11.5301935Z       #   undefined method `link_to_remove_association' for #<ActionView::Base:0x000000000394b8>
2024-03-11T04:22:11.5302650Z       #   ./app/helpers/ui_helper.rb:209:in `delete_served_area_button'
2024-03-11T04:22:11.5303023Z 
2024-03-11T04:22:11.5303410Z   34) Partners profile served area behaviour changing the client share handles deletion properly
2024-03-11T04:22:11.5304041Z       Failure/Error:
2024-03-11T04:22:11.5304727Z         link_to_remove_association form, class: "btn btn-#{size} btn-#{type} remove_served_area", style: "width: 100px;",
2024-03-11T04:22:11.5305978Z                                    "data-action": "click->served-area#zeroShareValue click->area-served#calculateClientShareTotal" do
2024-03-11T04:22:11.5306660Z           fa_icon "trash", text: text
2024-03-11T04:22:11.5307098Z         end
2024-03-11T04:22:11.5307234Z 
2024-03-11T04:22:11.5307356Z       ActionView::Template::Error:
2024-03-11T04:22:11.5308030Z         undefined method `link_to_remove_association' for #<ActionView::Base:0x000000000395d0>
2024-03-11T04:22:11.5308508Z 
2024-03-11T04:22:11.5309645Z       [Screenshot Image]: /home/runner/work/human-essentials/human-essentials/tmp/screenshots/failures_r_spec_example_groups_partners_profile_served_area_behaviour_changing_the_client_share_handles_deletion_properly_264.png
2024-03-11T04:22:11.5310803Z 
2024-03-11T04:22:11.5310807Z 
2024-03-11T04:22:11.5311032Z       # ./app/helpers/ui_helper.rb:209:in `delete_served_area_button'
2024-03-11T04:22:11.5311996Z       # ./app/views/served_areas/_served_area_fields.html.erb:14:in `_app_views_served_areas__served_area_fields_html_erb__2605510784968265524_117080'
2024-03-11T04:22:11.5313411Z       # ./app/views/partners/profiles/edit/_area_served.html.erb:14:in `block in _app_views_partners_profiles_edit__area_served_html_erb___3683907873567506634_117060'
2024-03-11T04:22:11.5314889Z       # ./app/views/partners/profiles/edit/_area_served.html.erb:13:in `_app_views_partners_profiles_edit__area_served_html_erb___3683907873567506634_117060'
2024-03-11T04:22:11.5316284Z       # ./app/views/partners/profiles/edit.html.erb:38:in `block (3 levels) in _app_views_partners_profiles_edit_html_erb__2887211666578610054_116940'
2024-03-11T04:22:11.5317242Z       # ./app/views/partners/profiles/edit.html.erb:36:in `each'
2024-03-11T04:22:11.5318424Z       # ./app/views/partners/profiles/edit.html.erb:36:in `block (2 levels) in _app_views_partners_profiles_edit_html_erb__2887211666578610054_116940'
2024-03-11T04:22:11.5319737Z       # ./app/views/partners/profiles/edit.html.erb:31:in `block in _app_views_partners_profiles_edit_html_erb__2887211666578610054_116940'
2024-03-11T04:22:11.5320994Z       # ./app/views/partners/profiles/edit.html.erb:30:in `_app_views_partners_profiles_edit_html_erb__2887211666578610054_116940'
2024-03-11T04:22:11.5321802Z       # ------------------
2024-03-11T04:22:11.5322112Z       # --- Caused by: ---
2024-03-11T04:22:11.5322400Z       # NoMethodError:
2024-03-11T04:22:11.5323019Z       #   undefined method `link_to_remove_association' for #<ActionView::Base:0x000000000395d0>
2024-03-11T04:22:11.5323726Z       #   ./app/helpers/ui_helper.rb:209:in `delete_served_area_button'
2024-03-11T04:22:11.5324104Z 
2024-03-11T04:22:11.5324596Z   35) Partners profile served area behaviour changing the client share handles an invalid total client share properly
2024-03-11T04:22:11.5325339Z       Failure/Error:
2024-03-11T04:22:11.5326032Z         link_to_remove_association form, class: "btn btn-#{size} btn-#{type} remove_served_area", style: "width: 100px;",
2024-03-11T04:22:11.5327141Z                                    "data-action": "click->served-area#zeroShareValue click->area-served#calculateClientShareTotal" do
2024-03-11T04:22:11.5327832Z           fa_icon "trash", text: text
2024-03-11T04:22:11.5328163Z         end
2024-03-11T04:22:11.5328305Z 
2024-03-11T04:22:11.5328421Z       ActionView::Template::Error:
2024-03-11T04:22:11.5329087Z         undefined method `link_to_remove_association' for #<ActionView::Base:0x000000000396e8>
2024-03-11T04:22:11.5329094Z 
2024-03-11T04:22:11.5330340Z       [Screenshot Image]: /home/runner/work/human-essentials/human-essentials/tmp/screenshots/failures_r_spec_example_groups_partners_profile_served_area_behaviour_changing_the_client_share_handles_an_invalid_total_client_share_properly_741.png
2024-03-11T04:22:11.5330347Z 
2024-03-11T04:22:11.5330351Z 
2024-03-11T04:22:11.5330575Z       # ./app/helpers/ui_helper.rb:209:in `delete_served_area_button'
2024-03-11T04:22:11.5331351Z       # ./app/views/served_areas/_served_area_fields.html.erb:14:in `_app_views_served_areas__served_area_fields_html_erb__2605510784968265524_117080'
2024-03-11T04:22:11.5332045Z       # ./app/views/partners/profiles/edit/_area_served.html.erb:14:in `block in _app_views_partners_profiles_edit__area_served_html_erb___3683907873567506634_117060'
2024-03-11T04:22:11.5332824Z       # ./app/views/partners/profiles/edit/_area_served.html.erb:13:in `_app_views_partners_profiles_edit__area_served_html_erb___3683907873567506634_117060'
2024-03-11T04:22:11.5333437Z       # ./app/views/partners/profiles/edit.html.erb:38:in `block (3 levels) in _app_views_partners_profiles_edit_html_erb__2887211666578610054_116940'
2024-03-11T04:22:11.5333643Z       # ./app/views/partners/profiles/edit.html.erb:36:in `each'
2024-03-11T04:22:11.5334246Z       # ./app/views/partners/profiles/edit.html.erb:36:in `block (2 levels) in _app_views_partners_profiles_edit_html_erb__2887211666578610054_116940'
2024-03-11T04:22:11.5334819Z       # ./app/views/partners/profiles/edit.html.erb:31:in `block in _app_views_partners_profiles_edit_html_erb__2887211666578610054_116940'
2024-03-11T04:22:11.5335347Z       # ./app/views/partners/profiles/edit.html.erb:30:in `_app_views_partners_profiles_edit_html_erb__2887211666578610054_116940'
2024-03-11T04:22:11.5335482Z       # ------------------
2024-03-11T04:22:11.5335612Z       # --- Caused by: ---
2024-03-11T04:22:11.5335711Z       # NoMethodError:
2024-03-11T04:22:11.5336161Z       #   undefined method `link_to_remove_association' for #<ActionView::Base:0x000000000396e8>
2024-03-11T04:22:11.5336387Z       #   ./app/helpers/ui_helper.rb:209:in `delete_served_area_button'
2024-03-11T04:22:11.5336393Z 
2024-03-11T04:22:11.5337441Z   36) Approval process for partners filling in organization details and requesting for approval GIVEN a partner user is new and wants to request approval should not allow them to make requests on the dashboard or the requests page
2024-03-11T04:22:11.5337613Z       Failure/Error: visit partner_user_root_path
2024-03-11T04:22:11.5337619Z 
2024-03-11T04:22:11.5337732Z       Ferrum::JavaScriptError:
2024-03-11T04:22:11.5338390Z         TypeError: Failed to resolve module specifier "cocoon-js-vanilla". Relative references must start with either "/", "./", or "../".
2024-03-11T04:22:11.5338400Z 
2024-03-11T04:22:11.5339959Z       [Screenshot Image]: /home/runner/work/human-essentials/human-essentials/tmp/screenshots/failures_r_spec_example_groups_approval_process_for_partners_filling_in_organization_details_and_requesting_for_approval_givena_partner_user_is_new_and_wants_to_request_approval_should_not_allow_them_to_make_r_267.png
2024-03-11T04:22:11.5339973Z 
2024-03-11T04:22:11.5339976Z 
2024-03-11T04:22:11.5340355Z       # ./spec/system/partners/approval_process_spec.rb:9:in `block (4 levels) in <top (required)>'
2024-03-11T04:22:11.5340360Z 
2024-03-11T04:22:11.5341726Z   37) Approval process for partners filling in organization details and requesting for approval GIVEN a partner user is new and wants to request approval AND they fill out the form and submit it THEN the organization approves them should show that they have been approved and able to make requests
2024-03-11T04:22:11.5341889Z       Failure/Error: visit partner_user_root_path
2024-03-11T04:22:11.5341899Z 
2024-03-11T04:22:11.5342010Z       Ferrum::JavaScriptError:
2024-03-11T04:22:11.5342659Z         TypeError: Failed to resolve module specifier "cocoon-js-vanilla". Relative references must start with either "/", "./", or "../".
2024-03-11T04:22:11.5342665Z 
2024-03-11T04:22:11.5344201Z       [Screenshot Image]: /home/runner/work/human-essentials/human-essentials/tmp/screenshots/failures_r_spec_example_groups_approval_process_for_partners_filling_in_organization_details_and_requesting_for_approval_givena_partner_user_is_new_and_wants_to_request_approval_and_they_fill_out_the_form_and__371.png
2024-03-11T04:22:11.5344216Z 
2024-03-11T04:22:11.5344220Z 
2024-03-11T04:22:11.5344730Z       # ./spec/system/partners/approval_process_spec.rb:9:in `block (4 levels) in <top (required)>'
2024-03-11T04:22:11.5344736Z 
2024-03-11T04:22:11.5345165Z   38) Approval process for partners request approval with invalid details should render an error message
2024-03-11T04:22:11.5345313Z       Failure/Error: visit partner_user_root_path
2024-03-11T04:22:11.5345421Z 
2024-03-11T04:22:11.5345532Z       Ferrum::JavaScriptError:
2024-03-11T04:22:11.5346192Z         TypeError: Failed to resolve module specifier "cocoon-js-vanilla". Relative references must start with either "/", "./", or "../".
2024-03-11T04:22:11.5346198Z 
2024-03-11T04:22:11.5347364Z       [Screenshot Image]: /home/runner/work/human-essentials/human-essentials/tmp/screenshots/failures_r_spec_example_groups_approval_process_for_partners_request_approval_with_invalid_details_should_render_an_error_message_654.png
2024-03-11T04:22:11.5347371Z 
2024-03-11T04:22:11.5347382Z 
2024-03-11T04:22:11.5347760Z       # ./spec/system/partners/approval_process_spec.rb:78:in `block (3 levels) in <top (required)>'
2024-03-11T04:22:11.5347771Z 
2024-03-11T04:22:11.5347976Z Finished in 31.41 seconds (files took 7.97 seconds to load)
2024-03-11T04:22:11.5348086Z 73 examples, 38 failures
2024-03-11T04:22:11.5348091Z 
2024-03-11T04:22:11.5348184Z Failed examples:
2024-03-11T04:22:11.5348197Z 
2024-03-11T04:22:11.5348792Z rspec ./spec/system/distributions_by_county_system_spec.rb:18 # Distributions by County handles time ranges properly works for all time
2024-03-11T04:22:11.5349383Z rspec ./spec/system/distributions_by_county_system_spec.rb:29 # Distributions by County handles time ranges properly works for this year
2024-03-11T04:22:11.5349691Z rspec ./spec/system/request_system_spec.rb:34 # Requests #index lists requests
2024-03-11T04:22:11.5350024Z rspec ./spec/system/request_system_spec.rb:39 # Requests #index can be exported in CSV
2024-03-11T04:22:11.5350797Z rspec './spec/system/request_system_spec.rb[1:1:4:2:1]' # Requests #index behaves like Date Range Picker when choosing 'Last Month' shows only 2 of the records
2024-03-11T04:22:11.5351717Z rspec './spec/system/request_system_spec.rb[1:1:4:3:1]' # Requests #index behaves like Date Range Picker when choosing a date range that only includes the previous week shows only 1 record
2024-03-11T04:22:11.5352432Z rspec './spec/system/request_system_spec.rb[1:1:4:1:1]' # Requests #index behaves like Date Range Picker when choosing 'All Time' shows all the records
2024-03-11T04:22:11.5353057Z rspec ./spec/system/request_system_spec.rb:75 # Requests #index when filtering on the index page when filtering by partner constrains the list
2024-03-11T04:22:11.5353657Z rspec ./spec/system/request_system_spec.rb:85 # Requests #index when filtering on the index page when filtering by status constrains the list
2024-03-11T04:22:11.5354253Z rspec ./spec/system/request_system_spec.rb:56 # Requests #index when filtering on the index page with filters cleared displays all requests
2024-03-11T04:22:11.5354881Z rspec ./spec/system/request_system_spec.rb:98 # Requests #index when filtering on the index page when exporting as CSV respects the applied filters
2024-03-11T04:22:11.5355471Z rspec ./spec/system/request_system_spec.rb:65 # Requests #index when filtering on the index page when filtering by item constrains the list
2024-03-11T04:22:11.5356075Z rspec ./spec/system/request_system_spec.rb:141 # Requests #show should show the request without a request sender if a partner user is not set
2024-03-11T04:22:11.5356647Z rspec ./spec/system/request_system_spec.rb:132 # Requests #show should show the request with a request sender if a partner user is set
2024-03-11T04:22:11.5357126Z rspec ./spec/system/request_system_spec.rb:152 # Requests #show should show the number of items on-hand
2024-03-11T04:22:11.5357767Z rspec ./spec/system/request_system_spec.rb:181 # Requests #show change status request should change to started
2024-03-11T04:22:11.5358427Z rspec ./spec/system/request_system_spec.rb:188 # Requests #show change status request when save the distribution should change request to fulfilled
2024-03-11T04:22:11.5359450Z rspec ./spec/system/request_system_spec.rb:214 # Requests canceling a request as a bank user when a bank user cancels a request should set the request as canceled/discarded and contain the reason
2024-03-11T04:22:11.5359930Z rspec ./spec/system/log_in_system_spec.rb:15 # Authentication Deactivated user should not allow the user to log in
2024-03-11T04:22:11.5361060Z rspec './spec/system/log_in_system_spec.rb[1:3:4:1]' # Authentication Showing the modal warning in staging when accessing /users/password/new not in the staging environment should not render the modal
2024-03-11T04:22:11.5362011Z rspec './spec/system/log_in_system_spec.rb[1:3:2:1]' # Authentication Showing the modal warning in staging when accessing /users/sign_in not in the staging environment should not render the modal
2024-03-11T04:22:11.5362943Z rspec './spec/system/log_in_system_spec.rb[1:3:3:1]' # Authentication Showing the modal warning in staging when accessing /users/password/new in the staging environment should render the modal
2024-03-11T04:22:11.5363855Z rspec './spec/system/log_in_system_spec.rb[1:3:1:1]' # Authentication Showing the modal warning in staging when accessing /users/sign_in in the staging environment should render the modal
2024-03-11T04:22:11.5364272Z rspec ./spec/system/log_in_system_spec.rb:3 # Authentication Success should show dashboard upon signin
2024-03-11T04:22:11.5365072Z rspec ./spec/system/annual_reports_system_spec.rb:17 # Annual Reports while signed in as an organization admin has the report from last year, if there is a purchase from last year
2024-03-11T04:22:11.5365553Z rspec ./spec/system/annual_reports_system_spec.rb:13 # Annual Reports while signed in as an organization admin exists
2024-03-11T04:22:11.5366260Z rspec ./spec/system/annual_reports_system_spec.rb:22 # Annual Reports while signed in as an organization admin has all the sub-reports we expect
2024-03-11T04:22:11.5367055Z rspec ./spec/system/admin/account_requests_system_spec.rb:29 # Account Requests Admin while signed in as a super admin user visits the for_rejection page should reject the account
2024-03-11T04:22:11.5367847Z rspec ./spec/system/admin/account_requests_system_spec.rb:89 # Account Requests Admin while signed in as a super admin user rejects an account request should reject the account
2024-03-11T04:22:11.5368784Z rspec ./spec/system/admin/account_requests_system_spec.rb:48 # Account Requests Admin while signed in as a super admin user visits the index page shows unconfirmed account requests within appropriate table
2024-03-11T04:22:11.5369698Z rspec ./spec/system/admin/account_requests_system_spec.rb:65 # Account Requests Admin while signed in as a super admin user visits the index page shows confirmed account requests within appropriate table
2024-03-11T04:22:11.5370409Z rspec ./spec/system/partners/profile_served_area_system_spec.rb:37 # Partners profile served area behaviour changing the client share handles addition properly
2024-03-11T04:22:11.5371286Z rspec ./spec/system/partners/profile_served_area_system_spec.rb:26 # Partners profile served area behaviour changing the client share handles a changed but correct total client share properly
2024-03-11T04:22:11.5371994Z rspec ./spec/system/partners/profile_served_area_system_spec.rb:43 # Partners profile served area behaviour changing the client share handles deletion properly
2024-03-11T04:22:11.5372812Z rspec ./spec/system/partners/profile_served_area_system_spec.rb:14 # Partners profile served area behaviour changing the client share handles an invalid total client share properly
2024-03-11T04:22:11.5374129Z rspec ./spec/system/partners/approval_process_spec.rb:12 # Approval process for partners filling in organization details and requesting for approval GIVEN a partner user is new and wants to request approval should not allow them to make requests on the dashboard or the requests page
2024-03-11T04:22:11.5375778Z rspec ./spec/system/partners/approval_process_spec.rb:57 # Approval process for partners filling in organization details and requesting for approval GIVEN a partner user is new and wants to request approval AND they fill out the form and submit it THEN the organization approves them should show that they have been approved and able to make requests
2024-03-11T04:22:11.5376596Z rspec ./spec/system/partners/approval_process_spec.rb:83 # Approval process for partners request approval with invalid details should render an error message
2024-03-11T04:22:11.5376718Z 
2024-03-11T04:22:11.5376834Z Randomized with seed 25689
2024-03-11T04:22:11.5376840Z 
2024-03-11T04:22:11.6516704Z Stopped processing SimpleCov as a previous error not related to SimpleCov has been detected
2024-03-11T04:22:11.6518749Z Coverage report generated for RSpec to /home/runner/work/human-essentials/human-essentials/coverage. 3326 / 6463 LOC (51.46%) covered.
2024-03-11T04:22:11.7580241Z /opt/hostedtoolcache/Ruby/3.2.2/x64/bin/ruby -I/home/runner/work/human-essentials/human-essentials/vendor/bundle/ruby/3.2.0/gems/rspec-core-3.12.2/lib:/home/runner/work/human-essentials/human-essentials/vendor/bundle/ruby/3.2.0/gems/rspec-support-3.12.1/lib /home/runner/work/human-essentials/human-essentials/vendor/bundle/ruby/3.2.0/gems/rspec-core-3.12.2/exe/rspec  --format documentation --format KnapsackPro::Formatters::TimeTracker --default-path spec "spec/requests/admin/base_items_requests_spec.rb" "spec/requests/admin_requests_spec.rb" "spec/requests/distributions_by_county_spec.rb" "spec/requests/items_requests_spec.rb" "spec/requests/partners/family_requests_controller_spec.rb" "spec/requests/partners/user_requests_spec.rb" "spec/requests/reports/annual_reports_requests_spec.rb" "spec/requests/users/omniauth_callbacks_requests_spec.rb" "spec/system/admin/account_requests_system_spec.rb" "spec/system/annual_reports_system_spec.rb" "spec/system/distributions_by_county_system_spec.rb" "spec/system/log_in_system_spec.rb" "spec/system/partners/approval_process_spec.rb" "spec/system/partners/profile_served_area_system_spec.rb" "spec/system/request_system_spec.rb" failed
2024-03-11T04:22:12.1514772Z Stopped processing SimpleCov as a previous error not related to SimpleCov has been detected
2024-03-11T04:22:12.1517068Z Coverage report generated for RSpec to /home/runner/work/human-essentials/human-essentials/coverage. 38 / 10759 LOC (0.35%) covered.
2024-03-11T04:22:12.1774436Z ##[error]Process completed with exit code 1.
