2024-03-11T04:21:35.3669301Z ##[group]Run RUBYOPT='-W:no-deprecated -W:no-experimental' bin/knapsack_pro_rspec
2024-03-11T04:21:35.3670191Z [36;1mRUBYOPT='-W:no-deprecated -W:no-experimental' bin/knapsack_pro_rspec[0m
2024-03-11T04:21:35.3720602Z shell: /usr/bin/bash -e {0}
2024-03-11T04:21:35.3721095Z env:
2024-03-11T04:21:35.3721442Z   POSTGRES_HOST: localhost
2024-03-11T04:21:35.3721795Z   DATABASE_HOST: localhost
2024-03-11T04:21:35.3722287Z   PG_USERNAME: postgres
2024-03-11T04:21:35.3722665Z   PG_PASSWORD: password
2024-03-11T04:21:35.3723044Z   POSTGRES_HOST_AUTH_METHOD: trust
2024-03-11T04:21:35.3723749Z   POSTGRES_PORT: 5432
2024-03-11T04:21:35.3724081Z   PGHOST: localhost
2024-03-11T04:21:35.3724446Z   PGUSER: postgres
2024-03-11T04:21:35.3724850Z   RAILS_ENV: test
2024-03-11T04:21:35.3725248Z   KNAPSACK_PRO_TEST_SUITE_TOKEN_RSPEC: 
2024-03-11T04:21:35.3725710Z   KNAPSACK_PRO_CI_NODE_TOTAL: 6
2024-03-11T04:21:35.3726174Z   KNAPSACK_PRO_CI_NODE_INDEX: 5
2024-03-11T04:21:35.3726620Z   KNAPSACK_PRO_RSPEC_SPLIT_BY_TEST_EXAMPLES: true
2024-03-11T04:21:35.3727278Z   KNAPSACK_PRO_LOG_LEVEL: info
2024-03-11T04:21:35.3727908Z   KNAPSACK_PRO_TEST_FILE_PATTERN: {spec/system/**{,/*/**}/*_spec.rb,spec/requests/**{,/*/**}/*_spec.rb}
2024-03-11T04:21:35.3728524Z ##[endgroup]
2024-03-11T04:21:41.2144429Z W, [2024-03-11T04:21:41.213990 #2398]  WARN -- : [knapsack_pro] GET https://api-disabled-for-fork.knapsackpro.com/v1/build_distributions/last
2024-03-11T04:21:41.2145903Z W, [2024-03-11T04:21:41.214087 #2398]  WARN -- : [knapsack_pro] Request failed due to:
2024-03-11T04:21:41.2147591Z W, [2024-03-11T04:21:41.214110 #2398]  WARN -- : [knapsack_pro] #<SocketError: Failed to open TCP connection to api-disabled-for-fork.knapsackpro.com:443 (getaddrinfo: Name or service not known)>
2024-03-11T04:21:41.2151312Z W, [2024-03-11T04:21:41.214147 #2398]  WARN -- : [knapsack_pro] Slow test files fallback behaviour started. We could not connect with Knapsack Pro API to fetch last CI build test files that are needed to determine slow test files. No test files will be split by test cases. It means all test files will be split by the whole test files as if split by test cases would be disabled https://knapsackpro.com/perma/ruby/split-by-test-examples
2024-03-11T04:21:43.8164321Z W, [2024-03-11T04:21:43.816035 #2398]  WARN -- : [knapsack_pro] POST https://api-disabled-for-fork.knapsackpro.com/v1/build_distributions/subset
2024-03-11T04:21:43.8166792Z W, [2024-03-11T04:21:43.816089 #2398]  WARN -- : [knapsack_pro] Request failed due to:
2024-03-11T04:21:43.8168518Z W, [2024-03-11T04:21:43.816112 #2398]  WARN -- : [knapsack_pro] #<SocketError: Failed to open TCP connection to api-disabled-for-fork.knapsackpro.com:443 (getaddrinfo: Name or service not known)>
2024-03-11T04:21:43.8170977Z W, [2024-03-11T04:21:43.816171 #2398]  WARN -- : [knapsack_pro] Fallback mode started. We could not connect with Knapsack Pro API. Your tests will be executed based on directory names. Read more about fallback mode at https://knapsackpro.com/perma/ruby/fallback-mode
2024-03-11T04:21:43.8222593Z /opt/hostedtoolcache/Ruby/3.2.2/x64/bin/ruby -I/home/runner/work/human-essentials/human-essentials/vendor/bundle/ruby/3.2.0/gems/rspec-core-3.12.2/lib:/home/runner/work/human-essentials/human-essentials/vendor/bundle/ruby/3.2.0/gems/rspec-support-3.12.1/lib /home/runner/work/human-essentials/human-essentials/vendor/bundle/ruby/3.2.0/gems/rspec-core-3.12.2/exe/rspec  --format documentation --format KnapsackPro::Formatters::TimeTracker --default-path spec "spec/requests/admin/broadcast_announcements_spec.rb" "spec/requests/attachments_requests_spec.rb" "spec/requests/distributions_requests_spec.rb" "spec/requests/kit_requests_spec.rb" "spec/requests/partners/family_requests_spec.rb" "spec/requests/partners_requests_spec.rb" "spec/requests/requests_requests_spec.rb" "spec/requests/users_requests_spec.rb" "spec/system/admin/barcode_items_system_spec.rb" "spec/system/audit_system_spec.rb" "spec/system/donation_site_system_spec.rb" "spec/system/manage_system_spec.rb" "spec/system/partners/coworker_invitations_system_spec.rb" "spec/system/product_drive_participant_system_spec.rb" "spec/system/sign_in_system_spec.rb"
2024-03-11T04:21:52.3671274Z 
2024-03-11T04:21:52.3672066Z Randomized with seed 50188
2024-03-11T04:21:53.2935392Z 
2024-03-11T04:21:53.2936248Z Requests
2024-03-11T04:21:53.2937202Z   When signed
2024-03-11T04:21:53.2938480Z     GET #index
2024-03-11T04:21:53.2939507Z       html
2024-03-11T04:21:53.3795519Z         is expected to be successful
2024-03-11T04:21:53.3796530Z       csv
2024-03-11T04:21:53.4041716Z         is expected to be successful
2024-03-11T04:21:53.4043030Z     POST #start
2024-03-11T04:21:53.4043697Z       When the request does not exist
2024-03-11T04:21:53.4371591Z         responds with not found
2024-03-11T04:21:53.4372592Z       When request exists
2024-03-11T04:21:53.4631963Z         redirects to new_distribution_path and flashes a notice
2024-03-11T04:21:53.4852783Z         changes the request status from pending to started
2024-03-11T04:21:53.4853838Z     GET #show
2024-03-11T04:21:53.4854569Z       When the request does not exist
2024-03-11T04:21:53.5110692Z         responds with not found
2024-03-11T04:21:53.5111700Z       When the request exists
2024-03-11T04:21:53.5567980Z         responds with success
2024-03-11T04:21:53.5568857Z   When not signed
2024-03-11T04:21:53.5653042Z     redirects the user to the sign-in page for CRUD actions
2024-03-11T04:21:53.5653859Z 
2024-03-11T04:21:53.5654160Z Audit management
2024-03-11T04:21:53.5655886Z   while signed in as a normal user
2024-03-11T04:22:04.6780244Z     should not be able to visit the audits #new page (FAILED - 1)
2024-03-11T04:22:04.6783116Z   [0;33mHTML screenshot: /home/runner/work/human-essentials/human-essentials/tmp/screenshots/screenshot_should-not-be-able-to-visit-the-audits-#new-page_2024-03-10-21-22-04.493.html[0m
2024-03-11T04:22:04.6786497Z   [0;33mImage screenshot: /home/runner/work/human-essentials/human-essentials/tmp/screenshots/screenshot_should-not-be-able-to-visit-the-audits-#new-page_2024-03-10-21-22-04.493.png[0m
2024-03-11T04:22:05.3127732Z     should not be able to visit the audits #edit page (FAILED - 2)
2024-03-11T04:22:05.3129441Z   [0;33mHTML screenshot: /home/runner/work/human-essentials/human-essentials/tmp/screenshots/screenshot_should-not-be-able-to-visit-the-audits-#edit-page_2024-03-10-21-22-05.163.html[0m
2024-03-11T04:22:05.3132728Z   [0;33mImage screenshot: /home/runner/work/human-essentials/human-essentials/tmp/screenshots/screenshot_should-not-be-able-to-visit-the-audits-#edit-page_2024-03-10-21-22-05.163.png[0m
2024-03-11T04:22:05.9120991Z     should not be able to visit the audits #show page (FAILED - 3)
2024-03-11T04:22:05.9122515Z   [0;33mHTML screenshot: /home/runner/work/human-essentials/human-essentials/tmp/screenshots/screenshot_should-not-be-able-to-visit-the-audits-#show-page_2024-03-10-21-22-05.761.html[0m
2024-03-11T04:22:05.9125300Z   [0;33mImage screenshot: /home/runner/work/human-essentials/human-essentials/tmp/screenshots/screenshot_should-not-be-able-to-visit-the-audits-#show-page_2024-03-10-21-22-05.761.png[0m
2024-03-11T04:22:06.5447648Z     should not be able to visit the audits #index page (FAILED - 4)
2024-03-11T04:22:06.5450552Z   [0;33mHTML screenshot: /home/runner/work/human-essentials/human-essentials/tmp/screenshots/screenshot_should-not-be-able-to-visit-the-audits-#index-page_2024-03-10-21-22-06.395.html[0m
2024-03-11T04:22:06.5455264Z   [0;33mImage screenshot: /home/runner/work/human-essentials/human-essentials/tmp/screenshots/screenshot_should-not-be-able-to-visit-the-audits-#index-page_2024-03-10-21-22-06.395.png[0m
2024-03-11T04:22:06.5457539Z   while signed in as an organization admin
2024-03-11T04:22:06.5458140Z     with a confirmed audit
2024-03-11T04:22:07.1052737Z       User can delete the audit that is confirmed (FAILED - 5)
2024-03-11T04:22:07.1055094Z   [0;33mHTML screenshot: /home/runner/work/human-essentials/human-essentials/tmp/screenshots/screenshot_User-can-delete-the-audit-that-is-confirmed_2024-03-10-21-22-06.968.html[0m
2024-03-11T04:22:07.1059132Z   [0;33mImage screenshot: /home/runner/work/human-essentials/human-essentials/tmp/screenshots/screenshot_User-can-delete-the-audit-that-is-confirmed_2024-03-10-21-22-06.968.png[0m
2024-03-11T04:22:07.6887208Z       is able to finalize the audit (FAILED - 6)
2024-03-11T04:22:07.6888605Z   [0;33mHTML screenshot: /home/runner/work/human-essentials/human-essentials/tmp/screenshots/screenshot_is-able-to-finalize-the-audit_2024-03-10-21-22-07.554.html[0m
2024-03-11T04:22:07.6890492Z   [0;33mImage screenshot: /home/runner/work/human-essentials/human-essentials/tmp/screenshots/screenshot_is-able-to-finalize-the-audit_2024-03-10-21-22-07.554.png[0m
2024-03-11T04:22:08.2555367Z       should be able to edit the audit that is confirmed (FAILED - 7)
2024-03-11T04:22:08.2557948Z   [0;33mHTML screenshot: /home/runner/work/human-essentials/human-essentials/tmp/screenshots/screenshot_should-be-able-to-edit-the-audit-that-is-confirmed_2024-03-10-21-22-08.120.html[0m
2024-03-11T04:22:08.2560752Z   [0;33mImage screenshot: /home/runner/work/human-essentials/human-essentials/tmp/screenshots/screenshot_should-be-able-to-edit-the-audit-that-is-confirmed_2024-03-10-21-22-08.120.png[0m
2024-03-11T04:22:08.2562565Z       Finalizing an audit
2024-03-11T04:22:08.8220074Z         creates an adjustment with the differential (FAILED - 8)
2024-03-11T04:22:08.8221975Z   [0;33mHTML screenshot: /home/runner/work/human-essentials/human-essentials/tmp/screenshots/screenshot_creates-an-adjustment-with-the-differential_2024-03-10-21-22-08.679.html[0m
2024-03-11T04:22:08.8224405Z   [0;33mImage screenshot: /home/runner/work/human-essentials/human-essentials/tmp/screenshots/screenshot_creates-an-adjustment-with-the-differential_2024-03-10-21-22-08.679.png[0m
2024-03-11T04:22:09.4295870Z         should not be able to delete the audit that is finalized (FAILED - 9)
2024-03-11T04:22:09.4298219Z   [0;33mHTML screenshot: /home/runner/work/human-essentials/human-essentials/tmp/screenshots/screenshot_should-not-be-able-to-delete-the-audit-that-is-finalized_2024-03-10-21-22-09.291.html[0m
2024-03-11T04:22:09.4301725Z   [0;33mImage screenshot: /home/runner/work/human-essentials/human-essentials/tmp/screenshots/screenshot_should-not-be-able-to-delete-the-audit-that-is-finalized_2024-03-10-21-22-09.291.png[0m
2024-03-11T04:22:10.0717702Z         is immutable (FAILED - 10)
2024-03-11T04:22:10.0719849Z   [0;33mHTML screenshot: /home/runner/work/human-essentials/human-essentials/tmp/screenshots/screenshot_is-immutable_2024-03-10-21-22-09.937.html[0m
2024-03-11T04:22:10.0722629Z   [0;33mImage screenshot: /home/runner/work/human-essentials/human-essentials/tmp/screenshots/screenshot_is-immutable_2024-03-10-21-22-09.937.png[0m
2024-03-11T04:22:10.0723978Z         with a storage location containing multiple items
2024-03-11T04:22:10.6912956Z           creates an adjustment with the differential of only the audited item (FAILED - 11)
2024-03-11T04:22:10.6915988Z   [0;33mHTML screenshot: /home/runner/work/human-essentials/human-essentials/tmp/screenshots/screenshot_creates-an-adjustment-with-the-differential-of-only-the-audited-item_2024-03-10-21-22-10.555.html[0m
2024-03-11T04:22:10.6919325Z   [0;33mImage screenshot: /home/runner/work/human-essentials/human-essentials/tmp/screenshots/screenshot_creates-an-adjustment-with-the-differential-of-only-the-audited-item_2024-03-10-21-22-10.555.png[0m
2024-03-11T04:22:10.6921236Z     with an existing audit
2024-03-11T04:22:11.2896809Z       should be able to confirm the audit from the #edit page (FAILED - 12)
2024-03-11T04:22:11.2899322Z   [0;33mHTML screenshot: /home/runner/work/human-essentials/human-essentials/tmp/screenshots/screenshot_should-be-able-to-confirm-the-audit-from-the-#edit-page_2024-03-10-21-22-11.147.html[0m
2024-03-11T04:22:11.2902215Z   [0;33mImage screenshot: /home/runner/work/human-essentials/human-essentials/tmp/screenshots/screenshot_should-be-able-to-confirm-the-audit-from-the-#edit-page_2024-03-10-21-22-11.147.png[0m
2024-03-11T04:22:11.8368765Z       should be able to delete the audit that is in progress (FAILED - 13)
2024-03-11T04:22:11.8371431Z   [0;33mHTML screenshot: /home/runner/work/human-essentials/human-essentials/tmp/screenshots/screenshot_should-be-able-to-delete-the-audit-that-is-in-progress_2024-03-10-21-22-11.698.html[0m
2024-03-11T04:22:11.8374137Z   [0;33mImage screenshot: /home/runner/work/human-essentials/human-essentials/tmp/screenshots/screenshot_should-be-able-to-delete-the-audit-that-is-in-progress_2024-03-10-21-22-11.698.png[0m
2024-03-11T04:22:12.3899401Z       should be able to resume the audit that is in progress (FAILED - 14)
2024-03-11T04:22:12.3902956Z   [0;33mHTML screenshot: /home/runner/work/human-essentials/human-essentials/tmp/screenshots/screenshot_should-be-able-to-resume-the-audit-that-is-in-progress_2024-03-10-21-22-12.246.html[0m
2024-03-11T04:22:12.3906441Z   [0;33mImage screenshot: /home/runner/work/human-essentials/human-essentials/tmp/screenshots/screenshot_should-be-able-to-resume-the-audit-that-is-in-progress_2024-03-10-21-22-12.246.png[0m
2024-03-11T04:22:12.3908588Z     when starting a new audit
2024-03-11T04:22:12.9576222Z       does not display quantities in line-item drop down selector (FAILED - 15)
2024-03-11T04:22:12.9578805Z   [0;33mHTML screenshot: /home/runner/work/human-essentials/human-essentials/tmp/screenshots/screenshot_does-not-display-quantities-in-line-item-drop-down-selector_2024-03-10-21-22-12.825.html[0m
2024-03-11T04:22:12.9582815Z   [0;33mImage screenshot: /home/runner/work/human-essentials/human-essentials/tmp/screenshots/screenshot_does-not-display-quantities-in-line-item-drop-down-selector_2024-03-10-21-22-12.825.png[0m
2024-03-11T04:22:12.9584998Z     when viewing the audits index
2024-03-11T04:22:13.5397203Z       should be able to filter the #index by storage location (FAILED - 16)
2024-03-11T04:22:13.5399090Z   [0;33mHTML screenshot: /home/runner/work/human-essentials/human-essentials/tmp/screenshots/screenshot_should-be-able-to-filter-the-#index-by-storage-location_2024-03-10-21-22-13.395.html[0m
2024-03-11T04:22:13.5402935Z   [0;33mImage screenshot: /home/runner/work/human-essentials/human-essentials/tmp/screenshots/screenshot_should-be-able-to-filter-the-#index-by-storage-location_2024-03-10-21-22-13.395.png[0m
2024-03-11T04:22:14.1257486Z       should be able to confirm the audit from the #new page (FAILED - 17)
2024-03-11T04:22:14.1260887Z   [0;33mHTML screenshot: /home/runner/work/human-essentials/human-essentials/tmp/screenshots/screenshot_should-be-able-to-confirm-the-audit-from-the-#new-page_2024-03-10-21-22-13.987.html[0m
2024-03-11T04:22:14.1264405Z   [0;33mImage screenshot: /home/runner/work/human-essentials/human-essentials/tmp/screenshots/screenshot_should-be-able-to-confirm-the-audit-from-the-#new-page_2024-03-10-21-22-13.987.png[0m
2024-03-11T04:22:14.6717425Z       should be able to save progress of an audit (FAILED - 18)
2024-03-11T04:22:14.6719784Z   [0;33mHTML screenshot: /home/runner/work/human-essentials/human-essentials/tmp/screenshots/screenshot_should-be-able-to-save-progress-of-an-audit_2024-03-10-21-22-14.526.html[0m
2024-03-11T04:22:14.6721943Z   [0;33mImage screenshot: /home/runner/work/human-essentials/human-essentials/tmp/screenshots/screenshot_should-be-able-to-save-progress-of-an-audit_2024-03-10-21-22-14.526.png[0m
2024-03-11T04:22:14.6723083Z 
2024-03-11T04:22:14.6723211Z Participant
2024-03-11T04:22:14.6723557Z   When a user views the index page
2024-03-11T04:22:15.2392876Z     alphabetizes the product drive participant names (FAILED - 19)
2024-03-11T04:22:15.2394645Z   [0;33mHTML screenshot: /home/runner/work/human-essentials/human-essentials/tmp/screenshots/screenshot_alphabetizes-the-product-drive-participant-names_2024-03-10-21-22-15.105.html[0m
2024-03-11T04:22:15.2397259Z   [0;33mImage screenshot: /home/runner/work/human-essentials/human-essentials/tmp/screenshots/screenshot_alphabetizes-the-product-drive-participant-names_2024-03-10-21-22-15.105.png[0m
2024-03-11T04:22:15.2398842Z     When the s have donations associated with them already
2024-03-11T04:22:15.7721687Z       allows single  Participants to show semi-detailed stats about donations from that product drive (FAILED - 20)
2024-03-11T04:22:15.7724565Z   [0;33mHTML screenshot: /home/runner/work/human-essentials/human-essentials/tmp/screenshots/screenshot_allows-single--Participants-to-show-semi-detailed-stats-about-donations-from-that-product-drive_2024-03-10-21-22-15.638.html[0m
2024-03-11T04:22:15.7728666Z   [0;33mImage screenshot: /home/runner/work/human-essentials/human-essentials/tmp/screenshots/screenshot_allows-single--Participants-to-show-semi-detailed-stats-about-donations-from-that-product-drive_2024-03-10-21-22-15.638.png[0m
2024-03-11T04:22:16.2897960Z       shows existing  Participants in the #index with some summary stats (FAILED - 21)
2024-03-11T04:22:16.2899821Z   [0;33mHTML screenshot: /home/runner/work/human-essentials/human-essentials/tmp/screenshots/screenshot_shows-existing--Participants-in-the-#index-with-some-summary-stats_2024-03-10-21-22-16.150.html[0m
2024-03-11T04:22:16.2902718Z   [0;33mImage screenshot: /home/runner/work/human-essentials/human-essentials/tmp/screenshots/screenshot_shows-existing--Participants-in-the-#index-with-some-summary-stats_2024-03-10-21-22-16.150.png[0m
2024-03-11T04:22:16.2904281Z   when creating new product drive participants
2024-03-11T04:22:16.7911661Z     does not allow a user to add a new product drive instance with empty attributes (FAILED - 22)
2024-03-11T04:22:16.7914426Z   [0;33mHTML screenshot: /home/runner/work/human-essentials/human-essentials/tmp/screenshots/screenshot_does-not-allow-a-user-to-add-a-new-product-drive-instance-with-empty-attributes_2024-03-10-21-22-16.648.html[0m
2024-03-11T04:22:16.7918455Z   [0;33mImage screenshot: /home/runner/work/human-essentials/human-essentials/tmp/screenshots/screenshot_does-not-allow-a-user-to-add-a-new-product-drive-instance-with-empty-attributes_2024-03-10-21-22-16.648.png[0m
2024-03-11T04:22:17.3050459Z     allows a user to create a new product drive instance (FAILED - 23)
2024-03-11T04:22:17.3053097Z   [0;33mHTML screenshot: /home/runner/work/human-essentials/human-essentials/tmp/screenshots/screenshot_allows-a-user-to-create-a-new-product-drive-instance_2024-03-10-21-22-17.169.html[0m
2024-03-11T04:22:17.3055598Z   [0;33mImage screenshot: /home/runner/work/human-essentials/human-essentials/tmp/screenshots/screenshot_allows-a-user-to-create-a-new-product-drive-instance_2024-03-10-21-22-17.169.png[0m
2024-03-11T04:22:17.3056906Z   when editing an existing product drive participant
2024-03-11T04:22:17.8373801Z     allows a user to update the contact info for a product drive participant (FAILED - 24)
2024-03-11T04:22:17.8376645Z   [0;33mHTML screenshot: /home/runner/work/human-essentials/human-essentials/tmp/screenshots/screenshot_allows-a-user-to-update-the-contact-info-for-a-product-drive-participant_2024-03-10-21-22-17.705.html[0m
2024-03-11T04:22:17.8381299Z   [0;33mImage screenshot: /home/runner/work/human-essentials/human-essentials/tmp/screenshots/screenshot_allows-a-user-to-update-the-contact-info-for-a-product-drive-participant_2024-03-10-21-22-17.705.png[0m
2024-03-11T04:22:18.3427184Z     does not allow a user to update a product drive participant with empty attributes (FAILED - 25)
2024-03-11T04:22:18.3429767Z   [0;33mHTML screenshot: /home/runner/work/human-essentials/human-essentials/tmp/screenshots/screenshot_does-not-allow-a-user-to-update-a-product-drive-participant-with-empty-attributes_2024-03-10-21-22-18.203.html[0m
2024-03-11T04:22:18.3432851Z   [0;33mImage screenshot: /home/runner/work/human-essentials/human-essentials/tmp/screenshots/screenshot_does-not-allow-a-user-to-update-a-product-drive-participant-with-empty-attributes_2024-03-10-21-22-18.203.png[0m
2024-03-11T04:22:18.3434281Z 
2024-03-11T04:22:18.3434442Z /kits
2024-03-11T04:22:18.3434846Z   while signed in
2024-03-11T04:22:18.4054762Z     PUT #deactivate
2024-03-11T04:22:18.4055356Z     GET #index
2024-03-11T04:22:18.4863672Z       should include deactivate
2024-03-11T04:22:18.4864952Z       when it is already deactivated
2024-03-11T04:22:18.5656873Z         should show reactivate button
2024-03-11T04:22:18.5658049Z       when show inactive is checked
2024-03-11T04:22:18.6390474Z         should show the inactive kit
2024-03-11T04:22:18.6391326Z       when it cannot be deactivated
2024-03-11T04:22:18.7392656Z         should disable the button
2024-03-11T04:22:18.7393822Z     PUT #reactivate
2024-03-11T04:22:18.7853292Z       cannot reactivate if it has an inactive item
2024-03-11T04:22:18.8364374Z       should successfully reactivate
2024-03-11T04:22:18.8365336Z 
2024-03-11T04:22:18.8365932Z Coworking invitations
2024-03-11T04:22:18.8367071Z   inviting a new user as a partner user
2024-03-11T04:22:18.8368195Z     GIVEN a partner user complete the process to invite a coworker
2024-03-11T04:22:19.5065241Z       should create a new partner user for the partner account (FAILED - 26)
2024-03-11T04:22:19.5067274Z   [0;33mHTML screenshot: /home/runner/work/human-essentials/human-essentials/tmp/screenshots/screenshot_should-create-a-new-partner-user-for-the-partner-account_2024-03-10-21-22-19.371.html[0m
2024-03-11T04:22:19.5069966Z   [0;33mImage screenshot: /home/runner/work/human-essentials/human-essentials/tmp/screenshots/screenshot_should-create-a-new-partner-user-for-the-partner-account_2024-03-10-21-22-19.371.png[0m
2024-03-11T04:22:19.5071193Z 
2024-03-11T04:22:19.5071327Z Barcode Items Admin
2024-03-11T04:22:19.5071853Z   while signed in as a super admin
2024-03-11T04:22:19.5072320Z     user visits the show page
2024-03-11T04:22:20.0042891Z       shows the barcode item (FAILED - 27)
2024-03-11T04:22:20.0044295Z   [0;33mHTML screenshot: /home/runner/work/human-essentials/human-essentials/tmp/screenshots/screenshot_shows-the-barcode-item_2024-03-10-21-22-19.876.html[0m
2024-03-11T04:22:20.0045991Z   [0;33mImage screenshot: /home/runner/work/human-essentials/human-essentials/tmp/screenshots/screenshot_shows-the-barcode-item_2024-03-10-21-22-19.876.png[0m
2024-03-11T04:22:20.0047564Z     user visits the new page
2024-03-11T04:22:20.5367933Z       creates a new global barcode item (FAILED - 28)
2024-03-11T04:22:20.5369853Z   [0;33mHTML screenshot: /home/runner/work/human-essentials/human-essentials/tmp/screenshots/screenshot_creates-a-new-global-barcode-item_2024-03-10-21-22-20.402.html[0m
2024-03-11T04:22:20.5371943Z   [0;33mImage screenshot: /home/runner/work/human-essentials/human-essentials/tmp/screenshots/screenshot_creates-a-new-global-barcode-item_2024-03-10-21-22-20.402.png[0m
2024-03-11T04:22:20.5373314Z     user visits the index page
2024-03-11T04:22:21.0560781Z       shows the barcode item (FAILED - 29)
2024-03-11T04:22:21.0562368Z   [0;33mHTML screenshot: /home/runner/work/human-essentials/human-essentials/tmp/screenshots/screenshot_shows-the-barcode-item_2024-03-10-21-22-20.925.html[0m
2024-03-11T04:22:21.0564540Z   [0;33mImage screenshot: /home/runner/work/human-essentials/human-essentials/tmp/screenshots/screenshot_shows-the-barcode-item_2024-03-10-21-22-20.925.png[0m
2024-03-11T04:22:21.6032322Z       deletes a global barcode (FAILED - 30)
2024-03-11T04:22:21.6034645Z   [0;33mHTML screenshot: /home/runner/work/human-essentials/human-essentials/tmp/screenshots/screenshot_deletes-a-global-barcode_2024-03-10-21-22-21.469.html[0m
2024-03-11T04:22:21.6036617Z   [0;33mImage screenshot: /home/runner/work/human-essentials/human-essentials/tmp/screenshots/screenshot_deletes-a-global-barcode_2024-03-10-21-22-21.469.png[0m
2024-03-11T04:22:22.1534747Z       creates a new global barcode item (FAILED - 31)
2024-03-11T04:22:22.1536349Z   [0;33mHTML screenshot: /home/runner/work/human-essentials/human-essentials/tmp/screenshots/screenshot_creates-a-new-global-barcode-item_2024-03-10-21-22-22.020.html[0m
2024-03-11T04:22:22.1538268Z   [0;33mImage screenshot: /home/runner/work/human-essentials/human-essentials/tmp/screenshots/screenshot_creates-a-new-global-barcode-item_2024-03-10-21-22-22.020.png[0m
2024-03-11T04:22:22.1539440Z     user visits the edit page
2024-03-11T04:22:22.6695041Z       updates the barcode item (FAILED - 32)
2024-03-11T04:22:22.6696926Z   [0;33mHTML screenshot: /home/runner/work/human-essentials/human-essentials/tmp/screenshots/screenshot_updates-the-barcode-item_2024-03-10-21-22-22.530.html[0m
2024-03-11T04:22:22.6699831Z   [0;33mImage screenshot: /home/runner/work/human-essentials/human-essentials/tmp/screenshots/screenshot_updates-the-barcode-item_2024-03-10-21-22-22.530.png[0m
2024-03-11T04:22:22.6701647Z 
2024-03-11T04:22:22.6701856Z Donation Site
2024-03-11T04:22:22.6702410Z   with an existing donation site
2024-03-11T04:22:23.1879038Z     updates an existing donation site (FAILED - 33)
2024-03-11T04:22:23.1880389Z   [0;33mHTML screenshot: /home/runner/work/human-essentials/human-essentials/tmp/screenshots/screenshot_updates-an-existing-donation-site_2024-03-10-21-22-23.046.html[0m
2024-03-11T04:22:23.1882783Z   [0;33mImage screenshot: /home/runner/work/human-essentials/human-essentials/tmp/screenshots/screenshot_updates-an-existing-donation-site_2024-03-10-21-22-23.046.png[0m
2024-03-11T04:22:23.7210770Z     does not allow updating to an existing donation site with empty attributes (FAILED - 34)
2024-03-11T04:22:23.7213837Z   [0;33mHTML screenshot: /home/runner/work/human-essentials/human-essentials/tmp/screenshots/screenshot_does-not-allow-updating-to-an-existing-donation-site-with-empty-attributes_2024-03-10-21-22-23.586.html[0m
2024-03-11T04:22:23.7217618Z   [0;33mImage screenshot: /home/runner/work/human-essentials/human-essentials/tmp/screenshots/screenshot_does-not-allow-updating-to-an-existing-donation-site-with-empty-attributes_2024-03-10-21-22-23.586.png[0m
2024-03-11T04:22:23.7219582Z   When a user views the index page
2024-03-11T04:22:24.2033120Z     allows the user to quick-create a new donation site (FAILED - 35)
2024-03-11T04:22:24.2035525Z   [0;33mHTML screenshot: /home/runner/work/human-essentials/human-essentials/tmp/screenshots/screenshot_allows-the-user-to-quick-create-a-new-donation-site_2024-03-10-21-22-24.062.html[0m
2024-03-11T04:22:24.2038802Z   [0;33mImage screenshot: /home/runner/work/human-essentials/human-essentials/tmp/screenshots/screenshot_allows-the-user-to-quick-create-a-new-donation-site_2024-03-10-21-22-24.062.png[0m
2024-03-11T04:22:24.7408971Z     should show donation sites in alphabetical order (FAILED - 36)
2024-03-11T04:22:24.7410882Z   [0;33mHTML screenshot: /home/runner/work/human-essentials/human-essentials/tmp/screenshots/screenshot_should-show-donation-sites-in-alphabetical-order_2024-03-10-21-22-24.607.html[0m
2024-03-11T04:22:24.7413581Z   [0;33mImage screenshot: /home/runner/work/human-essentials/human-essentials/tmp/screenshots/screenshot_should-show-donation-sites-in-alphabetical-order_2024-03-10-21-22-24.607.png[0m
2024-03-11T04:22:24.7415144Z   When creating a new donation site
2024-03-11T04:22:25.2378525Z     does not allow creating a new donation site with empty attributes (FAILED - 37)
2024-03-11T04:22:25.2381347Z   [0;33mHTML screenshot: /home/runner/work/human-essentials/human-essentials/tmp/screenshots/screenshot_does-not-allow-creating-a-new-donation-site-with-empty-attributes_2024-03-10-21-22-25.103.html[0m
2024-03-11T04:22:25.2385114Z   [0;33mImage screenshot: /home/runner/work/human-essentials/human-essentials/tmp/screenshots/screenshot_does-not-allow-creating-a-new-donation-site-with-empty-attributes_2024-03-10-21-22-25.103.png[0m
2024-03-11T04:22:25.7694124Z     creates a new donation site as a user (FAILED - 38)
2024-03-11T04:22:25.7695945Z   [0;33mHTML screenshot: /home/runner/work/human-essentials/human-essentials/tmp/screenshots/screenshot_creates-a-new-donation-site-as-a-user_2024-03-10-21-22-25.635.html[0m
2024-03-11T04:22:25.7698138Z   [0;33mImage screenshot: /home/runner/work/human-essentials/human-essentials/tmp/screenshots/screenshot_creates-a-new-donation-site-as-a-user_2024-03-10-21-22-25.635.png[0m
2024-03-11T04:22:25.7699234Z 
2024-03-11T04:22:25.7699462Z /partners/family
2024-03-11T04:22:25.7699837Z   GET #index
2024-03-11T04:22:25.8499072Z     should render without any issues and present all families
2024-03-11T04:22:25.9070250Z     should render without any issues and display unarchived families by default
2024-03-11T04:22:25.9517010Z     should export CSV
2024-03-11T04:22:25.9517814Z 
2024-03-11T04:22:25.9518089Z Organization Administration
2024-03-11T04:22:25.9519749Z   while signed in as an organization admin
2024-03-11T04:22:26.4706300Z     can edit the properties for an organization as an admin (FAILED - 39)
2024-03-11T04:22:26.4708285Z   [0;33mHTML screenshot: /home/runner/work/human-essentials/human-essentials/tmp/screenshots/screenshot_can-edit-the-properties-for-an-organization-as-an-admin_2024-03-10-21-22-26.335.html[0m
2024-03-11T04:22:26.4711604Z   [0;33mImage screenshot: /home/runner/work/human-essentials/human-essentials/tmp/screenshots/screenshot_can-edit-the-properties-for-an-organization-as-an-admin_2024-03-10-21-22-26.335.png[0m
2024-03-11T04:22:27.0028504Z     can bail back to their own site as a user (FAILED - 40)
2024-03-11T04:22:27.0030963Z   [0;33mHTML screenshot: /home/runner/work/human-essentials/human-essentials/tmp/screenshots/screenshot_can-bail-back-to-their-own-site-as-a-user_2024-03-10-21-22-26.871.html[0m
2024-03-11T04:22:27.0034687Z   [0;33mImage screenshot: /home/runner/work/human-essentials/human-essentials/tmp/screenshots/screenshot_can-bail-back-to-their-own-site-as-a-user_2024-03-10-21-22-26.871.png[0m
2024-03-11T04:22:27.0036723Z     When looking at a single organization
2024-03-11T04:22:27.5206528Z       can view details about an organization, including the users as an admin (FAILED - 41)
2024-03-11T04:22:27.5208552Z   [0;33mHTML screenshot: /home/runner/work/human-essentials/human-essentials/tmp/screenshots/screenshot_can-view-details-about-an-organization,-including-the-users-as-an-admin_2024-03-10-21-22-27.381.html[0m
2024-03-11T04:22:27.5211674Z   [0;33mImage screenshot: /home/runner/work/human-essentials/human-essentials/tmp/screenshots/screenshot_can-view-details-about-an-organization,-including-the-users-as-an-admin_2024-03-10-21-22-27.381.png[0m
2024-03-11T04:22:27.5213483Z   while signed in as a normal user
2024-03-11T04:22:28.0455198Z     cannot see an edit link as a user (FAILED - 42)
2024-03-11T04:22:28.0457622Z   [0;33mHTML screenshot: /home/runner/work/human-essentials/human-essentials/tmp/screenshots/screenshot_cannot-see-an-edit-link-as-a-user_2024-03-10-21-22-27.909.html[0m
2024-03-11T04:22:28.0460822Z   [0;33mImage screenshot: /home/runner/work/human-essentials/human-essentials/tmp/screenshots/screenshot_cannot-see-an-edit-link-as-a-user_2024-03-10-21-22-27.909.png[0m
2024-03-11T04:22:28.0461866Z 
2024-03-11T04:22:28.0462023Z Users
2024-03-11T04:22:28.0462482Z   POST #send_partner_user_reset_password
2024-03-11T04:22:28.1751833Z     should return send a password even if case-insensitive spelling of email
2024-03-11T04:22:28.2176182Z     should return an error if it cannot find the user
2024-03-11T04:22:28.2624143Z     should send a password
2024-03-11T04:22:28.4729013Z     should return an error if organization does not own the partner
2024-03-11T04:22:28.4730351Z   GET #index
2024-03-11T04:22:28.5032327Z     returns http success
2024-03-11T04:22:28.5033175Z   GET #new
2024-03-11T04:22:28.5317566Z     returns http success
2024-03-11T04:22:28.5318283Z   GET #switch_to_partner_role
2024-03-11T04:22:28.5319350Z     with a partner role
2024-03-11T04:22:28.5692757Z       should redirect to the partner path
2024-03-11T04:22:28.5693597Z     without a partner role
2024-03-11T04:22:28.7631000Z       should redirect to the root path with an error
2024-03-11T04:22:28.7631855Z 
2024-03-11T04:22:28.7632189Z BroadcastAnnouncements
2024-03-11T04:22:28.7633380Z   GET /index
2024-03-11T04:22:28.8015053Z     renders a successful response
2024-03-11T04:22:28.8015924Z   GET /new
2024-03-11T04:22:28.8311372Z     renders a successful response
2024-03-11T04:22:28.8312068Z   GET /edit
2024-03-11T04:22:28.8634702Z     render a successful response
2024-03-11T04:22:28.8635712Z   PATCH /update
2024-03-11T04:22:28.8636355Z     with valid parameters
2024-03-11T04:22:28.8815804Z       updates the requested announcement and redirects
2024-03-11T04:22:28.8816732Z     with invalid parameters
2024-03-11T04:22:28.9231313Z       does not render a successful response
2024-03-11T04:22:28.9232316Z   POST /create
2024-03-11T04:22:28.9233056Z     with valid parameters
2024-03-11T04:22:28.9390961Z       creates a new BroadcastAnnouncement then redirects
2024-03-11T04:22:28.9391799Z     with invalid parameters
2024-03-11T04:22:28.9708561Z       does not create a new BroadcastAnnouncement
2024-03-11T04:22:29.0014831Z       does not render a successful response
2024-03-11T04:22:29.0015824Z   DELETE /destroy
2024-03-11T04:22:29.0183370Z     destroys the requested announcement then redirects
2024-03-11T04:22:29.0184483Z   When logged in as an organization_admin
2024-03-11T04:22:29.0185222Z     GET /new
2024-03-11T04:22:29.0323362Z       redirects
2024-03-11T04:22:29.0324173Z     POST /create
2024-03-11T04:22:29.0462807Z       redirects
2024-03-11T04:22:29.0466928Z 
2024-03-11T04:22:29.0467330Z Partners
2024-03-11T04:22:29.0469753Z   POST #update
2024-03-11T04:22:29.0470764Z     unsuccessful save due to empty params
2024-03-11T04:22:29.1053198Z       renders :edit
2024-03-11T04:22:29.1054088Z     successful save
2024-03-11T04:22:29.1398856Z       redirects to #show
2024-03-11T04:22:29.1735083Z       update partner
2024-03-11T04:22:29.1735781Z   POST #invite_partner_user
2024-03-11T04:22:29.1737094Z     when the invite successfully
2024-03-11T04:22:29.2130281Z       send the invite
2024-03-11T04:22:29.2131050Z     when there is an error in invite
2024-03-11T04:22:29.2451961Z       redirect to partner url with error message
2024-03-11T04:22:29.2452608Z   PUT #reactivate
2024-03-11T04:22:29.2453138Z     when the partner successfully reactivates
2024-03-11T04:22:29.2803658Z       changes the partner status to approved and redirects with flash
2024-03-11T04:22:29.2804874Z     when trying to reactivate a partner who is not deactivated
2024-03-11T04:22:29.3116960Z       fails to change the partner status to reactivated and redirects with flash error message
2024-03-11T04:22:29.3118386Z   GET #edit
2024-03-11T04:22:29.3663757Z     returns http success
2024-03-11T04:22:29.3664586Z   DELETE #destroy
2024-03-11T04:22:29.4125524Z     redirects to #index
2024-03-11T04:22:29.4126229Z   POST #invite_and_approve
2024-03-11T04:22:29.4127018Z     when invitation succeeded and approval succeed
2024-03-11T04:22:29.4421287Z       sends invitation email and approve partner in single step
2024-03-11T04:22:29.4422502Z     when approval fails
2024-03-11T04:22:29.5703680Z       should redirect to the partners index page with a notice flash message
2024-03-11T04:22:29.5704720Z     when invitation failed
2024-03-11T04:22:29.6004063Z       should redirect to the partners index page with a notice flash message
2024-03-11T04:22:29.6005298Z   POST #create
2024-03-11T04:22:29.6006037Z     when given invalid partner attributes in the params
2024-03-11T04:22:29.6473697Z       should not create a new Partner record
2024-03-11T04:22:29.6857089Z       should not create a new Partners::Profile record
2024-03-11T04:22:29.7218998Z       should display the error message
2024-03-11T04:22:29.7220086Z     when given valid partner attributes in the params
2024-03-11T04:22:29.7426289Z       should create a new Partner record
2024-03-11T04:22:29.7619894Z       redirect to the partners index page
2024-03-11T04:22:29.7821599Z       should create a new Partners::Profile record
2024-03-11T04:22:29.7822409Z   POST #invite
2024-03-11T04:22:29.8109973Z     sends the invite
2024-03-11T04:22:29.8110836Z   POST #recertify_partner
2024-03-11T04:22:29.8111535Z     when the request for recertification from the partner was successful
2024-03-11T04:22:29.8403516Z       should return back to the partners page with a success flash
2024-03-11T04:22:29.8404794Z     when the request for recertification from the partner was NOT successful
2024-03-11T04:22:29.8720867Z       should return back to the partners page with a success flash
2024-03-11T04:22:29.8722190Z   PUT #deactivate
2024-03-11T04:22:29.8722653Z     when the partner successfully deactivates
2024-03-11T04:22:29.9076063Z       changes the partner status to deactivated and redirects with flash
2024-03-11T04:22:29.9077102Z   GET #index
2024-03-11T04:22:29.9077637Z     html
2024-03-11T04:22:29.9625595Z       is expected to be successful
2024-03-11T04:22:29.9626404Z     csv
2024-03-11T04:22:29.9942297Z       is expected to be successful
2024-03-11T04:22:29.9943238Z   GET #new
2024-03-11T04:22:30.0257876Z     returns http success
2024-03-11T04:22:30.0258991Z   GET #show
2024-03-11T04:22:30.0259737Z     csv
2024-03-11T04:22:30.0895127Z       is expected to be successful
2024-03-11T04:22:30.0895900Z     html
2024-03-11T04:22:30.1701981Z       is expected to be successful
2024-03-11T04:22:30.2539539Z       when the partner is uninvited
2024-03-11T04:22:30.2540748Z         does not include impact metrics
2024-03-11T04:22:30.3306165Z         does not show the delete button
2024-03-11T04:22:30.3307637Z         when the partner has no users
2024-03-11T04:22:30.4173289Z           shows the delete button
2024-03-11T04:22:30.4174091Z       when the partner is invited
2024-03-11T04:22:30.5019062Z         includes impact metrics
2024-03-11T04:22:30.5019916Z   GET #approve_application
2024-03-11T04:22:30.5020858Z     when the approval was successful
2024-03-11T04:22:30.5330057Z       should redirect to the partners index page with a success flash message
2024-03-11T04:22:30.5331104Z     when the approval failed
2024-03-11T04:22:30.5618374Z       should redirect to the partners index page with a failure flash message
2024-03-11T04:22:30.5619856Z   POST #import_csv
2024-03-11T04:22:30.5620786Z     without a csv file
2024-03-11T04:22:30.5730335Z       presents a flash error message
2024-03-11T04:22:30.5837852Z       redirects to :index
2024-03-11T04:22:30.5838692Z     csv file with wrong headers
2024-03-11T04:22:30.5978598Z       presents a flash error message
2024-03-11T04:22:30.6091544Z       redirects to :index
2024-03-11T04:22:30.6092379Z     with a csv file
2024-03-11T04:22:30.6141058Z       invokes .import_csv
2024-03-11T04:22:30.6460189Z       redirects to :index
2024-03-11T04:22:30.6773607Z       presents a flash notice message
2024-03-11T04:22:30.6774331Z   POST #create
2024-03-11T04:22:30.6775500Z     unsuccessful save due to empty params
2024-03-11T04:22:30.7132651Z       renders :new
2024-03-11T04:22:30.7133298Z     successful save
2024-03-11T04:22:30.7310441Z       creates a new partner
2024-03-11T04:22:30.7483798Z       redirects to #index
2024-03-11T04:22:30.7485751Z 
2024-03-11T04:22:30.7486189Z Distributions
2024-03-11T04:22:30.7487347Z   While signed in
2024-03-11T04:22:30.7489440Z     GET #print
2024-03-11T04:22:30.7980712Z       returns http success
2024-03-11T04:22:30.7981822Z       with non-UTF8 characters
2024-03-11T04:22:30.8338935Z         returns http success
2024-03-11T04:22:30.8339608Z     GET #schedule
2024-03-11T04:22:30.8619871Z       returns http success
2024-03-11T04:22:30.8621214Z     Looking at a different organization
2024-03-11T04:22:31.0550435Z       redirects the user to the sign-in page for CRUD actions
2024-03-11T04:22:31.0551683Z     GET #itemized_breakdown
2024-03-11T04:22:31.0705190Z       returns http success
2024-03-11T04:22:31.0706049Z     GET #reclaim
2024-03-11T04:22:31.1392358Z       returns http success
2024-03-11T04:22:31.1393131Z     POST #create
2024-03-11T04:22:31.1943535Z       redirects to #show on success
2024-03-11T04:22:31.2453377Z       renders #new again on failure, with notice
2024-03-11T04:22:31.2454610Z     GET #show
2024-03-11T04:22:31.2991889Z       returns http success
2024-03-11T04:22:31.3969780Z       sums distribution totals accurately
2024-03-11T04:22:31.3971061Z     GET #new
2024-03-11T04:22:31.4833817Z       returns http success
2024-03-11T04:22:31.4834651Z       with partner default
2024-03-11T04:22:31.6278744Z         selects partner default
2024-03-11T04:22:31.6279395Z       with org default but no partner default
2024-03-11T04:22:31.7393353Z         selects org default
2024-03-11T04:22:31.7394409Z     PATCH #picked_up
2024-03-11T04:22:31.7395368Z       when the distribution is successfully updated
2024-03-11T04:22:31.7800130Z         redirects the user back to the distributions page
2024-03-11T04:22:31.8185981Z         updates the state to 'complete'
2024-03-11T04:22:31.8186995Z     GET #pickup_day
2024-03-11T04:22:31.8462766Z       returns http success
2024-03-11T04:22:32.0548308Z       correctly sums the item counts from distributions
2024-03-11T04:22:32.2067690Z       correctly sums the item package counts from distributions
2024-03-11T04:22:32.2068819Z     GET #edit
2024-03-11T04:22:32.2984420Z       should not show a warning if the audit is for another location
2024-03-11T04:22:32.3872873Z       should show a warning if there is an inteverning audit
2024-03-11T04:22:32.4542887Z       should show the distribution
2024-03-11T04:22:32.4543795Z     POST #update
2024-03-11T04:22:32.5173609Z       returns a 200
2024-03-11T04:22:32.5174514Z       mail follow up
2024-03-11T04:22:32.5756642Z         does not send an e-mail
2024-03-11T04:22:32.5757324Z         sending
2024-03-11T04:22:32.6484278Z           does send an e-mail
2024-03-11T04:22:32.6485113Z         partner reminder sending switched off
2024-03-11T04:22:32.7080233Z           does not send the e-mail
2024-03-11T04:22:32.7080995Z       when changing storage location
2024-03-11T04:22:32.7782629Z         rollsback updates if quantity would go below 0
2024-03-11T04:22:32.9489249Z         updates storage quantity correctly
2024-03-11T04:22:32.9490148Z     GET #index
2024-03-11T04:22:32.9831376Z       returns http success
2024-03-11T04:22:33.1640499Z       sums distribution totals accurately
2024-03-11T04:22:33.1641728Z   While not signed in
2024-03-11T04:22:33.1916285Z     redirects the user to the sign-in page for CRUD actions
2024-03-11T04:22:33.1917108Z     GET #calendar
2024-03-11T04:22:33.1917637Z       with a correct hash id
2024-03-11T04:22:33.1989692Z         should render the calendar
2024-03-11T04:22:33.1990439Z       without a correct hash id
2024-03-11T04:22:33.2049291Z         should error unauthorized
2024-03-11T04:22:33.2050761Z 
2024-03-11T04:22:33.2051001Z Attachments
2024-03-11T04:22:33.2052283Z   DELETE #destroy
2024-03-11T04:22:33.2508950Z     redirects to referrer
2024-03-11T04:22:33.2509407Z 
2024-03-11T04:22:33.2509862Z User sign-in handling
2024-03-11T04:22:33.2511301Z   when users are invalid
2024-03-11T04:22:33.9067192Z     shows invalid credentials alert (FAILED - 43)
2024-03-11T04:22:33.9068776Z   [0;33mHTML screenshot: /home/runner/work/human-essentials/human-essentials/tmp/screenshots/screenshot_shows-invalid-credentials-alert_2024-03-10-21-22-33.544.html[0m
2024-03-11T04:22:33.9071164Z   [0;33mImage screenshot: /home/runner/work/human-essentials/human-essentials/tmp/screenshots/screenshot_shows-invalid-credentials-alert_2024-03-10-21-22-33.544.png[0m
2024-03-11T04:22:33.9072430Z   when users are valid and belong to an organization
2024-03-11T04:22:34.5577430Z     redirects to user's dashboard (FAILED - 44)
2024-03-11T04:22:34.5578897Z   [0;33mHTML screenshot: /home/runner/work/human-essentials/human-essentials/tmp/screenshots/screenshot_redirects-to-user's-dashboard_2024-03-10-21-22-34.195.html[0m
2024-03-11T04:22:34.5581148Z   [0;33mImage screenshot: /home/runner/work/human-essentials/human-essentials/tmp/screenshots/screenshot_redirects-to-user's-dashboard_2024-03-10-21-22-34.195.png[0m
2024-03-11T04:22:34.5582861Z   when a partner user logs in
2024-03-11T04:22:35.2056823Z     redirects to the partner page (FAILED - 45)
2024-03-11T04:22:35.2058445Z   [0;33mHTML screenshot: /home/runner/work/human-essentials/human-essentials/tmp/screenshots/screenshot_redirects-to-the-partner-page_2024-03-10-21-22-34.853.html[0m
2024-03-11T04:22:35.2060698Z   [0;33mImage screenshot: /home/runner/work/human-essentials/human-essentials/tmp/screenshots/screenshot_redirects-to-the-partner-page_2024-03-10-21-22-34.853.png[0m
2024-03-11T04:22:35.2062614Z   when users are valid and don't belong to an organization
2024-03-11T04:22:35.8398439Z     redirects to 403 (FAILED - 46)
2024-03-11T04:22:35.8399937Z   [0;33mHTML screenshot: /home/runner/work/human-essentials/human-essentials/tmp/screenshots/screenshot_redirects-to-403_2024-03-10-21-22-35.493.html[0m
2024-03-11T04:22:35.8401642Z   [0;33mImage screenshot: /home/runner/work/human-essentials/human-essentials/tmp/screenshots/screenshot_redirects-to-403_2024-03-10-21-22-35.493.png[0m
2024-03-11T04:22:35.8791310Z W, [2024-03-10T21:22:35.878897 #2432]  WARN -- : [knapsack_pro] POST https://api-disabled-for-fork.knapsackpro.com/v1/build_subsets
2024-03-11T04:22:35.8793071Z W, [2024-03-10T21:22:35.878948 #2432]  WARN -- : [knapsack_pro] Request failed due to:
2024-03-11T04:22:35.8794772Z W, [2024-03-10T21:22:35.878973 #2432]  WARN -- : [knapsack_pro] #<SocketError: Failed to open TCP connection to api-disabled-for-fork.knapsackpro.com:443 (getaddrinfo: Name or service not known)>
2024-03-11T04:22:35.8796708Z W, [2024-03-10T21:22:35.879003 #2432]  WARN -- : [knapsack_pro] Time execution report was not saved on Knapsack Pro API server due to connection problem.
2024-03-11T04:22:36.0155673Z 
2024-03-11T04:22:36.0156479Z Failures:
2024-03-11T04:22:36.0156979Z 
2024-03-11T04:22:36.0158161Z   1) Audit management while signed in as a normal user should not be able to visit the audits #new page
2024-03-11T04:22:36.0159864Z      Failure/Error: visit url_prefix + "/audits/new"
2024-03-11T04:22:36.0160644Z 
2024-03-11T04:22:36.0160963Z      Ferrum::JavaScriptError:
2024-03-11T04:22:36.0162993Z        TypeError: Failed to resolve module specifier "cocoon-js-vanilla". Relative references must start with either "/", "./", or "../".
2024-03-11T04:22:36.0163978Z 
2024-03-11T04:22:36.0165714Z      [Screenshot Image]: /home/runner/work/human-essentials/human-essentials/tmp/capybara/failures_r_spec_example_groups_audit_management_while_signed_in_as_a_normal_user_should_not_be_able_to_visit_the_audits_#new_page_884.png
2024-03-11T04:22:36.0167180Z 
2024-03-11T04:22:36.0167197Z 
2024-03-11T04:22:36.0167694Z      # ./spec/system/audit_system_spec.rb:18:in `block (3 levels) in <top (required)>'
2024-03-11T04:22:36.0168221Z 
2024-03-11T04:22:36.0168639Z   2) Audit management while signed in as a normal user should not be able to visit the audits #edit page
2024-03-11T04:22:36.0169412Z      Failure/Error: visit url_prefix + "/audits/1/edit"
2024-03-11T04:22:36.0169817Z 
2024-03-11T04:22:36.0170076Z      Ferrum::JavaScriptError:
2024-03-11T04:22:36.0170956Z        TypeError: Failed to resolve module specifier "cocoon-js-vanilla". Relative references must start with either "/", "./", or "../".
2024-03-11T04:22:36.0172226Z 
2024-03-11T04:22:36.0173491Z      [Screenshot Image]: /home/runner/work/human-essentials/human-essentials/tmp/screenshots/failures_r_spec_example_groups_audit_management_while_signed_in_as_a_normal_user_should_not_be_able_to_visit_the_audits_#edit_page_360.png
2024-03-11T04:22:36.0174666Z 
2024-03-11T04:22:36.0174671Z 
2024-03-11T04:22:36.0175006Z      # ./spec/system/audit_system_spec.rb:23:in `block (3 levels) in <top (required)>'
2024-03-11T04:22:36.0175499Z 
2024-03-11T04:22:36.0175911Z   3) Audit management while signed in as a normal user should not be able to visit the audits #show page
2024-03-11T04:22:36.0176744Z      Failure/Error: visit url_prefix + "/audits/1"
2024-03-11T04:22:36.0177108Z 
2024-03-11T04:22:36.0177247Z      Ferrum::JavaScriptError:
2024-03-11T04:22:36.0178217Z        TypeError: Failed to resolve module specifier "cocoon-js-vanilla". Relative references must start with either "/", "./", or "../".
2024-03-11T04:22:36.0178858Z 
2024-03-11T04:22:36.0179946Z      [Screenshot Image]: /home/runner/work/human-essentials/human-essentials/tmp/screenshots/failures_r_spec_example_groups_audit_management_while_signed_in_as_a_normal_user_should_not_be_able_to_visit_the_audits_#show_page_943.png
2024-03-11T04:22:36.0181281Z 
2024-03-11T04:22:36.0181287Z 
2024-03-11T04:22:36.0181631Z      # ./spec/system/audit_system_spec.rb:28:in `block (3 levels) in <top (required)>'
2024-03-11T04:22:36.0182369Z 
2024-03-11T04:22:36.0183001Z   4) Audit management while signed in as a normal user should not be able to visit the audits #index page
2024-03-11T04:22:36.0183693Z      Failure/Error: visit url_prefix + "/audits"
2024-03-11T04:22:36.0184026Z 
2024-03-11T04:22:36.0184169Z      Ferrum::JavaScriptError:
2024-03-11T04:22:36.0185136Z        TypeError: Failed to resolve module specifier "cocoon-js-vanilla". Relative references must start with either "/", "./", or "../".
2024-03-11T04:22:36.0185799Z 
2024-03-11T04:22:36.0187024Z      [Screenshot Image]: /home/runner/work/human-essentials/human-essentials/tmp/screenshots/failures_r_spec_example_groups_audit_management_while_signed_in_as_a_normal_user_should_not_be_able_to_visit_the_audits_#index_page_426.png
2024-03-11T04:22:36.0188080Z 
2024-03-11T04:22:36.0188085Z 
2024-03-11T04:22:36.0188401Z      # ./spec/system/audit_system_spec.rb:13:in `block (3 levels) in <top (required)>'
2024-03-11T04:22:36.0188911Z 
2024-03-11T04:22:36.0189458Z   5) Audit management while signed in as an organization admin with a confirmed audit User can delete the audit that is confirmed
2024-03-11T04:22:36.0190252Z      Failure/Error: visit subject
2024-03-11T04:22:36.0190492Z 
2024-03-11T04:22:36.0190743Z      Ferrum::JavaScriptError:
2024-03-11T04:22:36.0191575Z        TypeError: Failed to resolve module specifier "cocoon-js-vanilla". Relative references must start with either "/", "./", or "../".
2024-03-11T04:22:36.0192252Z 
2024-03-11T04:22:36.0193405Z      [Screenshot Image]: /home/runner/work/human-essentials/human-essentials/tmp/screenshots/failures_r_spec_example_groups_audit_management_while_signed_in_as_an_organization_admin_with_a_confirmed_audit_user_can_delete_the_audit_that_is_confirmed_99.png
2024-03-11T04:22:36.0194670Z 
2024-03-11T04:22:36.0194676Z 
2024-03-11T04:22:36.0195053Z      # ./spec/system/audit_system_spec.rb:162:in `block (4 levels) in <top (required)>'
2024-03-11T04:22:36.0195527Z 
2024-03-11T04:22:36.0195979Z   6) Audit management while signed in as an organization admin with a confirmed audit is able to finalize the audit
2024-03-11T04:22:36.0196730Z      Failure/Error: visit subject
2024-03-11T04:22:36.0196970Z 
2024-03-11T04:22:36.0197215Z      Ferrum::JavaScriptError:
2024-03-11T04:22:36.0198084Z        TypeError: Failed to resolve module specifier "cocoon-js-vanilla". Relative references must start with either "/", "./", or "../".
2024-03-11T04:22:36.0198735Z 
2024-03-11T04:22:36.0199862Z      [Screenshot Image]: /home/runner/work/human-essentials/human-essentials/tmp/screenshots/failures_r_spec_example_groups_audit_management_while_signed_in_as_an_organization_admin_with_a_confirmed_audit_is_able_to_finalize_the_audit_229.png
2024-03-11T04:22:36.0201002Z 
2024-03-11T04:22:36.0201006Z 
2024-03-11T04:22:36.0201349Z      # ./spec/system/audit_system_spec.rb:175:in `block (4 levels) in <top (required)>'
2024-03-11T04:22:36.0201784Z 
2024-03-11T04:22:36.0202319Z   7) Audit management while signed in as an organization admin with a confirmed audit should be able to edit the audit that is confirmed
2024-03-11T04:22:36.0203163Z      Failure/Error: visit subject
2024-03-11T04:22:36.0203499Z 
2024-03-11T04:22:36.0203637Z      Ferrum::JavaScriptError:
2024-03-11T04:22:36.0204517Z        TypeError: Failed to resolve module specifier "cocoon-js-vanilla". Relative references must start with either "/", "./", or "../".
2024-03-11T04:22:36.0205262Z 
2024-03-11T04:22:36.0206496Z      [Screenshot Image]: /home/runner/work/human-essentials/human-essentials/tmp/screenshots/failures_r_spec_example_groups_audit_management_while_signed_in_as_an_organization_admin_with_a_confirmed_audit_should_be_able_to_edit_the_audit_that_is_confirmed_487.png
2024-03-11T04:22:36.0207670Z 
2024-03-11T04:22:36.0207674Z 
2024-03-11T04:22:36.0207981Z      # ./spec/system/audit_system_spec.rb:157:in `block (4 levels) in <top (required)>'
2024-03-11T04:22:36.0208429Z 
2024-03-11T04:22:36.0209048Z   8) Audit management while signed in as an organization admin with a confirmed audit Finalizing an audit creates an adjustment with the differential
2024-03-11T04:22:36.0210112Z      Failure/Error: visit subject
2024-03-11T04:22:36.0210366Z 
2024-03-11T04:22:36.0210538Z      Ferrum::JavaScriptError:
2024-03-11T04:22:36.0211368Z        TypeError: Failed to resolve module specifier "cocoon-js-vanilla". Relative references must start with either "/", "./", or "../".
2024-03-11T04:22:36.0212127Z 
2024-03-11T04:22:36.0213355Z      [Screenshot Image]: /home/runner/work/human-essentials/human-essentials/tmp/screenshots/failures_r_spec_example_groups_audit_management_while_signed_in_as_an_organization_admin_with_a_confirmed_audit_finalizing_an_audit_creates_an_adjustment_with_the_differential_686.png
2024-03-11T04:22:36.0214712Z 
2024-03-11T04:22:36.0214717Z 
2024-03-11T04:22:36.0215022Z      # ./spec/system/audit_system_spec.rb:190:in `block (5 levels) in <top (required)>'
2024-03-11T04:22:36.0215487Z 
2024-03-11T04:22:36.0216123Z   9) Audit management while signed in as an organization admin with a confirmed audit Finalizing an audit should not be able to delete the audit that is finalized
2024-03-11T04:22:36.0217137Z      Failure/Error: visit subject
2024-03-11T04:22:36.0217374Z 
2024-03-11T04:22:36.0217614Z      Ferrum::JavaScriptError:
2024-03-11T04:22:36.0218575Z        TypeError: Failed to resolve module specifier "cocoon-js-vanilla". Relative references must start with either "/", "./", or "../".
2024-03-11T04:22:36.0219218Z 
2024-03-11T04:22:36.0220775Z      [Screenshot Image]: /home/runner/work/human-essentials/human-essentials/tmp/screenshots/failures_r_spec_example_groups_audit_management_while_signed_in_as_an_organization_admin_with_a_confirmed_audit_finalizing_an_audit_should_not_be_able_to_delete_the_audit_that_is_finalized_399.png
2024-03-11T04:22:36.0222035Z 
2024-03-11T04:22:36.0222039Z 
2024-03-11T04:22:36.0222379Z      # ./spec/system/audit_system_spec.rb:217:in `block (5 levels) in <top (required)>'
2024-03-11T04:22:36.0222821Z 
2024-03-11T04:22:36.0223411Z   10) Audit management while signed in as an organization admin with a confirmed audit Finalizing an audit is immutable
2024-03-11T04:22:36.0224126Z       Failure/Error: visit subject
2024-03-11T04:22:36.0224405Z 
2024-03-11T04:22:36.0224546Z       Ferrum::JavaScriptError:
2024-03-11T04:22:36.0225513Z         TypeError: Failed to resolve module specifier "cocoon-js-vanilla". Relative references must start with either "/", "./", or "../".
2024-03-11T04:22:36.0226188Z 
2024-03-11T04:22:36.0227289Z       [Screenshot Image]: /home/runner/work/human-essentials/human-essentials/tmp/screenshots/failures_r_spec_example_groups_audit_management_while_signed_in_as_an_organization_admin_with_a_confirmed_audit_finalizing_an_audit_is_immutable_560.png
2024-03-11T04:22:36.0228416Z 
2024-03-11T04:22:36.0228420Z 
2024-03-11T04:22:36.0228728Z       # ./spec/system/audit_system_spec.rb:203:in `block (5 levels) in <top (required)>'
2024-03-11T04:22:36.0229230Z 
2024-03-11T04:22:36.0230157Z   11) Audit management while signed in as an organization admin with a confirmed audit Finalizing an audit with a storage location containing multiple items creates an adjustment with the differential of only the audited item
2024-03-11T04:22:36.0231411Z       Failure/Error: visit subject
2024-03-11T04:22:36.0231666Z 
2024-03-11T04:22:36.0231906Z       Ferrum::JavaScriptError:
2024-03-11T04:22:36.0232741Z         TypeError: Failed to resolve module specifier "cocoon-js-vanilla". Relative references must start with either "/", "./", or "../".
2024-03-11T04:22:36.0233415Z 
2024-03-11T04:22:36.0234800Z       [Screenshot Image]: /home/runner/work/human-essentials/human-essentials/tmp/screenshots/failures_r_spec_example_groups_audit_management_while_signed_in_as_an_organization_admin_with_a_confirmed_audit_finalizing_an_audit_with_a_storage_location_containing_multiple_items_creates_an_adjustment_with__651.png
2024-03-11T04:22:36.0236152Z 
2024-03-11T04:22:36.0236156Z 
2024-03-11T04:22:36.0236524Z       # ./spec/system/audit_system_spec.rb:240:in `block (6 levels) in <top (required)>'
2024-03-11T04:22:36.0237192Z 
2024-03-11T04:22:36.0237759Z   12) Audit management while signed in as an organization admin with an existing audit should be able to confirm the audit from the #edit page
2024-03-11T04:22:36.0238752Z       Failure/Error: visit url_prefix + "/audits/" + audit.to_param + "/edit"
2024-03-11T04:22:36.0239252Z 
2024-03-11T04:22:36.0239393Z       Ferrum::JavaScriptError:
2024-03-11T04:22:36.0240287Z         TypeError: Failed to resolve module specifier "cocoon-js-vanilla". Relative references must start with either "/", "./", or "../".
2024-03-11T04:22:36.0241070Z 
2024-03-11T04:22:36.0242304Z       [Screenshot Image]: /home/runner/work/human-essentials/human-essentials/tmp/screenshots/failures_r_spec_example_groups_audit_management_while_signed_in_as_an_organization_admin_with_an_existing_audit_should_be_able_to_confirm_the_audit_from_the_#edit_page_111.png
2024-03-11T04:22:36.0243520Z 
2024-03-11T04:22:36.0243524Z 
2024-03-11T04:22:36.0243959Z       # ./spec/system/audit_system_spec.rb:138:in `block (4 levels) in <top (required)>'
2024-03-11T04:22:36.0244397Z 
2024-03-11T04:22:36.0244986Z   13) Audit management while signed in as an organization admin with an existing audit should be able to delete the audit that is in progress
2024-03-11T04:22:36.0245886Z       Failure/Error: visit subject
2024-03-11T04:22:36.0246147Z 
2024-03-11T04:22:36.0246285Z       Ferrum::JavaScriptError:
2024-03-11T04:22:36.0247154Z         TypeError: Failed to resolve module specifier "cocoon-js-vanilla". Relative references must start with either "/", "./", or "../".
2024-03-11T04:22:36.0247833Z 
2024-03-11T04:22:36.0249080Z       [Screenshot Image]: /home/runner/work/human-essentials/human-essentials/tmp/screenshots/failures_r_spec_example_groups_audit_management_while_signed_in_as_an_organization_admin_with_an_existing_audit_should_be_able_to_delete_the_audit_that_is_in_progress_648.png
2024-03-11T04:22:36.0250284Z 
2024-03-11T04:22:36.0250288Z 
2024-03-11T04:22:36.0250607Z       # ./spec/system/audit_system_spec.rb:114:in `block (4 levels) in <top (required)>'
2024-03-11T04:22:36.0251084Z 
2024-03-11T04:22:36.0251642Z   14) Audit management while signed in as an organization admin with an existing audit should be able to resume the audit that is in progress
2024-03-11T04:22:36.0252560Z       Failure/Error: visit subject
2024-03-11T04:22:36.0252803Z 
2024-03-11T04:22:36.0252977Z       Ferrum::JavaScriptError:
2024-03-11T04:22:36.0253848Z         TypeError: Failed to resolve module specifier "cocoon-js-vanilla". Relative references must start with either "/", "./", or "../".
2024-03-11T04:22:36.0254638Z 
2024-03-11T04:22:36.0255830Z       [Screenshot Image]: /home/runner/work/human-essentials/human-essentials/tmp/screenshots/failures_r_spec_example_groups_audit_management_while_signed_in_as_an_organization_admin_with_an_existing_audit_should_be_able_to_resume_the_audit_that_is_in_progress_14.png
2024-03-11T04:22:36.0257012Z 
2024-03-11T04:22:36.0257017Z 
2024-03-11T04:22:36.0257329Z       # ./spec/system/audit_system_spec.rb:127:in `block (4 levels) in <top (required)>'
2024-03-11T04:22:36.0257804Z 
2024-03-11T04:22:36.0258498Z   15) Audit management while signed in as an organization admin when starting a new audit does not display quantities in line-item drop down selector
2024-03-11T04:22:36.0259428Z       Failure/Error: visit subject
2024-03-11T04:22:36.0259704Z 
2024-03-11T04:22:36.0259840Z       Ferrum::JavaScriptError:
2024-03-11T04:22:36.0261155Z         TypeError: Failed to resolve module specifier "cocoon-js-vanilla". Relative references must start with either "/", "./", or "../".
2024-03-11T04:22:36.0261826Z 
2024-03-11T04:22:36.0263113Z       [Screenshot Image]: /home/runner/work/human-essentials/human-essentials/tmp/screenshots/failures_r_spec_example_groups_audit_management_while_signed_in_as_an_organization_admin_when_starting_a_new_audit_does_not_display_quantities_in_line_item_drop_down_selector_311.png
2024-03-11T04:22:36.0264291Z 
2024-03-11T04:22:36.0264455Z 
2024-03-11T04:22:36.0264833Z       # ./spec/system/audit_system_spec.rb:44:in `block (4 levels) in <top (required)>'
2024-03-11T04:22:36.0265273Z 
2024-03-11T04:22:36.0265967Z   16) Audit management while signed in as an organization admin when viewing the audits index should be able to filter the #index by storage location
2024-03-11T04:22:36.0266837Z       Failure/Error: visit subject
2024-03-11T04:22:36.0267098Z 
2024-03-11T04:22:36.0267241Z       Ferrum::JavaScriptError:
2024-03-11T04:22:36.0268259Z         TypeError: Failed to resolve module specifier "cocoon-js-vanilla". Relative references must start with either "/", "./", or "../".
2024-03-11T04:22:36.0269105Z 
2024-03-11T04:22:36.0270342Z       [Screenshot Image]: /home/runner/work/human-essentials/human-essentials/tmp/screenshots/failures_r_spec_example_groups_audit_management_while_signed_in_as_an_organization_admin_when_viewing_the_audits_index_should_be_able_to_filter_the_#index_by_storage_location_188.png
2024-03-11T04:22:36.0271547Z 
2024-03-11T04:22:36.0271560Z 
2024-03-11T04:22:36.0271870Z       # ./spec/system/audit_system_spec.rb:59:in `block (4 levels) in <top (required)>'
2024-03-11T04:22:36.0272418Z 
2024-03-11T04:22:36.0273004Z   17) Audit management while signed in as an organization admin when viewing the audits index should be able to confirm the audit from the #new page
2024-03-11T04:22:36.0273922Z       Failure/Error: visit subject
2024-03-11T04:22:36.0274165Z 
2024-03-11T04:22:36.0274409Z       Ferrum::JavaScriptError:
2024-03-11T04:22:36.0275297Z         TypeError: Failed to resolve module specifier "cocoon-js-vanilla". Relative references must start with either "/", "./", or "../".
2024-03-11T04:22:36.0275940Z 
2024-03-11T04:22:36.0277149Z       [Screenshot Image]: /home/runner/work/human-essentials/human-essentials/tmp/screenshots/failures_r_spec_example_groups_audit_management_while_signed_in_as_an_organization_admin_when_viewing_the_audits_index_should_be_able_to_confirm_the_audit_from_the_#new_page_132.png
2024-03-11T04:22:36.0278360Z 
2024-03-11T04:22:36.0278364Z 
2024-03-11T04:22:36.0278771Z       # ./spec/system/audit_system_spec.rb:89:in `block (4 levels) in <top (required)>'
2024-03-11T04:22:36.0279217Z 
2024-03-11T04:22:36.0279751Z   18) Audit management while signed in as an organization admin when viewing the audits index should be able to save progress of an audit
2024-03-11T04:22:36.0280637Z       Failure/Error: visit subject
2024-03-11T04:22:36.0280980Z 
2024-03-11T04:22:36.0281133Z       Ferrum::JavaScriptError:
2024-03-11T04:22:36.0282001Z         TypeError: Failed to resolve module specifier "cocoon-js-vanilla". Relative references must start with either "/", "./", or "../".
2024-03-11T04:22:36.0282640Z 
2024-03-11T04:22:36.0283845Z       [Screenshot Image]: /home/runner/work/human-essentials/human-essentials/tmp/screenshots/failures_r_spec_example_groups_audit_management_while_signed_in_as_an_organization_admin_when_viewing_the_audits_index_should_be_able_to_save_progress_of_an_audit_856.png
2024-03-11T04:22:36.0285043Z 
2024-03-11T04:22:36.0285048Z 
2024-03-11T04:22:36.0285402Z       # ./spec/system/audit_system_spec.rb:67:in `block (4 levels) in <top (required)>'
2024-03-11T04:22:36.0285833Z 
2024-03-11T04:22:36.0286265Z   19)  Participant When a user views the index page alphabetizes the product drive participant names
2024-03-11T04:22:36.0287020Z       Failure/Error: visit subject
2024-03-11T04:22:36.0287263Z 
2024-03-11T04:22:36.0287401Z       Ferrum::JavaScriptError:
2024-03-11T04:22:36.0288266Z         TypeError: Failed to resolve module specifier "cocoon-js-vanilla". Relative references must start with either "/", "./", or "../".
2024-03-11T04:22:36.0288945Z 
2024-03-11T04:22:36.0290041Z       [Screenshot Image]: /home/runner/work/human-essentials/human-essentials/tmp/screenshots/failures_r_spec_example_groups_participant_when_a_user_views_the_index_page_alphabetizes_the_product_drive_participant_names_91.png
2024-03-11T04:22:36.0291084Z 
2024-03-11T04:22:36.0291088Z 
2024-03-11T04:22:36.0291504Z       # ./spec/system/product_drive_participant_system_spec.rb:17:in `block (3 levels) in <top (required)>'
2024-03-11T04:22:36.0292326Z 
2024-03-11T04:22:36.0293283Z   20)  Participant When a user views the index page When the s have donations associated with them already allows single  Participants to show semi-detailed stats about donations from that product drive
2024-03-11T04:22:36.0294445Z       Failure/Error: visit subject
2024-03-11T04:22:36.0294690Z 
2024-03-11T04:22:36.0294864Z       Ferrum::JavaScriptError:
2024-03-11T04:22:36.0295744Z         TypeError: Failed to resolve module specifier "cocoon-js-vanilla". Relative references must start with either "/", "./", or "../".
2024-03-11T04:22:36.0296587Z 
2024-03-11T04:22:36.0297962Z       [Screenshot Image]: /home/runner/work/human-essentials/human-essentials/tmp/screenshots/failures_r_spec_example_groups_participant_when_a_user_views_the_index_page_when_the_s_have_donations_associated_with_them_already_allows_single__participants_to_show_semi_detailed_stats_about_donations_from_t_676.png
2024-03-11T04:22:36.0299303Z 
2024-03-11T04:22:36.0299307Z 
2024-03-11T04:22:36.0299742Z       # ./spec/system/product_drive_participant_system_spec.rb:17:in `block (3 levels) in <top (required)>'
2024-03-11T04:22:36.0300251Z 
2024-03-11T04:22:36.0301189Z   21)  Participant When a user views the index page When the s have donations associated with them already shows existing  Participants in the #index with some summary stats
2024-03-11T04:22:36.0302257Z       Failure/Error: visit subject
2024-03-11T04:22:36.0302552Z 
2024-03-11T04:22:36.0302702Z       Ferrum::JavaScriptError:
2024-03-11T04:22:36.0303653Z         TypeError: Failed to resolve module specifier "cocoon-js-vanilla". Relative references must start with either "/", "./", or "../".
2024-03-11T04:22:36.0304290Z 
2024-03-11T04:22:36.0305727Z       [Screenshot Image]: /home/runner/work/human-essentials/human-essentials/tmp/screenshots/failures_r_spec_example_groups_participant_when_a_user_views_the_index_page_when_the_s_have_donations_associated_with_them_already_shows_existing__participants_in_the_#index_with_some_summary_stats_633.png
2024-03-11T04:22:36.0307028Z 
2024-03-11T04:22:36.0307033Z 
2024-03-11T04:22:36.0307418Z       # ./spec/system/product_drive_participant_system_spec.rb:17:in `block (3 levels) in <top (required)>'
2024-03-11T04:22:36.0307926Z 
2024-03-11T04:22:36.0308597Z   22)  Participant when creating new product drive participants does not allow a user to add a new product drive instance with empty attributes
2024-03-11T04:22:36.0309464Z       Failure/Error: visit subject
2024-03-11T04:22:36.0309715Z 
2024-03-11T04:22:36.0310003Z       Ferrum::JavaScriptError:
2024-03-11T04:22:36.0310926Z         TypeError: Failed to resolve module specifier "cocoon-js-vanilla". Relative references must start with either "/", "./", or "../".
2024-03-11T04:22:36.0311618Z 
2024-03-11T04:22:36.0312813Z       [Screenshot Image]: /home/runner/work/human-essentials/human-essentials/tmp/screenshots/failures_r_spec_example_groups_participant_when_creating_new_product_drive_participants_does_not_allow_a_user_to_add_a_new_product_drive_instance_with_empty_attributes_929.png
2024-03-11T04:22:36.0314013Z 
2024-03-11T04:22:36.0314018Z 
2024-03-11T04:22:36.0314398Z       # ./spec/system/product_drive_participant_system_spec.rb:63:in `block (3 levels) in <top (required)>'
2024-03-11T04:22:36.0315029Z 
2024-03-11T04:22:36.0315483Z   23)  Participant when creating new product drive participants allows a user to create a new product drive instance
2024-03-11T04:22:36.0316226Z       Failure/Error: visit subject
2024-03-11T04:22:36.0316471Z 
2024-03-11T04:22:36.0516724Z       Ferrum::JavaScriptError:
2024-03-11T04:22:36.0518366Z         TypeError: Failed to resolve module specifier "cocoon-js-vanilla". Relative references must start with either "/", "./", or "../".
2024-03-11T04:22:36.0519396Z 
2024-03-11T04:22:36.0521210Z       [Screenshot Image]: /home/runner/work/human-essentials/human-essentials/tmp/screenshots/failures_r_spec_example_groups_participant_when_creating_new_product_drive_participants_allows_a_user_to_create_a_new_product_drive_instance_373.png
2024-03-11T04:22:36.0523488Z 
2024-03-11T04:22:36.0523500Z 
2024-03-11T04:22:36.0524116Z       # ./spec/system/product_drive_participant_system_spec.rb:49:in `block (3 levels) in <top (required)>'
2024-03-11T04:22:36.0524999Z 
2024-03-11T04:22:36.0525950Z   24)  Participant when editing an existing product drive participant allows a user to update the contact info for a product drive participant
2024-03-11T04:22:36.0527305Z       Failure/Error: visit subject
2024-03-11T04:22:36.0527970Z 
2024-03-11T04:22:36.0528165Z       Ferrum::JavaScriptError:
2024-03-11T04:22:36.0529524Z         TypeError: Failed to resolve module specifier "cocoon-js-vanilla". Relative references must start with either "/", "./", or "../".
2024-03-11T04:22:36.0530560Z 
2024-03-11T04:22:36.0532734Z       [Screenshot Image]: /home/runner/work/human-essentials/human-essentials/tmp/screenshots/failures_r_spec_example_groups_participant_when_editing_an_existing_product_drive_participant_allows_a_user_to_update_the_contact_info_for_a_product_drive_participant_107.png
2024-03-11T04:22:36.0534874Z 
2024-03-11T04:22:36.0534889Z 
2024-03-11T04:22:36.0535562Z       # ./spec/system/product_drive_participant_system_spec.rb:75:in `block (3 levels) in <top (required)>'
2024-03-11T04:22:36.0536439Z 
2024-03-11T04:22:36.0537508Z   25)  Participant when editing an existing product drive participant does not allow a user to update a product drive participant with empty attributes
2024-03-11T04:22:36.0538968Z       Failure/Error: visit subject
2024-03-11T04:22:36.0539333Z 
2024-03-11T04:22:36.0539525Z       Ferrum::JavaScriptError:
2024-03-11T04:22:36.0541154Z         TypeError: Failed to resolve module specifier "cocoon-js-vanilla". Relative references must start with either "/", "./", or "../".
2024-03-11T04:22:36.0542275Z 
2024-03-11T04:22:36.0544498Z       [Screenshot Image]: /home/runner/work/human-essentials/human-essentials/tmp/screenshots/failures_r_spec_example_groups_participant_when_editing_an_existing_product_drive_participant_does_not_allow_a_user_to_update_a_product_drive_participant_with_empty_attributes_320.png
2024-03-11T04:22:36.0546699Z 
2024-03-11T04:22:36.0546710Z 
2024-03-11T04:22:36.0547350Z       # ./spec/system/product_drive_participant_system_spec.rb:86:in `block (3 levels) in <top (required)>'
2024-03-11T04:22:36.0548236Z 
2024-03-11T04:22:36.0549548Z   26) Coworking invitations inviting a new user as a partner user GIVEN a partner user complete the process to invite a coworker should create a new partner user for the partner account
2024-03-11T04:22:36.0551322Z       Failure/Error: visit partner_user_root_path
2024-03-11T04:22:36.0551801Z 
2024-03-11T04:22:36.0551988Z       Ferrum::JavaScriptError:
2024-03-11T04:22:36.0553442Z         TypeError: Failed to resolve module specifier "cocoon-js-vanilla". Relative references must start with either "/", "./", or "../".
2024-03-11T04:22:36.0554622Z 
2024-03-11T04:22:36.0557161Z       [Screenshot Image]: /home/runner/work/human-essentials/human-essentials/tmp/screenshots/failures_r_spec_example_groups_coworking_invitations_inviting_a_new_user_as_a_partner_user_givena_partner_user_complete_the_process_to_invite_a_coworker_should_create_a_new_partner_user_for_the_partner_account_287.png
2024-03-11T04:22:36.0559579Z 
2024-03-11T04:22:36.0559598Z 
2024-03-11T04:22:36.0560356Z       # ./spec/system/partners/coworker_invitations_system_spec.rb:12:in `block (4 levels) in <top (required)>'
2024-03-11T04:22:36.0561324Z 
2024-03-11T04:22:36.0562048Z   27) Barcode Items Admin while signed in as a super admin user visits the show page shows the barcode item
2024-03-11T04:22:36.0563328Z       Failure/Error: visit admin_barcode_item_path(barcode_item)
2024-03-11T04:22:36.0563907Z 
2024-03-11T04:22:36.0564100Z       Ferrum::JavaScriptError:
2024-03-11T04:22:36.0565583Z         TypeError: Failed to resolve module specifier "cocoon-js-vanilla". Relative references must start with either "/", "./", or "../".
2024-03-11T04:22:36.0567042Z 
2024-03-11T04:22:36.0568684Z       [Screenshot Image]: /home/runner/work/human-essentials/human-essentials/tmp/screenshots/failures_r_spec_example_groups_barcode_items_admin_while_signed_in_as_a_super_admin_user_visits_the_show_page_shows_the_barcode_item_276.png
2024-03-11T04:22:36.0569741Z 
2024-03-11T04:22:36.0569747Z 
2024-03-11T04:22:36.0570101Z       # ./spec/system/admin/barcode_items_system_spec.rb:85:in `block (4 levels) in <top (required)>'
2024-03-11T04:22:36.0570579Z 
2024-03-11T04:22:36.0571005Z   28) Barcode Items Admin while signed in as a super admin user visits the new page creates a new global barcode item
2024-03-11T04:22:36.0571913Z       Failure/Error: visit new_admin_barcode_item_path
2024-03-11T04:22:36.0572195Z 
2024-03-11T04:22:36.0572317Z       Ferrum::JavaScriptError:
2024-03-11T04:22:36.0573134Z         TypeError: Failed to resolve module specifier "cocoon-js-vanilla". Relative references must start with either "/", "./", or "../".
2024-03-11T04:22:36.0573751Z 
2024-03-11T04:22:36.0574816Z       [Screenshot Image]: /home/runner/work/human-essentials/human-essentials/tmp/screenshots/failures_r_spec_example_groups_barcode_items_admin_while_signed_in_as_a_super_admin_user_visits_the_new_page_creates_a_new_global_barcode_item_286.png
2024-03-11T04:22:36.0575854Z 
2024-03-11T04:22:36.0575858Z 
2024-03-11T04:22:36.0576253Z       # ./spec/system/admin/barcode_items_system_spec.rb:45:in `block (4 levels) in <top (required)>'
2024-03-11T04:22:36.0576720Z 
2024-03-11T04:22:36.0577102Z   29) Barcode Items Admin while signed in as a super admin user visits the index page shows the barcode item
2024-03-11T04:22:36.0577754Z       Failure/Error: visit admin_barcode_items_path
2024-03-11T04:22:36.0578029Z 
2024-03-11T04:22:36.0578134Z       Ferrum::JavaScriptError:
2024-03-11T04:22:36.0578907Z         TypeError: Failed to resolve module specifier "cocoon-js-vanilla". Relative references must start with either "/", "./", or "../".
2024-03-11T04:22:36.0579509Z 
2024-03-11T04:22:36.0580782Z       [Screenshot Image]: /home/runner/work/human-essentials/human-essentials/tmp/screenshots/failures_r_spec_example_groups_barcode_items_admin_while_signed_in_as_a_super_admin_user_visits_the_index_page_shows_the_barcode_item_315.png
2024-03-11T04:22:36.0581800Z 
2024-03-11T04:22:36.0581804Z 
2024-03-11T04:22:36.0582154Z       # ./spec/system/admin/barcode_items_system_spec.rb:13:in `block (4 levels) in <top (required)>'
2024-03-11T04:22:36.0582607Z 
2024-03-11T04:22:36.0583001Z   30) Barcode Items Admin while signed in as a super admin user visits the index page deletes a global barcode
2024-03-11T04:22:36.0583657Z       Failure/Error: visit admin_barcode_items_path
2024-03-11T04:22:36.0583932Z 
2024-03-11T04:22:36.0584051Z       Ferrum::JavaScriptError:
2024-03-11T04:22:36.0584865Z         TypeError: Failed to resolve module specifier "cocoon-js-vanilla". Relative references must start with either "/", "./", or "../".
2024-03-11T04:22:36.0585486Z 
2024-03-11T04:22:36.0586514Z       [Screenshot Image]: /home/runner/work/human-essentials/human-essentials/tmp/screenshots/failures_r_spec_example_groups_barcode_items_admin_while_signed_in_as_a_super_admin_user_visits_the_index_page_deletes_a_global_barcode_854.png
2024-03-11T04:22:36.0587536Z 
2024-03-11T04:22:36.0587540Z 
2024-03-11T04:22:36.0587877Z       # ./spec/system/admin/barcode_items_system_spec.rb:13:in `block (4 levels) in <top (required)>'
2024-03-11T04:22:36.0588343Z 
2024-03-11T04:22:36.0588773Z   31) Barcode Items Admin while signed in as a super admin user visits the index page creates a new global barcode item
2024-03-11T04:22:36.0589472Z       Failure/Error: visit admin_barcode_items_path
2024-03-11T04:22:36.0589741Z 
2024-03-11T04:22:36.0589853Z       Ferrum::JavaScriptError:
2024-03-11T04:22:36.0590623Z         TypeError: Failed to resolve module specifier "cocoon-js-vanilla". Relative references must start with either "/", "./", or "../".
2024-03-11T04:22:36.0591236Z 
2024-03-11T04:22:36.0592302Z       [Screenshot Image]: /home/runner/work/human-essentials/human-essentials/tmp/screenshots/failures_r_spec_example_groups_barcode_items_admin_while_signed_in_as_a_super_admin_user_visits_the_index_page_creates_a_new_global_barcode_item_678.png
2024-03-11T04:22:36.0593517Z 
2024-03-11T04:22:36.0593522Z 
2024-03-11T04:22:36.0593857Z       # ./spec/system/admin/barcode_items_system_spec.rb:13:in `block (4 levels) in <top (required)>'
2024-03-11T04:22:36.0594318Z 
2024-03-11T04:22:36.0594697Z   32) Barcode Items Admin while signed in as a super admin user visits the edit page updates the barcode item
2024-03-11T04:22:36.0595551Z       Failure/Error: visit edit_admin_barcode_item_path(barcode_item)
2024-03-11T04:22:36.0595890Z 
2024-03-11T04:22:36.0595997Z       Ferrum::JavaScriptError:
2024-03-11T04:22:36.0596772Z         TypeError: Failed to resolve module specifier "cocoon-js-vanilla". Relative references must start with either "/", "./", or "../".
2024-03-11T04:22:36.0597376Z 
2024-03-11T04:22:36.0598406Z       [Screenshot Image]: /home/runner/work/human-essentials/human-essentials/tmp/screenshots/failures_r_spec_example_groups_barcode_items_admin_while_signed_in_as_a_super_admin_user_visits_the_edit_page_updates_the_barcode_item_281.png
2024-03-11T04:22:36.0599426Z 
2024-03-11T04:22:36.0599430Z 
2024-03-11T04:22:36.0599762Z       # ./spec/system/admin/barcode_items_system_spec.rb:66:in `block (4 levels) in <top (required)>'
2024-03-11T04:22:36.0600215Z 
2024-03-11T04:22:36.0600503Z   33) Donation Site with an existing donation site updates an existing donation site
2024-03-11T04:22:36.0601019Z       Failure/Error: visit subject
2024-03-11T04:22:36.0601234Z 
2024-03-11T04:22:36.0601341Z       Ferrum::JavaScriptError:
2024-03-11T04:22:36.0602113Z         TypeError: Failed to resolve module specifier "cocoon-js-vanilla". Relative references must start with either "/", "./", or "../".
2024-03-11T04:22:36.0602724Z 
2024-03-11T04:22:36.0603650Z       [Screenshot Image]: /home/runner/work/human-essentials/human-essentials/tmp/screenshots/failures_r_spec_example_groups_donation_site_with_an_existing_donation_site_updates_an_existing_donation_site_60.png
2024-03-11T04:22:36.0604574Z 
2024-03-11T04:22:36.0604579Z 
2024-03-11T04:22:36.0604880Z       # ./spec/system/donation_site_system_spec.rb:59:in `block (3 levels) in <top (required)>'
2024-03-11T04:22:36.0605308Z 
2024-03-11T04:22:36.0605767Z   34) Donation Site with an existing donation site does not allow updating to an existing donation site with empty attributes
2024-03-11T04:22:36.0606443Z       Failure/Error: visit subject
2024-03-11T04:22:36.0606661Z 
2024-03-11T04:22:36.0606773Z       Ferrum::JavaScriptError:
2024-03-11T04:22:36.0607531Z         TypeError: Failed to resolve module specifier "cocoon-js-vanilla". Relative references must start with either "/", "./", or "../".
2024-03-11T04:22:36.0608135Z 
2024-03-11T04:22:36.0609222Z       [Screenshot Image]: /home/runner/work/human-essentials/human-essentials/tmp/screenshots/failures_r_spec_example_groups_donation_site_with_an_existing_donation_site_does_not_allow_updating_to_an_existing_donation_site_with_empty_attributes_188.png
2024-03-11T04:22:36.0610289Z 
2024-03-11T04:22:36.0610293Z 
2024-03-11T04:22:36.0610596Z       # ./spec/system/donation_site_system_spec.rb:67:in `block (3 levels) in <top (required)>'
2024-03-11T04:22:36.0611027Z 
2024-03-11T04:22:36.0611464Z   35) Donation Site When a user views the index page allows the user to quick-create a new donation site
2024-03-11T04:22:36.0612064Z       Failure/Error: visit subject
2024-03-11T04:22:36.0612273Z 
2024-03-11T04:22:36.0612385Z       Ferrum::JavaScriptError:
2024-03-11T04:22:36.0613146Z         TypeError: Failed to resolve module specifier "cocoon-js-vanilla". Relative references must start with either "/", "./", or "../".
2024-03-11T04:22:36.0613745Z 
2024-03-11T04:22:36.0614747Z       [Screenshot Image]: /home/runner/work/human-essentials/human-essentials/tmp/screenshots/failures_r_spec_example_groups_donation_site_when_a_user_views_the_index_page_allows_the_user_to_quick_create_a_new_donation_site_676.png
2024-03-11T04:22:36.0615848Z 
2024-03-11T04:22:36.0615852Z 
2024-03-11T04:22:36.0616156Z       # ./spec/system/donation_site_system_spec.rb:23:in `block (3 levels) in <top (required)>'
2024-03-11T04:22:36.0616579Z 
2024-03-11T04:22:36.0616931Z   36) Donation Site When a user views the index page should show donation sites in alphabetical order
2024-03-11T04:22:36.0617504Z       Failure/Error: visit subject
2024-03-11T04:22:36.0617713Z 
2024-03-11T04:22:36.0617813Z       Ferrum::JavaScriptError:
2024-03-11T04:22:36.0618568Z         TypeError: Failed to resolve module specifier "cocoon-js-vanilla". Relative references must start with either "/", "./", or "../".
2024-03-11T04:22:36.0619280Z 
2024-03-11T04:22:36.0620278Z       [Screenshot Image]: /home/runner/work/human-essentials/human-essentials/tmp/screenshots/failures_r_spec_example_groups_donation_site_when_a_user_views_the_index_page_should_show_donation_sites_in_alphabetical_order_806.png
2024-03-11T04:22:36.0621473Z 
2024-03-11T04:22:36.0621490Z 
2024-03-11T04:22:36.0621793Z       # ./spec/system/donation_site_system_spec.rb:16:in `block (3 levels) in <top (required)>'
2024-03-11T04:22:36.0622223Z 
2024-03-11T04:22:36.0622658Z   37) Donation Site When creating a new donation site does not allow creating a new donation site with empty attributes
2024-03-11T04:22:36.0623317Z       Failure/Error: visit subject
2024-03-11T04:22:36.0623527Z 
2024-03-11T04:22:36.0623634Z       Ferrum::JavaScriptError:
2024-03-11T04:22:36.0624408Z         TypeError: Failed to resolve module specifier "cocoon-js-vanilla". Relative references must start with either "/", "./", or "../".
2024-03-11T04:22:36.0625024Z 
2024-03-11T04:22:36.0626087Z       [Screenshot Image]: /home/runner/work/human-essentials/human-essentials/tmp/screenshots/failures_r_spec_example_groups_donation_site_when_creating_a_new_donation_site_does_not_allow_creating_a_new_donation_site_with_empty_attributes_622.png
2024-03-11T04:22:36.0627131Z 
2024-03-11T04:22:36.0627135Z 
2024-03-11T04:22:36.0627442Z       # ./spec/system/donation_site_system_spec.rb:48:in `block (3 levels) in <top (required)>'
2024-03-11T04:22:36.0627867Z 
2024-03-11T04:22:36.0628180Z   38) Donation Site When creating a new donation site creates a new donation site as a user
2024-03-11T04:22:36.0628726Z       Failure/Error: visit subject
2024-03-11T04:22:36.0628934Z 
2024-03-11T04:22:36.0629045Z       Ferrum::JavaScriptError:
2024-03-11T04:22:36.0629808Z         TypeError: Failed to resolve module specifier "cocoon-js-vanilla". Relative references must start with either "/", "./", or "../".
2024-03-11T04:22:36.0630417Z 
2024-03-11T04:22:36.0631363Z       [Screenshot Image]: /home/runner/work/human-essentials/human-essentials/tmp/screenshots/failures_r_spec_example_groups_donation_site_when_creating_a_new_donation_site_creates_a_new_donation_site_as_a_user_302.png
2024-03-11T04:22:36.0632339Z 
2024-03-11T04:22:36.0632343Z 
2024-03-11T04:22:36.0632646Z       # ./spec/system/donation_site_system_spec.rb:38:in `block (3 levels) in <top (required)>'
2024-03-11T04:22:36.0633081Z 
2024-03-11T04:22:36.0633559Z   39) Organization Administration while signed in as an organization admin can edit the properties for an organization as an admin
2024-03-11T04:22:36.0634260Z       Failure/Error: visit subject
2024-03-11T04:22:36.0634476Z 
2024-03-11T04:22:36.0634583Z       Ferrum::JavaScriptError:
2024-03-11T04:22:36.0635362Z         TypeError: Failed to resolve module specifier "cocoon-js-vanilla". Relative references must start with either "/", "./", or "../".
2024-03-11T04:22:36.0635973Z 
2024-03-11T04:22:36.0637089Z       [Screenshot Image]: /home/runner/work/human-essentials/human-essentials/tmp/screenshots/failures_r_spec_example_groups_organization_administration_while_signed_in_as_an_organization_admin_can_edit_the_properties_for_an_organization_as_an_admin_180.png
2024-03-11T04:22:36.0638169Z 
2024-03-11T04:22:36.0638173Z 
2024-03-11T04:22:36.0638458Z       # ./spec/system/manage_system_spec.rb:18:in `block (3 levels) in <top (required)>'
2024-03-11T04:22:36.0639046Z 
2024-03-11T04:22:36.0639468Z   40) Organization Administration while signed in as an organization admin can bail back to their own site as a user
2024-03-11T04:22:36.0640112Z       Failure/Error: visit subject
2024-03-11T04:22:36.0640340Z 
2024-03-11T04:22:36.0640445Z       Ferrum::JavaScriptError:
2024-03-11T04:22:36.0641232Z         TypeError: Failed to resolve module specifier "cocoon-js-vanilla". Relative references must start with either "/", "./", or "../".
2024-03-11T04:22:36.0641841Z 
2024-03-11T04:22:36.0643031Z       [Screenshot Image]: /home/runner/work/human-essentials/human-essentials/tmp/screenshots/failures_r_spec_example_groups_organization_administration_while_signed_in_as_an_organization_admin_can_bail_back_to_their_own_site_as_a_user_32.png
2024-03-11T04:22:36.0644062Z 
2024-03-11T04:22:36.0644066Z 
2024-03-11T04:22:36.0644338Z       # ./spec/system/manage_system_spec.rb:18:in `block (3 levels) in <top (required)>'
2024-03-11T04:22:36.0644748Z 
2024-03-11T04:22:36.0645452Z   41) Organization Administration while signed in as an organization admin When looking at a single organization can view details about an organization, including the users as an admin
2024-03-11T04:22:36.0646382Z       Failure/Error: visit subject
2024-03-11T04:22:36.0646588Z 
2024-03-11T04:22:36.0646698Z       Ferrum::JavaScriptError:
2024-03-11T04:22:36.0647465Z         TypeError: Failed to resolve module specifier "cocoon-js-vanilla". Relative references must start with either "/", "./", or "../".
2024-03-11T04:22:36.0648071Z 
2024-03-11T04:22:36.0649411Z       [Screenshot Image]: /home/runner/work/human-essentials/human-essentials/tmp/screenshots/failures_r_spec_example_groups_organization_administration_while_signed_in_as_an_organization_admin_when_looking_at_a_single_organization_can_view_details_about_an_organization__including_the_users_as_an_admin_593.png
2024-03-11T04:22:36.0650691Z 
2024-03-11T04:22:36.0650696Z 
2024-03-11T04:22:36.0650977Z       # ./spec/system/manage_system_spec.rb:18:in `block (3 levels) in <top (required)>'
2024-03-11T04:22:36.0651386Z 
2024-03-11T04:22:36.0651738Z   42) Organization Administration while signed in as a normal user cannot see an edit link as a user
2024-03-11T04:22:36.0652332Z       Failure/Error: visit subject
2024-03-11T04:22:36.0652543Z 
2024-03-11T04:22:36.0652647Z       Ferrum::JavaScriptError:
2024-03-11T04:22:36.0653492Z         TypeError: Failed to resolve module specifier "cocoon-js-vanilla". Relative references must start with either "/", "./", or "../".
2024-03-11T04:22:36.0654098Z 
2024-03-11T04:22:36.0655097Z       [Screenshot Image]: /home/runner/work/human-essentials/human-essentials/tmp/screenshots/failures_r_spec_example_groups_organization_administration_while_signed_in_as_a_normal_user_cannot_see_an_edit_link_as_a_user_947.png
2024-03-11T04:22:36.0656078Z 
2024-03-11T04:22:36.0656082Z 
2024-03-11T04:22:36.0656359Z       # ./spec/system/manage_system_spec.rb:7:in `block (3 levels) in <top (required)>'
2024-03-11T04:22:36.0656765Z 
2024-03-11T04:22:36.0657104Z   43) User sign-in handling when users are invalid shows invalid credentials alert
2024-03-11T04:22:36.0657628Z       Got 0 failures and 2 other errors:
2024-03-11T04:22:36.0657859Z 
2024-03-11T04:22:36.0657972Z       43.1) Failure/Error: visit subject
2024-03-11T04:22:36.0658197Z 
2024-03-11T04:22:36.0658313Z             Ferrum::JavaScriptError:
2024-03-11T04:22:36.0659120Z               TypeError: Failed to resolve module specifier "cocoon-js-vanilla". Relative references must start with either "/", "./", or "../".
2024-03-11T04:22:36.0660019Z             # ./spec/system/sign_in_system_spec.rb:5:in `block (2 levels) in <top (required)>'
2024-03-11T04:22:36.0660647Z 
2024-03-11T04:22:36.0660869Z       43.2) Failure/Error: respond_to?(:empty?) ? !!empty? : !self
2024-03-11T04:22:36.0661192Z 
2024-03-11T04:22:36.0661309Z             Ferrum::JavaScriptError:
2024-03-11T04:22:36.0661664Z               ReferenceError: $ is not defined
2024-03-11T04:22:36.0662096Z                   at http://127.0.0.1:44763/users/sign_in:129:5
2024-03-11T04:22:36.0663397Z             # /home/runner/work/human-essentials/human-essentials/vendor/bundle/ruby/3.2.0/gems/activesupport-7.0.8/lib/active_support/core_ext/object/blank.rb:19:in `empty?'
2024-03-11T04:22:36.0664957Z             # /home/runner/work/human-essentials/human-essentials/vendor/bundle/ruby/3.2.0/gems/activesupport-7.0.8/lib/active_support/core_ext/object/blank.rb:19:in `empty?'
2024-03-11T04:22:36.0666538Z             # /home/runner/work/human-essentials/human-essentials/vendor/bundle/ruby/3.2.0/gems/activesupport-7.0.8/lib/active_support/core_ext/object/blank.rb:19:in `blank?'
2024-03-11T04:22:36.0668239Z             # /home/runner/work/human-essentials/human-essentials/vendor/bundle/ruby/3.2.0/gems/activesupport-7.0.8/lib/active_support/core_ext/object/blank.rb:26:in `present?'
2024-03-11T04:22:36.0669812Z             # /home/runner/work/human-essentials/human-essentials/vendor/bundle/ruby/3.2.0/gems/activesupport-7.0.8/lib/active_support/core_ext/object/blank.rb:46:in `presence'
2024-03-11T04:22:36.0671557Z             # /home/runner/work/human-essentials/human-essentials/vendor/bundle/ruby/3.2.0/gems/actionpack-7.0.8/lib/action_dispatch/system_testing/test_helpers/screenshot_helper.rb:83:in `screenshots_dir'
2024-03-11T04:22:36.0673371Z             # /home/runner/work/human-essentials/human-essentials/vendor/bundle/ruby/3.2.0/gems/actionpack-7.0.8/lib/action_dispatch/system_testing/test_helpers/screenshot_helper.rb:79:in `absolute_path'
2024-03-11T04:22:36.0675200Z             # /home/runner/work/human-essentials/human-essentials/vendor/bundle/ruby/3.2.0/gems/actionpack-7.0.8/lib/action_dispatch/system_testing/test_helpers/screenshot_helper.rb:87:in `absolute_image_path'
2024-03-11T04:22:36.0677048Z             # /home/runner/work/human-essentials/human-essentials/vendor/bundle/ruby/3.2.0/gems/actionpack-7.0.8/lib/action_dispatch/system_testing/test_helpers/screenshot_helper.rb:99:in `save_image'
2024-03-11T04:22:36.0678845Z             # /home/runner/work/human-essentials/human-essentials/vendor/bundle/ruby/3.2.0/gems/actionpack-7.0.8/lib/action_dispatch/system_testing/test_helpers/screenshot_helper.rb:36:in `take_screenshot'
2024-03-11T04:22:36.0680708Z             # /home/runner/work/human-essentials/human-essentials/vendor/bundle/ruby/3.2.0/gems/actionpack-7.0.8/lib/action_dispatch/system_testing/test_helpers/screenshot_helper.rb:45:in `take_failed_screenshot'
2024-03-11T04:22:36.0682555Z             # /home/runner/work/human-essentials/human-essentials/vendor/bundle/ruby/3.2.0/gems/actionpack-7.0.8/lib/action_dispatch/system_testing/test_helpers/setup_and_teardown.rb:8:in `before_teardown'
2024-03-11T04:22:36.0684260Z             # /home/runner/work/human-essentials/human-essentials/vendor/bundle/ruby/3.2.0/gems/rspec-rails-6.1.1/lib/rspec/rails/example/system_example_group.rb:156:in `call'
2024-03-11T04:22:36.0686085Z             # /home/runner/work/human-essentials/human-essentials/vendor/bundle/ruby/3.2.0/gems/rspec-rails-6.1.1/lib/rspec/rails/example/system_example_group.rb:156:in `block (2 levels) in <module:SystemExampleGroup>'
2024-03-11T04:22:36.0687806Z             # /home/runner/work/human-essentials/human-essentials/vendor/bundle/ruby/3.2.0/gems/rspec-core-3.12.2/lib/rspec/core/example.rb:457:in `instance_exec'
2024-03-11T04:22:36.0689241Z             # /home/runner/work/human-essentials/human-essentials/vendor/bundle/ruby/3.2.0/gems/rspec-core-3.12.2/lib/rspec/core/example.rb:457:in `instance_exec'
2024-03-11T04:22:36.0690619Z             # /home/runner/work/human-essentials/human-essentials/vendor/bundle/ruby/3.2.0/gems/rspec-core-3.12.2/lib/rspec/core/hooks.rb:372:in `run'
2024-03-11T04:22:36.0692068Z             # /home/runner/work/human-essentials/human-essentials/vendor/bundle/ruby/3.2.0/gems/rspec-core-3.12.2/lib/rspec/core/hooks.rb:529:in `block in run_owned_hooks_for'
2024-03-11T04:22:36.0693513Z             # /home/runner/work/human-essentials/human-essentials/vendor/bundle/ruby/3.2.0/gems/rspec-core-3.12.2/lib/rspec/core/hooks.rb:528:in `each'
2024-03-11T04:22:36.0695043Z             # /home/runner/work/human-essentials/human-essentials/vendor/bundle/ruby/3.2.0/gems/rspec-core-3.12.2/lib/rspec/core/hooks.rb:528:in `run_owned_hooks_for'
2024-03-11T04:22:36.0696577Z             # /home/runner/work/human-essentials/human-essentials/vendor/bundle/ruby/3.2.0/gems/rspec-core-3.12.2/lib/rspec/core/hooks.rb:615:in `block in run_example_hooks_for'
2024-03-11T04:22:36.0698021Z             # /home/runner/work/human-essentials/human-essentials/vendor/bundle/ruby/3.2.0/gems/rspec-core-3.12.2/lib/rspec/core/hooks.rb:614:in `each'
2024-03-11T04:22:36.0699562Z             # /home/runner/work/human-essentials/human-essentials/vendor/bundle/ruby/3.2.0/gems/rspec-core-3.12.2/lib/rspec/core/hooks.rb:614:in `run_example_hooks_for'
2024-03-11T04:22:36.0701295Z             # /home/runner/work/human-essentials/human-essentials/vendor/bundle/ruby/3.2.0/gems/rspec-core-3.12.2/lib/rspec/core/hooks.rb:485:in `run'
2024-03-11T04:22:36.0702707Z             # /home/runner/work/human-essentials/human-essentials/vendor/bundle/ruby/3.2.0/gems/rspec-core-3.12.2/lib/rspec/core/example.rb:518:in `run_after_example'
2024-03-11T04:22:36.0704169Z             # /home/runner/work/human-essentials/human-essentials/vendor/bundle/ruby/3.2.0/gems/rspec-core-3.12.2/lib/rspec/core/example.rb:283:in `block in run'
2024-03-11T04:22:36.0705780Z             # /home/runner/work/human-essentials/human-essentials/vendor/bundle/ruby/3.2.0/gems/rspec-core-3.12.2/lib/rspec/core/example.rb:511:in `block in with_around_and_singleton_context_hooks'
2024-03-11T04:22:36.0707504Z             # /home/runner/work/human-essentials/human-essentials/vendor/bundle/ruby/3.2.0/gems/rspec-core-3.12.2/lib/rspec/core/example.rb:468:in `block in with_around_example_hooks'
2024-03-11T04:22:36.0709027Z             # /home/runner/work/human-essentials/human-essentials/vendor/bundle/ruby/3.2.0/gems/rspec-core-3.12.2/lib/rspec/core/hooks.rb:486:in `block in run'
2024-03-11T04:22:36.0710569Z             # /home/runner/work/human-essentials/human-essentials/vendor/bundle/ruby/3.2.0/gems/rspec-core-3.12.2/lib/rspec/core/hooks.rb:626:in `block in run_around_example_hooks_for'
2024-03-11T04:22:36.0712065Z             # /home/runner/work/human-essentials/human-essentials/vendor/bundle/ruby/3.2.0/gems/rspec-core-3.12.2/lib/rspec/core/example.rb:352:in `call'
2024-03-11T04:22:36.0713761Z             # /home/runner/work/human-essentials/human-essentials/vendor/bundle/ruby/3.2.0/gems/rspec-rails-6.1.1/lib/rspec/rails/example/system_example_group.rb:166:in `block (2 levels) in <module:SystemExampleGroup>'
2024-03-11T04:22:36.0715473Z             # /home/runner/work/human-essentials/human-essentials/vendor/bundle/ruby/3.2.0/gems/rspec-core-3.12.2/lib/rspec/core/example.rb:457:in `instance_exec'
2024-03-11T04:22:36.0716895Z             # /home/runner/work/human-essentials/human-essentials/vendor/bundle/ruby/3.2.0/gems/rspec-core-3.12.2/lib/rspec/core/example.rb:457:in `instance_exec'
2024-03-11T04:22:36.0718315Z             # /home/runner/work/human-essentials/human-essentials/vendor/bundle/ruby/3.2.0/gems/rspec-core-3.12.2/lib/rspec/core/hooks.rb:390:in `execute_with'
2024-03-11T04:22:36.0719892Z             # /home/runner/work/human-essentials/human-essentials/vendor/bundle/ruby/3.2.0/gems/rspec-core-3.12.2/lib/rspec/core/hooks.rb:628:in `block (2 levels) in run_around_example_hooks_for'
2024-03-11T04:22:36.0721409Z             # /home/runner/work/human-essentials/human-essentials/vendor/bundle/ruby/3.2.0/gems/rspec-core-3.12.2/lib/rspec/core/example.rb:352:in `call'
2024-03-11T04:22:36.0723019Z             # /home/runner/work/human-essentials/human-essentials/vendor/bundle/ruby/3.2.0/gems/rspec-rails-6.1.1/lib/rspec/rails/adapters.rb:75:in `block (2 levels) in <module:MinitestLifecycleAdapter>'
2024-03-11T04:22:36.0724647Z             # /home/runner/work/human-essentials/human-essentials/vendor/bundle/ruby/3.2.0/gems/rspec-core-3.12.2/lib/rspec/core/example.rb:457:in `instance_exec'
2024-03-11T04:22:36.0726068Z             # /home/runner/work/human-essentials/human-essentials/vendor/bundle/ruby/3.2.0/gems/rspec-core-3.12.2/lib/rspec/core/example.rb:457:in `instance_exec'
2024-03-11T04:22:36.0727640Z             # /home/runner/work/human-essentials/human-essentials/vendor/bundle/ruby/3.2.0/gems/rspec-core-3.12.2/lib/rspec/core/hooks.rb:390:in `execute_with'
2024-03-11T04:22:36.0729221Z             # /home/runner/work/human-essentials/human-essentials/vendor/bundle/ruby/3.2.0/gems/rspec-core-3.12.2/lib/rspec/core/hooks.rb:628:in `block (2 levels) in run_around_example_hooks_for'
2024-03-11T04:22:36.0730881Z             # /home/runner/work/human-essentials/human-essentials/vendor/bundle/ruby/3.2.0/gems/rspec-core-3.12.2/lib/rspec/core/example.rb:352:in `call'
2024-03-11T04:22:36.0732381Z             # /home/runner/work/human-essentials/human-essentials/vendor/bundle/ruby/3.2.0/gems/webmock-3.23.0/lib/webmock/rspec.rb:39:in `block (2 levels) in <top (required)>'
2024-03-11T04:22:36.0733890Z             # /home/runner/work/human-essentials/human-essentials/vendor/bundle/ruby/3.2.0/gems/rspec-core-3.12.2/lib/rspec/core/example.rb:457:in `instance_exec'
2024-03-11T04:22:36.0735319Z             # /home/runner/work/human-essentials/human-essentials/vendor/bundle/ruby/3.2.0/gems/rspec-core-3.12.2/lib/rspec/core/example.rb:457:in `instance_exec'
2024-03-11T04:22:36.0736738Z             # /home/runner/work/human-essentials/human-essentials/vendor/bundle/ruby/3.2.0/gems/rspec-core-3.12.2/lib/rspec/core/hooks.rb:390:in `execute_with'
2024-03-11T04:22:36.0738313Z             # /home/runner/work/human-essentials/human-essentials/vendor/bundle/ruby/3.2.0/gems/rspec-core-3.12.2/lib/rspec/core/hooks.rb:628:in `block (2 levels) in run_around_example_hooks_for'
2024-03-11T04:22:36.0739854Z             # /home/runner/work/human-essentials/human-essentials/vendor/bundle/ruby/3.2.0/gems/rspec-core-3.12.2/lib/rspec/core/example.rb:352:in `call'
2024-03-11T04:22:36.0741694Z             # /home/runner/work/human-essentials/human-essentials/vendor/bundle/ruby/3.2.0/gems/knapsack_pro-7.0.0/lib/knapsack_pro/adapters/rspec_adapter.rb:103:in `block (2 levels) in ensure_no_focus!'
2024-03-11T04:22:36.0743313Z             # /home/runner/work/human-essentials/human-essentials/vendor/bundle/ruby/3.2.0/gems/rspec-core-3.12.2/lib/rspec/core/example.rb:457:in `instance_exec'
2024-03-11T04:22:36.0744743Z             # /home/runner/work/human-essentials/human-essentials/vendor/bundle/ruby/3.2.0/gems/rspec-core-3.12.2/lib/rspec/core/example.rb:457:in `instance_exec'
2024-03-11T04:22:36.0746150Z             # /home/runner/work/human-essentials/human-essentials/vendor/bundle/ruby/3.2.0/gems/rspec-core-3.12.2/lib/rspec/core/hooks.rb:390:in `execute_with'
2024-03-11T04:22:36.0747738Z             # /home/runner/work/human-essentials/human-essentials/vendor/bundle/ruby/3.2.0/gems/rspec-core-3.12.2/lib/rspec/core/hooks.rb:628:in `block (2 levels) in run_around_example_hooks_for'
2024-03-11T04:22:36.0749263Z             # /home/runner/work/human-essentials/human-essentials/vendor/bundle/ruby/3.2.0/gems/rspec-core-3.12.2/lib/rspec/core/example.rb:352:in `call'
2024-03-11T04:22:36.0750726Z             # /home/runner/work/human-essentials/human-essentials/vendor/bundle/ruby/3.2.0/gems/rspec-core-3.12.2/lib/rspec/core/hooks.rb:629:in `run_around_example_hooks_for'
2024-03-11T04:22:36.0752166Z             # /home/runner/work/human-essentials/human-essentials/vendor/bundle/ruby/3.2.0/gems/rspec-core-3.12.2/lib/rspec/core/hooks.rb:486:in `run'
2024-03-11T04:22:36.0753613Z             # /home/runner/work/human-essentials/human-essentials/vendor/bundle/ruby/3.2.0/gems/rspec-core-3.12.2/lib/rspec/core/example.rb:468:in `with_around_example_hooks'
2024-03-11T04:22:36.0755250Z             # /home/runner/work/human-essentials/human-essentials/vendor/bundle/ruby/3.2.0/gems/rspec-core-3.12.2/lib/rspec/core/example.rb:511:in `with_around_and_singleton_context_hooks'
2024-03-11T04:22:36.0756759Z             # /home/runner/work/human-essentials/human-essentials/vendor/bundle/ruby/3.2.0/gems/rspec-core-3.12.2/lib/rspec/core/example.rb:259:in `run'
2024-03-11T04:22:36.0758398Z             # /home/runner/work/human-essentials/human-essentials/vendor/bundle/ruby/3.2.0/gems/rspec-core-3.12.2/lib/rspec/core/example_group.rb:646:in `block in run_examples'
2024-03-11T04:22:36.0759889Z             # /home/runner/work/human-essentials/human-essentials/vendor/bundle/ruby/3.2.0/gems/rspec-core-3.12.2/lib/rspec/core/example_group.rb:642:in `map'
2024-03-11T04:22:36.0761362Z             # /home/runner/work/human-essentials/human-essentials/vendor/bundle/ruby/3.2.0/gems/rspec-core-3.12.2/lib/rspec/core/example_group.rb:642:in `run_examples'
2024-03-11T04:22:36.0762975Z             # /home/runner/work/human-essentials/human-essentials/vendor/bundle/ruby/3.2.0/gems/rspec-core-3.12.2/lib/rspec/core/example_group.rb:607:in `run'
2024-03-11T04:22:36.0764410Z             # /home/runner/work/human-essentials/human-essentials/vendor/bundle/ruby/3.2.0/gems/rspec-core-3.12.2/lib/rspec/core/example_group.rb:608:in `block in run'
2024-03-11T04:22:36.0765862Z             # /home/runner/work/human-essentials/human-essentials/vendor/bundle/ruby/3.2.0/gems/rspec-core-3.12.2/lib/rspec/core/example_group.rb:608:in `map'
2024-03-11T04:22:36.0767262Z             # /home/runner/work/human-essentials/human-essentials/vendor/bundle/ruby/3.2.0/gems/rspec-core-3.12.2/lib/rspec/core/example_group.rb:608:in `run'
2024-03-11T04:22:36.0768778Z             # /home/runner/work/human-essentials/human-essentials/vendor/bundle/ruby/3.2.0/gems/rspec-core-3.12.2/lib/rspec/core/runner.rb:121:in `block (3 levels) in run_specs'
2024-03-11T04:22:36.0770239Z             # /home/runner/work/human-essentials/human-essentials/vendor/bundle/ruby/3.2.0/gems/rspec-core-3.12.2/lib/rspec/core/runner.rb:121:in `map'
2024-03-11T04:22:36.0771708Z             # /home/runner/work/human-essentials/human-essentials/vendor/bundle/ruby/3.2.0/gems/rspec-core-3.12.2/lib/rspec/core/runner.rb:121:in `block (2 levels) in run_specs'
2024-03-11T04:22:36.0773277Z             # /home/runner/work/human-essentials/human-essentials/vendor/bundle/ruby/3.2.0/gems/rspec-core-3.12.2/lib/rspec/core/configuration.rb:2070:in `with_suite_hooks'
2024-03-11T04:22:36.0774802Z             # /home/runner/work/human-essentials/human-essentials/vendor/bundle/ruby/3.2.0/gems/rspec-core-3.12.2/lib/rspec/core/runner.rb:116:in `block in run_specs'
2024-03-11T04:22:36.0776260Z             # /home/runner/work/human-essentials/human-essentials/vendor/bundle/ruby/3.2.0/gems/rspec-core-3.12.2/lib/rspec/core/reporter.rb:74:in `report'
2024-03-11T04:22:36.0777638Z             # /home/runner/work/human-essentials/human-essentials/vendor/bundle/ruby/3.2.0/gems/rspec-core-3.12.2/lib/rspec/core/runner.rb:115:in `run_specs'
2024-03-11T04:22:36.0778994Z             # /home/runner/work/human-essentials/human-essentials/vendor/bundle/ruby/3.2.0/gems/rspec-core-3.12.2/lib/rspec/core/runner.rb:89:in `run'
2024-03-11T04:22:36.0780317Z             # /home/runner/work/human-essentials/human-essentials/vendor/bundle/ruby/3.2.0/gems/rspec-core-3.12.2/lib/rspec/core/runner.rb:71:in `run'
2024-03-11T04:22:36.0781900Z             # /home/runner/work/human-essentials/human-essentials/vendor/bundle/ruby/3.2.0/gems/rspec-core-3.12.2/lib/rspec/core/runner.rb:45:in `invoke'
2024-03-11T04:22:36.0783163Z             # /home/runner/work/human-essentials/human-essentials/vendor/bundle/ruby/3.2.0/gems/rspec-core-3.12.2/exe/rspec:4:in `<main>'
2024-03-11T04:22:36.0783865Z             # 
2024-03-11T04:22:36.0784216Z             #   Showing full backtrace because every line was filtered out.
2024-03-11T04:22:36.0784798Z             #   See docs for RSpec::Configuration#backtrace_exclusion_patterns and
2024-03-11T04:22:36.0785426Z             #   RSpec::Configuration#backtrace_inclusion_patterns for more information.
2024-03-11T04:22:36.0785818Z 
2024-03-11T04:22:36.0786281Z   44) User sign-in handling when users are valid and belong to an organization redirects to user's dashboard
2024-03-11T04:22:36.0786918Z       Got 0 failures and 2 other errors:
2024-03-11T04:22:36.0787331Z 
2024-03-11T04:22:36.0787455Z       44.1) Failure/Error: visit subject
2024-03-11T04:22:36.0787685Z 
2024-03-11T04:22:36.0787818Z             Ferrum::JavaScriptError:
2024-03-11T04:22:36.0788640Z               TypeError: Failed to resolve module specifier "cocoon-js-vanilla". Relative references must start with either "/", "./", or "../".
2024-03-11T04:22:36.0789548Z             # ./spec/system/sign_in_system_spec.rb:5:in `block (2 levels) in <top (required)>'
2024-03-11T04:22:36.0789964Z 
2024-03-11T04:22:36.0790165Z       44.2) Failure/Error: respond_to?(:empty?) ? !!empty? : !self
2024-03-11T04:22:36.0790628Z 
2024-03-11T04:22:36.0790743Z             Ferrum::JavaScriptError:
2024-03-11T04:22:36.0791102Z               ReferenceError: $ is not defined
2024-03-11T04:22:36.0791510Z                   at http://127.0.0.1:44763/users/sign_in:129:5
2024-03-11T04:22:36.0792576Z             # /home/runner/work/human-essentials/human-essentials/vendor/bundle/ruby/3.2.0/gems/activesupport-7.0.8/lib/active_support/core_ext/object/blank.rb:19:in `empty?'
2024-03-11T04:22:36.0794139Z             # /home/runner/work/human-essentials/human-essentials/vendor/bundle/ruby/3.2.0/gems/activesupport-7.0.8/lib/active_support/core_ext/object/blank.rb:19:in `empty?'
2024-03-11T04:22:36.0795691Z             # /home/runner/work/human-essentials/human-essentials/vendor/bundle/ruby/3.2.0/gems/activesupport-7.0.8/lib/active_support/core_ext/object/blank.rb:19:in `blank?'
2024-03-11T04:22:36.0797249Z             # /home/runner/work/human-essentials/human-essentials/vendor/bundle/ruby/3.2.0/gems/activesupport-7.0.8/lib/active_support/core_ext/object/blank.rb:26:in `present?'
2024-03-11T04:22:36.0798822Z             # /home/runner/work/human-essentials/human-essentials/vendor/bundle/ruby/3.2.0/gems/activesupport-7.0.8/lib/active_support/core_ext/object/blank.rb:46:in `presence'
2024-03-11T04:22:36.0800522Z             # /home/runner/work/human-essentials/human-essentials/vendor/bundle/ruby/3.2.0/gems/actionpack-7.0.8/lib/action_dispatch/system_testing/test_helpers/screenshot_helper.rb:83:in `screenshots_dir'
2024-03-11T04:22:36.0802339Z             # /home/runner/work/human-essentials/human-essentials/vendor/bundle/ruby/3.2.0/gems/actionpack-7.0.8/lib/action_dispatch/system_testing/test_helpers/screenshot_helper.rb:79:in `absolute_path'
2024-03-11T04:22:36.0804168Z             # /home/runner/work/human-essentials/human-essentials/vendor/bundle/ruby/3.2.0/gems/actionpack-7.0.8/lib/action_dispatch/system_testing/test_helpers/screenshot_helper.rb:87:in `absolute_image_path'
2024-03-11T04:22:36.0805977Z             # /home/runner/work/human-essentials/human-essentials/vendor/bundle/ruby/3.2.0/gems/actionpack-7.0.8/lib/action_dispatch/system_testing/test_helpers/screenshot_helper.rb:99:in `save_image'
2024-03-11T04:22:36.0807775Z             # /home/runner/work/human-essentials/human-essentials/vendor/bundle/ruby/3.2.0/gems/actionpack-7.0.8/lib/action_dispatch/system_testing/test_helpers/screenshot_helper.rb:36:in `take_screenshot'
2024-03-11T04:22:36.0809626Z             # /home/runner/work/human-essentials/human-essentials/vendor/bundle/ruby/3.2.0/gems/actionpack-7.0.8/lib/action_dispatch/system_testing/test_helpers/screenshot_helper.rb:45:in `take_failed_screenshot'
2024-03-11T04:22:36.0811459Z             # /home/runner/work/human-essentials/human-essentials/vendor/bundle/ruby/3.2.0/gems/actionpack-7.0.8/lib/action_dispatch/system_testing/test_helpers/setup_and_teardown.rb:8:in `before_teardown'
2024-03-11T04:22:36.0813160Z             # /home/runner/work/human-essentials/human-essentials/vendor/bundle/ruby/3.2.0/gems/rspec-rails-6.1.1/lib/rspec/rails/example/system_example_group.rb:156:in `call'
2024-03-11T04:22:36.0814973Z             # /home/runner/work/human-essentials/human-essentials/vendor/bundle/ruby/3.2.0/gems/rspec-rails-6.1.1/lib/rspec/rails/example/system_example_group.rb:156:in `block (2 levels) in <module:SystemExampleGroup>'
2024-03-11T04:22:36.0816685Z             # /home/runner/work/human-essentials/human-essentials/vendor/bundle/ruby/3.2.0/gems/rspec-core-3.12.2/lib/rspec/core/example.rb:457:in `instance_exec'
2024-03-11T04:22:36.0818245Z             # /home/runner/work/human-essentials/human-essentials/vendor/bundle/ruby/3.2.0/gems/rspec-core-3.12.2/lib/rspec/core/example.rb:457:in `instance_exec'
2024-03-11T04:22:36.0819632Z             # /home/runner/work/human-essentials/human-essentials/vendor/bundle/ruby/3.2.0/gems/rspec-core-3.12.2/lib/rspec/core/hooks.rb:372:in `run'
2024-03-11T04:22:36.0821241Z             # /home/runner/work/human-essentials/human-essentials/vendor/bundle/ruby/3.2.0/gems/rspec-core-3.12.2/lib/rspec/core/hooks.rb:529:in `block in run_owned_hooks_for'
2024-03-11T04:22:36.0822839Z             # /home/runner/work/human-essentials/human-essentials/vendor/bundle/ruby/3.2.0/gems/rspec-core-3.12.2/lib/rspec/core/hooks.rb:528:in `each'
2024-03-11T04:22:36.0824247Z             # /home/runner/work/human-essentials/human-essentials/vendor/bundle/ruby/3.2.0/gems/rspec-core-3.12.2/lib/rspec/core/hooks.rb:528:in `run_owned_hooks_for'
2024-03-11T04:22:36.0825787Z             # /home/runner/work/human-essentials/human-essentials/vendor/bundle/ruby/3.2.0/gems/rspec-core-3.12.2/lib/rspec/core/hooks.rb:615:in `block in run_example_hooks_for'
2024-03-11T04:22:36.0827224Z             # /home/runner/work/human-essentials/human-essentials/vendor/bundle/ruby/3.2.0/gems/rspec-core-3.12.2/lib/rspec/core/hooks.rb:614:in `each'
2024-03-11T04:22:36.0828641Z             # /home/runner/work/human-essentials/human-essentials/vendor/bundle/ruby/3.2.0/gems/rspec-core-3.12.2/lib/rspec/core/hooks.rb:614:in `run_example_hooks_for'
2024-03-11T04:22:36.0830054Z             # /home/runner/work/human-essentials/human-essentials/vendor/bundle/ruby/3.2.0/gems/rspec-core-3.12.2/lib/rspec/core/hooks.rb:485:in `run'
2024-03-11T04:22:36.0831464Z             # /home/runner/work/human-essentials/human-essentials/vendor/bundle/ruby/3.2.0/gems/rspec-core-3.12.2/lib/rspec/core/example.rb:518:in `run_after_example'
2024-03-11T04:22:36.0832917Z             # /home/runner/work/human-essentials/human-essentials/vendor/bundle/ruby/3.2.0/gems/rspec-core-3.12.2/lib/rspec/core/example.rb:283:in `block in run'
2024-03-11T04:22:36.0834532Z             # /home/runner/work/human-essentials/human-essentials/vendor/bundle/ruby/3.2.0/gems/rspec-core-3.12.2/lib/rspec/core/example.rb:511:in `block in with_around_and_singleton_context_hooks'
2024-03-11T04:22:36.0836350Z             # /home/runner/work/human-essentials/human-essentials/vendor/bundle/ruby/3.2.0/gems/rspec-core-3.12.2/lib/rspec/core/example.rb:468:in `block in with_around_example_hooks'
2024-03-11T04:22:36.0837896Z             # /home/runner/work/human-essentials/human-essentials/vendor/bundle/ruby/3.2.0/gems/rspec-core-3.12.2/lib/rspec/core/hooks.rb:486:in `block in run'
2024-03-11T04:22:36.0839623Z             # /home/runner/work/human-essentials/human-essentials/vendor/bundle/ruby/3.2.0/gems/rspec-core-3.12.2/lib/rspec/core/hooks.rb:626:in `block in run_around_example_hooks_for'
2024-03-11T04:22:36.0841124Z             # /home/runner/work/human-essentials/human-essentials/vendor/bundle/ruby/3.2.0/gems/rspec-core-3.12.2/lib/rspec/core/example.rb:352:in `call'
2024-03-11T04:22:36.0842821Z             # /home/runner/work/human-essentials/human-essentials/vendor/bundle/ruby/3.2.0/gems/rspec-rails-6.1.1/lib/rspec/rails/example/system_example_group.rb:166:in `block (2 levels) in <module:SystemExampleGroup>'
2024-03-11T04:22:36.0844532Z             # /home/runner/work/human-essentials/human-essentials/vendor/bundle/ruby/3.2.0/gems/rspec-core-3.12.2/lib/rspec/core/example.rb:457:in `instance_exec'
2024-03-11T04:22:36.0845969Z             # /home/runner/work/human-essentials/human-essentials/vendor/bundle/ruby/3.2.0/gems/rspec-core-3.12.2/lib/rspec/core/example.rb:457:in `instance_exec'
2024-03-11T04:22:36.0847537Z             # /home/runner/work/human-essentials/human-essentials/vendor/bundle/ruby/3.2.0/gems/rspec-core-3.12.2/lib/rspec/core/hooks.rb:390:in `execute_with'
2024-03-11T04:22:36.0849251Z             # /home/runner/work/human-essentials/human-essentials/vendor/bundle/ruby/3.2.0/gems/rspec-core-3.12.2/lib/rspec/core/hooks.rb:628:in `block (2 levels) in run_around_example_hooks_for'
2024-03-11T04:22:36.0852106Z             # /home/runner/work/human-essentials/human-essentials/vendor/bundle/ruby/3.2.0/gems/rspec-core-3.12.2/lib/rspec/core/example.rb:352:in `call'
2024-03-11T04:22:36.0854869Z             # /home/runner/work/human-essentials/human-essentials/vendor/bundle/ruby/3.2.0/gems/rspec-rails-6.1.1/lib/rspec/rails/adapters.rb:75:in `block (2 levels) in <module:MinitestLifecycleAdapter>'
2024-03-11T04:22:36.0858154Z             # /home/runner/work/human-essentials/human-essentials/vendor/bundle/ruby/3.2.0/gems/rspec-core-3.12.2/lib/rspec/core/example.rb:457:in `instance_exec'
2024-03-11T04:22:36.0861059Z             # /home/runner/work/human-essentials/human-essentials/vendor/bundle/ruby/3.2.0/gems/rspec-core-3.12.2/lib/rspec/core/example.rb:457:in `instance_exec'
2024-03-11T04:22:36.0863728Z             # /home/runner/work/human-essentials/human-essentials/vendor/bundle/ruby/3.2.0/gems/rspec-core-3.12.2/lib/rspec/core/hooks.rb:390:in `execute_with'
2024-03-11T04:22:36.0866704Z             # /home/runner/work/human-essentials/human-essentials/vendor/bundle/ruby/3.2.0/gems/rspec-core-3.12.2/lib/rspec/core/hooks.rb:628:in `block (2 levels) in run_around_example_hooks_for'
2024-03-11T04:22:36.0869572Z             # /home/runner/work/human-essentials/human-essentials/vendor/bundle/ruby/3.2.0/gems/rspec-core-3.12.2/lib/rspec/core/example.rb:352:in `call'
2024-03-11T04:22:36.0872310Z             # /home/runner/work/human-essentials/human-essentials/vendor/bundle/ruby/3.2.0/gems/webmock-3.23.0/lib/webmock/rspec.rb:39:in `block (2 levels) in <top (required)>'
2024-03-11T04:22:36.0875118Z             # /home/runner/work/human-essentials/human-essentials/vendor/bundle/ruby/3.2.0/gems/rspec-core-3.12.2/lib/rspec/core/example.rb:457:in `instance_exec'
2024-03-11T04:22:36.0877836Z             # /home/runner/work/human-essentials/human-essentials/vendor/bundle/ruby/3.2.0/gems/rspec-core-3.12.2/lib/rspec/core/example.rb:457:in `instance_exec'
2024-03-11T04:22:36.0880512Z             # /home/runner/work/human-essentials/human-essentials/vendor/bundle/ruby/3.2.0/gems/rspec-core-3.12.2/lib/rspec/core/hooks.rb:390:in `execute_with'
2024-03-11T04:22:36.0883481Z             # /home/runner/work/human-essentials/human-essentials/vendor/bundle/ruby/3.2.0/gems/rspec-core-3.12.2/lib/rspec/core/hooks.rb:628:in `block (2 levels) in run_around_example_hooks_for'
2024-03-11T04:22:36.0886362Z             # /home/runner/work/human-essentials/human-essentials/vendor/bundle/ruby/3.2.0/gems/rspec-core-3.12.2/lib/rspec/core/example.rb:352:in `call'
2024-03-11T04:22:36.0889327Z             # /home/runner/work/human-essentials/human-essentials/vendor/bundle/ruby/3.2.0/gems/knapsack_pro-7.0.0/lib/knapsack_pro/adapters/rspec_adapter.rb:103:in `block (2 levels) in ensure_no_focus!'
2024-03-11T04:22:36.0892332Z             # /home/runner/work/human-essentials/human-essentials/vendor/bundle/ruby/3.2.0/gems/rspec-core-3.12.2/lib/rspec/core/example.rb:457:in `instance_exec'
2024-03-11T04:22:36.0895025Z             # /home/runner/work/human-essentials/human-essentials/vendor/bundle/ruby/3.2.0/gems/rspec-core-3.12.2/lib/rspec/core/example.rb:457:in `instance_exec'
2024-03-11T04:22:36.0897689Z             # /home/runner/work/human-essentials/human-essentials/vendor/bundle/ruby/3.2.0/gems/rspec-core-3.12.2/lib/rspec/core/hooks.rb:390:in `execute_with'
2024-03-11T04:22:36.0900813Z             # /home/runner/work/human-essentials/human-essentials/vendor/bundle/ruby/3.2.0/gems/rspec-core-3.12.2/lib/rspec/core/hooks.rb:628:in `block (2 levels) in run_around_example_hooks_for'
2024-03-11T04:22:36.0903680Z             # /home/runner/work/human-essentials/human-essentials/vendor/bundle/ruby/3.2.0/gems/rspec-core-3.12.2/lib/rspec/core/example.rb:352:in `call'
2024-03-11T04:22:36.0906397Z             # /home/runner/work/human-essentials/human-essentials/vendor/bundle/ruby/3.2.0/gems/rspec-core-3.12.2/lib/rspec/core/hooks.rb:629:in `run_around_example_hooks_for'
2024-03-11T04:22:36.0909357Z             # /home/runner/work/human-essentials/human-essentials/vendor/bundle/ruby/3.2.0/gems/rspec-core-3.12.2/lib/rspec/core/hooks.rb:486:in `run'
2024-03-11T04:22:36.0911991Z             # /home/runner/work/human-essentials/human-essentials/vendor/bundle/ruby/3.2.0/gems/rspec-core-3.12.2/lib/rspec/core/example.rb:468:in `with_around_example_hooks'
2024-03-11T04:22:36.0913706Z             # /home/runner/work/human-essentials/human-essentials/vendor/bundle/ruby/3.2.0/gems/rspec-core-3.12.2/lib/rspec/core/example.rb:511:in `with_around_and_singleton_context_hooks'
2024-03-11T04:22:36.0915409Z             # /home/runner/work/human-essentials/human-essentials/vendor/bundle/ruby/3.2.0/gems/rspec-core-3.12.2/lib/rspec/core/example.rb:259:in `run'
2024-03-11T04:22:36.0916875Z             # /home/runner/work/human-essentials/human-essentials/vendor/bundle/ruby/3.2.0/gems/rspec-core-3.12.2/lib/rspec/core/example_group.rb:646:in `block in run_examples'
2024-03-11T04:22:36.0918394Z             # /home/runner/work/human-essentials/human-essentials/vendor/bundle/ruby/3.2.0/gems/rspec-core-3.12.2/lib/rspec/core/example_group.rb:642:in `map'
2024-03-11T04:22:36.0919836Z             # /home/runner/work/human-essentials/human-essentials/vendor/bundle/ruby/3.2.0/gems/rspec-core-3.12.2/lib/rspec/core/example_group.rb:642:in `run_examples'
2024-03-11T04:22:36.0921264Z             # /home/runner/work/human-essentials/human-essentials/vendor/bundle/ruby/3.2.0/gems/rspec-core-3.12.2/lib/rspec/core/example_group.rb:607:in `run'
2024-03-11T04:22:36.0922687Z             # /home/runner/work/human-essentials/human-essentials/vendor/bundle/ruby/3.2.0/gems/rspec-core-3.12.2/lib/rspec/core/example_group.rb:608:in `block in run'
2024-03-11T04:22:36.0924138Z             # /home/runner/work/human-essentials/human-essentials/vendor/bundle/ruby/3.2.0/gems/rspec-core-3.12.2/lib/rspec/core/example_group.rb:608:in `map'
2024-03-11T04:22:36.0925530Z             # /home/runner/work/human-essentials/human-essentials/vendor/bundle/ruby/3.2.0/gems/rspec-core-3.12.2/lib/rspec/core/example_group.rb:608:in `run'
2024-03-11T04:22:36.0927008Z             # /home/runner/work/human-essentials/human-essentials/vendor/bundle/ruby/3.2.0/gems/rspec-core-3.12.2/lib/rspec/core/runner.rb:121:in `block (3 levels) in run_specs'
2024-03-11T04:22:36.0928445Z             # /home/runner/work/human-essentials/human-essentials/vendor/bundle/ruby/3.2.0/gems/rspec-core-3.12.2/lib/rspec/core/runner.rb:121:in `map'
2024-03-11T04:22:36.0929904Z             # /home/runner/work/human-essentials/human-essentials/vendor/bundle/ruby/3.2.0/gems/rspec-core-3.12.2/lib/rspec/core/runner.rb:121:in `block (2 levels) in run_specs'
2024-03-11T04:22:36.0931459Z             # /home/runner/work/human-essentials/human-essentials/vendor/bundle/ruby/3.2.0/gems/rspec-core-3.12.2/lib/rspec/core/configuration.rb:2070:in `with_suite_hooks'
2024-03-11T04:22:36.0932959Z             # /home/runner/work/human-essentials/human-essentials/vendor/bundle/ruby/3.2.0/gems/rspec-core-3.12.2/lib/rspec/core/runner.rb:116:in `block in run_specs'
2024-03-11T04:22:36.0934374Z             # /home/runner/work/human-essentials/human-essentials/vendor/bundle/ruby/3.2.0/gems/rspec-core-3.12.2/lib/rspec/core/reporter.rb:74:in `report'
2024-03-11T04:22:36.0935737Z             # /home/runner/work/human-essentials/human-essentials/vendor/bundle/ruby/3.2.0/gems/rspec-core-3.12.2/lib/rspec/core/runner.rb:115:in `run_specs'
2024-03-11T04:22:36.0937070Z             # /home/runner/work/human-essentials/human-essentials/vendor/bundle/ruby/3.2.0/gems/rspec-core-3.12.2/lib/rspec/core/runner.rb:89:in `run'
2024-03-11T04:22:36.0938376Z             # /home/runner/work/human-essentials/human-essentials/vendor/bundle/ruby/3.2.0/gems/rspec-core-3.12.2/lib/rspec/core/runner.rb:71:in `run'
2024-03-11T04:22:36.0939677Z             # /home/runner/work/human-essentials/human-essentials/vendor/bundle/ruby/3.2.0/gems/rspec-core-3.12.2/lib/rspec/core/runner.rb:45:in `invoke'
2024-03-11T04:22:36.0941308Z             # /home/runner/work/human-essentials/human-essentials/vendor/bundle/ruby/3.2.0/gems/rspec-core-3.12.2/exe/rspec:4:in `<main>'
2024-03-11T04:22:36.0942018Z             # 
2024-03-11T04:22:36.0942373Z             #   Showing full backtrace because every line was filtered out.
2024-03-11T04:22:36.0942955Z             #   See docs for RSpec::Configuration#backtrace_exclusion_patterns and
2024-03-11T04:22:36.0943566Z             #   RSpec::Configuration#backtrace_inclusion_patterns for more information.
2024-03-11T04:22:36.0944113Z 
2024-03-11T04:22:36.0944483Z   45) User sign-in handling when a partner user logs in redirects to the partner page
2024-03-11T04:22:36.0945017Z       Got 0 failures and 2 other errors:
2024-03-11T04:22:36.0945258Z 
2024-03-11T04:22:36.0945372Z       45.1) Failure/Error: visit subject
2024-03-11T04:22:36.0945607Z 
2024-03-11T04:22:36.0945720Z             Ferrum::JavaScriptError:
2024-03-11T04:22:36.0946602Z               TypeError: Failed to resolve module specifier "cocoon-js-vanilla". Relative references must start with either "/", "./", or "../".
2024-03-11T04:22:36.0947753Z             # ./spec/system/sign_in_system_spec.rb:5:in `block (2 levels) in <top (required)>'
2024-03-11T04:22:36.0948167Z 
2024-03-11T04:22:36.0948372Z       45.2) Failure/Error: respond_to?(:empty?) ? !!empty? : !self
2024-03-11T04:22:36.0948700Z 
2024-03-11T04:22:36.0948819Z             Ferrum::JavaScriptError:
2024-03-11T04:22:36.0949177Z               ReferenceError: $ is not defined
2024-03-11T04:22:36.0949603Z                   at http://127.0.0.1:44763/users/sign_in:129:5
2024-03-11T04:22:36.0950682Z             # /home/runner/work/human-essentials/human-essentials/vendor/bundle/ruby/3.2.0/gems/activesupport-7.0.8/lib/active_support/core_ext/object/blank.rb:19:in `empty?'
2024-03-11T04:22:36.0952227Z             # /home/runner/work/human-essentials/human-essentials/vendor/bundle/ruby/3.2.0/gems/activesupport-7.0.8/lib/active_support/core_ext/object/blank.rb:19:in `empty?'
2024-03-11T04:22:36.0953779Z             # /home/runner/work/human-essentials/human-essentials/vendor/bundle/ruby/3.2.0/gems/activesupport-7.0.8/lib/active_support/core_ext/object/blank.rb:19:in `blank?'
2024-03-11T04:22:36.0955322Z             # /home/runner/work/human-essentials/human-essentials/vendor/bundle/ruby/3.2.0/gems/activesupport-7.0.8/lib/active_support/core_ext/object/blank.rb:26:in `present?'
2024-03-11T04:22:36.0956875Z             # /home/runner/work/human-essentials/human-essentials/vendor/bundle/ruby/3.2.0/gems/activesupport-7.0.8/lib/active_support/core_ext/object/blank.rb:46:in `presence'
2024-03-11T04:22:36.0958574Z             # /home/runner/work/human-essentials/human-essentials/vendor/bundle/ruby/3.2.0/gems/actionpack-7.0.8/lib/action_dispatch/system_testing/test_helpers/screenshot_helper.rb:83:in `screenshots_dir'
2024-03-11T04:22:36.0960385Z             # /home/runner/work/human-essentials/human-essentials/vendor/bundle/ruby/3.2.0/gems/actionpack-7.0.8/lib/action_dispatch/system_testing/test_helpers/screenshot_helper.rb:79:in `absolute_path'
2024-03-11T04:22:36.0962209Z             # /home/runner/work/human-essentials/human-essentials/vendor/bundle/ruby/3.2.0/gems/actionpack-7.0.8/lib/action_dispatch/system_testing/test_helpers/screenshot_helper.rb:87:in `absolute_image_path'
2024-03-11T04:22:36.0964007Z             # /home/runner/work/human-essentials/human-essentials/vendor/bundle/ruby/3.2.0/gems/actionpack-7.0.8/lib/action_dispatch/system_testing/test_helpers/screenshot_helper.rb:99:in `save_image'
2024-03-11T04:22:36.0965800Z             # /home/runner/work/human-essentials/human-essentials/vendor/bundle/ruby/3.2.0/gems/actionpack-7.0.8/lib/action_dispatch/system_testing/test_helpers/screenshot_helper.rb:36:in `take_screenshot'
2024-03-11T04:22:36.0967641Z             # /home/runner/work/human-essentials/human-essentials/vendor/bundle/ruby/3.2.0/gems/actionpack-7.0.8/lib/action_dispatch/system_testing/test_helpers/screenshot_helper.rb:45:in `take_failed_screenshot'
2024-03-11T04:22:36.0969646Z             # /home/runner/work/human-essentials/human-essentials/vendor/bundle/ruby/3.2.0/gems/actionpack-7.0.8/lib/action_dispatch/system_testing/test_helpers/setup_and_teardown.rb:8:in `before_teardown'
2024-03-11T04:22:36.0971348Z             # /home/runner/work/human-essentials/human-essentials/vendor/bundle/ruby/3.2.0/gems/rspec-rails-6.1.1/lib/rspec/rails/example/system_example_group.rb:156:in `call'
2024-03-11T04:22:36.0973153Z             # /home/runner/work/human-essentials/human-essentials/vendor/bundle/ruby/3.2.0/gems/rspec-rails-6.1.1/lib/rspec/rails/example/system_example_group.rb:156:in `block (2 levels) in <module:SystemExampleGroup>'
2024-03-11T04:22:36.0974958Z             # /home/runner/work/human-essentials/human-essentials/vendor/bundle/ruby/3.2.0/gems/rspec-core-3.12.2/lib/rspec/core/example.rb:457:in `instance_exec'
2024-03-11T04:22:36.0976432Z             # /home/runner/work/human-essentials/human-essentials/vendor/bundle/ruby/3.2.0/gems/rspec-core-3.12.2/lib/rspec/core/example.rb:457:in `instance_exec'
2024-03-11T04:22:36.0977809Z             # /home/runner/work/human-essentials/human-essentials/vendor/bundle/ruby/3.2.0/gems/rspec-core-3.12.2/lib/rspec/core/hooks.rb:372:in `run'
2024-03-11T04:22:36.0979252Z             # /home/runner/work/human-essentials/human-essentials/vendor/bundle/ruby/3.2.0/gems/rspec-core-3.12.2/lib/rspec/core/hooks.rb:529:in `block in run_owned_hooks_for'
2024-03-11T04:22:36.0980899Z             # /home/runner/work/human-essentials/human-essentials/vendor/bundle/ruby/3.2.0/gems/rspec-core-3.12.2/lib/rspec/core/hooks.rb:528:in `each'
2024-03-11T04:22:36.0982320Z             # /home/runner/work/human-essentials/human-essentials/vendor/bundle/ruby/3.2.0/gems/rspec-core-3.12.2/lib/rspec/core/hooks.rb:528:in `run_owned_hooks_for'
2024-03-11T04:22:36.0983846Z             # /home/runner/work/human-essentials/human-essentials/vendor/bundle/ruby/3.2.0/gems/rspec-core-3.12.2/lib/rspec/core/hooks.rb:615:in `block in run_example_hooks_for'
2024-03-11T04:22:36.0985287Z             # /home/runner/work/human-essentials/human-essentials/vendor/bundle/ruby/3.2.0/gems/rspec-core-3.12.2/lib/rspec/core/hooks.rb:614:in `each'
2024-03-11T04:22:36.0986776Z             # /home/runner/work/human-essentials/human-essentials/vendor/bundle/ruby/3.2.0/gems/rspec-core-3.12.2/lib/rspec/core/hooks.rb:614:in `run_example_hooks_for'
2024-03-11T04:22:36.0988171Z             # /home/runner/work/human-essentials/human-essentials/vendor/bundle/ruby/3.2.0/gems/rspec-core-3.12.2/lib/rspec/core/hooks.rb:485:in `run'
2024-03-11T04:22:36.0989567Z             # /home/runner/work/human-essentials/human-essentials/vendor/bundle/ruby/3.2.0/gems/rspec-core-3.12.2/lib/rspec/core/example.rb:518:in `run_after_example'
2024-03-11T04:22:36.0991006Z             # /home/runner/work/human-essentials/human-essentials/vendor/bundle/ruby/3.2.0/gems/rspec-core-3.12.2/lib/rspec/core/example.rb:283:in `block in run'
2024-03-11T04:22:36.0992609Z             # /home/runner/work/human-essentials/human-essentials/vendor/bundle/ruby/3.2.0/gems/rspec-core-3.12.2/lib/rspec/core/example.rb:511:in `block in with_around_and_singleton_context_hooks'
2024-03-11T04:22:36.0994309Z             # /home/runner/work/human-essentials/human-essentials/vendor/bundle/ruby/3.2.0/gems/rspec-core-3.12.2/lib/rspec/core/example.rb:468:in `block in with_around_example_hooks'
2024-03-11T04:22:36.0995820Z             # /home/runner/work/human-essentials/human-essentials/vendor/bundle/ruby/3.2.0/gems/rspec-core-3.12.2/lib/rspec/core/hooks.rb:486:in `block in run'
2024-03-11T04:22:36.0997344Z             # /home/runner/work/human-essentials/human-essentials/vendor/bundle/ruby/3.2.0/gems/rspec-core-3.12.2/lib/rspec/core/hooks.rb:626:in `block in run_around_example_hooks_for'
2024-03-11T04:22:36.0998821Z             # /home/runner/work/human-essentials/human-essentials/vendor/bundle/ruby/3.2.0/gems/rspec-core-3.12.2/lib/rspec/core/example.rb:352:in `call'
2024-03-11T04:22:36.1000508Z             # /home/runner/work/human-essentials/human-essentials/vendor/bundle/ruby/3.2.0/gems/rspec-rails-6.1.1/lib/rspec/rails/example/system_example_group.rb:166:in `block (2 levels) in <module:SystemExampleGroup>'
2024-03-11T04:22:36.1002377Z             # /home/runner/work/human-essentials/human-essentials/vendor/bundle/ruby/3.2.0/gems/rspec-core-3.12.2/lib/rspec/core/example.rb:457:in `instance_exec'
2024-03-11T04:22:36.1003800Z             # /home/runner/work/human-essentials/human-essentials/vendor/bundle/ruby/3.2.0/gems/rspec-core-3.12.2/lib/rspec/core/example.rb:457:in `instance_exec'
2024-03-11T04:22:36.1005346Z             # /home/runner/work/human-essentials/human-essentials/vendor/bundle/ruby/3.2.0/gems/rspec-core-3.12.2/lib/rspec/core/hooks.rb:390:in `execute_with'
2024-03-11T04:22:36.1006923Z             # /home/runner/work/human-essentials/human-essentials/vendor/bundle/ruby/3.2.0/gems/rspec-core-3.12.2/lib/rspec/core/hooks.rb:628:in `block (2 levels) in run_around_example_hooks_for'
2024-03-11T04:22:36.1008445Z             # /home/runner/work/human-essentials/human-essentials/vendor/bundle/ruby/3.2.0/gems/rspec-core-3.12.2/lib/rspec/core/example.rb:352:in `call'
2024-03-11T04:22:36.1010062Z             # /home/runner/work/human-essentials/human-essentials/vendor/bundle/ruby/3.2.0/gems/rspec-rails-6.1.1/lib/rspec/rails/adapters.rb:75:in `block (2 levels) in <module:MinitestLifecycleAdapter>'
2024-03-11T04:22:36.1011681Z             # /home/runner/work/human-essentials/human-essentials/vendor/bundle/ruby/3.2.0/gems/rspec-core-3.12.2/lib/rspec/core/example.rb:457:in `instance_exec'
2024-03-11T04:22:36.1013107Z             # /home/runner/work/human-essentials/human-essentials/vendor/bundle/ruby/3.2.0/gems/rspec-core-3.12.2/lib/rspec/core/example.rb:457:in `instance_exec'
2024-03-11T04:22:36.1014511Z             # /home/runner/work/human-essentials/human-essentials/vendor/bundle/ruby/3.2.0/gems/rspec-core-3.12.2/lib/rspec/core/hooks.rb:390:in `execute_with'
2024-03-11T04:22:36.1016078Z             # /home/runner/work/human-essentials/human-essentials/vendor/bundle/ruby/3.2.0/gems/rspec-core-3.12.2/lib/rspec/core/hooks.rb:628:in `block (2 levels) in run_around_example_hooks_for'
2024-03-11T04:22:36.1017614Z             # /home/runner/work/human-essentials/human-essentials/vendor/bundle/ruby/3.2.0/gems/rspec-core-3.12.2/lib/rspec/core/example.rb:352:in `call'
2024-03-11T04:22:36.1019069Z             # /home/runner/work/human-essentials/human-essentials/vendor/bundle/ruby/3.2.0/gems/webmock-3.23.0/lib/webmock/rspec.rb:39:in `block (2 levels) in <top (required)>'
2024-03-11T04:22:36.1020772Z             # /home/runner/work/human-essentials/human-essentials/vendor/bundle/ruby/3.2.0/gems/rspec-core-3.12.2/lib/rspec/core/example.rb:457:in `instance_exec'
2024-03-11T04:22:36.1022207Z             # /home/runner/work/human-essentials/human-essentials/vendor/bundle/ruby/3.2.0/gems/rspec-core-3.12.2/lib/rspec/core/example.rb:457:in `instance_exec'
2024-03-11T04:22:36.1023624Z             # /home/runner/work/human-essentials/human-essentials/vendor/bundle/ruby/3.2.0/gems/rspec-core-3.12.2/lib/rspec/core/hooks.rb:390:in `execute_with'
2024-03-11T04:22:36.1025201Z             # /home/runner/work/human-essentials/human-essentials/vendor/bundle/ruby/3.2.0/gems/rspec-core-3.12.2/lib/rspec/core/hooks.rb:628:in `block (2 levels) in run_around_example_hooks_for'
2024-03-11T04:22:36.1026720Z             # /home/runner/work/human-essentials/human-essentials/vendor/bundle/ruby/3.2.0/gems/rspec-core-3.12.2/lib/rspec/core/example.rb:352:in `call'
2024-03-11T04:22:36.1028307Z             # /home/runner/work/human-essentials/human-essentials/vendor/bundle/ruby/3.2.0/gems/knapsack_pro-7.0.0/lib/knapsack_pro/adapters/rspec_adapter.rb:103:in `block (2 levels) in ensure_no_focus!'
2024-03-11T04:22:36.1029910Z             # /home/runner/work/human-essentials/human-essentials/vendor/bundle/ruby/3.2.0/gems/rspec-core-3.12.2/lib/rspec/core/example.rb:457:in `instance_exec'
2024-03-11T04:22:36.1031334Z             # /home/runner/work/human-essentials/human-essentials/vendor/bundle/ruby/3.2.0/gems/rspec-core-3.12.2/lib/rspec/core/example.rb:457:in `instance_exec'
2024-03-11T04:22:36.1032922Z             # /home/runner/work/human-essentials/human-essentials/vendor/bundle/ruby/3.2.0/gems/rspec-core-3.12.2/lib/rspec/core/hooks.rb:390:in `execute_with'
2024-03-11T04:22:36.1034478Z             # /home/runner/work/human-essentials/human-essentials/vendor/bundle/ruby/3.2.0/gems/rspec-core-3.12.2/lib/rspec/core/hooks.rb:628:in `block (2 levels) in run_around_example_hooks_for'
2024-03-11T04:22:36.1035988Z             # /home/runner/work/human-essentials/human-essentials/vendor/bundle/ruby/3.2.0/gems/rspec-core-3.12.2/lib/rspec/core/example.rb:352:in `call'
2024-03-11T04:22:36.1037588Z             # /home/runner/work/human-essentials/human-essentials/vendor/bundle/ruby/3.2.0/gems/rspec-core-3.12.2/lib/rspec/core/hooks.rb:629:in `run_around_example_hooks_for'
2024-03-11T04:22:36.1039019Z             # /home/runner/work/human-essentials/human-essentials/vendor/bundle/ruby/3.2.0/gems/rspec-core-3.12.2/lib/rspec/core/hooks.rb:486:in `run'
2024-03-11T04:22:36.1040463Z             # /home/runner/work/human-essentials/human-essentials/vendor/bundle/ruby/3.2.0/gems/rspec-core-3.12.2/lib/rspec/core/example.rb:468:in `with_around_example_hooks'
2024-03-11T04:22:36.1042085Z             # /home/runner/work/human-essentials/human-essentials/vendor/bundle/ruby/3.2.0/gems/rspec-core-3.12.2/lib/rspec/core/example.rb:511:in `with_around_and_singleton_context_hooks'
2024-03-11T04:22:36.1043580Z             # /home/runner/work/human-essentials/human-essentials/vendor/bundle/ruby/3.2.0/gems/rspec-core-3.12.2/lib/rspec/core/example.rb:259:in `run'
2024-03-11T04:22:36.1045047Z             # /home/runner/work/human-essentials/human-essentials/vendor/bundle/ruby/3.2.0/gems/rspec-core-3.12.2/lib/rspec/core/example_group.rb:646:in `block in run_examples'
2024-03-11T04:22:36.1046528Z             # /home/runner/work/human-essentials/human-essentials/vendor/bundle/ruby/3.2.0/gems/rspec-core-3.12.2/lib/rspec/core/example_group.rb:642:in `map'
2024-03-11T04:22:36.1047966Z             # /home/runner/work/human-essentials/human-essentials/vendor/bundle/ruby/3.2.0/gems/rspec-core-3.12.2/lib/rspec/core/example_group.rb:642:in `run_examples'
2024-03-11T04:22:36.1049406Z             # /home/runner/work/human-essentials/human-essentials/vendor/bundle/ruby/3.2.0/gems/rspec-core-3.12.2/lib/rspec/core/example_group.rb:607:in `run'
2024-03-11T04:22:36.1050838Z             # /home/runner/work/human-essentials/human-essentials/vendor/bundle/ruby/3.2.0/gems/rspec-core-3.12.2/lib/rspec/core/example_group.rb:608:in `block in run'
2024-03-11T04:22:36.1052275Z             # /home/runner/work/human-essentials/human-essentials/vendor/bundle/ruby/3.2.0/gems/rspec-core-3.12.2/lib/rspec/core/example_group.rb:608:in `map'
2024-03-11T04:22:36.1053665Z             # /home/runner/work/human-essentials/human-essentials/vendor/bundle/ruby/3.2.0/gems/rspec-core-3.12.2/lib/rspec/core/example_group.rb:608:in `run'
2024-03-11T04:22:36.1055156Z             # /home/runner/work/human-essentials/human-essentials/vendor/bundle/ruby/3.2.0/gems/rspec-core-3.12.2/lib/rspec/core/runner.rb:121:in `block (3 levels) in run_specs'
2024-03-11T04:22:36.1056606Z             # /home/runner/work/human-essentials/human-essentials/vendor/bundle/ruby/3.2.0/gems/rspec-core-3.12.2/lib/rspec/core/runner.rb:121:in `map'
2024-03-11T04:22:36.1058063Z             # /home/runner/work/human-essentials/human-essentials/vendor/bundle/ruby/3.2.0/gems/rspec-core-3.12.2/lib/rspec/core/runner.rb:121:in `block (2 levels) in run_specs'
2024-03-11T04:22:36.1059628Z             # /home/runner/work/human-essentials/human-essentials/vendor/bundle/ruby/3.2.0/gems/rspec-core-3.12.2/lib/rspec/core/configuration.rb:2070:in `with_suite_hooks'
2024-03-11T04:22:36.1061347Z             # /home/runner/work/human-essentials/human-essentials/vendor/bundle/ruby/3.2.0/gems/rspec-core-3.12.2/lib/rspec/core/runner.rb:116:in `block in run_specs'
2024-03-11T04:22:36.1062768Z             # /home/runner/work/human-essentials/human-essentials/vendor/bundle/ruby/3.2.0/gems/rspec-core-3.12.2/lib/rspec/core/reporter.rb:74:in `report'
2024-03-11T04:22:36.1064331Z             # /home/runner/work/human-essentials/human-essentials/vendor/bundle/ruby/3.2.0/gems/rspec-core-3.12.2/lib/rspec/core/runner.rb:115:in `run_specs'
2024-03-11T04:22:36.1065684Z             # /home/runner/work/human-essentials/human-essentials/vendor/bundle/ruby/3.2.0/gems/rspec-core-3.12.2/lib/rspec/core/runner.rb:89:in `run'
2024-03-11T04:22:36.1066998Z             # /home/runner/work/human-essentials/human-essentials/vendor/bundle/ruby/3.2.0/gems/rspec-core-3.12.2/lib/rspec/core/runner.rb:71:in `run'
2024-03-11T04:22:36.1068454Z             # /home/runner/work/human-essentials/human-essentials/vendor/bundle/ruby/3.2.0/gems/rspec-core-3.12.2/lib/rspec/core/runner.rb:45:in `invoke'
2024-03-11T04:22:36.1069711Z             # /home/runner/work/human-essentials/human-essentials/vendor/bundle/ruby/3.2.0/gems/rspec-core-3.12.2/exe/rspec:4:in `<main>'
2024-03-11T04:22:36.1070415Z             # 
2024-03-11T04:22:36.1070759Z             #   Showing full backtrace because every line was filtered out.
2024-03-11T04:22:36.1071344Z             #   See docs for RSpec::Configuration#backtrace_exclusion_patterns and
2024-03-11T04:22:36.1071964Z             #   RSpec::Configuration#backtrace_inclusion_patterns for more information.
2024-03-11T04:22:36.1072354Z 
2024-03-11T04:22:36.1072784Z   46) User sign-in handling when users are valid and don't belong to an organization redirects to 403
2024-03-11T04:22:36.1073390Z       Got 0 failures and 2 other errors:
2024-03-11T04:22:36.1073630Z 
2024-03-11T04:22:36.1073753Z       46.1) Failure/Error: visit subject
2024-03-11T04:22:36.1073982Z 
2024-03-11T04:22:36.1074094Z             Ferrum::JavaScriptError:
2024-03-11T04:22:36.1074912Z               TypeError: Failed to resolve module specifier "cocoon-js-vanilla". Relative references must start with either "/", "./", or "../".
2024-03-11T04:22:36.1075815Z             # ./spec/system/sign_in_system_spec.rb:5:in `block (2 levels) in <top (required)>'
2024-03-11T04:22:36.1076275Z 
2024-03-11T04:22:36.1076474Z       46.2) Failure/Error: respond_to?(:empty?) ? !!empty? : !self
2024-03-11T04:22:36.1076790Z 
2024-03-11T04:22:36.1076909Z             Ferrum::JavaScriptError:
2024-03-11T04:22:36.1077258Z               ReferenceError: $ is not defined
2024-03-11T04:22:36.1077663Z                   at http://127.0.0.1:44763/users/sign_in:129:5
2024-03-11T04:22:36.1078731Z             # /home/runner/work/human-essentials/human-essentials/vendor/bundle/ruby/3.2.0/gems/activesupport-7.0.8/lib/active_support/core_ext/object/blank.rb:19:in `empty?'
2024-03-11T04:22:36.1080283Z             # /home/runner/work/human-essentials/human-essentials/vendor/bundle/ruby/3.2.0/gems/activesupport-7.0.8/lib/active_support/core_ext/object/blank.rb:19:in `empty?'
2024-03-11T04:22:36.1081823Z             # /home/runner/work/human-essentials/human-essentials/vendor/bundle/ruby/3.2.0/gems/activesupport-7.0.8/lib/active_support/core_ext/object/blank.rb:19:in `blank?'
2024-03-11T04:22:36.1083375Z             # /home/runner/work/human-essentials/human-essentials/vendor/bundle/ruby/3.2.0/gems/activesupport-7.0.8/lib/active_support/core_ext/object/blank.rb:26:in `present?'
2024-03-11T04:22:36.1084937Z             # /home/runner/work/human-essentials/human-essentials/vendor/bundle/ruby/3.2.0/gems/activesupport-7.0.8/lib/active_support/core_ext/object/blank.rb:46:in `presence'
2024-03-11T04:22:36.1086638Z             # /home/runner/work/human-essentials/human-essentials/vendor/bundle/ruby/3.2.0/gems/actionpack-7.0.8/lib/action_dispatch/system_testing/test_helpers/screenshot_helper.rb:83:in `screenshots_dir'
2024-03-11T04:22:36.1088450Z             # /home/runner/work/human-essentials/human-essentials/vendor/bundle/ruby/3.2.0/gems/actionpack-7.0.8/lib/action_dispatch/system_testing/test_helpers/screenshot_helper.rb:79:in `absolute_path'
2024-03-11T04:22:36.1090265Z             # /home/runner/work/human-essentials/human-essentials/vendor/bundle/ruby/3.2.0/gems/actionpack-7.0.8/lib/action_dispatch/system_testing/test_helpers/screenshot_helper.rb:87:in `absolute_image_path'
2024-03-11T04:22:36.1092203Z             # /home/runner/work/human-essentials/human-essentials/vendor/bundle/ruby/3.2.0/gems/actionpack-7.0.8/lib/action_dispatch/system_testing/test_helpers/screenshot_helper.rb:99:in `save_image'
2024-03-11T04:22:36.1093987Z             # /home/runner/work/human-essentials/human-essentials/vendor/bundle/ruby/3.2.0/gems/actionpack-7.0.8/lib/action_dispatch/system_testing/test_helpers/screenshot_helper.rb:36:in `take_screenshot'
2024-03-11T04:22:36.1095941Z             # /home/runner/work/human-essentials/human-essentials/vendor/bundle/ruby/3.2.0/gems/actionpack-7.0.8/lib/action_dispatch/system_testing/test_helpers/screenshot_helper.rb:45:in `take_failed_screenshot'
2024-03-11T04:22:36.1097778Z             # /home/runner/work/human-essentials/human-essentials/vendor/bundle/ruby/3.2.0/gems/actionpack-7.0.8/lib/action_dispatch/system_testing/test_helpers/setup_and_teardown.rb:8:in `before_teardown'
2024-03-11T04:22:36.1099482Z             # /home/runner/work/human-essentials/human-essentials/vendor/bundle/ruby/3.2.0/gems/rspec-rails-6.1.1/lib/rspec/rails/example/system_example_group.rb:156:in `call'
2024-03-11T04:22:36.1101773Z             # /home/runner/work/human-essentials/human-essentials/vendor/bundle/ruby/3.2.0/gems/rspec-rails-6.1.1/lib/rspec/rails/example/system_example_group.rb:156:in `block (2 levels) in <module:SystemExampleGroup>'
2024-03-11T04:22:36.1103488Z             # /home/runner/work/human-essentials/human-essentials/vendor/bundle/ruby/3.2.0/gems/rspec-core-3.12.2/lib/rspec/core/example.rb:457:in `instance_exec'
2024-03-11T04:22:36.1104922Z             # /home/runner/work/human-essentials/human-essentials/vendor/bundle/ruby/3.2.0/gems/rspec-core-3.12.2/lib/rspec/core/example.rb:457:in `instance_exec'
2024-03-11T04:22:36.1106290Z             # /home/runner/work/human-essentials/human-essentials/vendor/bundle/ruby/3.2.0/gems/rspec-core-3.12.2/lib/rspec/core/hooks.rb:372:in `run'
2024-03-11T04:22:36.1107742Z             # /home/runner/work/human-essentials/human-essentials/vendor/bundle/ruby/3.2.0/gems/rspec-core-3.12.2/lib/rspec/core/hooks.rb:529:in `block in run_owned_hooks_for'
2024-03-11T04:22:36.1109181Z             # /home/runner/work/human-essentials/human-essentials/vendor/bundle/ruby/3.2.0/gems/rspec-core-3.12.2/lib/rspec/core/hooks.rb:528:in `each'
2024-03-11T04:22:36.1110572Z             # /home/runner/work/human-essentials/human-essentials/vendor/bundle/ruby/3.2.0/gems/rspec-core-3.12.2/lib/rspec/core/hooks.rb:528:in `run_owned_hooks_for'
2024-03-11T04:22:36.1112103Z             # /home/runner/work/human-essentials/human-essentials/vendor/bundle/ruby/3.2.0/gems/rspec-core-3.12.2/lib/rspec/core/hooks.rb:615:in `block in run_example_hooks_for'
2024-03-11T04:22:36.1113540Z             # /home/runner/work/human-essentials/human-essentials/vendor/bundle/ruby/3.2.0/gems/rspec-core-3.12.2/lib/rspec/core/hooks.rb:614:in `each'
2024-03-11T04:22:36.1114961Z             # /home/runner/work/human-essentials/human-essentials/vendor/bundle/ruby/3.2.0/gems/rspec-core-3.12.2/lib/rspec/core/hooks.rb:614:in `run_example_hooks_for'
2024-03-11T04:22:36.1116357Z             # /home/runner/work/human-essentials/human-essentials/vendor/bundle/ruby/3.2.0/gems/rspec-core-3.12.2/lib/rspec/core/hooks.rb:485:in `run'
2024-03-11T04:22:36.1117753Z             # /home/runner/work/human-essentials/human-essentials/vendor/bundle/ruby/3.2.0/gems/rspec-core-3.12.2/lib/rspec/core/example.rb:518:in `run_after_example'
2024-03-11T04:22:36.1119208Z             # /home/runner/work/human-essentials/human-essentials/vendor/bundle/ruby/3.2.0/gems/rspec-core-3.12.2/lib/rspec/core/example.rb:283:in `block in run'
2024-03-11T04:22:36.1120817Z             # /home/runner/work/human-essentials/human-essentials/vendor/bundle/ruby/3.2.0/gems/rspec-core-3.12.2/lib/rspec/core/example.rb:511:in `block in with_around_and_singleton_context_hooks'
2024-03-11T04:22:36.1122517Z             # /home/runner/work/human-essentials/human-essentials/vendor/bundle/ruby/3.2.0/gems/rspec-core-3.12.2/lib/rspec/core/example.rb:468:in `block in with_around_example_hooks'
2024-03-11T04:22:36.1124198Z             # /home/runner/work/human-essentials/human-essentials/vendor/bundle/ruby/3.2.0/gems/rspec-core-3.12.2/lib/rspec/core/hooks.rb:486:in `block in run'
2024-03-11T04:22:36.1125725Z             # /home/runner/work/human-essentials/human-essentials/vendor/bundle/ruby/3.2.0/gems/rspec-core-3.12.2/lib/rspec/core/hooks.rb:626:in `block in run_around_example_hooks_for'
2024-03-11T04:22:36.1127376Z             # /home/runner/work/human-essentials/human-essentials/vendor/bundle/ruby/3.2.0/gems/rspec-core-3.12.2/lib/rspec/core/example.rb:352:in `call'
2024-03-11T04:22:36.1129067Z             # /home/runner/work/human-essentials/human-essentials/vendor/bundle/ruby/3.2.0/gems/rspec-rails-6.1.1/lib/rspec/rails/example/system_example_group.rb:166:in `block (2 levels) in <module:SystemExampleGroup>'
2024-03-11T04:22:36.1130773Z             # /home/runner/work/human-essentials/human-essentials/vendor/bundle/ruby/3.2.0/gems/rspec-core-3.12.2/lib/rspec/core/example.rb:457:in `instance_exec'
2024-03-11T04:22:36.1132196Z             # /home/runner/work/human-essentials/human-essentials/vendor/bundle/ruby/3.2.0/gems/rspec-core-3.12.2/lib/rspec/core/example.rb:457:in `instance_exec'
2024-03-11T04:22:36.1133611Z             # /home/runner/work/human-essentials/human-essentials/vendor/bundle/ruby/3.2.0/gems/rspec-core-3.12.2/lib/rspec/core/hooks.rb:390:in `execute_with'
2024-03-11T04:22:36.1135190Z             # /home/runner/work/human-essentials/human-essentials/vendor/bundle/ruby/3.2.0/gems/rspec-core-3.12.2/lib/rspec/core/hooks.rb:628:in `block (2 levels) in run_around_example_hooks_for'
2024-03-11T04:22:36.1136715Z             # /home/runner/work/human-essentials/human-essentials/vendor/bundle/ruby/3.2.0/gems/rspec-core-3.12.2/lib/rspec/core/example.rb:352:in `call'
2024-03-11T04:22:36.1138318Z             # /home/runner/work/human-essentials/human-essentials/vendor/bundle/ruby/3.2.0/gems/rspec-rails-6.1.1/lib/rspec/rails/adapters.rb:75:in `block (2 levels) in <module:MinitestLifecycleAdapter>'
2024-03-11T04:22:36.1139938Z             # /home/runner/work/human-essentials/human-essentials/vendor/bundle/ruby/3.2.0/gems/rspec-core-3.12.2/lib/rspec/core/example.rb:457:in `instance_exec'
2024-03-11T04:22:36.1141523Z             # /home/runner/work/human-essentials/human-essentials/vendor/bundle/ruby/3.2.0/gems/rspec-core-3.12.2/lib/rspec/core/example.rb:457:in `instance_exec'
2024-03-11T04:22:36.1142942Z             # /home/runner/work/human-essentials/human-essentials/vendor/bundle/ruby/3.2.0/gems/rspec-core-3.12.2/lib/rspec/core/hooks.rb:390:in `execute_with'
2024-03-11T04:22:36.1144520Z             # /home/runner/work/human-essentials/human-essentials/vendor/bundle/ruby/3.2.0/gems/rspec-core-3.12.2/lib/rspec/core/hooks.rb:628:in `block (2 levels) in run_around_example_hooks_for'
2024-03-11T04:22:36.1146036Z             # /home/runner/work/human-essentials/human-essentials/vendor/bundle/ruby/3.2.0/gems/rspec-core-3.12.2/lib/rspec/core/example.rb:352:in `call'
2024-03-11T04:22:36.1147506Z             # /home/runner/work/human-essentials/human-essentials/vendor/bundle/ruby/3.2.0/gems/webmock-3.23.0/lib/webmock/rspec.rb:39:in `block (2 levels) in <top (required)>'
2024-03-11T04:22:36.1149006Z             # /home/runner/work/human-essentials/human-essentials/vendor/bundle/ruby/3.2.0/gems/rspec-core-3.12.2/lib/rspec/core/example.rb:457:in `instance_exec'
2024-03-11T04:22:36.1150429Z             # /home/runner/work/human-essentials/human-essentials/vendor/bundle/ruby/3.2.0/gems/rspec-core-3.12.2/lib/rspec/core/example.rb:457:in `instance_exec'
2024-03-11T04:22:36.1151848Z             # /home/runner/work/human-essentials/human-essentials/vendor/bundle/ruby/3.2.0/gems/rspec-core-3.12.2/lib/rspec/core/hooks.rb:390:in `execute_with'
2024-03-11T04:22:36.1153416Z             # /home/runner/work/human-essentials/human-essentials/vendor/bundle/ruby/3.2.0/gems/rspec-core-3.12.2/lib/rspec/core/hooks.rb:628:in `block (2 levels) in run_around_example_hooks_for'
2024-03-11T04:22:36.1155095Z             # /home/runner/work/human-essentials/human-essentials/vendor/bundle/ruby/3.2.0/gems/rspec-core-3.12.2/lib/rspec/core/example.rb:352:in `call'
2024-03-11T04:22:36.1156677Z             # /home/runner/work/human-essentials/human-essentials/vendor/bundle/ruby/3.2.0/gems/knapsack_pro-7.0.0/lib/knapsack_pro/adapters/rspec_adapter.rb:103:in `block (2 levels) in ensure_no_focus!'
2024-03-11T04:22:36.1158272Z             # /home/runner/work/human-essentials/human-essentials/vendor/bundle/ruby/3.2.0/gems/rspec-core-3.12.2/lib/rspec/core/example.rb:457:in `instance_exec'
2024-03-11T04:22:36.1159831Z             # /home/runner/work/human-essentials/human-essentials/vendor/bundle/ruby/3.2.0/gems/rspec-core-3.12.2/lib/rspec/core/example.rb:457:in `instance_exec'
2024-03-11T04:22:36.1161239Z             # /home/runner/work/human-essentials/human-essentials/vendor/bundle/ruby/3.2.0/gems/rspec-core-3.12.2/lib/rspec/core/hooks.rb:390:in `execute_with'
2024-03-11T04:22:36.1162818Z             # /home/runner/work/human-essentials/human-essentials/vendor/bundle/ruby/3.2.0/gems/rspec-core-3.12.2/lib/rspec/core/hooks.rb:628:in `block (2 levels) in run_around_example_hooks_for'
2024-03-11T04:22:36.1164337Z             # /home/runner/work/human-essentials/human-essentials/vendor/bundle/ruby/3.2.0/gems/rspec-core-3.12.2/lib/rspec/core/example.rb:352:in `call'
2024-03-11T04:22:36.1165789Z             # /home/runner/work/human-essentials/human-essentials/vendor/bundle/ruby/3.2.0/gems/rspec-core-3.12.2/lib/rspec/core/hooks.rb:629:in `run_around_example_hooks_for'
2024-03-11T04:22:36.1167221Z             # /home/runner/work/human-essentials/human-essentials/vendor/bundle/ruby/3.2.0/gems/rspec-core-3.12.2/lib/rspec/core/hooks.rb:486:in `run'
2024-03-11T04:22:36.1168661Z             # /home/runner/work/human-essentials/human-essentials/vendor/bundle/ruby/3.2.0/gems/rspec-core-3.12.2/lib/rspec/core/example.rb:468:in `with_around_example_hooks'
2024-03-11T04:22:36.1170394Z             # /home/runner/work/human-essentials/human-essentials/vendor/bundle/ruby/3.2.0/gems/rspec-core-3.12.2/lib/rspec/core/example.rb:511:in `with_around_and_singleton_context_hooks'
2024-03-11T04:22:36.1171906Z             # /home/runner/work/human-essentials/human-essentials/vendor/bundle/ruby/3.2.0/gems/rspec-core-3.12.2/lib/rspec/core/example.rb:259:in `run'
2024-03-11T04:22:36.1173371Z             # /home/runner/work/human-essentials/human-essentials/vendor/bundle/ruby/3.2.0/gems/rspec-core-3.12.2/lib/rspec/core/example_group.rb:646:in `block in run_examples'
2024-03-11T04:22:36.1174859Z             # /home/runner/work/human-essentials/human-essentials/vendor/bundle/ruby/3.2.0/gems/rspec-core-3.12.2/lib/rspec/core/example_group.rb:642:in `map'
2024-03-11T04:22:36.1176333Z             # /home/runner/work/human-essentials/human-essentials/vendor/bundle/ruby/3.2.0/gems/rspec-core-3.12.2/lib/rspec/core/example_group.rb:642:in `run_examples'
2024-03-11T04:22:36.1177777Z             # /home/runner/work/human-essentials/human-essentials/vendor/bundle/ruby/3.2.0/gems/rspec-core-3.12.2/lib/rspec/core/example_group.rb:607:in `run'
2024-03-11T04:22:36.1179210Z             # /home/runner/work/human-essentials/human-essentials/vendor/bundle/ruby/3.2.0/gems/rspec-core-3.12.2/lib/rspec/core/example_group.rb:608:in `block in run'
2024-03-11T04:22:36.1180788Z             # /home/runner/work/human-essentials/human-essentials/vendor/bundle/ruby/3.2.0/gems/rspec-core-3.12.2/lib/rspec/core/example_group.rb:608:in `map'
2024-03-11T04:22:36.1182447Z             # /home/runner/work/human-essentials/human-essentials/vendor/bundle/ruby/3.2.0/gems/rspec-core-3.12.2/lib/rspec/core/example_group.rb:608:in `run'
2024-03-11T04:22:36.1183949Z             # /home/runner/work/human-essentials/human-essentials/vendor/bundle/ruby/3.2.0/gems/rspec-core-3.12.2/lib/rspec/core/runner.rb:121:in `block (3 levels) in run_specs'
2024-03-11T04:22:36.1185397Z             # /home/runner/work/human-essentials/human-essentials/vendor/bundle/ruby/3.2.0/gems/rspec-core-3.12.2/lib/rspec/core/runner.rb:121:in `map'
2024-03-11T04:22:36.1187039Z             # /home/runner/work/human-essentials/human-essentials/vendor/bundle/ruby/3.2.0/gems/rspec-core-3.12.2/lib/rspec/core/runner.rb:121:in `block (2 levels) in run_specs'
2024-03-11T04:22:36.1188604Z             # /home/runner/work/human-essentials/human-essentials/vendor/bundle/ruby/3.2.0/gems/rspec-core-3.12.2/lib/rspec/core/configuration.rb:2070:in `with_suite_hooks'
2024-03-11T04:22:36.1190254Z             # /home/runner/work/human-essentials/human-essentials/vendor/bundle/ruby/3.2.0/gems/rspec-core-3.12.2/lib/rspec/core/runner.rb:116:in `block in run_specs'
2024-03-11T04:22:36.1191671Z             # /home/runner/work/human-essentials/human-essentials/vendor/bundle/ruby/3.2.0/gems/rspec-core-3.12.2/lib/rspec/core/reporter.rb:74:in `report'
2024-03-11T04:22:36.1193043Z             # /home/runner/work/human-essentials/human-essentials/vendor/bundle/ruby/3.2.0/gems/rspec-core-3.12.2/lib/rspec/core/runner.rb:115:in `run_specs'
2024-03-11T04:22:36.1194394Z             # /home/runner/work/human-essentials/human-essentials/vendor/bundle/ruby/3.2.0/gems/rspec-core-3.12.2/lib/rspec/core/runner.rb:89:in `run'
2024-03-11T04:22:36.1195696Z             # /home/runner/work/human-essentials/human-essentials/vendor/bundle/ruby/3.2.0/gems/rspec-core-3.12.2/lib/rspec/core/runner.rb:71:in `run'
2024-03-11T04:22:36.1197010Z             # /home/runner/work/human-essentials/human-essentials/vendor/bundle/ruby/3.2.0/gems/rspec-core-3.12.2/lib/rspec/core/runner.rb:45:in `invoke'
2024-03-11T04:22:36.1198282Z             # /home/runner/work/human-essentials/human-essentials/vendor/bundle/ruby/3.2.0/gems/rspec-core-3.12.2/exe/rspec:4:in `<main>'
2024-03-11T04:22:36.1198982Z             # 
2024-03-11T04:22:36.1199332Z             #   Showing full backtrace because every line was filtered out.
2024-03-11T04:22:36.1199915Z             #   See docs for RSpec::Configuration#backtrace_exclusion_patterns and
2024-03-11T04:22:36.1200532Z             #   RSpec::Configuration#backtrace_inclusion_patterns for more information.
2024-03-11T04:22:36.1200987Z 
2024-03-11T04:22:36.1201184Z Finished in 43.51 seconds (files took 8.3 seconds to load)
2024-03-11T04:22:36.1201589Z 159 examples, 46 failures
2024-03-11T04:22:36.1201776Z 
2024-03-11T04:22:36.1201867Z Failed examples:
2024-03-11T04:22:36.1202022Z 
2024-03-11T04:22:36.1202569Z rspec ./spec/system/audit_system_spec.rb:17 # Audit management while signed in as a normal user should not be able to visit the audits #new page
2024-03-11T04:22:36.1203772Z rspec ./spec/system/audit_system_spec.rb:22 # Audit management while signed in as a normal user should not be able to visit the audits #edit page
2024-03-11T04:22:36.1204958Z rspec ./spec/system/audit_system_spec.rb:27 # Audit management while signed in as a normal user should not be able to visit the audits #show page
2024-03-11T04:22:36.1206134Z rspec ./spec/system/audit_system_spec.rb:12 # Audit management while signed in as a normal user should not be able to visit the audits #index page
2024-03-11T04:22:36.1207438Z rspec ./spec/system/audit_system_spec.rb:161 # Audit management while signed in as an organization admin with a confirmed audit User can delete the audit that is confirmed
2024-03-11T04:22:36.1208791Z rspec ./spec/system/audit_system_spec.rb:174 # Audit management while signed in as an organization admin with a confirmed audit is able to finalize the audit
2024-03-11T04:22:36.1210172Z rspec ./spec/system/audit_system_spec.rb:156 # Audit management while signed in as an organization admin with a confirmed audit should be able to edit the audit that is confirmed
2024-03-11T04:22:36.1211690Z rspec ./spec/system/audit_system_spec.rb:187 # Audit management while signed in as an organization admin with a confirmed audit Finalizing an audit creates an adjustment with the differential
2024-03-11T04:22:36.1213302Z rspec ./spec/system/audit_system_spec.rb:216 # Audit management while signed in as an organization admin with a confirmed audit Finalizing an audit should not be able to delete the audit that is finalized
2024-03-11T04:22:36.1214925Z rspec ./spec/system/audit_system_spec.rb:202 # Audit management while signed in as an organization admin with a confirmed audit Finalizing an audit is immutable
2024-03-11T04:22:36.1216676Z rspec ./spec/system/audit_system_spec.rb:237 # Audit management while signed in as an organization admin with a confirmed audit Finalizing an audit with a storage location containing multiple items creates an adjustment with the differential of only the audited item
2024-03-11T04:22:36.1218666Z rspec ./spec/system/audit_system_spec.rb:137 # Audit management while signed in as an organization admin with an existing audit should be able to confirm the audit from the #edit page
2024-03-11T04:22:36.1220176Z rspec ./spec/system/audit_system_spec.rb:113 # Audit management while signed in as an organization admin with an existing audit should be able to delete the audit that is in progress
2024-03-11T04:22:36.1222035Z rspec ./spec/system/audit_system_spec.rb:126 # Audit management while signed in as an organization admin with an existing audit should be able to resume the audit that is in progress
2024-03-11T04:22:36.1223679Z rspec ./spec/system/audit_system_spec.rb:42 # Audit management while signed in as an organization admin when starting a new audit does not display quantities in line-item drop down selector
2024-03-11T04:22:36.1225210Z rspec ./spec/system/audit_system_spec.rb:54 # Audit management while signed in as an organization admin when viewing the audits index should be able to filter the #index by storage location
2024-03-11T04:22:36.1226760Z rspec ./spec/system/audit_system_spec.rb:88 # Audit management while signed in as an organization admin when viewing the audits index should be able to confirm the audit from the #new page
2024-03-11T04:22:36.1228255Z rspec ./spec/system/audit_system_spec.rb:66 # Audit management while signed in as an organization admin when viewing the audits index should be able to save progress of an audit
2024-03-11T04:22:36.1229670Z rspec ./spec/system/product_drive_participant_system_spec.rb:20 #  Participant When a user views the index page alphabetizes the product drive participant names
2024-03-11T04:22:36.1231589Z rspec ./spec/system/product_drive_participant_system_spec.rb:38 #  Participant When a user views the index page When the s have donations associated with them already allows single  Participants to show semi-detailed stats about donations from that product drive
2024-03-11T04:22:36.1233625Z rspec ./spec/system/product_drive_participant_system_spec.rb:32 #  Participant When a user views the index page When the s have donations associated with them already shows existing  Participants in the #index with some summary stats
2024-03-11T04:22:36.1235416Z rspec ./spec/system/product_drive_participant_system_spec.rb:62 #  Participant when creating new product drive participants does not allow a user to add a new product drive instance with empty attributes
2024-03-11T04:22:36.1236979Z rspec ./spec/system/product_drive_participant_system_spec.rb:48 #  Participant when creating new product drive participants allows a user to create a new product drive instance
2024-03-11T04:22:36.1238539Z rspec ./spec/system/product_drive_participant_system_spec.rb:73 #  Participant when editing an existing product drive participant allows a user to update the contact info for a product drive participant
2024-03-11T04:22:36.1240234Z rspec ./spec/system/product_drive_participant_system_spec.rb:85 #  Participant when editing an existing product drive participant does not allow a user to update a product drive participant with empty attributes
2024-03-11T04:22:36.1242140Z rspec ./spec/system/partners/coworker_invitations_system_spec.rb:27 # Coworking invitations inviting a new user as a partner user GIVEN a partner user complete the process to invite a coworker should create a new partner user for the partner account
2024-03-11T04:22:36.1243847Z rspec ./spec/system/admin/barcode_items_system_spec.rb:88 # Barcode Items Admin while signed in as a super admin user visits the show page shows the barcode item
2024-03-11T04:22:36.1245392Z rspec ./spec/system/admin/barcode_items_system_spec.rb:48 # Barcode Items Admin while signed in as a super admin user visits the new page creates a new global barcode item
2024-03-11T04:22:36.1246765Z rspec ./spec/system/admin/barcode_items_system_spec.rb:16 # Barcode Items Admin while signed in as a super admin user visits the index page shows the barcode item
2024-03-11T04:22:36.1248259Z rspec ./spec/system/admin/barcode_items_system_spec.rb:21 # Barcode Items Admin while signed in as a super admin user visits the index page deletes a global barcode
2024-03-11T04:22:36.1249649Z rspec ./spec/system/admin/barcode_items_system_spec.rb:26 # Barcode Items Admin while signed in as a super admin user visits the index page creates a new global barcode item
2024-03-11T04:22:36.1251041Z rspec ./spec/system/admin/barcode_items_system_spec.rb:69 # Barcode Items Admin while signed in as a super admin user visits the edit page updates the barcode item
2024-03-11T04:22:36.1252276Z rspec ./spec/system/donation_site_system_spec.rb:58 # Donation Site with an existing donation site updates an existing donation site
2024-03-11T04:22:36.1253533Z rspec ./spec/system/donation_site_system_spec.rb:66 # Donation Site with an existing donation site does not allow updating to an existing donation site with empty attributes
2024-03-11T04:22:36.1254980Z rspec ./spec/system/donation_site_system_spec.rb:22 # Donation Site When a user views the index page allows the user to quick-create a new donation site
2024-03-11T04:22:36.1256245Z rspec ./spec/system/donation_site_system_spec.rb:12 # Donation Site When a user views the index page should show donation sites in alphabetical order
2024-03-11T04:22:36.1257529Z rspec ./spec/system/donation_site_system_spec.rb:47 # Donation Site When creating a new donation site does not allow creating a new donation site with empty attributes
2024-03-11T04:22:36.1258792Z rspec ./spec/system/donation_site_system_spec.rb:37 # Donation Site When creating a new donation site creates a new donation site as a user
2024-03-11T04:22:36.1260077Z rspec ./spec/system/manage_system_spec.rb:25 # Organization Administration while signed in as an organization admin can edit the properties for an organization as an admin
2024-03-11T04:22:36.1261599Z rspec ./spec/system/manage_system_spec.rb:21 # Organization Administration while signed in as an organization admin can bail back to their own site as a user
2024-03-11T04:22:36.1263188Z rspec ./spec/system/manage_system_spec.rb:40 # Organization Administration while signed in as an organization admin When looking at a single organization can view details about an organization, including the users as an admin
2024-03-11T04:22:36.1264694Z rspec ./spec/system/manage_system_spec.rb:10 # Organization Administration while signed in as a normal user cannot see an edit link as a user
2024-03-11T04:22:36.1265882Z rspec ./spec/system/sign_in_system_spec.rb:9 # User sign-in handling when users are invalid shows invalid credentials alert
2024-03-11T04:22:36.1267105Z rspec ./spec/system/sign_in_system_spec.rb:19 # User sign-in handling when users are valid and belong to an organization redirects to user's dashboard
2024-03-11T04:22:36.1268366Z rspec ./spec/system/sign_in_system_spec.rb:31 # User sign-in handling when a partner user logs in redirects to the partner page
2024-03-11T04:22:36.1269568Z rspec ./spec/system/sign_in_system_spec.rb:54 # User sign-in handling when users are valid and don't belong to an organization redirects to 403
2024-03-11T04:22:36.1270224Z 
2024-03-11T04:22:36.1270328Z Randomized with seed 50188
2024-03-11T04:22:36.1270524Z 
2024-03-11T04:22:36.4743048Z Stopped processing SimpleCov as a previous error not related to SimpleCov has been detected
2024-03-11T04:22:36.4745693Z Coverage report generated for RSpec to /home/runner/work/human-essentials/human-essentials/coverage. 3645 / 6463 LOC (56.4%) covered.
2024-03-11T04:22:36.5750536Z /opt/hostedtoolcache/Ruby/3.2.2/x64/bin/ruby -I/home/runner/work/human-essentials/human-essentials/vendor/bundle/ruby/3.2.0/gems/rspec-core-3.12.2/lib:/home/runner/work/human-essentials/human-essentials/vendor/bundle/ruby/3.2.0/gems/rspec-support-3.12.1/lib /home/runner/work/human-essentials/human-essentials/vendor/bundle/ruby/3.2.0/gems/rspec-core-3.12.2/exe/rspec  --format documentation --format KnapsackPro::Formatters::TimeTracker --default-path spec "spec/requests/admin/broadcast_announcements_spec.rb" "spec/requests/attachments_requests_spec.rb" "spec/requests/distributions_requests_spec.rb" "spec/requests/kit_requests_spec.rb" "spec/requests/partners/family_requests_spec.rb" "spec/requests/partners_requests_spec.rb" "spec/requests/requests_requests_spec.rb" "spec/requests/users_requests_spec.rb" "spec/system/admin/barcode_items_system_spec.rb" "spec/system/audit_system_spec.rb" "spec/system/donation_site_system_spec.rb" "spec/system/manage_system_spec.rb" "spec/system/partners/coworker_invitations_system_spec.rb" "spec/system/product_drive_participant_system_spec.rb" "spec/system/sign_in_system_spec.rb" failed
2024-03-11T04:22:36.9701810Z Stopped processing SimpleCov as a previous error not related to SimpleCov has been detected
2024-03-11T04:22:36.9703669Z Coverage report generated for RSpec to /home/runner/work/human-essentials/human-essentials/coverage. 38 / 10759 LOC (0.35%) covered.
2024-03-11T04:22:36.9971210Z ##[error]Process completed with exit code 1.
